22:33:16.323 [com.example.restauranteup] DEBUG Logger               - Configured Logger
22:33:16.380 [com.example.restauranteup] DEBUG GameApplication      - Logging settings
Title: Restaurant Simulation
Version: 0.0
Width: 980
Height: 560
Fullscreen: false
Intro: false
Profiling: false
Single step:false
App Mode: DEVELOPER
Menu Key: ESCAPE
Stage Style: DECORATED
Scene Factory: class com.almasb.fxgl.app.scene.SceneFactory

22:33:17.059 [JavaFX Application Thread] DEBUG FXGLApplication      - Initializing FXGL
22:33:17.074 [JavaFX Application Thread] INFO  Engine               - FXGL-17.2 (20.08.2022 16.50) on LINUX (J:21.0.5 FX:18)
22:33:17.075 [JavaFX Application Thread] DEBUG Engine               - JRE Vendor Name: Red Hat, Inc.
22:33:17.076 [JavaFX Application Thread] DEBUG Engine               - Running on OS: Linux version 6.11.8-200.fc40.x86_64
22:33:17.076 [JavaFX Application Thread] DEBUG Engine               - Architecture: amd64
22:33:17.077 [JavaFX Application Thread] INFO  Engine               - Source code and latest versions at: https://github.com/AlmasB/FXGL
22:33:17.077 [JavaFX Application Thread] INFO  Engine               -       Ask questions and discuss at: https://github.com/AlmasB/FXGL/discussions
22:33:17.077 [JavaFX Application Thread] INFO  Engine               -              Join the FXGL chat at: https://gitter.im/AlmasB/FXGL
22:33:17.516 [JavaFX Application Thread] DEBUG PrimaryStageWindow   - Creating a JavaFX scene
22:33:17.737 [JavaFX Application Thread] DEBUG PrimaryStageWindow   - Target settings size: 980.0 x 560.0
22:33:17.738 [JavaFX Application Thread] DEBUG PrimaryStageWindow   - Scaled scene size:    980.0 x 560.0
22:33:17.739 [JavaFX Application Thread] DEBUG PrimaryStageWindow   - Scaled ratio: (1.0, 1.0)
22:33:17.742 [JavaFX Application Thread] DEBUG PrimaryStageWindow   - Set initial scene to FXGLStartupScene
22:33:17.768 [JavaFX Application Thread] DEBUG PrimaryStageWindow   - Opening main window
22:33:17.994 [JavaFX Application Thread] DEBUG PrimaryStageWindow   - Window border size: (8.0, 38.0)
22:33:17.995 [JavaFX Application Thread] DEBUG PrimaryStageWindow   - Scaled size: 980.0 x 560.0
22:33:17.995 [JavaFX Application Thread] DEBUG PrimaryStageWindow   - Scaled ratio: (1.0, 1.0)
22:33:17.996 [JavaFX Application Thread] DEBUG PrimaryStageWindow   - Scene size: 980.0 x 560.0
22:33:17.997 [JavaFX Application Thread] DEBUG PrimaryStageWindow   - Stage size: 988.0 x 598.0
22:33:18.023 [FXGL Background Thread 1 ] DEBUG Engine               - Initializing environment variables
22:33:18.152 [FXGL Background Thread 1 ] DEBUG FXGLAssetLoaderServi - User app class for loading assets: class com.example.restauranteup.App
22:33:18.153 [FXGL Background Thread 1 ] DEBUG GameApplicationServi - Applying CSS: fxgl_dark.css
22:33:18.155 [FXGL Background Thread 1 ] DEBUG FXGLAssetLoaderServi - Loading from file system: jar:file:/home/diego/.m2/repository/com/github/almasb/fxgl/17.2/fxgl-17.2.jar!/fxglassets/ui/css/fxgl_dark.css
22:33:18.293 [FXGL Background Thread 1 ] DEBUG GameApplicationServi - Initializing application scenes
22:33:18.464 [FXGL Background Thread 1 ] DEBUG GameWorld            - Game world initialized
22:33:18.740 [FXGL Background Thread 1 ] DEBUG PhysicsWorld         - Physics world initialized: appHeight=560, physics.ppm=50.0
22:33:18.741 [FXGL Background Thread 1 ] DEBUG PhysicsWorld         - Using strategy: BRUTE_FORCE
22:33:18.762 [FXGL Background Thread 1 ] DEBUG GameScene            - Game scene initialized: 980x560
22:33:18.811 [FXGL Background Thread 1 ] WARN  FXGL.DefaultMenu     - FXGLDefaultMenu is not designed for resolutions < 800x600
22:33:18.813 [FXGL Background Thread 1 ] DEBUG FXGL.DefaultMenu     - createMenuBodyGameMenu()
22:33:18.880 [FXGL Background Thread 1 ] DEBUG FXGL.DefaultMenu     - createOptionsMenu()
22:33:18.940 [FXGL Background Thread 1 ] DEBUG FXGLAssetLoaderServi - Loading from file system: jar:file:/home/diego/.m2/repository/com/github/almasb/fxgl/17.2/fxgl-17.2.jar!/fxglassets/textures/particles/smoke.png
22:33:19.409 [FXGL Background Thread 1 ] DEBUG FXGLAssetLoaderServi - Loading from file system: jar:file:/home/diego/.m2/repository/com/github/almasb/fxgl/17.2/fxgl-17.2.jar!/fxglassets/textures/particles/trace_horizontal.png
22:33:19.517 [FXGL Background Thread 1 ] DEBUG GameApplicationServi - Application scenes initialized
22:33:19.586 [FXGL Background Thread 1 ] DEBUG SystemBundleService  - Loading FXGL system data
22:33:19.601 [FXGL Background Thread 1 ] DEBUG FileSystemAccess     - Reading from: /home/diego/Documentos/concurrente/Restaurant/cynthia/restaurante/system/fxgl.bundle
22:33:19.654 [FXGL Background Thread 1 ] DEBUG SystemBundleService  - Bundle FXGL: {}
22:33:19.654 [FXGL Background Thread 1 ] DEBUG UpdaterService       - Checking for updates
22:33:19.685 [FXGL Background Thread 4 ] DEBUG FXGLApplication      - Loading fonts
22:33:19.686 [FXGL Background Thread 4 ] DEBUG FXGLAssetLoaderServi - Loading from file system: jar:file:/home/diego/.m2/repository/com/github/almasb/fxgl/17.2/fxgl-17.2.jar!/fxglassets/ui/fonts/VarelaRound-Regular.ttf
22:33:19.690 [FXGL Background Thread 1 ] DEBUG FXGLApplication      - Loading default localization
22:33:19.691 [FXGL Background Thread 1 ] DEBUG FXGLAssetLoaderServi - Loading from file system: jar:file:/home/diego/.m2/repository/com/github/almasb/fxgl/17.2/fxgl-17.2.jar!/fxglassets/languages/english.lang
22:33:19.728 [FXGL Background Thread 4 ] DEBUG FXGLAssetLoaderServi - Loading from file system: jar:file:/home/diego/.m2/repository/com/github/almasb/fxgl/17.2/fxgl-17.2.jar!/fxglassets/ui/fonts/Abel-Regular.ttf
22:33:19.743 [FXGL Background Thread 4 ] DEBUG FXGLAssetLoaderServi - Loading from file system: jar:file:/home/diego/.m2/repository/com/github/almasb/fxgl/17.2/fxgl-17.2.jar!/fxglassets/ui/fonts/TerminalLandMono-Regular.otf
22:33:19.750 [FXGL Background Thread 4 ] DEBUG FXGLAssetLoaderServi - Loading from file system: jar:file:/home/diego/.m2/repository/com/github/almasb/fxgl/17.2/fxgl-17.2.jar!/fxglassets/ui/fonts/Courier-Prime.ttf
22:33:19.759 [FXGL Background Thread 1 ] INFO  FXGLApplication      - FXGL initialization took: 1.735 sec
22:33:19.765 [JavaFX Application Thread] DEBUG FXGLApplication      - Registering font factories with UI factory
22:33:19.770 [JavaFX Application Thread] DEBUG FXGLAssetLoaderServi - Loading from file system: jar:file:/home/diego/.m2/repository/com/github/almasb/fxgl/17.2/fxgl-17.2.jar!/fxglassets/textures/fxgl_icon.png
22:33:19.855 [JavaFX Application Thread] DEBUG FXGLAssetLoaderServi - Loading from file system: jar:file:/home/diego/.m2/repository/com/github/almasb/fxgl/17.2/fxgl-17.2.jar!/fxglassets/textures/fxgl_default_cursor.png
22:33:19.889 [JavaFX Application Thread] DEBUG Input                - Registered new binding: Screenshot - CTRL+8
22:33:19.891 [JavaFX Application Thread] DEBUG Input                - Registered new binding: System info dump - CTRL+9
22:33:19.892 [JavaFX Application Thread] DEBUG Input                - Registered new binding: Restart - CTRL+R
22:33:19.894 [JavaFX Application Thread] DEBUG Input                - Registered new binding: Toggle Debug Camera - CTRL+7
22:33:19.900 [JavaFX Application Thread] DEBUG LoopRunner           - Starting loop
22:33:19.900 [JavaFX Application Thread] DEBUG LoopRunner           - Initializing JavaFX AnimationTimerLoop
22:33:19.904 [JavaFX Application Thread] DEBUG GameApplicationServi - Starting new game
22:33:19.909 [JavaFX Application Thread] DEBUG Input                - Clearing active input actions
22:33:19.960 [JavaFX Application Thread] DEBUG GameApplicationServi - Removing overlay from FXGLStartupScene and adding to FXGLLoadingScene
22:33:19.961 [JavaFX Application Thread] DEBUG PrimaryStageWindow   - FXGLStartupScene -> FXGLLoadingScene
22:33:19.964 [JavaFX Application Thread] DEBUG GameApplicationServi - Clearing previous game
22:33:19.965 [JavaFX Application Thread] DEBUG GameScene            - Clearing game scene
22:33:19.965 [JavaFX Application Thread] DEBUG GameWorld            - Clearing game world
22:33:19.965 [JavaFX Application Thread] DEBUG PhysicsWorld         - Clearing physics world
22:33:19.983 [FXGL Background Thread 4 ] DEBUG FXGLApplication      - Initializing game
22:33:20.009 [FXGL Background Thread 4 ] DEBUG FXGLAssetLoaderServi - Loading from file system: file:/home/diego/Documentos/concurrente/Restaurant/cynthia/restaurante/target/classes/assets/textures/escenario.png
22:33:20.193 [FXGL Background Thread 4 ] DEBUG FXGLAssetLoaderServi - Loading from file system: file:/home/diego/Documentos/concurrente/Restaurant/cynthia/restaurante/target/classes/assets/textures/cocinero.png
22:33:20.810 [FXGL Background Thread 4 ] DEBUG FXGLAssetLoaderServi - Loading from file system: file:/home/diego/Documentos/concurrente/Restaurant/cynthia/restaurante/target/classes/assets/textures/mesero.png
22:33:20.844 [FXGL Background Thread 4 ] DEBUG FXGLAssetLoaderServi - Loading from file system: file:/home/diego/Documentos/concurrente/Restaurant/cynthia/restaurante/target/classes/assets/textures/aguachile.png
22:33:21.041 [FXGL Background Thread 4 ] INFO  FXGLApplication      - Game initialization took: 1.056 sec
22:33:21.056 [JavaFX Application Thread] DEBUG Input                - Clearing active input actions
22:33:21.143 [JavaFX Application Thread] DEBUG GameApplicationServi - Removing overlay from FXGLLoadingScene and adding to GameScene
22:33:21.146 [JavaFX Application Thread] DEBUG PrimaryStageWindow   - FXGLLoadingScene -> GameScene
22:33:22.054 [FXGL Background Thread 2 ] INFO  UpdaterService       - Your current version:  17.2
22:33:22.055 [FXGL Background Thread 2 ] INFO  UpdaterService       - Latest stable version: 21.1
22:33:22.673 [FXGL Background Thread 3 ] DEBUG Engine               - Logging environment variables
22:33:22.674 [FXGL Background Thread 3 ] DEBUG Engine               - achievements: []
22:33:22.674 [FXGL Background Thread 3 ] DEBUG Engine               - actualHeight: 560.0
22:33:22.675 [FXGL Background Thread 3 ] DEBUG Engine               - actualHeightProperty: ReadOnlyDoubleProperty [value: 560.0]
22:33:22.675 [FXGL Background Thread 3 ] DEBUG Engine               - actualWidth: 980.0
22:33:22.675 [FXGL Background Thread 3 ] DEBUG Engine               - actualWidthProperty: ReadOnlyDoubleProperty [value: 980.0]
22:33:22.675 [FXGL Background Thread 3 ] DEBUG Engine               - appIcon: fxgl_icon.png
22:33:22.675 [FXGL Background Thread 3 ] DEBUG Engine               - applicationMode: DEVELOPER
22:33:22.676 [FXGL Background Thread 3 ] DEBUG Engine               - cSSList: [fxgl_dark.css]
22:33:22.676 [FXGL Background Thread 3 ] DEBUG Engine               - collisionDetectionStrategy: BRUTE_FORCE
22:33:22.676 [FXGL Background Thread 3 ] DEBUG Engine               - configClass: Optional.empty
22:33:22.676 [FXGL Background Thread 3 ] DEBUG Engine               - credits: []
22:33:22.677 [FXGL Background Thread 3 ] DEBUG Engine               - defaultCursor: CursorInfo(imageName=fxgl_default_cursor.png, hotspotX=7.0, hotspotY=6.0)
22:33:22.678 [FXGL Background Thread 3 ] DEBUG Engine               - devBBoxColorProperty: ObjectProperty [value: 0xff0000ff]
22:33:22.678 [FXGL Background Thread 3 ] DEBUG Engine               - devEnableDebugCameraProperty: BooleanProperty [value: false]
22:33:22.679 [FXGL Background Thread 3 ] DEBUG Engine               - devSensorColorProperty: ObjectProperty [value: 0xffff00ff]
22:33:22.679 [FXGL Background Thread 3 ] DEBUG Engine               - devShowBBoxProperty: BooleanProperty [value: false]
22:33:22.679 [FXGL Background Thread 3 ] DEBUG Engine               - devShowPositionProperty: BooleanProperty [value: false]
22:33:22.679 [FXGL Background Thread 3 ] DEBUG Engine               - enabledMenuItems: []
22:33:22.679 [FXGL Background Thread 3 ] DEBUG Engine               - engineServices: [class com.almasb.fxgl.app.services.FXGLAssetLoaderService, class com.almasb.fxgl.app.FXGLApplication$GameApplicationService, class com.almasb.fxgl.app.services.FXGLDialogService, class com.almasb.fxgl.app.services.IOTaskExecutorService, class com.almasb.fxgl.io.FileSystemService, class com.almasb.fxgl.localization.LocalizationService, class com.almasb.fxgl.app.services.SystemBundleService, class com.almasb.fxgl.profile.SaveLoadService, class com.almasb.fxgl.ui.FXGLUIFactoryServiceProvider, class com.almasb.fxgl.ui.FXGLDialogFactoryServiceProvider, class com.almasb.fxgl.audio.AudioPlayer, class com.almasb.fxgl.notification.impl.NotificationServiceProvider, class com.almasb.fxgl.achievement.AchievementService, class com.almasb.fxgl.cutscene.CutsceneService, class com.almasb.fxgl.minigames.MiniGameService, class com.almasb.fxgl.net.NetService, class com.almasb.fxgl.app.services.UpdaterService, class com.almasb.fxgl.dev.DevService]
22:33:22.680 [FXGL Background Thread 3 ] DEBUG Engine               - fontGame: Abel-Regular.ttf
22:33:22.680 [FXGL Background Thread 3 ] DEBUG Engine               - fontMono: TerminalLandMono-Regular.otf
22:33:22.680 [FXGL Background Thread 3 ] DEBUG Engine               - fontText: Courier-Prime.ttf
22:33:22.680 [FXGL Background Thread 3 ] DEBUG Engine               - fontUI: VarelaRound-Regular.ttf
22:33:22.680 [FXGL Background Thread 3 ] DEBUG Engine               - fullScreen: BooleanProperty [value: false]
22:33:22.680 [FXGL Background Thread 3 ] DEBUG Engine               - gameDifficulty: MEDIUM
22:33:22.681 [FXGL Background Thread 3 ] DEBUG Engine               - gameDifficultyProperty: ObjectProperty [value: MEDIUM]
22:33:22.681 [FXGL Background Thread 3 ] DEBUG Engine               - globalMusicVolume: 0.5
22:33:22.681 [FXGL Background Thread 3 ] DEBUG Engine               - globalMusicVolumeProperty: DoubleProperty [value: 0.5]
22:33:22.681 [FXGL Background Thread 3 ] DEBUG Engine               - globalSoundVolume: 0.5
22:33:22.682 [FXGL Background Thread 3 ] DEBUG Engine               - globalSoundVolumeProperty: DoubleProperty [value: 0.5]
22:33:22.682 [FXGL Background Thread 3 ] DEBUG Engine               - height: 560
22:33:22.682 [FXGL Background Thread 3 ] DEBUG Engine               - is3D: false
22:33:22.682 [FXGL Background Thread 3 ] DEBUG Engine               - isAndroid: false
22:33:22.682 [FXGL Background Thread 3 ] DEBUG Engine               - isBrowser: false
22:33:22.683 [FXGL Background Thread 3 ] DEBUG Engine               - isClickFeedbackEnabled: false
22:33:22.683 [FXGL Background Thread 3 ] DEBUG Engine               - isCloseConfirmation: false
22:33:22.683 [FXGL Background Thread 3 ] DEBUG Engine               - isDesktop: true
22:33:22.683 [FXGL Background Thread 3 ] DEBUG Engine               - isDeveloperMenuEnabled: false
22:33:22.683 [FXGL Background Thread 3 ] DEBUG Engine               - isEmbedded: false
22:33:22.683 [FXGL Background Thread 3 ] DEBUG Engine               - isEntityPreloadEnabled: true
22:33:22.684 [FXGL Background Thread 3 ] DEBUG Engine               - isExperimentalTiledLargeMap: false
22:33:22.684 [FXGL Background Thread 3 ] DEBUG Engine               - isFileSystemWriteAllowed: true
22:33:22.684 [FXGL Background Thread 3 ] DEBUG Engine               - isFullScreenAllowed: false
22:33:22.684 [FXGL Background Thread 3 ] DEBUG Engine               - isFullScreenFromStart: false
22:33:22.684 [FXGL Background Thread 3 ] DEBUG Engine               - isGameMenuEnabled: true
22:33:22.685 [FXGL Background Thread 3 ] DEBUG Engine               - isIOS: false
22:33:22.685 [FXGL Background Thread 3 ] DEBUG Engine               - isIntroEnabled: false
22:33:22.685 [FXGL Background Thread 3 ] DEBUG Engine               - isLinux: true
22:33:22.685 [FXGL Background Thread 3 ] DEBUG Engine               - isMac: false
22:33:22.686 [FXGL Background Thread 3 ] DEBUG Engine               - isMainMenuEnabled: false
22:33:22.686 [FXGL Background Thread 3 ] DEBUG Engine               - isManualResizeEnabled: false
22:33:22.686 [FXGL Background Thread 3 ] DEBUG Engine               - isMobile: false
22:33:22.686 [FXGL Background Thread 3 ] DEBUG Engine               - isNative: false
22:33:22.686 [FXGL Background Thread 3 ] DEBUG Engine               - isPauseMusicWhenMinimized: true
22:33:22.686 [FXGL Background Thread 3 ] DEBUG Engine               - isPreserveResizeRatio: false
22:33:22.687 [FXGL Background Thread 3 ] DEBUG Engine               - isProfilingEnabled: false
22:33:22.687 [FXGL Background Thread 3 ] DEBUG Engine               - isScaleAffectedOnResize: true
22:33:22.687 [FXGL Background Thread 3 ] DEBUG Engine               - isSingleStep: false
22:33:22.687 [FXGL Background Thread 3 ] DEBUG Engine               - isUserProfileEnabled: false
22:33:22.687 [FXGL Background Thread 3 ] DEBUG Engine               - isWindows: false
22:33:22.687 [FXGL Background Thread 3 ] DEBUG Engine               - language: ObjectProperty [value: ENGLISH]
22:33:22.688 [FXGL Background Thread 3 ] DEBUG Engine               - menuKey: ESCAPE
22:33:22.688 [FXGL Background Thread 3 ] DEBUG Engine               - mouseSensitivity: 0.2
22:33:22.688 [FXGL Background Thread 3 ] DEBUG Engine               - notificationViewClass: class com.almasb.fxgl.notification.view.XboxNotificationView
22:33:22.688 [FXGL Background Thread 3 ] DEBUG Engine               - pixelsPerMeter: 50.0
22:33:22.689 [FXGL Background Thread 3 ] DEBUG Engine               - platform: LINUX
22:33:22.689 [FXGL Background Thread 3 ] DEBUG Engine               - prefHeightProperty: ReadOnlyDoubleProperty [value: 560.0]
22:33:22.689 [FXGL Background Thread 3 ] DEBUG Engine               - prefWidthProperty: ReadOnlyDoubleProperty [value: 980.0]
22:33:22.689 [FXGL Background Thread 3 ] DEBUG Engine               - profileDir: profiles/
22:33:22.689 [FXGL Background Thread 3 ] DEBUG Engine               - profileName: StringProperty [value: DEFAULT]
22:33:22.690 [FXGL Background Thread 3 ] DEBUG Engine               - randomSeed: -1
22:33:22.691 [FXGL Background Thread 3 ] DEBUG Engine               - runtimeInfo: RuntimeInfo(platform=LINUX, version=17.2, build=20.08.2022 16.50)
22:33:22.691 [FXGL Background Thread 3 ] DEBUG Engine               - saveFileExt: sav
22:33:22.691 [FXGL Background Thread 3 ] DEBUG Engine               - scaledHeightProp$fxgl: DoubleProperty [bound, value: 560.0]
22:33:22.691 [FXGL Background Thread 3 ] DEBUG Engine               - scaledWidthProp$fxgl: DoubleProperty [bound, value: 980.0]
22:33:22.692 [FXGL Background Thread 3 ] DEBUG Engine               - sceneFactory: com.almasb.fxgl.app.scene.SceneFactory@1931b386
22:33:22.692 [FXGL Background Thread 3 ] DEBUG Engine               - secondsIn24h: 60
22:33:22.692 [FXGL Background Thread 3 ] DEBUG Engine               - soundMenuBack: menu/back.wav
22:33:22.692 [FXGL Background Thread 3 ] DEBUG Engine               - soundMenuPress: menu/press.wav
22:33:22.692 [FXGL Background Thread 3 ] DEBUG Engine               - soundMenuSelect: menu/select.wav
22:33:22.692 [FXGL Background Thread 3 ] DEBUG Engine               - soundNotification: core/notification.wav
22:33:22.692 [FXGL Background Thread 3 ] DEBUG Engine               - stageStyle: DECORATED
22:33:22.693 [FXGL Background Thread 3 ] DEBUG Engine               - supportedLanguages: [ENGLISH, FRENCH, GERMAN, HUNGARIAN, RUSSIAN]
22:33:22.693 [FXGL Background Thread 3 ] DEBUG Engine               - ticksPerSecond: -1
22:33:22.693 [FXGL Background Thread 3 ] DEBUG Engine               - title: Restaurant Simulation
22:33:22.693 [FXGL Background Thread 3 ] DEBUG Engine               - urlGithub: https://github.com/AlmasB/FXGL
22:33:22.694 [FXGL Background Thread 3 ] DEBUG Engine               - urlLeaderboard: http://fxgl-top.herokuapp.com/
22:33:22.694 [FXGL Background Thread 3 ] DEBUG Engine               - urlPOM: https://raw.githubusercontent.com/AlmasB/FXGL/release/README.md
22:33:22.694 [FXGL Background Thread 3 ] DEBUG Engine               - userAppClass: class com.example.restauranteup.App
22:33:22.694 [FXGL Background Thread 3 ] DEBUG Engine               - version: 0.0
22:33:22.694 [FXGL Background Thread 3 ] DEBUG Engine               - versionCheckDays: 7
22:33:22.694 [FXGL Background Thread 3 ] DEBUG Engine               - width: 980
22:33:22.695 [FXGL Background Thread 3 ] DEBUG Engine               - Logging services
22:33:22.695 [FXGL Background Thread 3 ] DEBUG Engine               - class com.almasb.fxgl.app.services.FXGLAssetLoaderService
22:33:22.695 [FXGL Background Thread 3 ] DEBUG Engine               - class com.almasb.fxgl.app.FXGLApplication$GameApplicationService
22:33:22.695 [FXGL Background Thread 3 ] DEBUG Engine               - class com.almasb.fxgl.app.services.FXGLDialogService
22:33:22.696 [FXGL Background Thread 3 ] DEBUG Engine               - class com.almasb.fxgl.app.services.IOTaskExecutorService
22:33:22.696 [FXGL Background Thread 3 ] DEBUG Engine               - class com.almasb.fxgl.io.FileSystemService
22:33:22.696 [FXGL Background Thread 3 ] DEBUG Engine               - class com.almasb.fxgl.localization.LocalizationService
22:33:22.696 [FXGL Background Thread 3 ] DEBUG Engine               - class com.almasb.fxgl.app.services.SystemBundleService
22:33:22.696 [FXGL Background Thread 3 ] DEBUG Engine               - class com.almasb.fxgl.profile.SaveLoadService
22:33:22.696 [FXGL Background Thread 3 ] DEBUG Engine               - class com.almasb.fxgl.ui.FXGLUIFactoryServiceProvider
22:33:22.697 [FXGL Background Thread 3 ] DEBUG Engine               - class com.almasb.fxgl.ui.FXGLDialogFactoryServiceProvider
22:33:22.697 [FXGL Background Thread 3 ] DEBUG Engine               - class com.almasb.fxgl.audio.AudioPlayer
22:33:22.697 [FXGL Background Thread 3 ] DEBUG Engine               - class com.almasb.fxgl.notification.impl.NotificationServiceProvider
22:33:22.697 [FXGL Background Thread 3 ] DEBUG Engine               - class com.almasb.fxgl.achievement.AchievementService
22:33:22.697 [FXGL Background Thread 3 ] DEBUG Engine               - class com.almasb.fxgl.cutscene.CutsceneService
22:33:22.697 [FXGL Background Thread 3 ] DEBUG Engine               - class com.almasb.fxgl.minigames.MiniGameService
22:33:22.697 [FXGL Background Thread 3 ] DEBUG Engine               - class com.almasb.fxgl.net.NetService
22:33:22.698 [FXGL Background Thread 3 ] DEBUG Engine               - class com.almasb.fxgl.app.services.UpdaterService
22:33:22.698 [FXGL Background Thread 3 ] DEBUG Engine               - class com.almasb.fxgl.dev.DevService
22:34:03.502 [JavaFX Application Thread] DEBUG FXGLAssetLoaderServi - Loading from file system: file:/home/diego/Documentos/concurrente/Restaurant/cynthia/restaurante/target/classes/assets/textures/cliente_2.png
22:34:05.486 [JavaFX Application Thread] DEBUG FXGLAssetLoaderServi - Loading from file system: file:/home/diego/Documentos/concurrente/Restaurant/cynthia/restaurante/target/classes/assets/textures/cliente_6.png
22:34:07.488 [JavaFX Application Thread] DEBUG FXGLAssetLoaderServi - Loading from file system: file:/home/diego/Documentos/concurrente/Restaurant/cynthia/restaurante/target/classes/assets/textures/cliente_7.png
22:34:08.492 [JavaFX Application Thread] DEBUG FXGLAssetLoaderServi - Loading from file system: file:/home/diego/Documentos/concurrente/Restaurant/cynthia/restaurante/target/classes/assets/textures/cliente_1.png
22:34:10.491 [JavaFX Application Thread] DEBUG FXGLAssetLoaderServi - Loading from file system: file:/home/diego/Documentos/concurrente/Restaurant/cynthia/restaurante/target/classes/assets/textures/cliente_4.png
22:34:29.503 [JavaFX Application Thread] DEBUG FXGLAssetLoaderServi - Loading from file system: file:/home/diego/Documentos/concurrente/Restaurant/cynthia/restaurante/target/classes/assets/textures/cliente_3.png
22:34:38.511 [JavaFX Application Thread] DEBUG FXGLAssetLoaderServi - Loading from file system: file:/home/diego/Documentos/concurrente/Restaurant/cynthia/restaurante/target/classes/assets/textures/cliente_8.png
22:34:55.527 [JavaFX Application Thread] DEBUG FXGLAssetLoaderServi - Loading from file system: file:/home/diego/Documentos/concurrente/Restaurant/cynthia/restaurante/target/classes/assets/textures/cliente_5.png
22:37:32.512 [JavaFX Application Thread] DEBUG LoopRunner           - Pausing loop
22:37:32.881 [JavaFX Application Thread] DEBUG LoopRunner           - Resuming loop
22:37:33.914 [JavaFX Application Thread] DEBUG LoopRunner           - Pausing loop
22:37:34.285 [JavaFX Application Thread] DEBUG LoopRunner           - Resuming loop
22:37:39.793 [JavaFX Application Thread] DEBUG FXGLApplication      - Exiting FXGL
22:37:39.793 [JavaFX Application Thread] DEBUG LoopRunner           - Stopping loop
22:37:39.793 [JavaFX Application Thread] DEBUG SystemBundleService  - Saving FXGL system data
22:37:39.801 [JavaFX Application Thread] DEBUG FileSystemAccess     - Writing to: /home/diego/Documentos/concurrente/Restaurant/cynthia/restaurante/system/fxgl.bundle
22:37:39.812 [JavaFX Application Thread] DEBUG Async                - Shutting down background threads
22:37:39.813 [JavaFX Application Thread] DEBUG PrimaryStageWindow   - Closing main window
22:37:39.823 [JavaFX Application Thread] DEBUG Logger               - Closing Logger
