21:55:42.944 [com.example.restauranteup] DEBUG Logger               - Configured Logger
21:55:42.999 [com.example.restauranteup] DEBUG GameApplication      - Logging settings
Title: Restaurant Simulation
Version: 0.0
Width: 980
Height: 560
Fullscreen: false
Intro: false
Profiling: false
Single step:false
App Mode: DEVELOPER
Menu Key: ESCAPE
Stage Style: DECORATED
Scene Factory: class com.almasb.fxgl.app.scene.SceneFactory

21:55:43.716 [JavaFX Application Thread] DEBUG FXGLApplication      - Initializing FXGL
21:55:43.738 [JavaFX Application Thread] INFO  Engine               - FXGL-17.2 (20.08.2022 16.50) on LINUX (J:21.0.5 FX:18)
21:55:43.743 [JavaFX Application Thread] DEBUG Engine               - JRE Vendor Name: Red Hat, Inc.
21:55:43.746 [JavaFX Application Thread] DEBUG Engine               - Running on OS: Linux version 6.11.8-200.fc40.x86_64
21:55:43.748 [JavaFX Application Thread] DEBUG Engine               - Architecture: amd64
21:55:43.749 [JavaFX Application Thread] INFO  Engine               - Source code and latest versions at: https://github.com/AlmasB/FXGL
21:55:43.749 [JavaFX Application Thread] INFO  Engine               -       Ask questions and discuss at: https://github.com/AlmasB/FXGL/discussions
21:55:43.751 [JavaFX Application Thread] INFO  Engine               -              Join the FXGL chat at: https://gitter.im/AlmasB/FXGL
21:55:44.233 [JavaFX Application Thread] DEBUG PrimaryStageWindow   - Creating a JavaFX scene
21:55:44.511 [JavaFX Application Thread] DEBUG PrimaryStageWindow   - Target settings size: 980.0 x 560.0
21:55:44.512 [JavaFX Application Thread] DEBUG PrimaryStageWindow   - Scaled scene size:    980.0 x 560.0
21:55:44.512 [JavaFX Application Thread] DEBUG PrimaryStageWindow   - Scaled ratio: (1.0, 1.0)
21:55:44.516 [JavaFX Application Thread] DEBUG PrimaryStageWindow   - Set initial scene to FXGLStartupScene
21:55:44.543 [JavaFX Application Thread] DEBUG PrimaryStageWindow   - Opening main window
21:55:44.772 [JavaFX Application Thread] DEBUG PrimaryStageWindow   - Window border size: (8.0, 38.0)
21:55:44.773 [JavaFX Application Thread] DEBUG PrimaryStageWindow   - Scaled size: 980.0 x 560.0
21:55:44.774 [JavaFX Application Thread] DEBUG PrimaryStageWindow   - Scaled ratio: (1.0, 1.0)
21:55:44.775 [JavaFX Application Thread] DEBUG PrimaryStageWindow   - Scene size: 980.0 x 560.0
21:55:44.775 [JavaFX Application Thread] DEBUG PrimaryStageWindow   - Stage size: 988.0 x 598.0
21:55:44.801 [FXGL Background Thread 1 ] DEBUG Engine               - Initializing environment variables
21:55:44.936 [FXGL Background Thread 1 ] DEBUG FXGLAssetLoaderServi - User app class for loading assets: class com.example.restauranteup.App
21:55:44.937 [FXGL Background Thread 1 ] DEBUG GameApplicationServi - Applying CSS: fxgl_dark.css
21:55:44.939 [FXGL Background Thread 1 ] DEBUG FXGLAssetLoaderServi - Loading from file system: jar:file:/home/diego/.m2/repository/com/github/almasb/fxgl/17.2/fxgl-17.2.jar!/fxglassets/ui/css/fxgl_dark.css
21:55:45.085 [FXGL Background Thread 1 ] DEBUG GameApplicationServi - Initializing application scenes
21:55:45.246 [FXGL Background Thread 1 ] DEBUG GameWorld            - Game world initialized
21:55:45.551 [FXGL Background Thread 1 ] DEBUG PhysicsWorld         - Physics world initialized: appHeight=560, physics.ppm=50.0
21:55:45.552 [FXGL Background Thread 1 ] DEBUG PhysicsWorld         - Using strategy: BRUTE_FORCE
21:55:45.580 [FXGL Background Thread 1 ] DEBUG GameScene            - Game scene initialized: 980x560
21:55:45.632 [FXGL Background Thread 1 ] WARN  FXGL.DefaultMenu     - FXGLDefaultMenu is not designed for resolutions < 800x600
21:55:45.633 [FXGL Background Thread 1 ] DEBUG FXGL.DefaultMenu     - createMenuBodyGameMenu()
21:55:45.695 [FXGL Background Thread 1 ] DEBUG FXGL.DefaultMenu     - createOptionsMenu()
21:55:45.735 [FXGL Background Thread 1 ] DEBUG FXGLAssetLoaderServi - Loading from file system: jar:file:/home/diego/.m2/repository/com/github/almasb/fxgl/17.2/fxgl-17.2.jar!/fxglassets/textures/particles/smoke.png
21:55:46.072 [FXGL Background Thread 1 ] DEBUG FXGLAssetLoaderServi - Loading from file system: jar:file:/home/diego/.m2/repository/com/github/almasb/fxgl/17.2/fxgl-17.2.jar!/fxglassets/textures/particles/trace_horizontal.png
21:55:46.154 [FXGL Background Thread 1 ] DEBUG GameApplicationServi - Application scenes initialized
21:55:46.200 [FXGL Background Thread 1 ] DEBUG SystemBundleService  - Loading FXGL system data
21:55:46.211 [FXGL Background Thread 1 ] DEBUG FileSystemAccess     - Reading from: /home/diego/Documentos/concurrente/Restaurant/cynthia/restaurante/system/fxgl.bundle
21:55:46.235 [FXGL Background Thread 1 ] DEBUG SystemBundleService  - Bundle FXGL: {}
21:55:46.235 [FXGL Background Thread 1 ] DEBUG UpdaterService       - Checking for updates
21:55:46.250 [FXGL Background Thread 4 ] DEBUG FXGLApplication      - Loading fonts
21:55:46.251 [FXGL Background Thread 4 ] DEBUG FXGLAssetLoaderServi - Loading from file system: jar:file:/home/diego/.m2/repository/com/github/almasb/fxgl/17.2/fxgl-17.2.jar!/fxglassets/ui/fonts/VarelaRound-Regular.ttf
21:55:46.249 [FXGL Background Thread 1 ] DEBUG FXGLApplication      - Loading default localization
21:55:46.254 [FXGL Background Thread 1 ] DEBUG FXGLAssetLoaderServi - Loading from file system: jar:file:/home/diego/.m2/repository/com/github/almasb/fxgl/17.2/fxgl-17.2.jar!/fxglassets/languages/english.lang
21:55:46.287 [FXGL Background Thread 4 ] DEBUG FXGLAssetLoaderServi - Loading from file system: jar:file:/home/diego/.m2/repository/com/github/almasb/fxgl/17.2/fxgl-17.2.jar!/fxglassets/ui/fonts/Abel-Regular.ttf
21:55:46.299 [FXGL Background Thread 4 ] DEBUG FXGLAssetLoaderServi - Loading from file system: jar:file:/home/diego/.m2/repository/com/github/almasb/fxgl/17.2/fxgl-17.2.jar!/fxglassets/ui/fonts/TerminalLandMono-Regular.otf
21:55:46.306 [FXGL Background Thread 4 ] DEBUG FXGLAssetLoaderServi - Loading from file system: jar:file:/home/diego/.m2/repository/com/github/almasb/fxgl/17.2/fxgl-17.2.jar!/fxglassets/ui/fonts/Courier-Prime.ttf
21:55:46.313 [FXGL Background Thread 1 ] INFO  FXGLApplication      - FXGL initialization took: 1.512 sec
21:55:46.316 [JavaFX Application Thread] DEBUG FXGLApplication      - Registering font factories with UI factory
21:55:46.325 [JavaFX Application Thread] DEBUG FXGLAssetLoaderServi - Loading from file system: jar:file:/home/diego/.m2/repository/com/github/almasb/fxgl/17.2/fxgl-17.2.jar!/fxglassets/textures/fxgl_icon.png
21:55:46.418 [JavaFX Application Thread] DEBUG FXGLAssetLoaderServi - Loading from file system: jar:file:/home/diego/.m2/repository/com/github/almasb/fxgl/17.2/fxgl-17.2.jar!/fxglassets/textures/fxgl_default_cursor.png
21:55:46.453 [JavaFX Application Thread] DEBUG Input                - Registered new binding: Screenshot - CTRL+8
21:55:46.454 [JavaFX Application Thread] DEBUG Input                - Registered new binding: System info dump - CTRL+9
21:55:46.455 [JavaFX Application Thread] DEBUG Input                - Registered new binding: Restart - CTRL+R
21:55:46.457 [JavaFX Application Thread] DEBUG Input                - Registered new binding: Toggle Debug Camera - CTRL+7
21:55:46.462 [JavaFX Application Thread] DEBUG LoopRunner           - Starting loop
21:55:46.463 [JavaFX Application Thread] DEBUG LoopRunner           - Initializing JavaFX AnimationTimerLoop
21:55:46.466 [JavaFX Application Thread] DEBUG GameApplicationServi - Starting new game
21:55:46.468 [JavaFX Application Thread] DEBUG Input                - Clearing active input actions
21:55:46.516 [JavaFX Application Thread] DEBUG GameApplicationServi - Removing overlay from FXGLStartupScene and adding to FXGLLoadingScene
21:55:46.518 [JavaFX Application Thread] DEBUG PrimaryStageWindow   - FXGLStartupScene -> FXGLLoadingScene
21:55:46.518 [JavaFX Application Thread] DEBUG GameApplicationServi - Clearing previous game
21:55:46.518 [JavaFX Application Thread] DEBUG GameScene            - Clearing game scene
21:55:46.518 [JavaFX Application Thread] DEBUG GameWorld            - Clearing game world
21:55:46.521 [JavaFX Application Thread] DEBUG PhysicsWorld         - Clearing physics world
21:55:46.528 [FXGL Background Thread 1 ] DEBUG FXGLApplication      - Initializing game
21:55:46.565 [FXGL Background Thread 1 ] DEBUG FXGLAssetLoaderServi - Loading from file system: file:/home/diego/Documentos/concurrente/Restaurant/cynthia/restaurante/target/classes/assets/textures/escenario.png
21:55:46.840 [FXGL Background Thread 1 ] DEBUG FXGLAssetLoaderServi - Loading from file system: file:/home/diego/Documentos/concurrente/Restaurant/cynthia/restaurante/target/classes/assets/textures/cocinero.png
21:55:47.610 [FXGL Background Thread 1 ] DEBUG FXGLAssetLoaderServi - Loading from file system: file:/home/diego/Documentos/concurrente/Restaurant/cynthia/restaurante/target/classes/assets/textures/mesero.png
21:55:47.626 [FXGL Background Thread 1 ] DEBUG FXGLAssetLoaderServi - Loading from file system: file:/home/diego/Documentos/concurrente/Restaurant/cynthia/restaurante/target/classes/assets/textures/aguachile.png
21:55:47.744 [FXGL Background Thread 1 ] INFO  FXGLApplication      - Game initialization took: 1.216 sec
21:55:47.763 [JavaFX Application Thread] DEBUG Input                - Clearing active input actions
21:55:47.837 [JavaFX Application Thread] DEBUG GameApplicationServi - Removing overlay from FXGLLoadingScene and adding to GameScene
21:55:47.842 [JavaFX Application Thread] DEBUG PrimaryStageWindow   - FXGLLoadingScene -> GameScene
21:55:48.749 [FXGL Background Thread 2 ] INFO  UpdaterService       - Your current version:  17.2
21:55:48.755 [FXGL Background Thread 2 ] INFO  UpdaterService       - Latest stable version: 21.1
21:55:49.243 [FXGL Background Thread 3 ] DEBUG Engine               - Logging environment variables
21:55:49.245 [FXGL Background Thread 3 ] DEBUG Engine               - achievements: []
21:55:49.246 [FXGL Background Thread 3 ] DEBUG Engine               - actualHeight: 560.0
21:55:49.246 [FXGL Background Thread 3 ] DEBUG Engine               - actualHeightProperty: ReadOnlyDoubleProperty [value: 555.0]
21:55:49.247 [FXGL Background Thread 3 ] DEBUG Engine               - actualWidth: 980.0
21:55:49.247 [FXGL Background Thread 3 ] DEBUG Engine               - actualWidthProperty: ReadOnlyDoubleProperty [value: 980.0]
21:55:49.247 [FXGL Background Thread 3 ] DEBUG Engine               - appIcon: fxgl_icon.png
21:55:49.248 [FXGL Background Thread 3 ] DEBUG Engine               - applicationMode: DEVELOPER
21:55:49.248 [FXGL Background Thread 3 ] DEBUG Engine               - cSSList: [fxgl_dark.css]
21:55:49.248 [FXGL Background Thread 3 ] DEBUG Engine               - collisionDetectionStrategy: BRUTE_FORCE
21:55:49.248 [FXGL Background Thread 3 ] DEBUG Engine               - configClass: Optional.empty
21:55:49.249 [FXGL Background Thread 3 ] DEBUG Engine               - credits: []
21:55:49.250 [FXGL Background Thread 3 ] DEBUG Engine               - defaultCursor: CursorInfo(imageName=fxgl_default_cursor.png, hotspotX=7.0, hotspotY=6.0)
21:55:49.251 [FXGL Background Thread 3 ] DEBUG Engine               - devBBoxColorProperty: ObjectProperty [value: 0xff0000ff]
21:55:49.252 [FXGL Background Thread 3 ] DEBUG Engine               - devEnableDebugCameraProperty: BooleanProperty [value: false]
21:55:49.252 [FXGL Background Thread 3 ] DEBUG Engine               - devSensorColorProperty: ObjectProperty [value: 0xffff00ff]
21:55:49.252 [FXGL Background Thread 3 ] DEBUG Engine               - devShowBBoxProperty: BooleanProperty [value: false]
21:55:49.252 [FXGL Background Thread 3 ] DEBUG Engine               - devShowPositionProperty: BooleanProperty [value: false]
21:55:49.253 [FXGL Background Thread 3 ] DEBUG Engine               - enabledMenuItems: []
21:55:49.253 [FXGL Background Thread 3 ] DEBUG Engine               - engineServices: [class com.almasb.fxgl.app.services.FXGLAssetLoaderService, class com.almasb.fxgl.app.FXGLApplication$GameApplicationService, class com.almasb.fxgl.app.services.FXGLDialogService, class com.almasb.fxgl.app.services.IOTaskExecutorService, class com.almasb.fxgl.io.FileSystemService, class com.almasb.fxgl.localization.LocalizationService, class com.almasb.fxgl.app.services.SystemBundleService, class com.almasb.fxgl.profile.SaveLoadService, class com.almasb.fxgl.ui.FXGLUIFactoryServiceProvider, class com.almasb.fxgl.ui.FXGLDialogFactoryServiceProvider, class com.almasb.fxgl.audio.AudioPlayer, class com.almasb.fxgl.notification.impl.NotificationServiceProvider, class com.almasb.fxgl.achievement.AchievementService, class com.almasb.fxgl.cutscene.CutsceneService, class com.almasb.fxgl.minigames.MiniGameService, class com.almasb.fxgl.net.NetService, class com.almasb.fxgl.app.services.UpdaterService, class com.almasb.fxgl.dev.DevService]
21:55:49.253 [FXGL Background Thread 3 ] DEBUG Engine               - fontGame: Abel-Regular.ttf
21:55:49.253 [FXGL Background Thread 3 ] DEBUG Engine               - fontMono: TerminalLandMono-Regular.otf
21:55:49.253 [FXGL Background Thread 3 ] DEBUG Engine               - fontText: Courier-Prime.ttf
21:55:49.253 [FXGL Background Thread 3 ] DEBUG Engine               - fontUI: VarelaRound-Regular.ttf
21:55:49.254 [FXGL Background Thread 3 ] DEBUG Engine               - fullScreen: BooleanProperty [value: false]
21:55:49.254 [FXGL Background Thread 3 ] DEBUG Engine               - gameDifficulty: MEDIUM
21:55:49.254 [FXGL Background Thread 3 ] DEBUG Engine               - gameDifficultyProperty: ObjectProperty [value: MEDIUM]
21:55:49.254 [FXGL Background Thread 3 ] DEBUG Engine               - globalMusicVolume: 0.5
21:55:49.255 [FXGL Background Thread 3 ] DEBUG Engine               - globalMusicVolumeProperty: DoubleProperty [value: 0.5]
21:55:49.255 [FXGL Background Thread 3 ] DEBUG Engine               - globalSoundVolume: 0.5
21:55:49.255 [FXGL Background Thread 3 ] DEBUG Engine               - globalSoundVolumeProperty: DoubleProperty [value: 0.5]
21:55:49.255 [FXGL Background Thread 3 ] DEBUG Engine               - height: 560
21:55:49.255 [FXGL Background Thread 3 ] DEBUG Engine               - is3D: false
21:55:49.255 [FXGL Background Thread 3 ] DEBUG Engine               - isAndroid: false
21:55:49.256 [FXGL Background Thread 3 ] DEBUG Engine               - isBrowser: false
21:55:49.256 [FXGL Background Thread 3 ] DEBUG Engine               - isClickFeedbackEnabled: false
21:55:49.256 [FXGL Background Thread 3 ] DEBUG Engine               - isCloseConfirmation: false
21:55:49.256 [FXGL Background Thread 3 ] DEBUG Engine               - isDesktop: true
21:55:49.256 [FXGL Background Thread 3 ] DEBUG Engine               - isDeveloperMenuEnabled: false
21:55:49.256 [FXGL Background Thread 3 ] DEBUG Engine               - isEmbedded: false
21:55:49.257 [FXGL Background Thread 3 ] DEBUG Engine               - isEntityPreloadEnabled: true
21:55:49.257 [FXGL Background Thread 3 ] DEBUG Engine               - isExperimentalTiledLargeMap: false
21:55:49.257 [FXGL Background Thread 3 ] DEBUG Engine               - isFileSystemWriteAllowed: true
21:55:49.257 [FXGL Background Thread 3 ] DEBUG Engine               - isFullScreenAllowed: false
21:55:49.257 [FXGL Background Thread 3 ] DEBUG Engine               - isFullScreenFromStart: false
21:55:49.257 [FXGL Background Thread 3 ] DEBUG Engine               - isGameMenuEnabled: true
21:55:49.257 [FXGL Background Thread 3 ] DEBUG Engine               - isIOS: false
21:55:49.258 [FXGL Background Thread 3 ] DEBUG Engine               - isIntroEnabled: false
21:55:49.258 [FXGL Background Thread 3 ] DEBUG Engine               - isLinux: true
21:55:49.258 [FXGL Background Thread 3 ] DEBUG Engine               - isMac: false
21:55:49.258 [FXGL Background Thread 3 ] DEBUG Engine               - isMainMenuEnabled: false
21:55:49.258 [FXGL Background Thread 3 ] DEBUG Engine               - isManualResizeEnabled: false
21:55:49.259 [FXGL Background Thread 3 ] DEBUG Engine               - isMobile: false
21:55:49.259 [FXGL Background Thread 3 ] DEBUG Engine               - isNative: false
21:55:49.259 [FXGL Background Thread 3 ] DEBUG Engine               - isPauseMusicWhenMinimized: true
21:55:49.259 [FXGL Background Thread 3 ] DEBUG Engine               - isPreserveResizeRatio: false
21:55:49.259 [FXGL Background Thread 3 ] DEBUG Engine               - isProfilingEnabled: false
21:55:49.259 [FXGL Background Thread 3 ] DEBUG Engine               - isScaleAffectedOnResize: true
21:55:49.260 [FXGL Background Thread 3 ] DEBUG Engine               - isSingleStep: false
21:55:49.260 [FXGL Background Thread 3 ] DEBUG Engine               - isUserProfileEnabled: false
21:55:49.260 [FXGL Background Thread 3 ] DEBUG Engine               - isWindows: false
21:55:49.260 [FXGL Background Thread 3 ] DEBUG Engine               - language: ObjectProperty [value: ENGLISH]
21:55:49.260 [FXGL Background Thread 3 ] DEBUG Engine               - menuKey: ESCAPE
21:55:49.260 [FXGL Background Thread 3 ] DEBUG Engine               - mouseSensitivity: 0.2
21:55:49.261 [FXGL Background Thread 3 ] DEBUG Engine               - notificationViewClass: class com.almasb.fxgl.notification.view.XboxNotificationView
21:55:49.261 [FXGL Background Thread 3 ] DEBUG Engine               - pixelsPerMeter: 50.0
21:55:49.261 [FXGL Background Thread 3 ] DEBUG Engine               - platform: LINUX
21:55:49.261 [FXGL Background Thread 3 ] DEBUG Engine               - prefHeightProperty: ReadOnlyDoubleProperty [value: 560.0]
21:55:49.261 [FXGL Background Thread 3 ] DEBUG Engine               - prefWidthProperty: ReadOnlyDoubleProperty [value: 980.0]
21:55:49.261 [FXGL Background Thread 3 ] DEBUG Engine               - profileDir: profiles/
21:55:49.262 [FXGL Background Thread 3 ] DEBUG Engine               - profileName: StringProperty [value: DEFAULT]
21:55:49.262 [FXGL Background Thread 3 ] DEBUG Engine               - randomSeed: -1
21:55:49.263 [FXGL Background Thread 3 ] DEBUG Engine               - runtimeInfo: RuntimeInfo(platform=LINUX, version=17.2, build=20.08.2022 16.50)
21:55:49.263 [FXGL Background Thread 3 ] DEBUG Engine               - saveFileExt: sav
21:55:49.264 [FXGL Background Thread 3 ] DEBUG Engine               - scaledHeightProp$fxgl: DoubleProperty [bound, value: 555.0]
21:55:49.264 [FXGL Background Thread 3 ] DEBUG Engine               - scaledWidthProp$fxgl: DoubleProperty [bound, value: 980.0]
21:55:49.264 [FXGL Background Thread 3 ] DEBUG Engine               - sceneFactory: com.almasb.fxgl.app.scene.SceneFactory@333240fe
21:55:49.264 [FXGL Background Thread 3 ] DEBUG Engine               - secondsIn24h: 60
21:55:49.264 [FXGL Background Thread 3 ] DEBUG Engine               - soundMenuBack: menu/back.wav
21:55:49.264 [FXGL Background Thread 3 ] DEBUG Engine               - soundMenuPress: menu/press.wav
21:55:49.265 [FXGL Background Thread 3 ] DEBUG Engine               - soundMenuSelect: menu/select.wav
21:55:49.265 [FXGL Background Thread 3 ] DEBUG Engine               - soundNotification: core/notification.wav
21:55:49.265 [FXGL Background Thread 3 ] DEBUG Engine               - stageStyle: DECORATED
21:55:49.265 [FXGL Background Thread 3 ] DEBUG Engine               - supportedLanguages: [ENGLISH, FRENCH, GERMAN, HUNGARIAN, RUSSIAN]
21:55:49.265 [FXGL Background Thread 3 ] DEBUG Engine               - ticksPerSecond: -1
21:55:49.266 [FXGL Background Thread 3 ] DEBUG Engine               - title: Restaurant Simulation
21:55:49.266 [FXGL Background Thread 3 ] DEBUG Engine               - urlGithub: https://github.com/AlmasB/FXGL
21:55:49.266 [FXGL Background Thread 3 ] DEBUG Engine               - urlLeaderboard: http://fxgl-top.herokuapp.com/
21:55:49.266 [FXGL Background Thread 3 ] DEBUG Engine               - urlPOM: https://raw.githubusercontent.com/AlmasB/FXGL/release/README.md
21:55:49.266 [FXGL Background Thread 3 ] DEBUG Engine               - userAppClass: class com.example.restauranteup.App
21:55:49.266 [FXGL Background Thread 3 ] DEBUG Engine               - version: 0.0
21:55:49.267 [FXGL Background Thread 3 ] DEBUG Engine               - versionCheckDays: 7
21:55:49.267 [FXGL Background Thread 3 ] DEBUG Engine               - width: 980
21:55:49.267 [FXGL Background Thread 3 ] DEBUG Engine               - Logging services
21:55:49.267 [FXGL Background Thread 3 ] DEBUG Engine               - class com.almasb.fxgl.app.services.FXGLAssetLoaderService
21:55:49.267 [FXGL Background Thread 3 ] DEBUG Engine               - class com.almasb.fxgl.app.FXGLApplication$GameApplicationService
21:55:49.268 [FXGL Background Thread 3 ] DEBUG Engine               - class com.almasb.fxgl.app.services.FXGLDialogService
21:55:49.268 [FXGL Background Thread 3 ] DEBUG Engine               - class com.almasb.fxgl.app.services.IOTaskExecutorService
21:55:49.268 [FXGL Background Thread 3 ] DEBUG Engine               - class com.almasb.fxgl.io.FileSystemService
21:55:49.268 [FXGL Background Thread 3 ] DEBUG Engine               - class com.almasb.fxgl.localization.LocalizationService
21:55:49.268 [FXGL Background Thread 3 ] DEBUG Engine               - class com.almasb.fxgl.app.services.SystemBundleService
21:55:49.268 [FXGL Background Thread 3 ] DEBUG Engine               - class com.almasb.fxgl.profile.SaveLoadService
21:55:49.268 [FXGL Background Thread 3 ] DEBUG Engine               - class com.almasb.fxgl.ui.FXGLUIFactoryServiceProvider
21:55:49.268 [FXGL Background Thread 3 ] DEBUG Engine               - class com.almasb.fxgl.ui.FXGLDialogFactoryServiceProvider
21:55:49.269 [FXGL Background Thread 3 ] DEBUG Engine               - class com.almasb.fxgl.audio.AudioPlayer
21:55:49.269 [FXGL Background Thread 3 ] DEBUG Engine               - class com.almasb.fxgl.notification.impl.NotificationServiceProvider
21:55:49.269 [FXGL Background Thread 3 ] DEBUG Engine               - class com.almasb.fxgl.achievement.AchievementService
21:55:49.269 [FXGL Background Thread 3 ] DEBUG Engine               - class com.almasb.fxgl.cutscene.CutsceneService
21:55:49.269 [FXGL Background Thread 3 ] DEBUG Engine               - class com.almasb.fxgl.minigames.MiniGameService
21:55:49.269 [FXGL Background Thread 3 ] DEBUG Engine               - class com.almasb.fxgl.net.NetService
21:55:49.270 [FXGL Background Thread 3 ] DEBUG Engine               - class com.almasb.fxgl.app.services.UpdaterService
21:55:49.270 [FXGL Background Thread 3 ] DEBUG Engine               - class com.almasb.fxgl.dev.DevService
21:55:49.797 [JavaFX Application Thread] DEBUG FXGLAssetLoaderServi - Loading from file system: file:/home/diego/Documentos/concurrente/Restaurant/cynthia/restaurante/target/classes/assets/textures/cliente_1.png
21:55:51.772 [JavaFX Application Thread] DEBUG FXGLAssetLoaderServi - Loading from file system: file:/home/diego/Documentos/concurrente/Restaurant/cynthia/restaurante/target/classes/assets/textures/cliente_7.png
21:55:52.768 [JavaFX Application Thread] DEBUG FXGLAssetLoaderServi - Loading from file system: file:/home/diego/Documentos/concurrente/Restaurant/cynthia/restaurante/target/classes/assets/textures/cliente_3.png
21:55:53.786 [JavaFX Application Thread] DEBUG FXGLAssetLoaderServi - Loading from file system: file:/home/diego/Documentos/concurrente/Restaurant/cynthia/restaurante/target/classes/assets/textures/cliente_2.png
21:55:58.785 [JavaFX Application Thread] DEBUG FXGLAssetLoaderServi - Loading from file system: file:/home/diego/Documentos/concurrente/Restaurant/cynthia/restaurante/target/classes/assets/textures/cliente_5.png
21:56:02.800 [JavaFX Application Thread] DEBUG FXGLAssetLoaderServi - Loading from file system: file:/home/diego/Documentos/concurrente/Restaurant/cynthia/restaurante/target/classes/assets/textures/cliente_8.png
21:56:06.803 [JavaFX Application Thread] DEBUG FXGLAssetLoaderServi - Loading from file system: file:/home/diego/Documentos/concurrente/Restaurant/cynthia/restaurante/target/classes/assets/textures/cliente_4.png
21:56:09.235 [JavaFX Application Thread] DEBUG FXGLApplication      - Exiting FXGL
21:56:09.235 [JavaFX Application Thread] DEBUG LoopRunner           - Stopping loop
21:56:09.235 [JavaFX Application Thread] DEBUG SystemBundleService  - Saving FXGL system data
21:56:09.242 [JavaFX Application Thread] DEBUG FileSystemAccess     - Writing to: /home/diego/Documentos/concurrente/Restaurant/cynthia/restaurante/system/fxgl.bundle
21:56:09.253 [JavaFX Application Thread] DEBUG Async                - Shutting down background threads
21:56:09.254 [JavaFX Application Thread] DEBUG PrimaryStageWindow   - Closing main window
21:56:09.260 [JavaFX Application Thread] DEBUG Logger               - Closing Logger
