23:03:34.971 [com.example.restauranteup] DEBUG Logger               - Configured Logger
23:03:35.020 [com.example.restauranteup] DEBUG GameApplication      - Logging settings
Title: Restaurant Simulation
Version: 0.0
Width: 980
Height: 560
Fullscreen: false
Intro: false
Profiling: false
Single step:false
App Mode: DEVELOPER
Menu Key: ESCAPE
Stage Style: DECORATED
Scene Factory: class com.almasb.fxgl.app.scene.SceneFactory

23:03:35.588 [JavaFX Application Thread] DEBUG FXGLApplication      - Initializing FXGL
23:03:35.598 [JavaFX Application Thread] INFO  Engine               - FXGL-17.2 (20.08.2022 16.50) on LINUX (J:21.0.5 FX:18)
23:03:35.599 [JavaFX Application Thread] DEBUG Engine               - JRE Vendor Name: Red Hat, Inc.
23:03:35.599 [JavaFX Application Thread] DEBUG Engine               - Running on OS: Linux version 6.11.8-200.fc40.x86_64
23:03:35.600 [JavaFX Application Thread] DEBUG Engine               - Architecture: amd64
23:03:35.601 [JavaFX Application Thread] INFO  Engine               - Source code and latest versions at: https://github.com/AlmasB/FXGL
23:03:35.601 [JavaFX Application Thread] INFO  Engine               -       Ask questions and discuss at: https://github.com/AlmasB/FXGL/discussions
23:03:35.602 [JavaFX Application Thread] INFO  Engine               -              Join the FXGL chat at: https://gitter.im/AlmasB/FXGL
23:03:36.082 [JavaFX Application Thread] DEBUG PrimaryStageWindow   - Creating a JavaFX scene
23:03:36.391 [JavaFX Application Thread] DEBUG PrimaryStageWindow   - Target settings size: 980.0 x 560.0
23:03:36.393 [JavaFX Application Thread] DEBUG PrimaryStageWindow   - Scaled scene size:    980.0 x 560.0
23:03:36.393 [JavaFX Application Thread] DEBUG PrimaryStageWindow   - Scaled ratio: (1.0, 1.0)
23:03:36.397 [JavaFX Application Thread] DEBUG PrimaryStageWindow   - Set initial scene to FXGLStartupScene
23:03:36.431 [JavaFX Application Thread] DEBUG PrimaryStageWindow   - Opening main window
23:03:36.673 [JavaFX Application Thread] DEBUG PrimaryStageWindow   - Window border size: (8.0, 38.0)
23:03:36.674 [JavaFX Application Thread] DEBUG PrimaryStageWindow   - Scaled size: 980.0 x 560.0
23:03:36.675 [JavaFX Application Thread] DEBUG PrimaryStageWindow   - Scaled ratio: (1.0, 1.0)
23:03:36.677 [JavaFX Application Thread] DEBUG PrimaryStageWindow   - Scene size: 980.0 x 560.0
23:03:36.678 [JavaFX Application Thread] DEBUG PrimaryStageWindow   - Stage size: 988.0 x 598.0
23:03:36.706 [FXGL Background Thread 1 ] DEBUG Engine               - Initializing environment variables
23:03:36.808 [FXGL Background Thread 1 ] DEBUG FXGLAssetLoaderServi - User app class for loading assets: class com.example.restauranteup.App
23:03:36.808 [FXGL Background Thread 1 ] DEBUG GameApplicationServi - Applying CSS: fxgl_dark.css
23:03:36.811 [FXGL Background Thread 1 ] DEBUG FXGLAssetLoaderServi - Loading from file system: jar:file:/home/diego/.m2/repository/com/github/almasb/fxgl/17.2/fxgl-17.2.jar!/fxglassets/ui/css/fxgl_dark.css
23:03:36.966 [FXGL Background Thread 1 ] DEBUG GameApplicationServi - Initializing application scenes
23:03:37.146 [FXGL Background Thread 1 ] DEBUG GameWorld            - Game world initialized
23:03:37.417 [FXGL Background Thread 1 ] DEBUG PhysicsWorld         - Physics world initialized: appHeight=560, physics.ppm=50.0
23:03:37.418 [FXGL Background Thread 1 ] DEBUG PhysicsWorld         - Using strategy: BRUTE_FORCE
23:03:37.436 [FXGL Background Thread 1 ] DEBUG GameScene            - Game scene initialized: 980x560
23:03:37.493 [FXGL Background Thread 1 ] WARN  FXGL.DefaultMenu     - FXGLDefaultMenu is not designed for resolutions < 800x600
23:03:37.494 [FXGL Background Thread 1 ] DEBUG FXGL.DefaultMenu     - createMenuBodyGameMenu()
23:03:37.556 [FXGL Background Thread 1 ] DEBUG FXGL.DefaultMenu     - createOptionsMenu()
23:03:37.588 [FXGL Background Thread 1 ] DEBUG FXGLAssetLoaderServi - Loading from file system: jar:file:/home/diego/.m2/repository/com/github/almasb/fxgl/17.2/fxgl-17.2.jar!/fxglassets/textures/particles/smoke.png
23:03:37.981 [FXGL Background Thread 1 ] DEBUG FXGLAssetLoaderServi - Loading from file system: jar:file:/home/diego/.m2/repository/com/github/almasb/fxgl/17.2/fxgl-17.2.jar!/fxglassets/textures/particles/trace_horizontal.png
23:03:38.075 [FXGL Background Thread 1 ] DEBUG GameApplicationServi - Application scenes initialized
23:03:38.121 [FXGL Background Thread 1 ] DEBUG SystemBundleService  - Loading FXGL system data
23:03:38.134 [FXGL Background Thread 1 ] DEBUG FileSystemAccess     - Reading from: /home/diego/Documentos/concurrente/Restaurant/cynthia/restaurante/system/fxgl.bundle
23:03:38.159 [FXGL Background Thread 1 ] DEBUG SystemBundleService  - Bundle FXGL: {}
23:03:38.159 [FXGL Background Thread 1 ] DEBUG UpdaterService       - Checking for updates
23:03:38.170 [FXGL Background Thread 4 ] DEBUG FXGLApplication      - Loading fonts
23:03:38.171 [FXGL Background Thread 4 ] DEBUG FXGLAssetLoaderServi - Loading from file system: jar:file:/home/diego/.m2/repository/com/github/almasb/fxgl/17.2/fxgl-17.2.jar!/fxglassets/ui/fonts/VarelaRound-Regular.ttf
23:03:38.171 [FXGL Background Thread 1 ] DEBUG FXGLApplication      - Loading default localization
23:03:38.173 [FXGL Background Thread 1 ] DEBUG FXGLAssetLoaderServi - Loading from file system: jar:file:/home/diego/.m2/repository/com/github/almasb/fxgl/17.2/fxgl-17.2.jar!/fxglassets/languages/english.lang
23:03:38.204 [FXGL Background Thread 4 ] DEBUG FXGLAssetLoaderServi - Loading from file system: jar:file:/home/diego/.m2/repository/com/github/almasb/fxgl/17.2/fxgl-17.2.jar!/fxglassets/ui/fonts/Abel-Regular.ttf
23:03:38.208 [FXGL Background Thread 4 ] DEBUG FXGLAssetLoaderServi - Loading from file system: jar:file:/home/diego/.m2/repository/com/github/almasb/fxgl/17.2/fxgl-17.2.jar!/fxglassets/ui/fonts/TerminalLandMono-Regular.otf
23:03:38.213 [FXGL Background Thread 4 ] DEBUG FXGLAssetLoaderServi - Loading from file system: jar:file:/home/diego/.m2/repository/com/github/almasb/fxgl/17.2/fxgl-17.2.jar!/fxglassets/ui/fonts/Courier-Prime.ttf
23:03:38.223 [JavaFX Application Thread] DEBUG FXGLApplication      - Registering font factories with UI factory
23:03:38.244 [FXGL Background Thread 1 ] INFO  FXGLApplication      - FXGL initialization took: 1.537 sec
23:03:38.247 [JavaFX Application Thread] DEBUG FXGLAssetLoaderServi - Loading from file system: jar:file:/home/diego/.m2/repository/com/github/almasb/fxgl/17.2/fxgl-17.2.jar!/fxglassets/textures/fxgl_icon.png
23:03:38.344 [JavaFX Application Thread] DEBUG FXGLAssetLoaderServi - Loading from file system: jar:file:/home/diego/.m2/repository/com/github/almasb/fxgl/17.2/fxgl-17.2.jar!/fxglassets/textures/fxgl_default_cursor.png
23:03:38.390 [JavaFX Application Thread] DEBUG Input                - Registered new binding: Screenshot - CTRL+8
23:03:38.392 [JavaFX Application Thread] DEBUG Input                - Registered new binding: System info dump - CTRL+9
23:03:38.397 [JavaFX Application Thread] DEBUG Input                - Registered new binding: Restart - CTRL+R
23:03:38.402 [JavaFX Application Thread] DEBUG Input                - Registered new binding: Toggle Debug Camera - CTRL+7
23:03:38.409 [JavaFX Application Thread] DEBUG LoopRunner           - Starting loop
23:03:38.409 [JavaFX Application Thread] DEBUG LoopRunner           - Initializing JavaFX AnimationTimerLoop
23:03:38.414 [JavaFX Application Thread] DEBUG GameApplicationServi - Starting new game
23:03:38.416 [JavaFX Application Thread] DEBUG Input                - Clearing active input actions
23:03:38.459 [JavaFX Application Thread] DEBUG GameApplicationServi - Removing overlay from FXGLStartupScene and adding to FXGLLoadingScene
23:03:38.460 [JavaFX Application Thread] DEBUG PrimaryStageWindow   - FXGLStartupScene -> FXGLLoadingScene
23:03:38.461 [JavaFX Application Thread] DEBUG GameApplicationServi - Clearing previous game
23:03:38.461 [JavaFX Application Thread] DEBUG GameScene            - Clearing game scene
23:03:38.461 [JavaFX Application Thread] DEBUG GameWorld            - Clearing game world
23:03:38.462 [JavaFX Application Thread] DEBUG PhysicsWorld         - Clearing physics world
23:03:38.469 [FXGL Background Thread 1 ] DEBUG FXGLApplication      - Initializing game
23:03:38.483 [FXGL Background Thread 1 ] DEBUG FXGLAssetLoaderServi - Loading from file system: file:/home/diego/Documentos/concurrente/Restaurant/cynthia/restaurante/target/classes/assets/textures/escenario.png
23:03:38.624 [FXGL Background Thread 1 ] DEBUG FXGLAssetLoaderServi - Loading from file system: file:/home/diego/Documentos/concurrente/Restaurant/cynthia/restaurante/target/classes/assets/textures/cocinero.png
23:03:38.953 [FXGL Background Thread 1 ] DEBUG FXGLAssetLoaderServi - Loading from file system: file:/home/diego/Documentos/concurrente/Restaurant/cynthia/restaurante/target/classes/assets/textures/mesero.png
23:03:38.970 [FXGL Background Thread 1 ] DEBUG FXGLAssetLoaderServi - Loading from file system: file:/home/diego/Documentos/concurrente/Restaurant/cynthia/restaurante/target/classes/assets/textures/aguachile.png
23:03:39.050 [FXGL Background Thread 1 ] INFO  FXGLApplication      - Game initialization took: 0.581 sec
23:03:39.063 [JavaFX Application Thread] DEBUG Input                - Clearing active input actions
23:03:39.152 [JavaFX Application Thread] DEBUG GameApplicationServi - Removing overlay from FXGLLoadingScene and adding to GameScene
23:03:39.153 [JavaFX Application Thread] DEBUG PrimaryStageWindow   - FXGLLoadingScene -> GameScene
23:03:40.170 [FXGL Background Thread 2 ] INFO  UpdaterService       - Your current version:  17.2
23:03:40.174 [FXGL Background Thread 2 ] INFO  UpdaterService       - Latest stable version: 21.1
23:03:41.166 [FXGL Background Thread 3 ] DEBUG Engine               - Logging environment variables
23:03:41.168 [FXGL Background Thread 3 ] DEBUG Engine               - achievements: []
23:03:41.169 [FXGL Background Thread 3 ] DEBUG Engine               - actualHeight: 560.0
23:03:41.170 [FXGL Background Thread 3 ] DEBUG Engine               - actualHeightProperty: ReadOnlyDoubleProperty [value: 560.0]
23:03:41.170 [FXGL Background Thread 3 ] DEBUG Engine               - actualWidth: 980.0
23:03:41.170 [FXGL Background Thread 3 ] DEBUG Engine               - actualWidthProperty: ReadOnlyDoubleProperty [value: 980.0]
23:03:41.171 [FXGL Background Thread 3 ] DEBUG Engine               - appIcon: fxgl_icon.png
23:03:41.171 [FXGL Background Thread 3 ] DEBUG Engine               - applicationMode: DEVELOPER
23:03:41.172 [FXGL Background Thread 3 ] DEBUG Engine               - cSSList: [fxgl_dark.css]
23:03:41.172 [FXGL Background Thread 3 ] DEBUG Engine               - collisionDetectionStrategy: BRUTE_FORCE
23:03:41.172 [FXGL Background Thread 3 ] DEBUG Engine               - configClass: Optional.empty
23:03:41.173 [FXGL Background Thread 3 ] DEBUG Engine               - credits: []
23:03:41.175 [FXGL Background Thread 3 ] DEBUG Engine               - defaultCursor: CursorInfo(imageName=fxgl_default_cursor.png, hotspotX=7.0, hotspotY=6.0)
23:03:41.177 [FXGL Background Thread 3 ] DEBUG Engine               - devBBoxColorProperty: ObjectProperty [value: 0xff0000ff]
23:03:41.177 [FXGL Background Thread 3 ] DEBUG Engine               - devEnableDebugCameraProperty: BooleanProperty [value: false]
23:03:41.178 [FXGL Background Thread 3 ] DEBUG Engine               - devSensorColorProperty: ObjectProperty [value: 0xffff00ff]
23:03:41.178 [FXGL Background Thread 3 ] DEBUG Engine               - devShowBBoxProperty: BooleanProperty [value: false]
23:03:41.179 [FXGL Background Thread 3 ] DEBUG Engine               - devShowPositionProperty: BooleanProperty [value: false]
23:03:41.179 [FXGL Background Thread 3 ] DEBUG Engine               - enabledMenuItems: []
23:03:41.180 [FXGL Background Thread 3 ] DEBUG Engine               - engineServices: [class com.almasb.fxgl.app.services.FXGLAssetLoaderService, class com.almasb.fxgl.app.FXGLApplication$GameApplicationService, class com.almasb.fxgl.app.services.FXGLDialogService, class com.almasb.fxgl.app.services.IOTaskExecutorService, class com.almasb.fxgl.io.FileSystemService, class com.almasb.fxgl.localization.LocalizationService, class com.almasb.fxgl.app.services.SystemBundleService, class com.almasb.fxgl.profile.SaveLoadService, class com.almasb.fxgl.ui.FXGLUIFactoryServiceProvider, class com.almasb.fxgl.ui.FXGLDialogFactoryServiceProvider, class com.almasb.fxgl.audio.AudioPlayer, class com.almasb.fxgl.notification.impl.NotificationServiceProvider, class com.almasb.fxgl.achievement.AchievementService, class com.almasb.fxgl.cutscene.CutsceneService, class com.almasb.fxgl.minigames.MiniGameService, class com.almasb.fxgl.net.NetService, class com.almasb.fxgl.app.services.UpdaterService, class com.almasb.fxgl.dev.DevService]
23:03:41.180 [FXGL Background Thread 3 ] DEBUG Engine               - fontGame: Abel-Regular.ttf
23:03:41.180 [FXGL Background Thread 3 ] DEBUG Engine               - fontMono: TerminalLandMono-Regular.otf
23:03:41.181 [FXGL Background Thread 3 ] DEBUG Engine               - fontText: Courier-Prime.ttf
23:03:41.181 [FXGL Background Thread 3 ] DEBUG Engine               - fontUI: VarelaRound-Regular.ttf
23:03:41.181 [FXGL Background Thread 3 ] DEBUG Engine               - fullScreen: BooleanProperty [value: false]
23:03:41.182 [FXGL Background Thread 3 ] DEBUG Engine               - gameDifficulty: MEDIUM
23:03:41.182 [FXGL Background Thread 3 ] DEBUG Engine               - gameDifficultyProperty: ObjectProperty [value: MEDIUM]
23:03:41.183 [FXGL Background Thread 3 ] DEBUG Engine               - globalMusicVolume: 0.5
23:03:41.183 [FXGL Background Thread 3 ] DEBUG Engine               - globalMusicVolumeProperty: DoubleProperty [value: 0.5]
23:03:41.184 [FXGL Background Thread 3 ] DEBUG Engine               - globalSoundVolume: 0.5
23:03:41.184 [FXGL Background Thread 3 ] DEBUG Engine               - globalSoundVolumeProperty: DoubleProperty [value: 0.5]
23:03:41.185 [FXGL Background Thread 3 ] DEBUG Engine               - height: 560
23:03:41.185 [FXGL Background Thread 3 ] DEBUG Engine               - is3D: false
23:03:41.185 [FXGL Background Thread 3 ] DEBUG Engine               - isAndroid: false
23:03:41.186 [FXGL Background Thread 3 ] DEBUG Engine               - isBrowser: false
23:03:41.186 [FXGL Background Thread 3 ] DEBUG Engine               - isClickFeedbackEnabled: false
23:03:41.186 [FXGL Background Thread 3 ] DEBUG Engine               - isCloseConfirmation: false
23:03:41.187 [FXGL Background Thread 3 ] DEBUG Engine               - isDesktop: true
23:03:41.188 [FXGL Background Thread 3 ] DEBUG Engine               - isDeveloperMenuEnabled: false
23:03:41.188 [FXGL Background Thread 3 ] DEBUG Engine               - isEmbedded: false
23:03:41.189 [FXGL Background Thread 3 ] DEBUG Engine               - isEntityPreloadEnabled: true
23:03:41.189 [FXGL Background Thread 3 ] DEBUG Engine               - isExperimentalTiledLargeMap: false
23:03:41.189 [FXGL Background Thread 3 ] DEBUG Engine               - isFileSystemWriteAllowed: true
23:03:41.190 [FXGL Background Thread 3 ] DEBUG Engine               - isFullScreenAllowed: false
23:03:41.190 [FXGL Background Thread 3 ] DEBUG Engine               - isFullScreenFromStart: false
23:03:41.190 [FXGL Background Thread 3 ] DEBUG Engine               - isGameMenuEnabled: true
23:03:41.191 [FXGL Background Thread 3 ] DEBUG Engine               - isIOS: false
23:03:41.191 [FXGL Background Thread 3 ] DEBUG Engine               - isIntroEnabled: false
23:03:41.191 [FXGL Background Thread 3 ] DEBUG Engine               - isLinux: true
23:03:41.192 [FXGL Background Thread 3 ] DEBUG Engine               - isMac: false
23:03:41.193 [FXGL Background Thread 3 ] DEBUG Engine               - isMainMenuEnabled: false
23:03:41.193 [FXGL Background Thread 3 ] DEBUG Engine               - isManualResizeEnabled: false
23:03:41.194 [FXGL Background Thread 3 ] DEBUG Engine               - isMobile: false
23:03:41.194 [FXGL Background Thread 3 ] DEBUG Engine               - isNative: false
23:03:41.194 [FXGL Background Thread 3 ] DEBUG Engine               - isPauseMusicWhenMinimized: true
23:03:41.195 [FXGL Background Thread 3 ] DEBUG Engine               - isPreserveResizeRatio: false
23:03:41.195 [FXGL Background Thread 3 ] DEBUG Engine               - isProfilingEnabled: false
23:03:41.195 [FXGL Background Thread 3 ] DEBUG Engine               - isScaleAffectedOnResize: true
23:03:41.196 [FXGL Background Thread 3 ] DEBUG Engine               - isSingleStep: false
23:03:41.196 [FXGL Background Thread 3 ] DEBUG Engine               - isUserProfileEnabled: false
23:03:41.196 [FXGL Background Thread 3 ] DEBUG Engine               - isWindows: false
23:03:41.197 [FXGL Background Thread 3 ] DEBUG Engine               - language: ObjectProperty [value: ENGLISH]
23:03:41.197 [FXGL Background Thread 3 ] DEBUG Engine               - menuKey: ESCAPE
23:03:41.197 [FXGL Background Thread 3 ] DEBUG Engine               - mouseSensitivity: 0.2
23:03:41.198 [FXGL Background Thread 3 ] DEBUG Engine               - notificationViewClass: class com.almasb.fxgl.notification.view.XboxNotificationView
23:03:41.198 [FXGL Background Thread 3 ] DEBUG Engine               - pixelsPerMeter: 50.0
23:03:41.198 [FXGL Background Thread 3 ] DEBUG Engine               - platform: LINUX
23:03:41.199 [FXGL Background Thread 3 ] DEBUG Engine               - prefHeightProperty: ReadOnlyDoubleProperty [value: 560.0]
23:03:41.199 [FXGL Background Thread 3 ] DEBUG Engine               - prefWidthProperty: ReadOnlyDoubleProperty [value: 980.0]
23:03:41.200 [FXGL Background Thread 3 ] DEBUG Engine               - profileDir: profiles/
23:03:41.200 [FXGL Background Thread 3 ] DEBUG Engine               - profileName: StringProperty [value: DEFAULT]
23:03:41.201 [FXGL Background Thread 3 ] DEBUG Engine               - randomSeed: -1
23:03:41.202 [FXGL Background Thread 3 ] DEBUG Engine               - runtimeInfo: RuntimeInfo(platform=LINUX, version=17.2, build=20.08.2022 16.50)
23:03:41.203 [FXGL Background Thread 3 ] DEBUG Engine               - saveFileExt: sav
23:03:41.203 [FXGL Background Thread 3 ] DEBUG Engine               - scaledHeightProp$fxgl: DoubleProperty [bound, value: 560.0]
23:03:41.203 [FXGL Background Thread 3 ] DEBUG Engine               - scaledWidthProp$fxgl: DoubleProperty [bound, value: 980.0]
23:03:41.204 [FXGL Background Thread 3 ] DEBUG Engine               - sceneFactory: com.almasb.fxgl.app.scene.SceneFactory@8a778f4
23:03:41.204 [FXGL Background Thread 3 ] DEBUG Engine               - secondsIn24h: 60
23:03:41.204 [FXGL Background Thread 3 ] DEBUG Engine               - soundMenuBack: menu/back.wav
23:03:41.205 [FXGL Background Thread 3 ] DEBUG Engine               - soundMenuPress: menu/press.wav
23:03:41.205 [FXGL Background Thread 3 ] DEBUG Engine               - soundMenuSelect: menu/select.wav
23:03:41.205 [FXGL Background Thread 3 ] DEBUG Engine               - soundNotification: core/notification.wav
23:03:41.206 [FXGL Background Thread 3 ] DEBUG Engine               - stageStyle: DECORATED
23:03:41.206 [FXGL Background Thread 3 ] DEBUG Engine               - supportedLanguages: [ENGLISH, FRENCH, GERMAN, HUNGARIAN, RUSSIAN]
23:03:41.207 [FXGL Background Thread 3 ] DEBUG Engine               - ticksPerSecond: -1
23:03:41.207 [FXGL Background Thread 3 ] DEBUG Engine               - title: Restaurant Simulation
23:03:41.208 [FXGL Background Thread 3 ] DEBUG Engine               - urlGithub: https://github.com/AlmasB/FXGL
23:03:41.208 [FXGL Background Thread 3 ] DEBUG Engine               - urlLeaderboard: http://fxgl-top.herokuapp.com/
23:03:41.208 [FXGL Background Thread 3 ] DEBUG Engine               - urlPOM: https://raw.githubusercontent.com/AlmasB/FXGL/release/README.md
23:03:41.209 [FXGL Background Thread 3 ] DEBUG Engine               - userAppClass: class com.example.restauranteup.App
23:03:41.209 [FXGL Background Thread 3 ] DEBUG Engine               - version: 0.0
23:03:41.209 [FXGL Background Thread 3 ] DEBUG Engine               - versionCheckDays: 7
23:03:41.210 [FXGL Background Thread 3 ] DEBUG Engine               - width: 980
23:03:41.210 [FXGL Background Thread 3 ] DEBUG Engine               - Logging services
23:03:41.211 [FXGL Background Thread 3 ] DEBUG Engine               - class com.almasb.fxgl.app.services.FXGLAssetLoaderService
23:03:41.211 [FXGL Background Thread 3 ] DEBUG Engine               - class com.almasb.fxgl.app.FXGLApplication$GameApplicationService
23:03:41.212 [FXGL Background Thread 3 ] DEBUG Engine               - class com.almasb.fxgl.app.services.FXGLDialogService
23:03:41.212 [FXGL Background Thread 3 ] DEBUG Engine               - class com.almasb.fxgl.app.services.IOTaskExecutorService
23:03:41.212 [FXGL Background Thread 3 ] DEBUG Engine               - class com.almasb.fxgl.io.FileSystemService
23:03:41.213 [FXGL Background Thread 3 ] DEBUG Engine               - class com.almasb.fxgl.localization.LocalizationService
23:03:41.213 [FXGL Background Thread 3 ] DEBUG Engine               - class com.almasb.fxgl.app.services.SystemBundleService
23:03:41.213 [FXGL Background Thread 3 ] DEBUG Engine               - class com.almasb.fxgl.profile.SaveLoadService
23:03:41.213 [FXGL Background Thread 3 ] DEBUG Engine               - class com.almasb.fxgl.ui.FXGLUIFactoryServiceProvider
23:03:41.214 [FXGL Background Thread 3 ] DEBUG Engine               - class com.almasb.fxgl.ui.FXGLDialogFactoryServiceProvider
23:03:41.214 [FXGL Background Thread 3 ] DEBUG Engine               - class com.almasb.fxgl.audio.AudioPlayer
23:03:41.214 [FXGL Background Thread 3 ] DEBUG Engine               - class com.almasb.fxgl.notification.impl.NotificationServiceProvider
23:03:41.215 [FXGL Background Thread 3 ] DEBUG Engine               - class com.almasb.fxgl.achievement.AchievementService
23:03:41.215 [FXGL Background Thread 3 ] DEBUG Engine               - class com.almasb.fxgl.cutscene.CutsceneService
23:03:41.215 [FXGL Background Thread 3 ] DEBUG Engine               - class com.almasb.fxgl.minigames.MiniGameService
23:03:41.215 [FXGL Background Thread 3 ] DEBUG Engine               - class com.almasb.fxgl.net.NetService
23:03:41.215 [FXGL Background Thread 3 ] DEBUG Engine               - class com.almasb.fxgl.app.services.UpdaterService
23:03:41.216 [FXGL Background Thread 3 ] DEBUG Engine               - class com.almasb.fxgl.dev.DevService
23:03:52.669 [JavaFX Application Thread] DEBUG FXGLAssetLoaderServi - Loading from file system: file:/home/diego/Documentos/concurrente/Restaurant/cynthia/restaurante/target/classes/assets/textures/cliente_2.png
23:03:52.730 [JavaFX Application Thread] DEBUG FXGLAssetLoaderServi - Loading from file system: file:/home/diego/Documentos/concurrente/Restaurant/cynthia/restaurante/target/classes/assets/textures/cliente_8.png
23:03:57.659 [JavaFX Application Thread] DEBUG FXGLAssetLoaderServi - Loading from file system: file:/home/diego/Documentos/concurrente/Restaurant/cynthia/restaurante/target/classes/assets/textures/cliente_7.png
23:03:58.654 [JavaFX Application Thread] DEBUG FXGLAssetLoaderServi - Loading from file system: file:/home/diego/Documentos/concurrente/Restaurant/cynthia/restaurante/target/classes/assets/textures/cliente_3.png
23:04:05.699 [JavaFX Application Thread] DEBUG FXGLAssetLoaderServi - Loading from file system: file:/home/diego/Documentos/concurrente/Restaurant/cynthia/restaurante/target/classes/assets/textures/cliente_6.png
23:04:08.689 [JavaFX Application Thread] DEBUG FXGLAssetLoaderServi - Loading from file system: file:/home/diego/Documentos/concurrente/Restaurant/cynthia/restaurante/target/classes/assets/textures/cliente_4.png
23:04:15.700 [JavaFX Application Thread] DEBUG FXGLAssetLoaderServi - Loading from file system: file:/home/diego/Documentos/concurrente/Restaurant/cynthia/restaurante/target/classes/assets/textures/cliente_1.png
23:04:18.994 [JavaFX Application Thread] DEBUG FXGLApplication      - Exiting FXGL
23:04:18.994 [JavaFX Application Thread] DEBUG LoopRunner           - Stopping loop
23:04:18.995 [JavaFX Application Thread] DEBUG SystemBundleService  - Saving FXGL system data
23:04:19.002 [JavaFX Application Thread] DEBUG FileSystemAccess     - Writing to: /home/diego/Documentos/concurrente/Restaurant/cynthia/restaurante/system/fxgl.bundle
23:04:19.010 [JavaFX Application Thread] DEBUG Async                - Shutting down background threads
23:04:19.011 [JavaFX Application Thread] DEBUG PrimaryStageWindow   - Closing main window
23:04:19.016 [JavaFX Application Thread] DEBUG Logger               - Closing Logger
