21:48:51.378 [com.example.restauranteup] DEBUG Logger               - Configured Logger
21:48:51.428 [com.example.restauranteup] DEBUG GameApplication      - Logging settings
Title: Restaurant Simulation
Version: 0.0
Width: 980
Height: 560
Fullscreen: false
Intro: false
Profiling: false
Single step:false
App Mode: DEVELOPER
Menu Key: ESCAPE
Stage Style: DECORATED
Scene Factory: class com.almasb.fxgl.app.scene.SceneFactory

21:48:52.093 [JavaFX Application Thread] DEBUG FXGLApplication      - Initializing FXGL
21:48:52.106 [JavaFX Application Thread] INFO  Engine               - FXGL-17.2 (20.08.2022 16.50) on LINUX (J:21.0.5 FX:18)
21:48:52.107 [JavaFX Application Thread] DEBUG Engine               - JRE Vendor Name: Red Hat, Inc.
21:48:52.108 [JavaFX Application Thread] DEBUG Engine               - Running on OS: Linux version 6.11.8-200.fc40.x86_64
21:48:52.108 [JavaFX Application Thread] DEBUG Engine               - Architecture: amd64
21:48:52.109 [JavaFX Application Thread] INFO  Engine               - Source code and latest versions at: https://github.com/AlmasB/FXGL
21:48:52.109 [JavaFX Application Thread] INFO  Engine               -       Ask questions and discuss at: https://github.com/AlmasB/FXGL/discussions
21:48:52.110 [JavaFX Application Thread] INFO  Engine               -              Join the FXGL chat at: https://gitter.im/AlmasB/FXGL
21:48:52.592 [JavaFX Application Thread] DEBUG PrimaryStageWindow   - Creating a JavaFX scene
21:48:52.841 [JavaFX Application Thread] DEBUG PrimaryStageWindow   - Target settings size: 980.0 x 560.0
21:48:52.841 [JavaFX Application Thread] DEBUG PrimaryStageWindow   - Scaled scene size:    980.0 x 560.0
21:48:52.842 [JavaFX Application Thread] DEBUG PrimaryStageWindow   - Scaled ratio: (1.0, 1.0)
21:48:52.844 [JavaFX Application Thread] DEBUG PrimaryStageWindow   - Set initial scene to FXGLStartupScene
21:48:52.875 [JavaFX Application Thread] DEBUG PrimaryStageWindow   - Opening main window
21:48:53.130 [JavaFX Application Thread] DEBUG PrimaryStageWindow   - Window border size: (8.0, 38.0)
21:48:53.131 [JavaFX Application Thread] DEBUG PrimaryStageWindow   - Scaled size: 980.0 x 560.0
21:48:53.131 [JavaFX Application Thread] DEBUG PrimaryStageWindow   - Scaled ratio: (1.0, 1.0)
21:48:53.132 [JavaFX Application Thread] DEBUG PrimaryStageWindow   - Scene size: 980.0 x 560.0
21:48:53.133 [JavaFX Application Thread] DEBUG PrimaryStageWindow   - Stage size: 988.0 x 598.0
21:48:53.155 [FXGL Background Thread 1 ] DEBUG Engine               - Initializing environment variables
21:48:53.268 [FXGL Background Thread 1 ] DEBUG FXGLAssetLoaderServi - User app class for loading assets: class com.example.restauranteup.App
21:48:53.269 [FXGL Background Thread 1 ] DEBUG GameApplicationServi - Applying CSS: fxgl_dark.css
21:48:53.271 [FXGL Background Thread 1 ] DEBUG FXGLAssetLoaderServi - Loading from file system: jar:file:/home/diego/.m2/repository/com/github/almasb/fxgl/17.2/fxgl-17.2.jar!/fxglassets/ui/css/fxgl_dark.css
21:48:53.487 [FXGL Background Thread 1 ] DEBUG GameApplicationServi - Initializing application scenes
21:48:53.694 [FXGL Background Thread 1 ] DEBUG GameWorld            - Game world initialized
21:48:54.083 [FXGL Background Thread 1 ] DEBUG PhysicsWorld         - Physics world initialized: appHeight=560, physics.ppm=50.0
21:48:54.084 [FXGL Background Thread 1 ] DEBUG PhysicsWorld         - Using strategy: BRUTE_FORCE
21:48:54.099 [FXGL Background Thread 1 ] DEBUG GameScene            - Game scene initialized: 980x560
21:48:54.188 [FXGL Background Thread 1 ] WARN  FXGL.DefaultMenu     - FXGLDefaultMenu is not designed for resolutions < 800x600
21:48:54.188 [FXGL Background Thread 1 ] DEBUG FXGL.DefaultMenu     - createMenuBodyGameMenu()
21:48:54.306 [FXGL Background Thread 1 ] DEBUG FXGL.DefaultMenu     - createOptionsMenu()
21:48:54.353 [FXGL Background Thread 1 ] DEBUG FXGLAssetLoaderServi - Loading from file system: jar:file:/home/diego/.m2/repository/com/github/almasb/fxgl/17.2/fxgl-17.2.jar!/fxglassets/textures/particles/smoke.png
21:48:54.742 [FXGL Background Thread 1 ] DEBUG FXGLAssetLoaderServi - Loading from file system: jar:file:/home/diego/.m2/repository/com/github/almasb/fxgl/17.2/fxgl-17.2.jar!/fxglassets/textures/particles/trace_horizontal.png
21:48:54.832 [FXGL Background Thread 1 ] DEBUG GameApplicationServi - Application scenes initialized
21:48:54.876 [FXGL Background Thread 1 ] DEBUG SystemBundleService  - Loading FXGL system data
21:48:54.887 [FXGL Background Thread 1 ] DEBUG FileSystemAccess     - Reading from: /home/diego/Documentos/concurrente/Restaurant/cynthia/restaurante/system/fxgl.bundle
21:48:54.919 [FXGL Background Thread 1 ] DEBUG SystemBundleService  - Bundle FXGL: {}
21:48:54.919 [FXGL Background Thread 1 ] DEBUG UpdaterService       - Checking for updates
21:48:54.948 [FXGL Background Thread 4 ] DEBUG FXGLApplication      - Loading fonts
21:48:54.953 [FXGL Background Thread 4 ] DEBUG FXGLAssetLoaderServi - Loading from file system: jar:file:/home/diego/.m2/repository/com/github/almasb/fxgl/17.2/fxgl-17.2.jar!/fxglassets/ui/fonts/VarelaRound-Regular.ttf
21:48:54.954 [FXGL Background Thread 1 ] DEBUG FXGLApplication      - Loading default localization
21:48:54.956 [FXGL Background Thread 1 ] DEBUG FXGLAssetLoaderServi - Loading from file system: jar:file:/home/diego/.m2/repository/com/github/almasb/fxgl/17.2/fxgl-17.2.jar!/fxglassets/languages/english.lang
21:48:55.000 [FXGL Background Thread 4 ] DEBUG FXGLAssetLoaderServi - Loading from file system: jar:file:/home/diego/.m2/repository/com/github/almasb/fxgl/17.2/fxgl-17.2.jar!/fxglassets/ui/fonts/Abel-Regular.ttf
21:48:55.009 [FXGL Background Thread 4 ] DEBUG FXGLAssetLoaderServi - Loading from file system: jar:file:/home/diego/.m2/repository/com/github/almasb/fxgl/17.2/fxgl-17.2.jar!/fxglassets/ui/fonts/TerminalLandMono-Regular.otf
21:48:55.023 [FXGL Background Thread 4 ] DEBUG FXGLAssetLoaderServi - Loading from file system: jar:file:/home/diego/.m2/repository/com/github/almasb/fxgl/17.2/fxgl-17.2.jar!/fxglassets/ui/fonts/Courier-Prime.ttf
21:48:55.058 [JavaFX Application Thread] DEBUG FXGLApplication      - Registering font factories with UI factory
21:48:55.102 [FXGL Background Thread 1 ] INFO  FXGLApplication      - FXGL initialization took: 1.947 sec
21:48:55.105 [JavaFX Application Thread] DEBUG FXGLAssetLoaderServi - Loading from file system: jar:file:/home/diego/.m2/repository/com/github/almasb/fxgl/17.2/fxgl-17.2.jar!/fxglassets/textures/fxgl_icon.png
21:48:55.205 [JavaFX Application Thread] DEBUG FXGLAssetLoaderServi - Loading from file system: jar:file:/home/diego/.m2/repository/com/github/almasb/fxgl/17.2/fxgl-17.2.jar!/fxglassets/textures/fxgl_default_cursor.png
21:48:55.261 [JavaFX Application Thread] DEBUG Input                - Registered new binding: Screenshot - CTRL+8
21:48:55.263 [JavaFX Application Thread] DEBUG Input                - Registered new binding: System info dump - CTRL+9
21:48:55.264 [JavaFX Application Thread] DEBUG Input                - Registered new binding: Restart - CTRL+R
21:48:55.266 [JavaFX Application Thread] DEBUG Input                - Registered new binding: Toggle Debug Camera - CTRL+7
21:48:55.275 [JavaFX Application Thread] DEBUG LoopRunner           - Starting loop
21:48:55.276 [JavaFX Application Thread] DEBUG LoopRunner           - Initializing JavaFX AnimationTimerLoop
21:48:55.285 [JavaFX Application Thread] DEBUG GameApplicationServi - Starting new game
21:48:55.287 [JavaFX Application Thread] DEBUG Input                - Clearing active input actions
21:48:55.346 [JavaFX Application Thread] DEBUG GameApplicationServi - Removing overlay from FXGLStartupScene and adding to FXGLLoadingScene
21:48:55.348 [JavaFX Application Thread] DEBUG PrimaryStageWindow   - FXGLStartupScene -> FXGLLoadingScene
21:48:55.349 [JavaFX Application Thread] DEBUG GameApplicationServi - Clearing previous game
21:48:55.351 [JavaFX Application Thread] DEBUG GameScene            - Clearing game scene
21:48:55.354 [JavaFX Application Thread] DEBUG GameWorld            - Clearing game world
21:48:55.354 [JavaFX Application Thread] DEBUG PhysicsWorld         - Clearing physics world
21:48:55.377 [FXGL Background Thread 1 ] DEBUG FXGLApplication      - Initializing game
21:48:55.390 [FXGL Background Thread 1 ] DEBUG FXGLAssetLoaderServi - Loading from file system: file:/home/diego/Documentos/concurrente/Restaurant/cynthia/restaurante/target/classes/assets/textures/escenario.png
21:48:55.498 [FXGL Background Thread 1 ] DEBUG FXGLAssetLoaderServi - Loading from file system: file:/home/diego/Documentos/concurrente/Restaurant/cynthia/restaurante/target/classes/assets/textures/cocinero.png
21:48:55.975 [FXGL Background Thread 1 ] DEBUG FXGLAssetLoaderServi - Loading from file system: file:/home/diego/Documentos/concurrente/Restaurant/cynthia/restaurante/target/classes/assets/textures/mesero.png
21:48:55.997 [FXGL Background Thread 1 ] DEBUG FXGLAssetLoaderServi - Loading from file system: file:/home/diego/Documentos/concurrente/Restaurant/cynthia/restaurante/target/classes/assets/textures/aguachile.png
21:48:56.092 [FXGL Background Thread 1 ] INFO  FXGLApplication      - Game initialization took: 0.715 sec
21:48:56.104 [JavaFX Application Thread] DEBUG Input                - Clearing active input actions
21:48:56.170 [JavaFX Application Thread] DEBUG GameApplicationServi - Removing overlay from FXGLLoadingScene and adding to GameScene
21:48:56.171 [JavaFX Application Thread] DEBUG PrimaryStageWindow   - FXGLLoadingScene -> GameScene
21:48:56.826 [FXGL Background Thread 2 ] INFO  UpdaterService       - Your current version:  17.2
21:48:56.827 [FXGL Background Thread 2 ] INFO  UpdaterService       - Latest stable version: 21.1
21:48:57.940 [FXGL Background Thread 3 ] DEBUG Engine               - Logging environment variables
21:48:57.941 [FXGL Background Thread 3 ] DEBUG Engine               - achievements: []
21:48:57.942 [FXGL Background Thread 3 ] DEBUG Engine               - actualHeight: 560.0
21:48:57.942 [FXGL Background Thread 3 ] DEBUG Engine               - actualHeightProperty: ReadOnlyDoubleProperty [value: 555.0]
21:48:57.942 [FXGL Background Thread 3 ] DEBUG Engine               - actualWidth: 980.0
21:48:57.943 [FXGL Background Thread 3 ] DEBUG Engine               - actualWidthProperty: ReadOnlyDoubleProperty [value: 980.0]
21:48:57.943 [FXGL Background Thread 3 ] DEBUG Engine               - appIcon: fxgl_icon.png
21:48:57.943 [FXGL Background Thread 3 ] DEBUG Engine               - applicationMode: DEVELOPER
21:48:57.943 [FXGL Background Thread 3 ] DEBUG Engine               - cSSList: [fxgl_dark.css]
21:48:57.944 [FXGL Background Thread 3 ] DEBUG Engine               - collisionDetectionStrategy: BRUTE_FORCE
21:48:57.944 [FXGL Background Thread 3 ] DEBUG Engine               - configClass: Optional.empty
21:48:57.944 [FXGL Background Thread 3 ] DEBUG Engine               - credits: []
21:48:57.946 [FXGL Background Thread 3 ] DEBUG Engine               - defaultCursor: CursorInfo(imageName=fxgl_default_cursor.png, hotspotX=7.0, hotspotY=6.0)
21:48:57.947 [FXGL Background Thread 3 ] DEBUG Engine               - devBBoxColorProperty: ObjectProperty [value: 0xff0000ff]
21:48:57.947 [FXGL Background Thread 3 ] DEBUG Engine               - devEnableDebugCameraProperty: BooleanProperty [value: false]
21:48:57.947 [FXGL Background Thread 3 ] DEBUG Engine               - devSensorColorProperty: ObjectProperty [value: 0xffff00ff]
21:48:57.948 [FXGL Background Thread 3 ] DEBUG Engine               - devShowBBoxProperty: BooleanProperty [value: false]
21:48:57.948 [FXGL Background Thread 3 ] DEBUG Engine               - devShowPositionProperty: BooleanProperty [value: false]
21:48:57.948 [FXGL Background Thread 3 ] DEBUG Engine               - enabledMenuItems: []
21:48:57.948 [FXGL Background Thread 3 ] DEBUG Engine               - engineServices: [class com.almasb.fxgl.app.services.FXGLAssetLoaderService, class com.almasb.fxgl.app.FXGLApplication$GameApplicationService, class com.almasb.fxgl.app.services.FXGLDialogService, class com.almasb.fxgl.app.services.IOTaskExecutorService, class com.almasb.fxgl.io.FileSystemService, class com.almasb.fxgl.localization.LocalizationService, class com.almasb.fxgl.app.services.SystemBundleService, class com.almasb.fxgl.profile.SaveLoadService, class com.almasb.fxgl.ui.FXGLUIFactoryServiceProvider, class com.almasb.fxgl.ui.FXGLDialogFactoryServiceProvider, class com.almasb.fxgl.audio.AudioPlayer, class com.almasb.fxgl.notification.impl.NotificationServiceProvider, class com.almasb.fxgl.achievement.AchievementService, class com.almasb.fxgl.cutscene.CutsceneService, class com.almasb.fxgl.minigames.MiniGameService, class com.almasb.fxgl.net.NetService, class com.almasb.fxgl.app.services.UpdaterService, class com.almasb.fxgl.dev.DevService]
21:48:57.949 [FXGL Background Thread 3 ] DEBUG Engine               - fontGame: Abel-Regular.ttf
21:48:57.949 [FXGL Background Thread 3 ] DEBUG Engine               - fontMono: TerminalLandMono-Regular.otf
21:48:57.949 [FXGL Background Thread 3 ] DEBUG Engine               - fontText: Courier-Prime.ttf
21:48:57.949 [FXGL Background Thread 3 ] DEBUG Engine               - fontUI: VarelaRound-Regular.ttf
21:48:57.949 [FXGL Background Thread 3 ] DEBUG Engine               - fullScreen: BooleanProperty [value: false]
21:48:57.949 [FXGL Background Thread 3 ] DEBUG Engine               - gameDifficulty: MEDIUM
21:48:57.950 [FXGL Background Thread 3 ] DEBUG Engine               - gameDifficultyProperty: ObjectProperty [value: MEDIUM]
21:48:57.950 [FXGL Background Thread 3 ] DEBUG Engine               - globalMusicVolume: 0.5
21:48:57.950 [FXGL Background Thread 3 ] DEBUG Engine               - globalMusicVolumeProperty: DoubleProperty [value: 0.5]
21:48:57.951 [FXGL Background Thread 3 ] DEBUG Engine               - globalSoundVolume: 0.5
21:48:57.951 [FXGL Background Thread 3 ] DEBUG Engine               - globalSoundVolumeProperty: DoubleProperty [value: 0.5]
21:48:57.951 [FXGL Background Thread 3 ] DEBUG Engine               - height: 560
21:48:57.951 [FXGL Background Thread 3 ] DEBUG Engine               - is3D: false
21:48:57.952 [FXGL Background Thread 3 ] DEBUG Engine               - isAndroid: false
21:48:57.952 [FXGL Background Thread 3 ] DEBUG Engine               - isBrowser: false
21:48:57.952 [FXGL Background Thread 3 ] DEBUG Engine               - isClickFeedbackEnabled: false
21:48:57.952 [FXGL Background Thread 3 ] DEBUG Engine               - isCloseConfirmation: false
21:48:57.952 [FXGL Background Thread 3 ] DEBUG Engine               - isDesktop: true
21:48:57.953 [FXGL Background Thread 3 ] DEBUG Engine               - isDeveloperMenuEnabled: false
21:48:57.953 [FXGL Background Thread 3 ] DEBUG Engine               - isEmbedded: false
21:48:57.953 [FXGL Background Thread 3 ] DEBUG Engine               - isEntityPreloadEnabled: true
21:48:57.953 [FXGL Background Thread 3 ] DEBUG Engine               - isExperimentalTiledLargeMap: false
21:48:57.953 [FXGL Background Thread 3 ] DEBUG Engine               - isFileSystemWriteAllowed: true
21:48:57.953 [FXGL Background Thread 3 ] DEBUG Engine               - isFullScreenAllowed: false
21:48:57.954 [FXGL Background Thread 3 ] DEBUG Engine               - isFullScreenFromStart: false
21:48:57.954 [FXGL Background Thread 3 ] DEBUG Engine               - isGameMenuEnabled: true
21:48:57.954 [FXGL Background Thread 3 ] DEBUG Engine               - isIOS: false
21:48:57.954 [FXGL Background Thread 3 ] DEBUG Engine               - isIntroEnabled: false
21:48:57.955 [FXGL Background Thread 3 ] DEBUG Engine               - isLinux: true
21:48:57.955 [FXGL Background Thread 3 ] DEBUG Engine               - isMac: false
21:48:57.955 [FXGL Background Thread 3 ] DEBUG Engine               - isMainMenuEnabled: false
21:48:57.956 [FXGL Background Thread 3 ] DEBUG Engine               - isManualResizeEnabled: false
21:48:57.956 [FXGL Background Thread 3 ] DEBUG Engine               - isMobile: false
21:48:57.956 [FXGL Background Thread 3 ] DEBUG Engine               - isNative: false
21:48:57.956 [FXGL Background Thread 3 ] DEBUG Engine               - isPauseMusicWhenMinimized: true
21:48:57.956 [FXGL Background Thread 3 ] DEBUG Engine               - isPreserveResizeRatio: false
21:48:57.957 [FXGL Background Thread 3 ] DEBUG Engine               - isProfilingEnabled: false
21:48:57.957 [FXGL Background Thread 3 ] DEBUG Engine               - isScaleAffectedOnResize: true
21:48:57.957 [FXGL Background Thread 3 ] DEBUG Engine               - isSingleStep: false
21:48:57.957 [FXGL Background Thread 3 ] DEBUG Engine               - isUserProfileEnabled: false
21:48:57.957 [FXGL Background Thread 3 ] DEBUG Engine               - isWindows: false
21:48:57.958 [FXGL Background Thread 3 ] DEBUG Engine               - language: ObjectProperty [value: ENGLISH]
21:48:57.958 [FXGL Background Thread 3 ] DEBUG Engine               - menuKey: ESCAPE
21:48:57.958 [FXGL Background Thread 3 ] DEBUG Engine               - mouseSensitivity: 0.2
21:48:57.960 [FXGL Background Thread 3 ] DEBUG Engine               - notificationViewClass: class com.almasb.fxgl.notification.view.XboxNotificationView
21:48:57.961 [FXGL Background Thread 3 ] DEBUG Engine               - pixelsPerMeter: 50.0
21:48:57.961 [FXGL Background Thread 3 ] DEBUG Engine               - platform: LINUX
21:48:57.961 [FXGL Background Thread 3 ] DEBUG Engine               - prefHeightProperty: ReadOnlyDoubleProperty [value: 560.0]
21:48:57.962 [FXGL Background Thread 3 ] DEBUG Engine               - prefWidthProperty: ReadOnlyDoubleProperty [value: 980.0]
21:48:57.962 [FXGL Background Thread 3 ] DEBUG Engine               - profileDir: profiles/
21:48:57.962 [FXGL Background Thread 3 ] DEBUG Engine               - profileName: StringProperty [value: DEFAULT]
21:48:57.962 [FXGL Background Thread 3 ] DEBUG Engine               - randomSeed: -1
21:48:57.963 [FXGL Background Thread 3 ] DEBUG Engine               - runtimeInfo: RuntimeInfo(platform=LINUX, version=17.2, build=20.08.2022 16.50)
21:48:57.964 [FXGL Background Thread 3 ] DEBUG Engine               - saveFileExt: sav
21:48:57.964 [FXGL Background Thread 3 ] DEBUG Engine               - scaledHeightProp$fxgl: DoubleProperty [bound, value: 555.0]
21:48:57.965 [FXGL Background Thread 3 ] DEBUG Engine               - scaledWidthProp$fxgl: DoubleProperty [bound, value: 980.0]
21:48:57.965 [FXGL Background Thread 3 ] DEBUG Engine               - sceneFactory: com.almasb.fxgl.app.scene.SceneFactory@333240fe
21:48:57.965 [FXGL Background Thread 3 ] DEBUG Engine               - secondsIn24h: 60
21:48:57.965 [FXGL Background Thread 3 ] DEBUG Engine               - soundMenuBack: menu/back.wav
21:48:57.965 [FXGL Background Thread 3 ] DEBUG Engine               - soundMenuPress: menu/press.wav
21:48:57.966 [FXGL Background Thread 3 ] DEBUG Engine               - soundMenuSelect: menu/select.wav
21:48:57.966 [FXGL Background Thread 3 ] DEBUG Engine               - soundNotification: core/notification.wav
21:48:57.966 [FXGL Background Thread 3 ] DEBUG Engine               - stageStyle: DECORATED
21:48:57.966 [FXGL Background Thread 3 ] DEBUG Engine               - supportedLanguages: [ENGLISH, FRENCH, GERMAN, HUNGARIAN, RUSSIAN]
21:48:57.966 [FXGL Background Thread 3 ] DEBUG Engine               - ticksPerSecond: -1
21:48:57.967 [FXGL Background Thread 3 ] DEBUG Engine               - title: Restaurant Simulation
21:48:57.967 [FXGL Background Thread 3 ] DEBUG Engine               - urlGithub: https://github.com/AlmasB/FXGL
21:48:57.967 [FXGL Background Thread 3 ] DEBUG Engine               - urlLeaderboard: http://fxgl-top.herokuapp.com/
21:48:57.967 [FXGL Background Thread 3 ] DEBUG Engine               - urlPOM: https://raw.githubusercontent.com/AlmasB/FXGL/release/README.md
21:48:57.967 [FXGL Background Thread 3 ] DEBUG Engine               - userAppClass: class com.example.restauranteup.App
21:48:57.968 [FXGL Background Thread 3 ] DEBUG Engine               - version: 0.0
21:48:57.968 [FXGL Background Thread 3 ] DEBUG Engine               - versionCheckDays: 7
21:48:57.968 [FXGL Background Thread 3 ] DEBUG Engine               - width: 980
21:48:57.968 [FXGL Background Thread 3 ] DEBUG Engine               - Logging services
21:48:57.968 [FXGL Background Thread 3 ] DEBUG Engine               - class com.almasb.fxgl.app.services.FXGLAssetLoaderService
21:48:57.969 [FXGL Background Thread 3 ] DEBUG Engine               - class com.almasb.fxgl.app.FXGLApplication$GameApplicationService
21:48:57.969 [FXGL Background Thread 3 ] DEBUG Engine               - class com.almasb.fxgl.app.services.FXGLDialogService
21:48:57.969 [FXGL Background Thread 3 ] DEBUG Engine               - class com.almasb.fxgl.app.services.IOTaskExecutorService
21:48:57.969 [FXGL Background Thread 3 ] DEBUG Engine               - class com.almasb.fxgl.io.FileSystemService
21:48:57.969 [FXGL Background Thread 3 ] DEBUG Engine               - class com.almasb.fxgl.localization.LocalizationService
21:48:57.969 [FXGL Background Thread 3 ] DEBUG Engine               - class com.almasb.fxgl.app.services.SystemBundleService
21:48:57.970 [FXGL Background Thread 3 ] DEBUG Engine               - class com.almasb.fxgl.profile.SaveLoadService
21:48:57.971 [FXGL Background Thread 3 ] DEBUG Engine               - class com.almasb.fxgl.ui.FXGLUIFactoryServiceProvider
21:48:57.971 [FXGL Background Thread 3 ] DEBUG Engine               - class com.almasb.fxgl.ui.FXGLDialogFactoryServiceProvider
21:48:57.971 [FXGL Background Thread 3 ] DEBUG Engine               - class com.almasb.fxgl.audio.AudioPlayer
21:48:57.971 [FXGL Background Thread 3 ] DEBUG Engine               - class com.almasb.fxgl.notification.impl.NotificationServiceProvider
21:48:57.971 [FXGL Background Thread 3 ] DEBUG Engine               - class com.almasb.fxgl.achievement.AchievementService
21:48:57.971 [FXGL Background Thread 3 ] DEBUG Engine               - class com.almasb.fxgl.cutscene.CutsceneService
21:48:57.972 [FXGL Background Thread 3 ] DEBUG Engine               - class com.almasb.fxgl.minigames.MiniGameService
21:48:57.972 [FXGL Background Thread 3 ] DEBUG Engine               - class com.almasb.fxgl.net.NetService
21:48:57.972 [FXGL Background Thread 3 ] DEBUG Engine               - class com.almasb.fxgl.app.services.UpdaterService
21:48:57.972 [FXGL Background Thread 3 ] DEBUG Engine               - class com.almasb.fxgl.dev.DevService
21:48:58.206 [JavaFX Application Thread] DEBUG FXGLAssetLoaderServi - Loading from file system: file:/home/diego/Documentos/concurrente/Restaurant/cynthia/restaurante/target/classes/assets/textures/cliente_2.png
21:49:01.184 [JavaFX Application Thread] DEBUG FXGLAssetLoaderServi - Loading from file system: file:/home/diego/Documentos/concurrente/Restaurant/cynthia/restaurante/target/classes/assets/textures/cliente_8.png
21:49:01.245 [JavaFX Application Thread] DEBUG FXGLAssetLoaderServi - Loading from file system: file:/home/diego/Documentos/concurrente/Restaurant/cynthia/restaurante/target/classes/assets/textures/cliente_1.png
21:49:01.323 [JavaFX Application Thread] DEBUG FXGLAssetLoaderServi - Loading from file system: file:/home/diego/Documentos/concurrente/Restaurant/cynthia/restaurante/target/classes/assets/textures/cliente_7.png
21:49:03.196 [JavaFX Application Thread] DEBUG FXGLAssetLoaderServi - Loading from file system: file:/home/diego/Documentos/concurrente/Restaurant/cynthia/restaurante/target/classes/assets/textures/cliente_3.png
21:49:07.193 [JavaFX Application Thread] DEBUG FXGLAssetLoaderServi - Loading from file system: file:/home/diego/Documentos/concurrente/Restaurant/cynthia/restaurante/target/classes/assets/textures/cliente_4.png
21:49:21.209 [JavaFX Application Thread] DEBUG FXGLAssetLoaderServi - Loading from file system: file:/home/diego/Documentos/concurrente/Restaurant/cynthia/restaurante/target/classes/assets/textures/cliente_6.png
21:49:47.240 [JavaFX Application Thread] DEBUG FXGLAssetLoaderServi - Loading from file system: file:/home/diego/Documentos/concurrente/Restaurant/cynthia/restaurante/target/classes/assets/textures/cliente_5.png
21:50:48.646 [JavaFX Application Thread] DEBUG FXGLApplication      - Exiting FXGL
21:50:48.647 [JavaFX Application Thread] DEBUG LoopRunner           - Stopping loop
21:50:48.647 [JavaFX Application Thread] DEBUG SystemBundleService  - Saving FXGL system data
21:50:48.651 [JavaFX Application Thread] DEBUG FileSystemAccess     - Writing to: /home/diego/Documentos/concurrente/Restaurant/cynthia/restaurante/system/fxgl.bundle
21:50:48.659 [JavaFX Application Thread] DEBUG Async                - Shutting down background threads
21:50:48.660 [JavaFX Application Thread] DEBUG PrimaryStageWindow   - Closing main window
21:50:48.666 [JavaFX Application Thread] DEBUG Logger               - Closing Logger
