22:20:02.909 [com.example.restauranteup] DEBUG Logger               - Configured Logger
22:20:02.962 [com.example.restauranteup] DEBUG GameApplication      - Logging settings
Title: Restaurant Simulation
Version: 0.0
Width: 980
Height: 560
Fullscreen: false
Intro: false
Profiling: false
Single step:false
App Mode: DEVELOPER
Menu Key: ESCAPE
Stage Style: DECORATED
Scene Factory: class com.almasb.fxgl.app.scene.SceneFactory

22:20:03.545 [JavaFX Application Thread] DEBUG FXGLApplication      - Initializing FXGL
22:20:03.561 [JavaFX Application Thread] INFO  Engine               - FXGL-17.2 (20.08.2022 16.50) on LINUX (J:21.0.5 FX:18)
22:20:03.562 [JavaFX Application Thread] DEBUG Engine               - JRE Vendor Name: Red Hat, Inc.
22:20:03.563 [JavaFX Application Thread] DEBUG Engine               - Running on OS: Linux version 6.11.8-200.fc40.x86_64
22:20:03.563 [JavaFX Application Thread] DEBUG Engine               - Architecture: amd64
22:20:03.563 [JavaFX Application Thread] INFO  Engine               - Source code and latest versions at: https://github.com/AlmasB/FXGL
22:20:03.564 [JavaFX Application Thread] INFO  Engine               -       Ask questions and discuss at: https://github.com/AlmasB/FXGL/discussions
22:20:03.564 [JavaFX Application Thread] INFO  Engine               -              Join the FXGL chat at: https://gitter.im/AlmasB/FXGL
22:20:04.105 [JavaFX Application Thread] DEBUG PrimaryStageWindow   - Creating a JavaFX scene
22:20:04.395 [JavaFX Application Thread] DEBUG PrimaryStageWindow   - Target settings size: 980.0 x 560.0
22:20:04.395 [JavaFX Application Thread] DEBUG PrimaryStageWindow   - Scaled scene size:    980.0 x 560.0
22:20:04.396 [JavaFX Application Thread] DEBUG PrimaryStageWindow   - Scaled ratio: (1.0, 1.0)
22:20:04.398 [JavaFX Application Thread] DEBUG PrimaryStageWindow   - Set initial scene to FXGLStartupScene
22:20:04.419 [JavaFX Application Thread] DEBUG PrimaryStageWindow   - Opening main window
22:20:04.629 [JavaFX Application Thread] DEBUG PrimaryStageWindow   - Window border size: (8.0, 38.0)
22:20:04.630 [JavaFX Application Thread] DEBUG PrimaryStageWindow   - Scaled size: 980.0 x 560.0
22:20:04.630 [JavaFX Application Thread] DEBUG PrimaryStageWindow   - Scaled ratio: (1.0, 1.0)
22:20:04.631 [JavaFX Application Thread] DEBUG PrimaryStageWindow   - Scene size: 980.0 x 560.0
22:20:04.632 [JavaFX Application Thread] DEBUG PrimaryStageWindow   - Stage size: 988.0 x 598.0
22:20:04.657 [FXGL Background Thread 1 ] DEBUG Engine               - Initializing environment variables
22:20:04.765 [FXGL Background Thread 1 ] DEBUG FXGLAssetLoaderServi - User app class for loading assets: class com.example.restauranteup.App
22:20:04.766 [FXGL Background Thread 1 ] DEBUG GameApplicationServi - Applying CSS: fxgl_dark.css
22:20:04.768 [FXGL Background Thread 1 ] DEBUG FXGLAssetLoaderServi - Loading from file system: jar:file:/home/diego/.m2/repository/com/github/almasb/fxgl/17.2/fxgl-17.2.jar!/fxglassets/ui/css/fxgl_dark.css
22:20:04.903 [FXGL Background Thread 1 ] DEBUG GameApplicationServi - Initializing application scenes
22:20:05.071 [FXGL Background Thread 1 ] DEBUG GameWorld            - Game world initialized
22:20:05.264 [FXGL Background Thread 1 ] DEBUG PhysicsWorld         - Physics world initialized: appHeight=560, physics.ppm=50.0
22:20:05.265 [FXGL Background Thread 1 ] DEBUG PhysicsWorld         - Using strategy: BRUTE_FORCE
22:20:05.276 [FXGL Background Thread 1 ] DEBUG GameScene            - Game scene initialized: 980x560
22:20:05.346 [FXGL Background Thread 1 ] WARN  FXGL.DefaultMenu     - FXGLDefaultMenu is not designed for resolutions < 800x600
22:20:05.346 [FXGL Background Thread 1 ] DEBUG FXGL.DefaultMenu     - createMenuBodyGameMenu()
22:20:05.388 [FXGL Background Thread 1 ] DEBUG FXGL.DefaultMenu     - createOptionsMenu()
22:20:05.423 [FXGL Background Thread 1 ] DEBUG FXGLAssetLoaderServi - Loading from file system: jar:file:/home/diego/.m2/repository/com/github/almasb/fxgl/17.2/fxgl-17.2.jar!/fxglassets/textures/particles/smoke.png
22:20:05.691 [FXGL Background Thread 1 ] DEBUG FXGLAssetLoaderServi - Loading from file system: jar:file:/home/diego/.m2/repository/com/github/almasb/fxgl/17.2/fxgl-17.2.jar!/fxglassets/textures/particles/trace_horizontal.png
22:20:05.769 [FXGL Background Thread 1 ] DEBUG GameApplicationServi - Application scenes initialized
22:20:05.809 [FXGL Background Thread 1 ] DEBUG SystemBundleService  - Loading FXGL system data
22:20:05.820 [FXGL Background Thread 1 ] DEBUG FileSystemAccess     - Reading from: /home/diego/Documentos/concurrente/Restaurant/cynthia/restaurante/system/fxgl.bundle
22:20:05.843 [FXGL Background Thread 1 ] DEBUG SystemBundleService  - Bundle FXGL: {}
22:20:05.843 [FXGL Background Thread 1 ] DEBUG UpdaterService       - Checking for updates
22:20:05.856 [FXGL Background Thread 4 ] DEBUG FXGLApplication      - Loading fonts
22:20:05.857 [FXGL Background Thread 4 ] DEBUG FXGLAssetLoaderServi - Loading from file system: jar:file:/home/diego/.m2/repository/com/github/almasb/fxgl/17.2/fxgl-17.2.jar!/fxglassets/ui/fonts/VarelaRound-Regular.ttf
22:20:05.860 [FXGL Background Thread 1 ] DEBUG FXGLApplication      - Loading default localization
22:20:05.863 [FXGL Background Thread 1 ] DEBUG FXGLAssetLoaderServi - Loading from file system: jar:file:/home/diego/.m2/repository/com/github/almasb/fxgl/17.2/fxgl-17.2.jar!/fxglassets/languages/english.lang
22:20:05.894 [FXGL Background Thread 4 ] DEBUG FXGLAssetLoaderServi - Loading from file system: jar:file:/home/diego/.m2/repository/com/github/almasb/fxgl/17.2/fxgl-17.2.jar!/fxglassets/ui/fonts/Abel-Regular.ttf
22:20:05.906 [FXGL Background Thread 4 ] DEBUG FXGLAssetLoaderServi - Loading from file system: jar:file:/home/diego/.m2/repository/com/github/almasb/fxgl/17.2/fxgl-17.2.jar!/fxglassets/ui/fonts/TerminalLandMono-Regular.otf
22:20:05.918 [FXGL Background Thread 4 ] DEBUG FXGLAssetLoaderServi - Loading from file system: jar:file:/home/diego/.m2/repository/com/github/almasb/fxgl/17.2/fxgl-17.2.jar!/fxglassets/ui/fonts/Courier-Prime.ttf
22:20:05.940 [JavaFX Application Thread] DEBUG FXGLApplication      - Registering font factories with UI factory
22:20:05.951 [FXGL Background Thread 1 ] INFO  FXGLApplication      - FXGL initialization took: 1.294 sec
22:20:05.953 [JavaFX Application Thread] DEBUG FXGLAssetLoaderServi - Loading from file system: jar:file:/home/diego/.m2/repository/com/github/almasb/fxgl/17.2/fxgl-17.2.jar!/fxglassets/textures/fxgl_icon.png
22:20:06.033 [JavaFX Application Thread] DEBUG FXGLAssetLoaderServi - Loading from file system: jar:file:/home/diego/.m2/repository/com/github/almasb/fxgl/17.2/fxgl-17.2.jar!/fxglassets/textures/fxgl_default_cursor.png
22:20:06.068 [JavaFX Application Thread] DEBUG Input                - Registered new binding: Screenshot - CTRL+8
22:20:06.069 [JavaFX Application Thread] DEBUG Input                - Registered new binding: System info dump - CTRL+9
22:20:06.071 [JavaFX Application Thread] DEBUG Input                - Registered new binding: Restart - CTRL+R
22:20:06.073 [JavaFX Application Thread] DEBUG Input                - Registered new binding: Toggle Debug Camera - CTRL+7
22:20:06.078 [JavaFX Application Thread] DEBUG LoopRunner           - Starting loop
22:20:06.079 [JavaFX Application Thread] DEBUG LoopRunner           - Initializing JavaFX AnimationTimerLoop
22:20:06.082 [JavaFX Application Thread] DEBUG GameApplicationServi - Starting new game
22:20:06.083 [JavaFX Application Thread] DEBUG Input                - Clearing active input actions
22:20:06.128 [JavaFX Application Thread] DEBUG GameApplicationServi - Removing overlay from FXGLStartupScene and adding to FXGLLoadingScene
22:20:06.129 [JavaFX Application Thread] DEBUG PrimaryStageWindow   - FXGLStartupScene -> FXGLLoadingScene
22:20:06.130 [JavaFX Application Thread] DEBUG GameApplicationServi - Clearing previous game
22:20:06.130 [JavaFX Application Thread] DEBUG GameScene            - Clearing game scene
22:20:06.130 [JavaFX Application Thread] DEBUG GameWorld            - Clearing game world
22:20:06.131 [JavaFX Application Thread] DEBUG PhysicsWorld         - Clearing physics world
22:20:06.135 [FXGL Background Thread 1 ] DEBUG FXGLApplication      - Initializing game
22:20:06.147 [FXGL Background Thread 1 ] DEBUG FXGLAssetLoaderServi - Loading from file system: file:/home/diego/Documentos/concurrente/Restaurant/cynthia/restaurante/target/classes/assets/textures/escenario.png
22:20:06.387 [FXGL Background Thread 1 ] DEBUG FXGLAssetLoaderServi - Loading from file system: file:/home/diego/Documentos/concurrente/Restaurant/cynthia/restaurante/target/classes/assets/textures/cocinero.png
22:20:07.375 [FXGL Background Thread 1 ] DEBUG FXGLAssetLoaderServi - Loading from file system: file:/home/diego/Documentos/concurrente/Restaurant/cynthia/restaurante/target/classes/assets/textures/mesero.png
22:20:07.425 [FXGL Background Thread 1 ] DEBUG FXGLAssetLoaderServi - Loading from file system: file:/home/diego/Documentos/concurrente/Restaurant/cynthia/restaurante/target/classes/assets/textures/aguachile.png
22:20:07.625 [FXGL Background Thread 1 ] INFO  FXGLApplication      - Game initialization took: 1.490 sec
22:20:07.630 [JavaFX Application Thread] DEBUG Input                - Clearing active input actions
22:20:07.683 [JavaFX Application Thread] DEBUG GameApplicationServi - Removing overlay from FXGLLoadingScene and adding to GameScene
22:20:07.684 [JavaFX Application Thread] DEBUG PrimaryStageWindow   - FXGLLoadingScene -> GameScene
22:20:07.782 [FXGL Background Thread 2 ] INFO  UpdaterService       - Your current version:  17.2
22:20:07.783 [FXGL Background Thread 2 ] INFO  UpdaterService       - Latest stable version: 21.1
22:20:08.851 [FXGL Background Thread 3 ] DEBUG Engine               - Logging environment variables
22:20:08.852 [FXGL Background Thread 3 ] DEBUG Engine               - achievements: []
22:20:08.853 [FXGL Background Thread 3 ] DEBUG Engine               - actualHeight: 560.0
22:20:08.853 [FXGL Background Thread 3 ] DEBUG Engine               - actualHeightProperty: ReadOnlyDoubleProperty [value: 560.0]
22:20:08.853 [FXGL Background Thread 3 ] DEBUG Engine               - actualWidth: 980.0
22:20:08.853 [FXGL Background Thread 3 ] DEBUG Engine               - actualWidthProperty: ReadOnlyDoubleProperty [value: 980.0]
22:20:08.854 [FXGL Background Thread 3 ] DEBUG Engine               - appIcon: fxgl_icon.png
22:20:08.854 [FXGL Background Thread 3 ] DEBUG Engine               - applicationMode: DEVELOPER
22:20:08.854 [FXGL Background Thread 3 ] DEBUG Engine               - cSSList: [fxgl_dark.css]
22:20:08.854 [FXGL Background Thread 3 ] DEBUG Engine               - collisionDetectionStrategy: BRUTE_FORCE
22:20:08.854 [FXGL Background Thread 3 ] DEBUG Engine               - configClass: Optional.empty
22:20:08.855 [FXGL Background Thread 3 ] DEBUG Engine               - credits: []
22:20:08.856 [FXGL Background Thread 3 ] DEBUG Engine               - defaultCursor: CursorInfo(imageName=fxgl_default_cursor.png, hotspotX=7.0, hotspotY=6.0)
22:20:08.857 [FXGL Background Thread 3 ] DEBUG Engine               - devBBoxColorProperty: ObjectProperty [value: 0xff0000ff]
22:20:08.857 [FXGL Background Thread 3 ] DEBUG Engine               - devEnableDebugCameraProperty: BooleanProperty [value: false]
22:20:08.857 [FXGL Background Thread 3 ] DEBUG Engine               - devSensorColorProperty: ObjectProperty [value: 0xffff00ff]
22:20:08.858 [FXGL Background Thread 3 ] DEBUG Engine               - devShowBBoxProperty: BooleanProperty [value: false]
22:20:08.858 [FXGL Background Thread 3 ] DEBUG Engine               - devShowPositionProperty: BooleanProperty [value: false]
22:20:08.858 [FXGL Background Thread 3 ] DEBUG Engine               - enabledMenuItems: []
22:20:08.858 [FXGL Background Thread 3 ] DEBUG Engine               - engineServices: [class com.almasb.fxgl.app.services.FXGLAssetLoaderService, class com.almasb.fxgl.app.FXGLApplication$GameApplicationService, class com.almasb.fxgl.app.services.FXGLDialogService, class com.almasb.fxgl.app.services.IOTaskExecutorService, class com.almasb.fxgl.io.FileSystemService, class com.almasb.fxgl.localization.LocalizationService, class com.almasb.fxgl.app.services.SystemBundleService, class com.almasb.fxgl.profile.SaveLoadService, class com.almasb.fxgl.ui.FXGLUIFactoryServiceProvider, class com.almasb.fxgl.ui.FXGLDialogFactoryServiceProvider, class com.almasb.fxgl.audio.AudioPlayer, class com.almasb.fxgl.notification.impl.NotificationServiceProvider, class com.almasb.fxgl.achievement.AchievementService, class com.almasb.fxgl.cutscene.CutsceneService, class com.almasb.fxgl.minigames.MiniGameService, class com.almasb.fxgl.net.NetService, class com.almasb.fxgl.app.services.UpdaterService, class com.almasb.fxgl.dev.DevService]
22:20:08.858 [FXGL Background Thread 3 ] DEBUG Engine               - fontGame: Abel-Regular.ttf
22:20:08.859 [FXGL Background Thread 3 ] DEBUG Engine               - fontMono: TerminalLandMono-Regular.otf
22:20:08.859 [FXGL Background Thread 3 ] DEBUG Engine               - fontText: Courier-Prime.ttf
22:20:08.859 [FXGL Background Thread 3 ] DEBUG Engine               - fontUI: VarelaRound-Regular.ttf
22:20:08.859 [FXGL Background Thread 3 ] DEBUG Engine               - fullScreen: BooleanProperty [value: false]
22:20:08.859 [FXGL Background Thread 3 ] DEBUG Engine               - gameDifficulty: MEDIUM
22:20:08.859 [FXGL Background Thread 3 ] DEBUG Engine               - gameDifficultyProperty: ObjectProperty [value: MEDIUM]
22:20:08.863 [FXGL Background Thread 3 ] DEBUG Engine               - globalMusicVolume: 0.5
22:20:08.863 [FXGL Background Thread 3 ] DEBUG Engine               - globalMusicVolumeProperty: DoubleProperty [value: 0.5]
22:20:08.863 [FXGL Background Thread 3 ] DEBUG Engine               - globalSoundVolume: 0.5
22:20:08.864 [FXGL Background Thread 3 ] DEBUG Engine               - globalSoundVolumeProperty: DoubleProperty [value: 0.5]
22:20:08.864 [FXGL Background Thread 3 ] DEBUG Engine               - height: 560
22:20:08.864 [FXGL Background Thread 3 ] DEBUG Engine               - is3D: false
22:20:08.864 [FXGL Background Thread 3 ] DEBUG Engine               - isAndroid: false
22:20:08.864 [FXGL Background Thread 3 ] DEBUG Engine               - isBrowser: false
22:20:08.868 [FXGL Background Thread 3 ] DEBUG Engine               - isClickFeedbackEnabled: false
22:20:08.868 [FXGL Background Thread 3 ] DEBUG Engine               - isCloseConfirmation: false
22:20:08.869 [FXGL Background Thread 3 ] DEBUG Engine               - isDesktop: true
22:20:08.869 [FXGL Background Thread 3 ] DEBUG Engine               - isDeveloperMenuEnabled: false
22:20:08.869 [FXGL Background Thread 3 ] DEBUG Engine               - isEmbedded: false
22:20:08.869 [FXGL Background Thread 3 ] DEBUG Engine               - isEntityPreloadEnabled: true
22:20:08.869 [FXGL Background Thread 3 ] DEBUG Engine               - isExperimentalTiledLargeMap: false
22:20:08.870 [FXGL Background Thread 3 ] DEBUG Engine               - isFileSystemWriteAllowed: true
22:20:08.870 [FXGL Background Thread 3 ] DEBUG Engine               - isFullScreenAllowed: false
22:20:08.870 [FXGL Background Thread 3 ] DEBUG Engine               - isFullScreenFromStart: false
22:20:08.870 [FXGL Background Thread 3 ] DEBUG Engine               - isGameMenuEnabled: true
22:20:08.872 [FXGL Background Thread 3 ] DEBUG Engine               - isIOS: false
22:20:08.873 [FXGL Background Thread 3 ] DEBUG Engine               - isIntroEnabled: false
22:20:08.873 [FXGL Background Thread 3 ] DEBUG Engine               - isLinux: true
22:20:08.873 [FXGL Background Thread 3 ] DEBUG Engine               - isMac: false
22:20:08.874 [FXGL Background Thread 3 ] DEBUG Engine               - isMainMenuEnabled: false
22:20:08.874 [FXGL Background Thread 3 ] DEBUG Engine               - isManualResizeEnabled: false
22:20:08.874 [FXGL Background Thread 3 ] DEBUG Engine               - isMobile: false
22:20:08.874 [FXGL Background Thread 3 ] DEBUG Engine               - isNative: false
22:20:08.875 [FXGL Background Thread 3 ] DEBUG Engine               - isPauseMusicWhenMinimized: true
22:20:08.875 [FXGL Background Thread 3 ] DEBUG Engine               - isPreserveResizeRatio: false
22:20:08.875 [FXGL Background Thread 3 ] DEBUG Engine               - isProfilingEnabled: false
22:20:08.875 [FXGL Background Thread 3 ] DEBUG Engine               - isScaleAffectedOnResize: true
22:20:08.875 [FXGL Background Thread 3 ] DEBUG Engine               - isSingleStep: false
22:20:08.876 [FXGL Background Thread 3 ] DEBUG Engine               - isUserProfileEnabled: false
22:20:08.876 [FXGL Background Thread 3 ] DEBUG Engine               - isWindows: false
22:20:08.876 [FXGL Background Thread 3 ] DEBUG Engine               - language: ObjectProperty [value: ENGLISH]
22:20:08.876 [FXGL Background Thread 3 ] DEBUG Engine               - menuKey: ESCAPE
22:20:08.876 [FXGL Background Thread 3 ] DEBUG Engine               - mouseSensitivity: 0.2
22:20:08.877 [FXGL Background Thread 3 ] DEBUG Engine               - notificationViewClass: class com.almasb.fxgl.notification.view.XboxNotificationView
22:20:08.877 [FXGL Background Thread 3 ] DEBUG Engine               - pixelsPerMeter: 50.0
22:20:08.877 [FXGL Background Thread 3 ] DEBUG Engine               - platform: LINUX
22:20:08.877 [FXGL Background Thread 3 ] DEBUG Engine               - prefHeightProperty: ReadOnlyDoubleProperty [value: 560.0]
22:20:08.877 [FXGL Background Thread 3 ] DEBUG Engine               - prefWidthProperty: ReadOnlyDoubleProperty [value: 980.0]
22:20:08.877 [FXGL Background Thread 3 ] DEBUG Engine               - profileDir: profiles/
22:20:08.878 [FXGL Background Thread 3 ] DEBUG Engine               - profileName: StringProperty [value: DEFAULT]
22:20:08.878 [FXGL Background Thread 3 ] DEBUG Engine               - randomSeed: -1
22:20:08.879 [FXGL Background Thread 3 ] DEBUG Engine               - runtimeInfo: RuntimeInfo(platform=LINUX, version=17.2, build=20.08.2022 16.50)
22:20:08.880 [FXGL Background Thread 3 ] DEBUG Engine               - saveFileExt: sav
22:20:08.881 [FXGL Background Thread 3 ] DEBUG Engine               - scaledHeightProp$fxgl: DoubleProperty [bound, value: 560.0]
22:20:08.881 [FXGL Background Thread 3 ] DEBUG Engine               - scaledWidthProp$fxgl: DoubleProperty [bound, value: 980.0]
22:20:08.881 [FXGL Background Thread 3 ] DEBUG Engine               - sceneFactory: com.almasb.fxgl.app.scene.SceneFactory@333240fe
22:20:08.881 [FXGL Background Thread 3 ] DEBUG Engine               - secondsIn24h: 60
22:20:08.881 [FXGL Background Thread 3 ] DEBUG Engine               - soundMenuBack: menu/back.wav
22:20:08.882 [FXGL Background Thread 3 ] DEBUG Engine               - soundMenuPress: menu/press.wav
22:20:08.882 [FXGL Background Thread 3 ] DEBUG Engine               - soundMenuSelect: menu/select.wav
22:20:08.882 [FXGL Background Thread 3 ] DEBUG Engine               - soundNotification: core/notification.wav
22:20:08.882 [FXGL Background Thread 3 ] DEBUG Engine               - stageStyle: DECORATED
22:20:08.882 [FXGL Background Thread 3 ] DEBUG Engine               - supportedLanguages: [ENGLISH, FRENCH, GERMAN, HUNGARIAN, RUSSIAN]
22:20:08.882 [FXGL Background Thread 3 ] DEBUG Engine               - ticksPerSecond: -1
22:20:08.882 [FXGL Background Thread 3 ] DEBUG Engine               - title: Restaurant Simulation
22:20:08.883 [FXGL Background Thread 3 ] DEBUG Engine               - urlGithub: https://github.com/AlmasB/FXGL
22:20:08.883 [FXGL Background Thread 3 ] DEBUG Engine               - urlLeaderboard: http://fxgl-top.herokuapp.com/
22:20:08.883 [FXGL Background Thread 3 ] DEBUG Engine               - urlPOM: https://raw.githubusercontent.com/AlmasB/FXGL/release/README.md
22:20:08.883 [FXGL Background Thread 3 ] DEBUG Engine               - userAppClass: class com.example.restauranteup.App
22:20:08.883 [FXGL Background Thread 3 ] DEBUG Engine               - version: 0.0
22:20:08.884 [FXGL Background Thread 3 ] DEBUG Engine               - versionCheckDays: 7
22:20:08.884 [FXGL Background Thread 3 ] DEBUG Engine               - width: 980
22:20:08.888 [FXGL Background Thread 3 ] DEBUG Engine               - Logging services
22:20:08.888 [FXGL Background Thread 3 ] DEBUG Engine               - class com.almasb.fxgl.app.services.FXGLAssetLoaderService
22:20:08.889 [FXGL Background Thread 3 ] DEBUG Engine               - class com.almasb.fxgl.app.FXGLApplication$GameApplicationService
22:20:08.889 [FXGL Background Thread 3 ] DEBUG Engine               - class com.almasb.fxgl.app.services.FXGLDialogService
22:20:08.889 [FXGL Background Thread 3 ] DEBUG Engine               - class com.almasb.fxgl.app.services.IOTaskExecutorService
22:20:08.889 [FXGL Background Thread 3 ] DEBUG Engine               - class com.almasb.fxgl.io.FileSystemService
22:20:08.889 [FXGL Background Thread 3 ] DEBUG Engine               - class com.almasb.fxgl.localization.LocalizationService
22:20:08.889 [FXGL Background Thread 3 ] DEBUG Engine               - class com.almasb.fxgl.app.services.SystemBundleService
22:20:08.890 [FXGL Background Thread 3 ] DEBUG Engine               - class com.almasb.fxgl.profile.SaveLoadService
22:20:08.890 [FXGL Background Thread 3 ] DEBUG Engine               - class com.almasb.fxgl.ui.FXGLUIFactoryServiceProvider
22:20:08.890 [FXGL Background Thread 3 ] DEBUG Engine               - class com.almasb.fxgl.ui.FXGLDialogFactoryServiceProvider
22:20:08.890 [FXGL Background Thread 3 ] DEBUG Engine               - class com.almasb.fxgl.audio.AudioPlayer
22:20:08.890 [FXGL Background Thread 3 ] DEBUG Engine               - class com.almasb.fxgl.notification.impl.NotificationServiceProvider
22:20:08.890 [FXGL Background Thread 3 ] DEBUG Engine               - class com.almasb.fxgl.achievement.AchievementService
22:20:08.890 [FXGL Background Thread 3 ] DEBUG Engine               - class com.almasb.fxgl.cutscene.CutsceneService
22:20:08.891 [FXGL Background Thread 3 ] DEBUG Engine               - class com.almasb.fxgl.minigames.MiniGameService
22:20:08.891 [FXGL Background Thread 3 ] DEBUG Engine               - class com.almasb.fxgl.net.NetService
22:20:08.891 [FXGL Background Thread 3 ] DEBUG Engine               - class com.almasb.fxgl.app.services.UpdaterService
22:20:08.891 [FXGL Background Thread 3 ] DEBUG Engine               - class com.almasb.fxgl.dev.DevService
22:20:08.994 [JavaFX Application Thread] DEBUG FXGLAssetLoaderServi - Loading from file system: file:/home/diego/Documentos/concurrente/Restaurant/cynthia/restaurante/target/classes/assets/textures/cliente_6.png
22:20:12.976 [JavaFX Application Thread] DEBUG FXGLAssetLoaderServi - Loading from file system: file:/home/diego/Documentos/concurrente/Restaurant/cynthia/restaurante/target/classes/assets/textures/cliente_1.png
22:20:15.976 [JavaFX Application Thread] DEBUG FXGLAssetLoaderServi - Loading from file system: file:/home/diego/Documentos/concurrente/Restaurant/cynthia/restaurante/target/classes/assets/textures/cliente_5.png
22:20:17.980 [JavaFX Application Thread] DEBUG FXGLAssetLoaderServi - Loading from file system: file:/home/diego/Documentos/concurrente/Restaurant/cynthia/restaurante/target/classes/assets/textures/cliente_3.png
22:20:20.984 [JavaFX Application Thread] DEBUG FXGLAssetLoaderServi - Loading from file system: file:/home/diego/Documentos/concurrente/Restaurant/cynthia/restaurante/target/classes/assets/textures/cliente_4.png
22:20:29.998 [JavaFX Application Thread] DEBUG FXGLAssetLoaderServi - Loading from file system: file:/home/diego/Documentos/concurrente/Restaurant/cynthia/restaurante/target/classes/assets/textures/cliente_2.png
22:20:30.988 [JavaFX Application Thread] DEBUG FXGLAssetLoaderServi - Loading from file system: file:/home/diego/Documentos/concurrente/Restaurant/cynthia/restaurante/target/classes/assets/textures/cliente_7.png
22:20:58.016 [JavaFX Application Thread] DEBUG FXGLAssetLoaderServi - Loading from file system: file:/home/diego/Documentos/concurrente/Restaurant/cynthia/restaurante/target/classes/assets/textures/cliente_8.png
22:22:28.073 [JavaFX Application Thread] DEBUG FXGLApplication      - Exiting FXGL
22:22:28.074 [JavaFX Application Thread] DEBUG LoopRunner           - Stopping loop
22:22:28.075 [JavaFX Application Thread] DEBUG SystemBundleService  - Saving FXGL system data
22:22:28.084 [JavaFX Application Thread] DEBUG FileSystemAccess     - Writing to: /home/diego/Documentos/concurrente/Restaurant/cynthia/restaurante/system/fxgl.bundle
22:22:28.094 [JavaFX Application Thread] DEBUG Async                - Shutting down background threads
22:22:28.095 [JavaFX Application Thread] DEBUG PrimaryStageWindow   - Closing main window
22:22:28.102 [JavaFX Application Thread] DEBUG Logger               - Closing Logger
