21:46:27.187 [com.example.restauranteup] DEBUG Logger               - Configured Logger
21:46:27.245 [com.example.restauranteup] DEBUG GameApplication      - Logging settings
Title: Restaurant Simulation
Version: 0.0
Width: 980
Height: 560
Fullscreen: false
Intro: false
Profiling: false
Single step:false
App Mode: DEVELOPER
Menu Key: ESCAPE
Stage Style: DECORATED
Scene Factory: class com.almasb.fxgl.app.scene.SceneFactory

21:46:27.831 [JavaFX Application Thread] DEBUG FXGLApplication      - Initializing FXGL
21:46:27.844 [JavaFX Application Thread] INFO  Engine               - FXGL-17.2 (20.08.2022 16.50) on LINUX (J:21.0.5 FX:18)
21:46:27.845 [JavaFX Application Thread] DEBUG Engine               - JRE Vendor Name: Red Hat, Inc.
21:46:27.846 [JavaFX Application Thread] DEBUG Engine               - Running on OS: Linux version 6.11.8-200.fc40.x86_64
21:46:27.846 [JavaFX Application Thread] DEBUG Engine               - Architecture: amd64
21:46:27.847 [JavaFX Application Thread] INFO  Engine               - Source code and latest versions at: https://github.com/AlmasB/FXGL
21:46:27.847 [JavaFX Application Thread] INFO  Engine               -       Ask questions and discuss at: https://github.com/AlmasB/FXGL/discussions
21:46:27.848 [JavaFX Application Thread] INFO  Engine               -              Join the FXGL chat at: https://gitter.im/AlmasB/FXGL
21:46:28.234 [JavaFX Application Thread] DEBUG PrimaryStageWindow   - Creating a JavaFX scene
21:46:28.549 [JavaFX Application Thread] DEBUG PrimaryStageWindow   - Target settings size: 980.0 x 560.0
21:46:28.550 [JavaFX Application Thread] DEBUG PrimaryStageWindow   - Scaled scene size:    980.0 x 560.0
21:46:28.551 [JavaFX Application Thread] DEBUG PrimaryStageWindow   - Scaled ratio: (1.0, 1.0)
21:46:28.554 [JavaFX Application Thread] DEBUG PrimaryStageWindow   - Set initial scene to FXGLStartupScene
21:46:28.590 [JavaFX Application Thread] DEBUG PrimaryStageWindow   - Opening main window
21:46:28.877 [JavaFX Application Thread] DEBUG PrimaryStageWindow   - Window border size: (8.0, 38.0)
21:46:28.877 [JavaFX Application Thread] DEBUG PrimaryStageWindow   - Scaled size: 980.0 x 560.0
21:46:28.878 [JavaFX Application Thread] DEBUG PrimaryStageWindow   - Scaled ratio: (1.0, 1.0)
21:46:28.879 [JavaFX Application Thread] DEBUG PrimaryStageWindow   - Scene size: 980.0 x 560.0
21:46:28.880 [JavaFX Application Thread] DEBUG PrimaryStageWindow   - Stage size: 988.0 x 598.0
21:46:28.906 [FXGL Background Thread 1 ] DEBUG Engine               - Initializing environment variables
21:46:29.003 [FXGL Background Thread 1 ] DEBUG FXGLAssetLoaderServi - User app class for loading assets: class com.example.restauranteup.App
21:46:29.004 [FXGL Background Thread 1 ] DEBUG GameApplicationServi - Applying CSS: fxgl_dark.css
21:46:29.009 [FXGL Background Thread 1 ] DEBUG FXGLAssetLoaderServi - Loading from file system: jar:file:/home/diego/.m2/repository/com/github/almasb/fxgl/17.2/fxgl-17.2.jar!/fxglassets/ui/css/fxgl_dark.css
21:46:29.146 [FXGL Background Thread 1 ] DEBUG GameApplicationServi - Initializing application scenes
21:46:29.286 [FXGL Background Thread 1 ] DEBUG GameWorld            - Game world initialized
21:46:29.517 [FXGL Background Thread 1 ] DEBUG PhysicsWorld         - Physics world initialized: appHeight=560, physics.ppm=50.0
21:46:29.518 [FXGL Background Thread 1 ] DEBUG PhysicsWorld         - Using strategy: BRUTE_FORCE
21:46:29.530 [FXGL Background Thread 1 ] DEBUG GameScene            - Game scene initialized: 980x560
21:46:29.575 [FXGL Background Thread 1 ] WARN  FXGL.DefaultMenu     - FXGLDefaultMenu is not designed for resolutions < 800x600
21:46:29.576 [FXGL Background Thread 1 ] DEBUG FXGL.DefaultMenu     - createMenuBodyGameMenu()
21:46:29.637 [FXGL Background Thread 1 ] DEBUG FXGL.DefaultMenu     - createOptionsMenu()
21:46:29.679 [FXGL Background Thread 1 ] DEBUG FXGLAssetLoaderServi - Loading from file system: jar:file:/home/diego/.m2/repository/com/github/almasb/fxgl/17.2/fxgl-17.2.jar!/fxglassets/textures/particles/smoke.png
21:46:29.995 [FXGL Background Thread 1 ] DEBUG FXGLAssetLoaderServi - Loading from file system: jar:file:/home/diego/.m2/repository/com/github/almasb/fxgl/17.2/fxgl-17.2.jar!/fxglassets/textures/particles/trace_horizontal.png
21:46:30.084 [FXGL Background Thread 1 ] DEBUG GameApplicationServi - Application scenes initialized
21:46:30.123 [FXGL Background Thread 1 ] DEBUG SystemBundleService  - Loading FXGL system data
21:46:30.134 [FXGL Background Thread 1 ] DEBUG FileSystemAccess     - Reading from: /home/diego/Documentos/concurrente/Restaurant/cynthia/restaurante/system/fxgl.bundle
21:46:30.155 [FXGL Background Thread 1 ] DEBUG SystemBundleService  - Bundle FXGL: {}
21:46:30.155 [FXGL Background Thread 1 ] DEBUG UpdaterService       - Checking for updates
21:46:30.167 [FXGL Background Thread 4 ] DEBUG FXGLApplication      - Loading fonts
21:46:30.168 [FXGL Background Thread 1 ] DEBUG FXGLApplication      - Loading default localization
21:46:30.168 [FXGL Background Thread 4 ] DEBUG FXGLAssetLoaderServi - Loading from file system: jar:file:/home/diego/.m2/repository/com/github/almasb/fxgl/17.2/fxgl-17.2.jar!/fxglassets/ui/fonts/VarelaRound-Regular.ttf
21:46:30.169 [FXGL Background Thread 1 ] DEBUG FXGLAssetLoaderServi - Loading from file system: jar:file:/home/diego/.m2/repository/com/github/almasb/fxgl/17.2/fxgl-17.2.jar!/fxglassets/languages/english.lang
21:46:30.188 [FXGL Background Thread 4 ] DEBUG FXGLAssetLoaderServi - Loading from file system: jar:file:/home/diego/.m2/repository/com/github/almasb/fxgl/17.2/fxgl-17.2.jar!/fxglassets/ui/fonts/Abel-Regular.ttf
21:46:30.195 [FXGL Background Thread 4 ] DEBUG FXGLAssetLoaderServi - Loading from file system: jar:file:/home/diego/.m2/repository/com/github/almasb/fxgl/17.2/fxgl-17.2.jar!/fxglassets/ui/fonts/TerminalLandMono-Regular.otf
21:46:30.201 [FXGL Background Thread 4 ] DEBUG FXGLAssetLoaderServi - Loading from file system: jar:file:/home/diego/.m2/repository/com/github/almasb/fxgl/17.2/fxgl-17.2.jar!/fxglassets/ui/fonts/Courier-Prime.ttf
21:46:30.212 [JavaFX Application Thread] DEBUG FXGLApplication      - Registering font factories with UI factory
21:46:30.219 [FXGL Background Thread 1 ] INFO  FXGLApplication      - FXGL initialization took: 1.313 sec
21:46:30.222 [JavaFX Application Thread] DEBUG FXGLAssetLoaderServi - Loading from file system: jar:file:/home/diego/.m2/repository/com/github/almasb/fxgl/17.2/fxgl-17.2.jar!/fxglassets/textures/fxgl_icon.png
21:46:30.292 [JavaFX Application Thread] DEBUG FXGLAssetLoaderServi - Loading from file system: jar:file:/home/diego/.m2/repository/com/github/almasb/fxgl/17.2/fxgl-17.2.jar!/fxglassets/textures/fxgl_default_cursor.png
21:46:30.319 [JavaFX Application Thread] DEBUG Input                - Registered new binding: Screenshot - CTRL+8
21:46:30.321 [JavaFX Application Thread] DEBUG Input                - Registered new binding: System info dump - CTRL+9
21:46:30.322 [JavaFX Application Thread] DEBUG Input                - Registered new binding: Restart - CTRL+R
21:46:30.323 [JavaFX Application Thread] DEBUG Input                - Registered new binding: Toggle Debug Camera - CTRL+7
21:46:30.328 [JavaFX Application Thread] DEBUG LoopRunner           - Starting loop
21:46:30.328 [JavaFX Application Thread] DEBUG LoopRunner           - Initializing JavaFX AnimationTimerLoop
21:46:30.333 [JavaFX Application Thread] DEBUG GameApplicationServi - Starting new game
21:46:30.334 [JavaFX Application Thread] DEBUG Input                - Clearing active input actions
21:46:30.370 [JavaFX Application Thread] DEBUG GameApplicationServi - Removing overlay from FXGLStartupScene and adding to FXGLLoadingScene
21:46:30.372 [JavaFX Application Thread] DEBUG PrimaryStageWindow   - FXGLStartupScene -> FXGLLoadingScene
21:46:30.373 [JavaFX Application Thread] DEBUG GameApplicationServi - Clearing previous game
21:46:30.373 [JavaFX Application Thread] DEBUG GameScene            - Clearing game scene
21:46:30.373 [JavaFX Application Thread] DEBUG GameWorld            - Clearing game world
21:46:30.374 [JavaFX Application Thread] DEBUG PhysicsWorld         - Clearing physics world
21:46:30.379 [FXGL Background Thread 1 ] DEBUG FXGLApplication      - Initializing game
21:46:30.391 [FXGL Background Thread 1 ] DEBUG FXGLAssetLoaderServi - Loading from file system: file:/home/diego/Documentos/concurrente/Restaurant/cynthia/restaurante/target/classes/assets/textures/escenario.png
21:46:30.544 [FXGL Background Thread 1 ] DEBUG FXGLAssetLoaderServi - Loading from file system: file:/home/diego/Documentos/concurrente/Restaurant/cynthia/restaurante/target/classes/assets/textures/cocinero.png
21:46:30.907 [FXGL Background Thread 1 ] DEBUG FXGLAssetLoaderServi - Loading from file system: file:/home/diego/Documentos/concurrente/Restaurant/cynthia/restaurante/target/classes/assets/textures/mesero.png
21:46:30.928 [FXGL Background Thread 1 ] DEBUG FXGLAssetLoaderServi - Loading from file system: file:/home/diego/Documentos/concurrente/Restaurant/cynthia/restaurante/target/classes/assets/textures/aguachile.png
21:46:31.009 [FXGL Background Thread 1 ] INFO  FXGLApplication      - Game initialization took: 0.630 sec
21:46:31.026 [JavaFX Application Thread] DEBUG Input                - Clearing active input actions
21:46:31.071 [JavaFX Application Thread] DEBUG GameApplicationServi - Removing overlay from FXGLLoadingScene and adding to GameScene
21:46:31.072 [JavaFX Application Thread] DEBUG PrimaryStageWindow   - FXGLLoadingScene -> GameScene
21:46:31.838 [FXGL Background Thread 2 ] INFO  UpdaterService       - Your current version:  17.2
21:46:31.839 [FXGL Background Thread 2 ] INFO  UpdaterService       - Latest stable version: 21.1
21:46:32.949 [JavaFX Application Thread] DEBUG FXGLAssetLoaderServi - Loading from file system: file:/home/diego/Documentos/concurrente/Restaurant/cynthia/restaurante/target/classes/assets/textures/cliente_1.png
21:46:33.164 [FXGL Background Thread 3 ] DEBUG Engine               - Logging environment variables
21:46:33.165 [FXGL Background Thread 3 ] DEBUG Engine               - achievements: []
21:46:33.165 [FXGL Background Thread 3 ] DEBUG Engine               - actualHeight: 560.0
21:46:33.166 [FXGL Background Thread 3 ] DEBUG Engine               - actualHeightProperty: ReadOnlyDoubleProperty [value: 555.0]
21:46:33.166 [FXGL Background Thread 3 ] DEBUG Engine               - actualWidth: 980.0
21:46:33.168 [FXGL Background Thread 3 ] DEBUG Engine               - actualWidthProperty: ReadOnlyDoubleProperty [value: 980.0]
21:46:33.169 [FXGL Background Thread 3 ] DEBUG Engine               - appIcon: fxgl_icon.png
21:46:33.169 [FXGL Background Thread 3 ] DEBUG Engine               - applicationMode: DEVELOPER
21:46:33.169 [FXGL Background Thread 3 ] DEBUG Engine               - cSSList: [fxgl_dark.css]
21:46:33.169 [FXGL Background Thread 3 ] DEBUG Engine               - collisionDetectionStrategy: BRUTE_FORCE
21:46:33.169 [FXGL Background Thread 3 ] DEBUG Engine               - configClass: Optional.empty
21:46:33.169 [FXGL Background Thread 3 ] DEBUG Engine               - credits: []
21:46:33.171 [FXGL Background Thread 3 ] DEBUG Engine               - defaultCursor: CursorInfo(imageName=fxgl_default_cursor.png, hotspotX=7.0, hotspotY=6.0)
21:46:33.173 [FXGL Background Thread 3 ] DEBUG Engine               - devBBoxColorProperty: ObjectProperty [value: 0xff0000ff]
21:46:33.173 [FXGL Background Thread 3 ] DEBUG Engine               - devEnableDebugCameraProperty: BooleanProperty [value: false]
21:46:33.176 [FXGL Background Thread 3 ] DEBUG Engine               - devSensorColorProperty: ObjectProperty [value: 0xffff00ff]
21:46:33.180 [FXGL Background Thread 3 ] DEBUG Engine               - devShowBBoxProperty: BooleanProperty [value: false]
21:46:33.181 [FXGL Background Thread 3 ] DEBUG Engine               - devShowPositionProperty: BooleanProperty [value: false]
21:46:33.181 [FXGL Background Thread 3 ] DEBUG Engine               - enabledMenuItems: []
21:46:33.183 [FXGL Background Thread 3 ] DEBUG Engine               - engineServices: [class com.almasb.fxgl.app.services.FXGLAssetLoaderService, class com.almasb.fxgl.app.FXGLApplication$GameApplicationService, class com.almasb.fxgl.app.services.FXGLDialogService, class com.almasb.fxgl.app.services.IOTaskExecutorService, class com.almasb.fxgl.io.FileSystemService, class com.almasb.fxgl.localization.LocalizationService, class com.almasb.fxgl.app.services.SystemBundleService, class com.almasb.fxgl.profile.SaveLoadService, class com.almasb.fxgl.ui.FXGLUIFactoryServiceProvider, class com.almasb.fxgl.ui.FXGLDialogFactoryServiceProvider, class com.almasb.fxgl.audio.AudioPlayer, class com.almasb.fxgl.notification.impl.NotificationServiceProvider, class com.almasb.fxgl.achievement.AchievementService, class com.almasb.fxgl.cutscene.CutsceneService, class com.almasb.fxgl.minigames.MiniGameService, class com.almasb.fxgl.net.NetService, class com.almasb.fxgl.app.services.UpdaterService, class com.almasb.fxgl.dev.DevService]
21:46:33.183 [FXGL Background Thread 3 ] DEBUG Engine               - fontGame: Abel-Regular.ttf
21:46:33.183 [FXGL Background Thread 3 ] DEBUG Engine               - fontMono: TerminalLandMono-Regular.otf
21:46:33.183 [FXGL Background Thread 3 ] DEBUG Engine               - fontText: Courier-Prime.ttf
21:46:33.183 [FXGL Background Thread 3 ] DEBUG Engine               - fontUI: VarelaRound-Regular.ttf
21:46:33.184 [FXGL Background Thread 3 ] DEBUG Engine               - fullScreen: BooleanProperty [value: false]
21:46:33.184 [FXGL Background Thread 3 ] DEBUG Engine               - gameDifficulty: MEDIUM
21:46:33.184 [FXGL Background Thread 3 ] DEBUG Engine               - gameDifficultyProperty: ObjectProperty [value: MEDIUM]
21:46:33.184 [FXGL Background Thread 3 ] DEBUG Engine               - globalMusicVolume: 0.5
21:46:33.189 [FXGL Background Thread 3 ] DEBUG Engine               - globalMusicVolumeProperty: DoubleProperty [value: 0.5]
21:46:33.190 [FXGL Background Thread 3 ] DEBUG Engine               - globalSoundVolume: 0.5
21:46:33.190 [FXGL Background Thread 3 ] DEBUG Engine               - globalSoundVolumeProperty: DoubleProperty [value: 0.5]
21:46:33.190 [FXGL Background Thread 3 ] DEBUG Engine               - height: 560
21:46:33.190 [FXGL Background Thread 3 ] DEBUG Engine               - is3D: false
21:46:33.190 [FXGL Background Thread 3 ] DEBUG Engine               - isAndroid: false
21:46:33.191 [FXGL Background Thread 3 ] DEBUG Engine               - isBrowser: false
21:46:33.191 [FXGL Background Thread 3 ] DEBUG Engine               - isClickFeedbackEnabled: false
21:46:33.191 [FXGL Background Thread 3 ] DEBUG Engine               - isCloseConfirmation: false
21:46:33.191 [FXGL Background Thread 3 ] DEBUG Engine               - isDesktop: true
21:46:33.191 [FXGL Background Thread 3 ] DEBUG Engine               - isDeveloperMenuEnabled: false
21:46:33.192 [FXGL Background Thread 3 ] DEBUG Engine               - isEmbedded: false
21:46:33.192 [FXGL Background Thread 3 ] DEBUG Engine               - isEntityPreloadEnabled: true
21:46:33.192 [FXGL Background Thread 3 ] DEBUG Engine               - isExperimentalTiledLargeMap: false
21:46:33.192 [FXGL Background Thread 3 ] DEBUG Engine               - isFileSystemWriteAllowed: true
21:46:33.192 [FXGL Background Thread 3 ] DEBUG Engine               - isFullScreenAllowed: false
21:46:33.192 [FXGL Background Thread 3 ] DEBUG Engine               - isFullScreenFromStart: false
21:46:33.193 [FXGL Background Thread 3 ] DEBUG Engine               - isGameMenuEnabled: true
21:46:33.193 [FXGL Background Thread 3 ] DEBUG Engine               - isIOS: false
21:46:33.193 [FXGL Background Thread 3 ] DEBUG Engine               - isIntroEnabled: false
21:46:33.193 [FXGL Background Thread 3 ] DEBUG Engine               - isLinux: true
21:46:33.197 [FXGL Background Thread 3 ] DEBUG Engine               - isMac: false
21:46:33.197 [FXGL Background Thread 3 ] DEBUG Engine               - isMainMenuEnabled: false
21:46:33.198 [FXGL Background Thread 3 ] DEBUG Engine               - isManualResizeEnabled: false
21:46:33.199 [FXGL Background Thread 3 ] DEBUG Engine               - isMobile: false
21:46:33.199 [FXGL Background Thread 3 ] DEBUG Engine               - isNative: false
21:46:33.199 [FXGL Background Thread 3 ] DEBUG Engine               - isPauseMusicWhenMinimized: true
21:46:33.202 [FXGL Background Thread 3 ] DEBUG Engine               - isPreserveResizeRatio: false
21:46:33.202 [FXGL Background Thread 3 ] DEBUG Engine               - isProfilingEnabled: false
21:46:33.202 [FXGL Background Thread 3 ] DEBUG Engine               - isScaleAffectedOnResize: true
21:46:33.202 [FXGL Background Thread 3 ] DEBUG Engine               - isSingleStep: false
21:46:33.202 [FXGL Background Thread 3 ] DEBUG Engine               - isUserProfileEnabled: false
21:46:33.203 [FXGL Background Thread 3 ] DEBUG Engine               - isWindows: false
21:46:33.203 [FXGL Background Thread 3 ] DEBUG Engine               - language: ObjectProperty [value: ENGLISH]
21:46:33.203 [FXGL Background Thread 3 ] DEBUG Engine               - menuKey: ESCAPE
21:46:33.204 [FXGL Background Thread 3 ] DEBUG Engine               - mouseSensitivity: 0.2
21:46:33.204 [FXGL Background Thread 3 ] DEBUG Engine               - notificationViewClass: class com.almasb.fxgl.notification.view.XboxNotificationView
21:46:33.204 [FXGL Background Thread 3 ] DEBUG Engine               - pixelsPerMeter: 50.0
21:46:33.204 [FXGL Background Thread 3 ] DEBUG Engine               - platform: LINUX
21:46:33.205 [FXGL Background Thread 3 ] DEBUG Engine               - prefHeightProperty: ReadOnlyDoubleProperty [value: 560.0]
21:46:33.205 [FXGL Background Thread 3 ] DEBUG Engine               - prefWidthProperty: ReadOnlyDoubleProperty [value: 980.0]
21:46:33.205 [FXGL Background Thread 3 ] DEBUG Engine               - profileDir: profiles/
21:46:33.205 [FXGL Background Thread 3 ] DEBUG Engine               - profileName: StringProperty [value: DEFAULT]
21:46:33.206 [FXGL Background Thread 3 ] DEBUG Engine               - randomSeed: -1
21:46:33.207 [FXGL Background Thread 3 ] DEBUG Engine               - runtimeInfo: RuntimeInfo(platform=LINUX, version=17.2, build=20.08.2022 16.50)
21:46:33.208 [FXGL Background Thread 3 ] DEBUG Engine               - saveFileExt: sav
21:46:33.209 [FXGL Background Thread 3 ] DEBUG Engine               - scaledHeightProp$fxgl: DoubleProperty [bound, value: 555.0]
21:46:33.209 [FXGL Background Thread 3 ] DEBUG Engine               - scaledWidthProp$fxgl: DoubleProperty [bound, value: 980.0]
21:46:33.210 [FXGL Background Thread 3 ] DEBUG Engine               - sceneFactory: com.almasb.fxgl.app.scene.SceneFactory@4cc1fcf3
21:46:33.210 [FXGL Background Thread 3 ] DEBUG Engine               - secondsIn24h: 60
21:46:33.210 [FXGL Background Thread 3 ] DEBUG Engine               - soundMenuBack: menu/back.wav
21:46:33.210 [FXGL Background Thread 3 ] DEBUG Engine               - soundMenuPress: menu/press.wav
21:46:33.210 [FXGL Background Thread 3 ] DEBUG Engine               - soundMenuSelect: menu/select.wav
21:46:33.211 [FXGL Background Thread 3 ] DEBUG Engine               - soundNotification: core/notification.wav
21:46:33.211 [FXGL Background Thread 3 ] DEBUG Engine               - stageStyle: DECORATED
21:46:33.211 [FXGL Background Thread 3 ] DEBUG Engine               - supportedLanguages: [ENGLISH, FRENCH, GERMAN, HUNGARIAN, RUSSIAN]
21:46:33.211 [FXGL Background Thread 3 ] DEBUG Engine               - ticksPerSecond: -1
21:46:33.211 [FXGL Background Thread 3 ] DEBUG Engine               - title: Restaurant Simulation
21:46:33.212 [FXGL Background Thread 3 ] DEBUG Engine               - urlGithub: https://github.com/AlmasB/FXGL
21:46:33.212 [FXGL Background Thread 3 ] DEBUG Engine               - urlLeaderboard: http://fxgl-top.herokuapp.com/
21:46:33.212 [FXGL Background Thread 3 ] DEBUG Engine               - urlPOM: https://raw.githubusercontent.com/AlmasB/FXGL/release/README.md
21:46:33.212 [FXGL Background Thread 3 ] DEBUG Engine               - userAppClass: class com.example.restauranteup.App
21:46:33.212 [FXGL Background Thread 3 ] DEBUG Engine               - version: 0.0
21:46:33.213 [FXGL Background Thread 3 ] DEBUG Engine               - versionCheckDays: 7
21:46:33.213 [FXGL Background Thread 3 ] DEBUG Engine               - width: 980
21:46:33.213 [FXGL Background Thread 3 ] DEBUG Engine               - Logging services
21:46:33.213 [FXGL Background Thread 3 ] DEBUG Engine               - class com.almasb.fxgl.app.services.FXGLAssetLoaderService
21:46:33.217 [FXGL Background Thread 3 ] DEBUG Engine               - class com.almasb.fxgl.app.FXGLApplication$GameApplicationService
21:46:33.217 [FXGL Background Thread 3 ] DEBUG Engine               - class com.almasb.fxgl.app.services.FXGLDialogService
21:46:33.217 [FXGL Background Thread 3 ] DEBUG Engine               - class com.almasb.fxgl.app.services.IOTaskExecutorService
21:46:33.218 [FXGL Background Thread 3 ] DEBUG Engine               - class com.almasb.fxgl.io.FileSystemService
21:46:33.218 [FXGL Background Thread 3 ] DEBUG Engine               - class com.almasb.fxgl.localization.LocalizationService
21:46:33.218 [FXGL Background Thread 3 ] DEBUG Engine               - class com.almasb.fxgl.app.services.SystemBundleService
21:46:33.218 [FXGL Background Thread 3 ] DEBUG Engine               - class com.almasb.fxgl.profile.SaveLoadService
21:46:33.218 [FXGL Background Thread 3 ] DEBUG Engine               - class com.almasb.fxgl.ui.FXGLUIFactoryServiceProvider
21:46:33.219 [FXGL Background Thread 3 ] DEBUG Engine               - class com.almasb.fxgl.ui.FXGLDialogFactoryServiceProvider
21:46:33.219 [FXGL Background Thread 3 ] DEBUG Engine               - class com.almasb.fxgl.audio.AudioPlayer
21:46:33.219 [FXGL Background Thread 3 ] DEBUG Engine               - class com.almasb.fxgl.notification.impl.NotificationServiceProvider
21:46:33.219 [FXGL Background Thread 3 ] DEBUG Engine               - class com.almasb.fxgl.achievement.AchievementService
21:46:33.219 [FXGL Background Thread 3 ] DEBUG Engine               - class com.almasb.fxgl.cutscene.CutsceneService
21:46:33.219 [FXGL Background Thread 3 ] DEBUG Engine               - class com.almasb.fxgl.minigames.MiniGameService
21:46:33.223 [FXGL Background Thread 3 ] DEBUG Engine               - class com.almasb.fxgl.net.NetService
21:46:33.224 [FXGL Background Thread 3 ] DEBUG Engine               - class com.almasb.fxgl.app.services.UpdaterService
21:46:33.224 [FXGL Background Thread 3 ] DEBUG Engine               - class com.almasb.fxgl.dev.DevService
21:46:35.923 [JavaFX Application Thread] DEBUG FXGLAssetLoaderServi - Loading from file system: file:/home/diego/Documentos/concurrente/Restaurant/cynthia/restaurante/target/classes/assets/textures/cliente_2.png
21:46:35.981 [JavaFX Application Thread] DEBUG FXGLAssetLoaderServi - Loading from file system: file:/home/diego/Documentos/concurrente/Restaurant/cynthia/restaurante/target/classes/assets/textures/cliente_7.png
21:46:39.933 [JavaFX Application Thread] DEBUG FXGLAssetLoaderServi - Loading from file system: file:/home/diego/Documentos/concurrente/Restaurant/cynthia/restaurante/target/classes/assets/textures/cliente_3.png
21:46:42.938 [JavaFX Application Thread] DEBUG FXGLAssetLoaderServi - Loading from file system: file:/home/diego/Documentos/concurrente/Restaurant/cynthia/restaurante/target/classes/assets/textures/cliente_4.png
21:46:49.008 [JavaFX Application Thread] DEBUG FXGLAssetLoaderServi - Loading from file system: file:/home/diego/Documentos/concurrente/Restaurant/cynthia/restaurante/target/classes/assets/textures/cliente_8.png
21:46:57.007 [JavaFX Application Thread] DEBUG FXGLAssetLoaderServi - Loading from file system: file:/home/diego/Documentos/concurrente/Restaurant/cynthia/restaurante/target/classes/assets/textures/cliente_6.png
21:47:14.839 [JavaFX Application Thread] DEBUG FXGLApplication      - Exiting FXGL
21:47:14.840 [JavaFX Application Thread] DEBUG LoopRunner           - Stopping loop
21:47:14.840 [JavaFX Application Thread] DEBUG SystemBundleService  - Saving FXGL system data
21:47:14.847 [JavaFX Application Thread] DEBUG FileSystemAccess     - Writing to: /home/diego/Documentos/concurrente/Restaurant/cynthia/restaurante/system/fxgl.bundle
21:47:14.858 [JavaFX Application Thread] DEBUG Async                - Shutting down background threads
21:47:14.859 [JavaFX Application Thread] DEBUG PrimaryStageWindow   - Closing main window
21:47:14.865 [JavaFX Application Thread] DEBUG Logger               - Closing Logger
