23:00:59.879 [com.example.restauranteup] DEBUG Logger               - Configured Logger
23:00:59.938 [com.example.restauranteup] DEBUG GameApplication      - Logging settings
Title: Restaurant Simulation
Version: 0.0
Width: 980
Height: 560
Fullscreen: false
Intro: false
Profiling: false
Single step:false
App Mode: DEVELOPER
Menu Key: ESCAPE
Stage Style: DECORATED
Scene Factory: class com.almasb.fxgl.app.scene.SceneFactory

23:01:00.479 [JavaFX Application Thread] DEBUG FXGLApplication      - Initializing FXGL
23:01:00.489 [JavaFX Application Thread] INFO  Engine               - FXGL-17.2 (20.08.2022 16.50) on LINUX (J:21.0.5 FX:18)
23:01:00.490 [JavaFX Application Thread] DEBUG Engine               - JRE Vendor Name: Red Hat, Inc.
23:01:00.491 [JavaFX Application Thread] DEBUG Engine               - Running on OS: Linux version 6.11.8-200.fc40.x86_64
23:01:00.492 [JavaFX Application Thread] DEBUG Engine               - Architecture: amd64
23:01:00.492 [JavaFX Application Thread] INFO  Engine               - Source code and latest versions at: https://github.com/AlmasB/FXGL
23:01:00.492 [JavaFX Application Thread] INFO  Engine               -       Ask questions and discuss at: https://github.com/AlmasB/FXGL/discussions
23:01:00.493 [JavaFX Application Thread] INFO  Engine               -              Join the FXGL chat at: https://gitter.im/AlmasB/FXGL
23:01:00.861 [JavaFX Application Thread] DEBUG PrimaryStageWindow   - Creating a JavaFX scene
23:01:01.119 [JavaFX Application Thread] DEBUG PrimaryStageWindow   - Target settings size: 980.0 x 560.0
23:01:01.120 [JavaFX Application Thread] DEBUG PrimaryStageWindow   - Scaled scene size:    980.0 x 560.0
23:01:01.121 [JavaFX Application Thread] DEBUG PrimaryStageWindow   - Scaled ratio: (1.0, 1.0)
23:01:01.124 [JavaFX Application Thread] DEBUG PrimaryStageWindow   - Set initial scene to FXGLStartupScene
23:01:01.148 [JavaFX Application Thread] DEBUG PrimaryStageWindow   - Opening main window
23:01:01.364 [JavaFX Application Thread] DEBUG PrimaryStageWindow   - Window border size: (8.0, 38.0)
23:01:01.365 [JavaFX Application Thread] DEBUG PrimaryStageWindow   - Scaled size: 980.0 x 560.0
23:01:01.365 [JavaFX Application Thread] DEBUG PrimaryStageWindow   - Scaled ratio: (1.0, 1.0)
23:01:01.366 [JavaFX Application Thread] DEBUG PrimaryStageWindow   - Scene size: 980.0 x 560.0
23:01:01.367 [JavaFX Application Thread] DEBUG PrimaryStageWindow   - Stage size: 988.0 x 598.0
23:01:01.387 [FXGL Background Thread 1 ] DEBUG Engine               - Initializing environment variables
23:01:01.490 [FXGL Background Thread 1 ] DEBUG FXGLAssetLoaderServi - User app class for loading assets: class com.example.restauranteup.App
23:01:01.491 [FXGL Background Thread 1 ] DEBUG GameApplicationServi - Applying CSS: fxgl_dark.css
23:01:01.493 [FXGL Background Thread 1 ] DEBUG FXGLAssetLoaderServi - Loading from file system: jar:file:/home/diego/.m2/repository/com/github/almasb/fxgl/17.2/fxgl-17.2.jar!/fxglassets/ui/css/fxgl_dark.css
23:01:01.649 [FXGL Background Thread 1 ] DEBUG GameApplicationServi - Initializing application scenes
23:01:01.786 [FXGL Background Thread 1 ] DEBUG GameWorld            - Game world initialized
23:01:02.023 [FXGL Background Thread 1 ] DEBUG PhysicsWorld         - Physics world initialized: appHeight=560, physics.ppm=50.0
23:01:02.023 [FXGL Background Thread 1 ] DEBUG PhysicsWorld         - Using strategy: BRUTE_FORCE
23:01:02.033 [FXGL Background Thread 1 ] DEBUG GameScene            - Game scene initialized: 980x560
23:01:02.072 [FXGL Background Thread 1 ] WARN  FXGL.DefaultMenu     - FXGLDefaultMenu is not designed for resolutions < 800x600
23:01:02.073 [FXGL Background Thread 1 ] DEBUG FXGL.DefaultMenu     - createMenuBodyGameMenu()
23:01:02.132 [FXGL Background Thread 1 ] DEBUG FXGL.DefaultMenu     - createOptionsMenu()
23:01:02.170 [FXGL Background Thread 1 ] DEBUG FXGLAssetLoaderServi - Loading from file system: jar:file:/home/diego/.m2/repository/com/github/almasb/fxgl/17.2/fxgl-17.2.jar!/fxglassets/textures/particles/smoke.png
23:01:02.488 [FXGL Background Thread 1 ] DEBUG FXGLAssetLoaderServi - Loading from file system: jar:file:/home/diego/.m2/repository/com/github/almasb/fxgl/17.2/fxgl-17.2.jar!/fxglassets/textures/particles/trace_horizontal.png
23:01:02.570 [FXGL Background Thread 1 ] DEBUG GameApplicationServi - Application scenes initialized
23:01:02.609 [FXGL Background Thread 1 ] DEBUG SystemBundleService  - Loading FXGL system data
23:01:02.620 [FXGL Background Thread 1 ] DEBUG FileSystemAccess     - Reading from: /home/diego/Documentos/concurrente/Restaurant/cynthia/restaurante/system/fxgl.bundle
23:01:02.640 [FXGL Background Thread 1 ] DEBUG SystemBundleService  - Bundle FXGL: {}
23:01:02.640 [FXGL Background Thread 1 ] DEBUG UpdaterService       - Checking for updates
23:01:02.651 [FXGL Background Thread 4 ] DEBUG FXGLApplication      - Loading fonts
23:01:02.652 [FXGL Background Thread 4 ] DEBUG FXGLAssetLoaderServi - Loading from file system: jar:file:/home/diego/.m2/repository/com/github/almasb/fxgl/17.2/fxgl-17.2.jar!/fxglassets/ui/fonts/VarelaRound-Regular.ttf
23:01:02.653 [FXGL Background Thread 1 ] DEBUG FXGLApplication      - Loading default localization
23:01:02.655 [FXGL Background Thread 1 ] DEBUG FXGLAssetLoaderServi - Loading from file system: jar:file:/home/diego/.m2/repository/com/github/almasb/fxgl/17.2/fxgl-17.2.jar!/fxglassets/languages/english.lang
23:01:02.669 [FXGL Background Thread 4 ] DEBUG FXGLAssetLoaderServi - Loading from file system: jar:file:/home/diego/.m2/repository/com/github/almasb/fxgl/17.2/fxgl-17.2.jar!/fxglassets/ui/fonts/Abel-Regular.ttf
23:01:02.673 [FXGL Background Thread 4 ] DEBUG FXGLAssetLoaderServi - Loading from file system: jar:file:/home/diego/.m2/repository/com/github/almasb/fxgl/17.2/fxgl-17.2.jar!/fxglassets/ui/fonts/TerminalLandMono-Regular.otf
23:01:02.677 [FXGL Background Thread 4 ] DEBUG FXGLAssetLoaderServi - Loading from file system: jar:file:/home/diego/.m2/repository/com/github/almasb/fxgl/17.2/fxgl-17.2.jar!/fxglassets/ui/fonts/Courier-Prime.ttf
23:01:02.688 [JavaFX Application Thread] DEBUG FXGLApplication      - Registering font factories with UI factory
23:01:02.706 [FXGL Background Thread 1 ] INFO  FXGLApplication      - FXGL initialization took: 1.319 sec
23:01:02.713 [JavaFX Application Thread] DEBUG FXGLAssetLoaderServi - Loading from file system: jar:file:/home/diego/.m2/repository/com/github/almasb/fxgl/17.2/fxgl-17.2.jar!/fxglassets/textures/fxgl_icon.png
23:01:02.781 [JavaFX Application Thread] DEBUG FXGLAssetLoaderServi - Loading from file system: jar:file:/home/diego/.m2/repository/com/github/almasb/fxgl/17.2/fxgl-17.2.jar!/fxglassets/textures/fxgl_default_cursor.png
23:01:02.809 [JavaFX Application Thread] DEBUG Input                - Registered new binding: Screenshot - CTRL+8
23:01:02.810 [JavaFX Application Thread] DEBUG Input                - Registered new binding: System info dump - CTRL+9
23:01:02.811 [JavaFX Application Thread] DEBUG Input                - Registered new binding: Restart - CTRL+R
23:01:02.813 [JavaFX Application Thread] DEBUG Input                - Registered new binding: Toggle Debug Camera - CTRL+7
23:01:02.820 [JavaFX Application Thread] DEBUG LoopRunner           - Starting loop
23:01:02.820 [JavaFX Application Thread] DEBUG LoopRunner           - Initializing JavaFX AnimationTimerLoop
23:01:02.824 [JavaFX Application Thread] DEBUG GameApplicationServi - Starting new game
23:01:02.825 [JavaFX Application Thread] DEBUG Input                - Clearing active input actions
23:01:02.879 [JavaFX Application Thread] DEBUG GameApplicationServi - Removing overlay from FXGLStartupScene and adding to FXGLLoadingScene
23:01:02.880 [JavaFX Application Thread] DEBUG PrimaryStageWindow   - FXGLStartupScene -> FXGLLoadingScene
23:01:02.881 [JavaFX Application Thread] DEBUG GameApplicationServi - Clearing previous game
23:01:02.881 [JavaFX Application Thread] DEBUG GameScene            - Clearing game scene
23:01:02.881 [JavaFX Application Thread] DEBUG GameWorld            - Clearing game world
23:01:02.882 [JavaFX Application Thread] DEBUG PhysicsWorld         - Clearing physics world
23:01:02.886 [FXGL Background Thread 1 ] DEBUG FXGLApplication      - Initializing game
23:01:02.896 [FXGL Background Thread 1 ] DEBUG FXGLAssetLoaderServi - Loading from file system: file:/home/diego/Documentos/concurrente/Restaurant/cynthia/restaurante/target/classes/assets/textures/escenario.png
23:01:03.051 [FXGL Background Thread 1 ] DEBUG FXGLAssetLoaderServi - Loading from file system: file:/home/diego/Documentos/concurrente/Restaurant/cynthia/restaurante/target/classes/assets/textures/cocinero.png
23:01:03.431 [FXGL Background Thread 1 ] DEBUG FXGLAssetLoaderServi - Loading from file system: file:/home/diego/Documentos/concurrente/Restaurant/cynthia/restaurante/target/classes/assets/textures/mesero.png
23:01:03.453 [FXGL Background Thread 1 ] DEBUG FXGLAssetLoaderServi - Loading from file system: file:/home/diego/Documentos/concurrente/Restaurant/cynthia/restaurante/target/classes/assets/textures/aguachile.png
23:01:03.539 [FXGL Background Thread 1 ] INFO  FXGLApplication      - Game initialization took: 0.652 sec
23:01:03.551 [JavaFX Application Thread] DEBUG Input                - Clearing active input actions
23:01:03.608 [JavaFX Application Thread] DEBUG GameApplicationServi - Removing overlay from FXGLLoadingScene and adding to GameScene
23:01:03.610 [JavaFX Application Thread] DEBUG PrimaryStageWindow   - FXGLLoadingScene -> GameScene
23:01:04.868 [JavaFX Application Thread] DEBUG FXGLAssetLoaderServi - Loading from file system: file:/home/diego/Documentos/concurrente/Restaurant/cynthia/restaurante/target/classes/assets/textures/cliente_1.png
23:01:05.039 [FXGL Background Thread 2 ] INFO  UpdaterService       - Your current version:  17.2
23:01:05.040 [FXGL Background Thread 2 ] INFO  UpdaterService       - Latest stable version: 21.1
23:01:05.647 [FXGL Background Thread 3 ] DEBUG Engine               - Logging environment variables
23:01:05.650 [FXGL Background Thread 3 ] DEBUG Engine               - achievements: []
23:01:05.650 [FXGL Background Thread 3 ] DEBUG Engine               - actualHeight: 560.0
23:01:05.651 [FXGL Background Thread 3 ] DEBUG Engine               - actualHeightProperty: ReadOnlyDoubleProperty [value: 560.0]
23:01:05.651 [FXGL Background Thread 3 ] DEBUG Engine               - actualWidth: 980.0
23:01:05.652 [FXGL Background Thread 3 ] DEBUG Engine               - actualWidthProperty: ReadOnlyDoubleProperty [value: 980.0]
23:01:05.652 [FXGL Background Thread 3 ] DEBUG Engine               - appIcon: fxgl_icon.png
23:01:05.652 [FXGL Background Thread 3 ] DEBUG Engine               - applicationMode: DEVELOPER
23:01:05.653 [FXGL Background Thread 3 ] DEBUG Engine               - cSSList: [fxgl_dark.css]
23:01:05.653 [FXGL Background Thread 3 ] DEBUG Engine               - collisionDetectionStrategy: BRUTE_FORCE
23:01:05.654 [FXGL Background Thread 3 ] DEBUG Engine               - configClass: Optional.empty
23:01:05.654 [FXGL Background Thread 3 ] DEBUG Engine               - credits: []
23:01:05.656 [FXGL Background Thread 3 ] DEBUG Engine               - defaultCursor: CursorInfo(imageName=fxgl_default_cursor.png, hotspotX=7.0, hotspotY=6.0)
23:01:05.657 [FXGL Background Thread 3 ] DEBUG Engine               - devBBoxColorProperty: ObjectProperty [value: 0xff0000ff]
23:01:05.658 [FXGL Background Thread 3 ] DEBUG Engine               - devEnableDebugCameraProperty: BooleanProperty [value: false]
23:01:05.659 [FXGL Background Thread 3 ] DEBUG Engine               - devSensorColorProperty: ObjectProperty [value: 0xffff00ff]
23:01:05.659 [FXGL Background Thread 3 ] DEBUG Engine               - devShowBBoxProperty: BooleanProperty [value: false]
23:01:05.660 [FXGL Background Thread 3 ] DEBUG Engine               - devShowPositionProperty: BooleanProperty [value: false]
23:01:05.660 [FXGL Background Thread 3 ] DEBUG Engine               - enabledMenuItems: []
23:01:05.661 [FXGL Background Thread 3 ] DEBUG Engine               - engineServices: [class com.almasb.fxgl.app.services.FXGLAssetLoaderService, class com.almasb.fxgl.app.FXGLApplication$GameApplicationService, class com.almasb.fxgl.app.services.FXGLDialogService, class com.almasb.fxgl.app.services.IOTaskExecutorService, class com.almasb.fxgl.io.FileSystemService, class com.almasb.fxgl.localization.LocalizationService, class com.almasb.fxgl.app.services.SystemBundleService, class com.almasb.fxgl.profile.SaveLoadService, class com.almasb.fxgl.ui.FXGLUIFactoryServiceProvider, class com.almasb.fxgl.ui.FXGLDialogFactoryServiceProvider, class com.almasb.fxgl.audio.AudioPlayer, class com.almasb.fxgl.notification.impl.NotificationServiceProvider, class com.almasb.fxgl.achievement.AchievementService, class com.almasb.fxgl.cutscene.CutsceneService, class com.almasb.fxgl.minigames.MiniGameService, class com.almasb.fxgl.net.NetService, class com.almasb.fxgl.app.services.UpdaterService, class com.almasb.fxgl.dev.DevService]
23:01:05.662 [FXGL Background Thread 3 ] DEBUG Engine               - fontGame: Abel-Regular.ttf
23:01:05.662 [FXGL Background Thread 3 ] DEBUG Engine               - fontMono: TerminalLandMono-Regular.otf
23:01:05.663 [FXGL Background Thread 3 ] DEBUG Engine               - fontText: Courier-Prime.ttf
23:01:05.663 [FXGL Background Thread 3 ] DEBUG Engine               - fontUI: VarelaRound-Regular.ttf
23:01:05.663 [FXGL Background Thread 3 ] DEBUG Engine               - fullScreen: BooleanProperty [value: false]
23:01:05.663 [FXGL Background Thread 3 ] DEBUG Engine               - gameDifficulty: MEDIUM
23:01:05.664 [FXGL Background Thread 3 ] DEBUG Engine               - gameDifficultyProperty: ObjectProperty [value: MEDIUM]
23:01:05.664 [FXGL Background Thread 3 ] DEBUG Engine               - globalMusicVolume: 0.5
23:01:05.665 [FXGL Background Thread 3 ] DEBUG Engine               - globalMusicVolumeProperty: DoubleProperty [value: 0.5]
23:01:05.665 [FXGL Background Thread 3 ] DEBUG Engine               - globalSoundVolume: 0.5
23:01:05.666 [FXGL Background Thread 3 ] DEBUG Engine               - globalSoundVolumeProperty: DoubleProperty [value: 0.5]
23:01:05.666 [FXGL Background Thread 3 ] DEBUG Engine               - height: 560
23:01:05.666 [FXGL Background Thread 3 ] DEBUG Engine               - is3D: false
23:01:05.666 [FXGL Background Thread 3 ] DEBUG Engine               - isAndroid: false
23:01:05.666 [FXGL Background Thread 3 ] DEBUG Engine               - isBrowser: false
23:01:05.667 [FXGL Background Thread 3 ] DEBUG Engine               - isClickFeedbackEnabled: false
23:01:05.667 [FXGL Background Thread 3 ] DEBUG Engine               - isCloseConfirmation: false
23:01:05.667 [FXGL Background Thread 3 ] DEBUG Engine               - isDesktop: true
23:01:05.667 [FXGL Background Thread 3 ] DEBUG Engine               - isDeveloperMenuEnabled: false
23:01:05.667 [FXGL Background Thread 3 ] DEBUG Engine               - isEmbedded: false
23:01:05.668 [FXGL Background Thread 3 ] DEBUG Engine               - isEntityPreloadEnabled: true
23:01:05.668 [FXGL Background Thread 3 ] DEBUG Engine               - isExperimentalTiledLargeMap: false
23:01:05.668 [FXGL Background Thread 3 ] DEBUG Engine               - isFileSystemWriteAllowed: true
23:01:05.668 [FXGL Background Thread 3 ] DEBUG Engine               - isFullScreenAllowed: false
23:01:05.668 [FXGL Background Thread 3 ] DEBUG Engine               - isFullScreenFromStart: false
23:01:05.669 [FXGL Background Thread 3 ] DEBUG Engine               - isGameMenuEnabled: true
23:01:05.670 [FXGL Background Thread 3 ] DEBUG Engine               - isIOS: false
23:01:05.670 [FXGL Background Thread 3 ] DEBUG Engine               - isIntroEnabled: false
23:01:05.670 [FXGL Background Thread 3 ] DEBUG Engine               - isLinux: true
23:01:05.671 [FXGL Background Thread 3 ] DEBUG Engine               - isMac: false
23:01:05.671 [FXGL Background Thread 3 ] DEBUG Engine               - isMainMenuEnabled: false
23:01:05.671 [FXGL Background Thread 3 ] DEBUG Engine               - isManualResizeEnabled: false
23:01:05.672 [FXGL Background Thread 3 ] DEBUG Engine               - isMobile: false
23:01:05.673 [FXGL Background Thread 3 ] DEBUG Engine               - isNative: false
23:01:05.673 [FXGL Background Thread 3 ] DEBUG Engine               - isPauseMusicWhenMinimized: true
23:01:05.673 [FXGL Background Thread 3 ] DEBUG Engine               - isPreserveResizeRatio: false
23:01:05.673 [FXGL Background Thread 3 ] DEBUG Engine               - isProfilingEnabled: false
23:01:05.674 [FXGL Background Thread 3 ] DEBUG Engine               - isScaleAffectedOnResize: true
23:01:05.674 [FXGL Background Thread 3 ] DEBUG Engine               - isSingleStep: false
23:01:05.674 [FXGL Background Thread 3 ] DEBUG Engine               - isUserProfileEnabled: false
23:01:05.675 [FXGL Background Thread 3 ] DEBUG Engine               - isWindows: false
23:01:05.676 [FXGL Background Thread 3 ] DEBUG Engine               - language: ObjectProperty [value: ENGLISH]
23:01:05.677 [FXGL Background Thread 3 ] DEBUG Engine               - menuKey: ESCAPE
23:01:05.678 [FXGL Background Thread 3 ] DEBUG Engine               - mouseSensitivity: 0.2
23:01:05.678 [FXGL Background Thread 3 ] DEBUG Engine               - notificationViewClass: class com.almasb.fxgl.notification.view.XboxNotificationView
23:01:05.678 [FXGL Background Thread 3 ] DEBUG Engine               - pixelsPerMeter: 50.0
23:01:05.679 [FXGL Background Thread 3 ] DEBUG Engine               - platform: LINUX
23:01:05.679 [FXGL Background Thread 3 ] DEBUG Engine               - prefHeightProperty: ReadOnlyDoubleProperty [value: 560.0]
23:01:05.679 [FXGL Background Thread 3 ] DEBUG Engine               - prefWidthProperty: ReadOnlyDoubleProperty [value: 980.0]
23:01:05.679 [FXGL Background Thread 3 ] DEBUG Engine               - profileDir: profiles/
23:01:05.680 [FXGL Background Thread 3 ] DEBUG Engine               - profileName: StringProperty [value: DEFAULT]
23:01:05.680 [FXGL Background Thread 3 ] DEBUG Engine               - randomSeed: -1
23:01:05.681 [FXGL Background Thread 3 ] DEBUG Engine               - runtimeInfo: RuntimeInfo(platform=LINUX, version=17.2, build=20.08.2022 16.50)
23:01:05.682 [FXGL Background Thread 3 ] DEBUG Engine               - saveFileExt: sav
23:01:05.682 [FXGL Background Thread 3 ] DEBUG Engine               - scaledHeightProp$fxgl: DoubleProperty [bound, value: 560.0]
23:01:05.682 [FXGL Background Thread 3 ] DEBUG Engine               - scaledWidthProp$fxgl: DoubleProperty [bound, value: 980.0]
23:01:05.683 [FXGL Background Thread 3 ] DEBUG Engine               - sceneFactory: com.almasb.fxgl.app.scene.SceneFactory@333240fe
23:01:05.683 [FXGL Background Thread 3 ] DEBUG Engine               - secondsIn24h: 60
23:01:05.683 [FXGL Background Thread 3 ] DEBUG Engine               - soundMenuBack: menu/back.wav
23:01:05.683 [FXGL Background Thread 3 ] DEBUG Engine               - soundMenuPress: menu/press.wav
23:01:05.683 [FXGL Background Thread 3 ] DEBUG Engine               - soundMenuSelect: menu/select.wav
23:01:05.683 [FXGL Background Thread 3 ] DEBUG Engine               - soundNotification: core/notification.wav
23:01:05.684 [FXGL Background Thread 3 ] DEBUG Engine               - stageStyle: DECORATED
23:01:05.684 [FXGL Background Thread 3 ] DEBUG Engine               - supportedLanguages: [ENGLISH, FRENCH, GERMAN, HUNGARIAN, RUSSIAN]
23:01:05.684 [FXGL Background Thread 3 ] DEBUG Engine               - ticksPerSecond: -1
23:01:05.684 [FXGL Background Thread 3 ] DEBUG Engine               - title: Restaurant Simulation
23:01:05.684 [FXGL Background Thread 3 ] DEBUG Engine               - urlGithub: https://github.com/AlmasB/FXGL
23:01:05.685 [FXGL Background Thread 3 ] DEBUG Engine               - urlLeaderboard: http://fxgl-top.herokuapp.com/
23:01:05.685 [FXGL Background Thread 3 ] DEBUG Engine               - urlPOM: https://raw.githubusercontent.com/AlmasB/FXGL/release/README.md
23:01:05.685 [FXGL Background Thread 3 ] DEBUG Engine               - userAppClass: class com.example.restauranteup.App
23:01:05.685 [FXGL Background Thread 3 ] DEBUG Engine               - version: 0.0
23:01:05.685 [FXGL Background Thread 3 ] DEBUG Engine               - versionCheckDays: 7
23:01:05.686 [FXGL Background Thread 3 ] DEBUG Engine               - width: 980
23:01:05.686 [FXGL Background Thread 3 ] DEBUG Engine               - Logging services
23:01:05.687 [FXGL Background Thread 3 ] DEBUG Engine               - class com.almasb.fxgl.app.services.FXGLAssetLoaderService
23:01:05.687 [FXGL Background Thread 3 ] DEBUG Engine               - class com.almasb.fxgl.app.FXGLApplication$GameApplicationService
23:01:05.687 [FXGL Background Thread 3 ] DEBUG Engine               - class com.almasb.fxgl.app.services.FXGLDialogService
23:01:05.689 [FXGL Background Thread 3 ] DEBUG Engine               - class com.almasb.fxgl.app.services.IOTaskExecutorService
23:01:05.690 [FXGL Background Thread 3 ] DEBUG Engine               - class com.almasb.fxgl.io.FileSystemService
23:01:05.690 [FXGL Background Thread 3 ] DEBUG Engine               - class com.almasb.fxgl.localization.LocalizationService
23:01:05.690 [FXGL Background Thread 3 ] DEBUG Engine               - class com.almasb.fxgl.app.services.SystemBundleService
23:01:05.690 [FXGL Background Thread 3 ] DEBUG Engine               - class com.almasb.fxgl.profile.SaveLoadService
23:01:05.690 [FXGL Background Thread 3 ] DEBUG Engine               - class com.almasb.fxgl.ui.FXGLUIFactoryServiceProvider
23:01:05.691 [FXGL Background Thread 3 ] DEBUG Engine               - class com.almasb.fxgl.ui.FXGLDialogFactoryServiceProvider
23:01:05.692 [FXGL Background Thread 3 ] DEBUG Engine               - class com.almasb.fxgl.audio.AudioPlayer
23:01:05.692 [FXGL Background Thread 3 ] DEBUG Engine               - class com.almasb.fxgl.notification.impl.NotificationServiceProvider
23:01:05.692 [FXGL Background Thread 3 ] DEBUG Engine               - class com.almasb.fxgl.achievement.AchievementService
23:01:05.692 [FXGL Background Thread 3 ] DEBUG Engine               - class com.almasb.fxgl.cutscene.CutsceneService
23:01:05.693 [FXGL Background Thread 3 ] DEBUG Engine               - class com.almasb.fxgl.minigames.MiniGameService
23:01:05.693 [FXGL Background Thread 3 ] DEBUG Engine               - class com.almasb.fxgl.net.NetService
23:01:05.693 [FXGL Background Thread 3 ] DEBUG Engine               - class com.almasb.fxgl.app.services.UpdaterService
23:01:05.694 [FXGL Background Thread 3 ] DEBUG Engine               - class com.almasb.fxgl.dev.DevService
23:01:06.850 [JavaFX Application Thread] DEBUG FXGLAssetLoaderServi - Loading from file system: file:/home/diego/Documentos/concurrente/Restaurant/cynthia/restaurante/target/classes/assets/textures/cliente_8.png
23:01:09.866 [JavaFX Application Thread] DEBUG FXGLAssetLoaderServi - Loading from file system: file:/home/diego/Documentos/concurrente/Restaurant/cynthia/restaurante/target/classes/assets/textures/cliente_4.png
23:01:09.961 [JavaFX Application Thread] DEBUG FXGLAssetLoaderServi - Loading from file system: file:/home/diego/Documentos/concurrente/Restaurant/cynthia/restaurante/target/classes/assets/textures/cliente_5.png
23:01:10.868 [JavaFX Application Thread] DEBUG FXGLAssetLoaderServi - Loading from file system: file:/home/diego/Documentos/concurrente/Restaurant/cynthia/restaurante/target/classes/assets/textures/cliente_7.png
23:01:21.891 [JavaFX Application Thread] DEBUG FXGLAssetLoaderServi - Loading from file system: file:/home/diego/Documentos/concurrente/Restaurant/cynthia/restaurante/target/classes/assets/textures/cliente_2.png
23:01:25.373 [JavaFX Application Thread] DEBUG FXGLApplication      - Exiting FXGL
23:01:25.373 [JavaFX Application Thread] DEBUG LoopRunner           - Stopping loop
23:01:25.373 [JavaFX Application Thread] DEBUG SystemBundleService  - Saving FXGL system data
23:01:25.379 [JavaFX Application Thread] DEBUG FileSystemAccess     - Writing to: /home/diego/Documentos/concurrente/Restaurant/cynthia/restaurante/system/fxgl.bundle
23:01:25.388 [JavaFX Application Thread] DEBUG Async                - Shutting down background threads
23:01:25.388 [JavaFX Application Thread] DEBUG PrimaryStageWindow   - Closing main window
23:01:25.394 [JavaFX Application Thread] DEBUG Logger               - Closing Logger
