23:02:17.184 [com.example.restauranteup] DEBUG Logger               - Configured Logger
23:02:17.243 [com.example.restauranteup] DEBUG GameApplication      - Logging settings
Title: Restaurant Simulation
Version: 0.0
Width: 980
Height: 560
Fullscreen: false
Intro: false
Profiling: false
Single step:false
App Mode: DEVELOPER
Menu Key: ESCAPE
Stage Style: DECORATED
Scene Factory: class com.almasb.fxgl.app.scene.SceneFactory

23:02:17.893 [JavaFX Application Thread] DEBUG FXGLApplication      - Initializing FXGL
23:02:17.904 [JavaFX Application Thread] INFO  Engine               - FXGL-17.2 (20.08.2022 16.50) on LINUX (J:21.0.5 FX:18)
23:02:17.905 [JavaFX Application Thread] DEBUG Engine               - JRE Vendor Name: Red Hat, Inc.
23:02:17.906 [JavaFX Application Thread] DEBUG Engine               - Running on OS: Linux version 6.11.8-200.fc40.x86_64
23:02:17.907 [JavaFX Application Thread] DEBUG Engine               - Architecture: amd64
23:02:17.907 [JavaFX Application Thread] INFO  Engine               - Source code and latest versions at: https://github.com/AlmasB/FXGL
23:02:17.908 [JavaFX Application Thread] INFO  Engine               -       Ask questions and discuss at: https://github.com/AlmasB/FXGL/discussions
23:02:17.908 [JavaFX Application Thread] INFO  Engine               -              Join the FXGL chat at: https://gitter.im/AlmasB/FXGL
23:02:18.261 [JavaFX Application Thread] DEBUG PrimaryStageWindow   - Creating a JavaFX scene
23:02:18.515 [JavaFX Application Thread] DEBUG PrimaryStageWindow   - Target settings size: 980.0 x 560.0
23:02:18.516 [JavaFX Application Thread] DEBUG PrimaryStageWindow   - Scaled scene size:    980.0 x 560.0
23:02:18.516 [JavaFX Application Thread] DEBUG PrimaryStageWindow   - Scaled ratio: (1.0, 1.0)
23:02:18.519 [JavaFX Application Thread] DEBUG PrimaryStageWindow   - Set initial scene to FXGLStartupScene
23:02:18.544 [JavaFX Application Thread] DEBUG PrimaryStageWindow   - Opening main window
23:02:18.758 [JavaFX Application Thread] DEBUG PrimaryStageWindow   - Window border size: (8.0, 38.0)
23:02:18.759 [JavaFX Application Thread] DEBUG PrimaryStageWindow   - Scaled size: 980.0 x 560.0
23:02:18.759 [JavaFX Application Thread] DEBUG PrimaryStageWindow   - Scaled ratio: (1.0, 1.0)
23:02:18.760 [JavaFX Application Thread] DEBUG PrimaryStageWindow   - Scene size: 980.0 x 560.0
23:02:18.761 [JavaFX Application Thread] DEBUG PrimaryStageWindow   - Stage size: 988.0 x 598.0
23:02:18.781 [FXGL Background Thread 1 ] DEBUG Engine               - Initializing environment variables
23:02:18.885 [FXGL Background Thread 1 ] DEBUG FXGLAssetLoaderServi - User app class for loading assets: class com.example.restauranteup.App
23:02:18.886 [FXGL Background Thread 1 ] DEBUG GameApplicationServi - Applying CSS: fxgl_dark.css
23:02:18.888 [FXGL Background Thread 1 ] DEBUG FXGLAssetLoaderServi - Loading from file system: jar:file:/home/diego/.m2/repository/com/github/almasb/fxgl/17.2/fxgl-17.2.jar!/fxglassets/ui/css/fxgl_dark.css
23:02:19.027 [FXGL Background Thread 1 ] DEBUG GameApplicationServi - Initializing application scenes
23:02:19.195 [FXGL Background Thread 1 ] DEBUG GameWorld            - Game world initialized
23:02:19.443 [FXGL Background Thread 1 ] DEBUG PhysicsWorld         - Physics world initialized: appHeight=560, physics.ppm=50.0
23:02:19.444 [FXGL Background Thread 1 ] DEBUG PhysicsWorld         - Using strategy: BRUTE_FORCE
23:02:19.474 [FXGL Background Thread 1 ] DEBUG GameScene            - Game scene initialized: 980x560
23:02:19.547 [FXGL Background Thread 1 ] WARN  FXGL.DefaultMenu     - FXGLDefaultMenu is not designed for resolutions < 800x600
23:02:19.548 [FXGL Background Thread 1 ] DEBUG FXGL.DefaultMenu     - createMenuBodyGameMenu()
23:02:19.664 [FXGL Background Thread 1 ] DEBUG FXGL.DefaultMenu     - createOptionsMenu()
23:02:19.717 [FXGL Background Thread 1 ] DEBUG FXGLAssetLoaderServi - Loading from file system: jar:file:/home/diego/.m2/repository/com/github/almasb/fxgl/17.2/fxgl-17.2.jar!/fxglassets/textures/particles/smoke.png
23:02:20.094 [FXGL Background Thread 1 ] DEBUG FXGLAssetLoaderServi - Loading from file system: jar:file:/home/diego/.m2/repository/com/github/almasb/fxgl/17.2/fxgl-17.2.jar!/fxglassets/textures/particles/trace_horizontal.png
23:02:20.168 [FXGL Background Thread 1 ] DEBUG GameApplicationServi - Application scenes initialized
23:02:20.215 [FXGL Background Thread 1 ] DEBUG SystemBundleService  - Loading FXGL system data
23:02:20.226 [FXGL Background Thread 1 ] DEBUG FileSystemAccess     - Reading from: /home/diego/Documentos/concurrente/Restaurant/cynthia/restaurante/system/fxgl.bundle
23:02:20.248 [FXGL Background Thread 1 ] DEBUG SystemBundleService  - Bundle FXGL: {}
23:02:20.249 [FXGL Background Thread 1 ] DEBUG UpdaterService       - Checking for updates
23:02:20.260 [FXGL Background Thread 4 ] DEBUG FXGLApplication      - Loading fonts
23:02:20.261 [FXGL Background Thread 4 ] DEBUG FXGLAssetLoaderServi - Loading from file system: jar:file:/home/diego/.m2/repository/com/github/almasb/fxgl/17.2/fxgl-17.2.jar!/fxglassets/ui/fonts/VarelaRound-Regular.ttf
23:02:20.262 [FXGL Background Thread 1 ] DEBUG FXGLApplication      - Loading default localization
23:02:20.266 [FXGL Background Thread 1 ] DEBUG FXGLAssetLoaderServi - Loading from file system: jar:file:/home/diego/.m2/repository/com/github/almasb/fxgl/17.2/fxgl-17.2.jar!/fxglassets/languages/english.lang
23:02:20.282 [FXGL Background Thread 4 ] DEBUG FXGLAssetLoaderServi - Loading from file system: jar:file:/home/diego/.m2/repository/com/github/almasb/fxgl/17.2/fxgl-17.2.jar!/fxglassets/ui/fonts/Abel-Regular.ttf
23:02:20.289 [FXGL Background Thread 4 ] DEBUG FXGLAssetLoaderServi - Loading from file system: jar:file:/home/diego/.m2/repository/com/github/almasb/fxgl/17.2/fxgl-17.2.jar!/fxglassets/ui/fonts/TerminalLandMono-Regular.otf
23:02:20.304 [FXGL Background Thread 4 ] DEBUG FXGLAssetLoaderServi - Loading from file system: jar:file:/home/diego/.m2/repository/com/github/almasb/fxgl/17.2/fxgl-17.2.jar!/fxglassets/ui/fonts/Courier-Prime.ttf
23:02:20.319 [JavaFX Application Thread] DEBUG FXGLApplication      - Registering font factories with UI factory
23:02:20.335 [FXGL Background Thread 1 ] INFO  FXGLApplication      - FXGL initialization took: 1.553 sec
23:02:20.343 [JavaFX Application Thread] DEBUG FXGLAssetLoaderServi - Loading from file system: jar:file:/home/diego/.m2/repository/com/github/almasb/fxgl/17.2/fxgl-17.2.jar!/fxglassets/textures/fxgl_icon.png
23:02:20.435 [JavaFX Application Thread] DEBUG FXGLAssetLoaderServi - Loading from file system: jar:file:/home/diego/.m2/repository/com/github/almasb/fxgl/17.2/fxgl-17.2.jar!/fxglassets/textures/fxgl_default_cursor.png
23:02:20.467 [JavaFX Application Thread] DEBUG Input                - Registered new binding: Screenshot - CTRL+8
23:02:20.469 [JavaFX Application Thread] DEBUG Input                - Registered new binding: System info dump - CTRL+9
23:02:20.470 [JavaFX Application Thread] DEBUG Input                - Registered new binding: Restart - CTRL+R
23:02:20.472 [JavaFX Application Thread] DEBUG Input                - Registered new binding: Toggle Debug Camera - CTRL+7
23:02:20.477 [JavaFX Application Thread] DEBUG LoopRunner           - Starting loop
23:02:20.478 [JavaFX Application Thread] DEBUG LoopRunner           - Initializing JavaFX AnimationTimerLoop
23:02:20.481 [JavaFX Application Thread] DEBUG GameApplicationServi - Starting new game
23:02:20.483 [JavaFX Application Thread] DEBUG Input                - Clearing active input actions
23:02:20.522 [JavaFX Application Thread] DEBUG GameApplicationServi - Removing overlay from FXGLStartupScene and adding to FXGLLoadingScene
23:02:20.523 [JavaFX Application Thread] DEBUG PrimaryStageWindow   - FXGLStartupScene -> FXGLLoadingScene
23:02:20.524 [JavaFX Application Thread] DEBUG GameApplicationServi - Clearing previous game
23:02:20.524 [JavaFX Application Thread] DEBUG GameScene            - Clearing game scene
23:02:20.524 [JavaFX Application Thread] DEBUG GameWorld            - Clearing game world
23:02:20.524 [JavaFX Application Thread] DEBUG PhysicsWorld         - Clearing physics world
23:02:20.530 [FXGL Background Thread 1 ] DEBUG FXGLApplication      - Initializing game
23:02:20.545 [FXGL Background Thread 1 ] DEBUG FXGLAssetLoaderServi - Loading from file system: file:/home/diego/Documentos/concurrente/Restaurant/cynthia/restaurante/target/classes/assets/textures/escenario.png
23:02:20.775 [FXGL Background Thread 1 ] DEBUG FXGLAssetLoaderServi - Loading from file system: file:/home/diego/Documentos/concurrente/Restaurant/cynthia/restaurante/target/classes/assets/textures/cocinero.png
23:02:21.338 [FXGL Background Thread 1 ] DEBUG FXGLAssetLoaderServi - Loading from file system: file:/home/diego/Documentos/concurrente/Restaurant/cynthia/restaurante/target/classes/assets/textures/mesero.png
23:02:21.360 [FXGL Background Thread 1 ] DEBUG FXGLAssetLoaderServi - Loading from file system: file:/home/diego/Documentos/concurrente/Restaurant/cynthia/restaurante/target/classes/assets/textures/aguachile.png
23:02:21.481 [FXGL Background Thread 1 ] INFO  FXGLApplication      - Game initialization took: 0.951 sec
23:02:21.526 [JavaFX Application Thread] DEBUG Input                - Clearing active input actions
23:02:21.609 [JavaFX Application Thread] DEBUG GameApplicationServi - Removing overlay from FXGLLoadingScene and adding to GameScene
23:02:21.614 [JavaFX Application Thread] DEBUG PrimaryStageWindow   - FXGLLoadingScene -> GameScene
23:02:22.573 [FXGL Background Thread 2 ] INFO  UpdaterService       - Your current version:  17.2
23:02:22.574 [FXGL Background Thread 2 ] INFO  UpdaterService       - Latest stable version: 21.1
23:02:23.256 [FXGL Background Thread 3 ] DEBUG Engine               - Logging environment variables
23:02:23.258 [FXGL Background Thread 3 ] DEBUG Engine               - achievements: []
23:02:23.259 [FXGL Background Thread 3 ] DEBUG Engine               - actualHeight: 560.0
23:02:23.260 [FXGL Background Thread 3 ] DEBUG Engine               - actualHeightProperty: ReadOnlyDoubleProperty [value: 560.0]
23:02:23.260 [FXGL Background Thread 3 ] DEBUG Engine               - actualWidth: 980.0
23:02:23.261 [FXGL Background Thread 3 ] DEBUG Engine               - actualWidthProperty: ReadOnlyDoubleProperty [value: 980.0]
23:02:23.261 [FXGL Background Thread 3 ] DEBUG Engine               - appIcon: fxgl_icon.png
23:02:23.261 [FXGL Background Thread 3 ] DEBUG Engine               - applicationMode: DEVELOPER
23:02:23.262 [FXGL Background Thread 3 ] DEBUG Engine               - cSSList: [fxgl_dark.css]
23:02:23.262 [FXGL Background Thread 3 ] DEBUG Engine               - collisionDetectionStrategy: BRUTE_FORCE
23:02:23.263 [FXGL Background Thread 3 ] DEBUG Engine               - configClass: Optional.empty
23:02:23.263 [FXGL Background Thread 3 ] DEBUG Engine               - credits: []
23:02:23.265 [FXGL Background Thread 3 ] DEBUG Engine               - defaultCursor: CursorInfo(imageName=fxgl_default_cursor.png, hotspotX=7.0, hotspotY=6.0)
23:02:23.267 [FXGL Background Thread 3 ] DEBUG Engine               - devBBoxColorProperty: ObjectProperty [value: 0xff0000ff]
23:02:23.267 [FXGL Background Thread 3 ] DEBUG Engine               - devEnableDebugCameraProperty: BooleanProperty [value: false]
23:02:23.268 [FXGL Background Thread 3 ] DEBUG Engine               - devSensorColorProperty: ObjectProperty [value: 0xffff00ff]
23:02:23.268 [FXGL Background Thread 3 ] DEBUG Engine               - devShowBBoxProperty: BooleanProperty [value: false]
23:02:23.269 [FXGL Background Thread 3 ] DEBUG Engine               - devShowPositionProperty: BooleanProperty [value: false]
23:02:23.269 [FXGL Background Thread 3 ] DEBUG Engine               - enabledMenuItems: []
23:02:23.269 [FXGL Background Thread 3 ] DEBUG Engine               - engineServices: [class com.almasb.fxgl.app.services.FXGLAssetLoaderService, class com.almasb.fxgl.app.FXGLApplication$GameApplicationService, class com.almasb.fxgl.app.services.FXGLDialogService, class com.almasb.fxgl.app.services.IOTaskExecutorService, class com.almasb.fxgl.io.FileSystemService, class com.almasb.fxgl.localization.LocalizationService, class com.almasb.fxgl.app.services.SystemBundleService, class com.almasb.fxgl.profile.SaveLoadService, class com.almasb.fxgl.ui.FXGLUIFactoryServiceProvider, class com.almasb.fxgl.ui.FXGLDialogFactoryServiceProvider, class com.almasb.fxgl.audio.AudioPlayer, class com.almasb.fxgl.notification.impl.NotificationServiceProvider, class com.almasb.fxgl.achievement.AchievementService, class com.almasb.fxgl.cutscene.CutsceneService, class com.almasb.fxgl.minigames.MiniGameService, class com.almasb.fxgl.net.NetService, class com.almasb.fxgl.app.services.UpdaterService, class com.almasb.fxgl.dev.DevService]
23:02:23.270 [FXGL Background Thread 3 ] DEBUG Engine               - fontGame: Abel-Regular.ttf
23:02:23.270 [FXGL Background Thread 3 ] DEBUG Engine               - fontMono: TerminalLandMono-Regular.otf
23:02:23.270 [FXGL Background Thread 3 ] DEBUG Engine               - fontText: Courier-Prime.ttf
23:02:23.271 [FXGL Background Thread 3 ] DEBUG Engine               - fontUI: VarelaRound-Regular.ttf
23:02:23.271 [FXGL Background Thread 3 ] DEBUG Engine               - fullScreen: BooleanProperty [value: false]
23:02:23.272 [FXGL Background Thread 3 ] DEBUG Engine               - gameDifficulty: MEDIUM
23:02:23.272 [FXGL Background Thread 3 ] DEBUG Engine               - gameDifficultyProperty: ObjectProperty [value: MEDIUM]
23:02:23.272 [FXGL Background Thread 3 ] DEBUG Engine               - globalMusicVolume: 0.5
23:02:23.273 [FXGL Background Thread 3 ] DEBUG Engine               - globalMusicVolumeProperty: DoubleProperty [value: 0.5]
23:02:23.274 [FXGL Background Thread 3 ] DEBUG Engine               - globalSoundVolume: 0.5
23:02:23.274 [FXGL Background Thread 3 ] DEBUG Engine               - globalSoundVolumeProperty: DoubleProperty [value: 0.5]
23:02:23.275 [FXGL Background Thread 3 ] DEBUG Engine               - height: 560
23:02:23.275 [FXGL Background Thread 3 ] DEBUG Engine               - is3D: false
23:02:23.275 [FXGL Background Thread 3 ] DEBUG Engine               - isAndroid: false
23:02:23.276 [FXGL Background Thread 3 ] DEBUG Engine               - isBrowser: false
23:02:23.276 [FXGL Background Thread 3 ] DEBUG Engine               - isClickFeedbackEnabled: false
23:02:23.276 [FXGL Background Thread 3 ] DEBUG Engine               - isCloseConfirmation: false
23:02:23.277 [FXGL Background Thread 3 ] DEBUG Engine               - isDesktop: true
23:02:23.277 [FXGL Background Thread 3 ] DEBUG Engine               - isDeveloperMenuEnabled: false
23:02:23.277 [FXGL Background Thread 3 ] DEBUG Engine               - isEmbedded: false
23:02:23.278 [FXGL Background Thread 3 ] DEBUG Engine               - isEntityPreloadEnabled: true
23:02:23.278 [FXGL Background Thread 3 ] DEBUG Engine               - isExperimentalTiledLargeMap: false
23:02:23.278 [FXGL Background Thread 3 ] DEBUG Engine               - isFileSystemWriteAllowed: true
23:02:23.279 [FXGL Background Thread 3 ] DEBUG Engine               - isFullScreenAllowed: false
23:02:23.279 [FXGL Background Thread 3 ] DEBUG Engine               - isFullScreenFromStart: false
23:02:23.279 [FXGL Background Thread 3 ] DEBUG Engine               - isGameMenuEnabled: true
23:02:23.280 [FXGL Background Thread 3 ] DEBUG Engine               - isIOS: false
23:02:23.280 [FXGL Background Thread 3 ] DEBUG Engine               - isIntroEnabled: false
23:02:23.281 [FXGL Background Thread 3 ] DEBUG Engine               - isLinux: true
23:02:23.281 [FXGL Background Thread 3 ] DEBUG Engine               - isMac: false
23:02:23.281 [FXGL Background Thread 3 ] DEBUG Engine               - isMainMenuEnabled: false
23:02:23.282 [FXGL Background Thread 3 ] DEBUG Engine               - isManualResizeEnabled: false
23:02:23.283 [FXGL Background Thread 3 ] DEBUG Engine               - isMobile: false
23:02:23.283 [FXGL Background Thread 3 ] DEBUG Engine               - isNative: false
23:02:23.283 [FXGL Background Thread 3 ] DEBUG Engine               - isPauseMusicWhenMinimized: true
23:02:23.283 [FXGL Background Thread 3 ] DEBUG Engine               - isPreserveResizeRatio: false
23:02:23.284 [FXGL Background Thread 3 ] DEBUG Engine               - isProfilingEnabled: false
23:02:23.284 [FXGL Background Thread 3 ] DEBUG Engine               - isScaleAffectedOnResize: true
23:02:23.284 [FXGL Background Thread 3 ] DEBUG Engine               - isSingleStep: false
23:02:23.284 [FXGL Background Thread 3 ] DEBUG Engine               - isUserProfileEnabled: false
23:02:23.285 [FXGL Background Thread 3 ] DEBUG Engine               - isWindows: false
23:02:23.285 [FXGL Background Thread 3 ] DEBUG Engine               - language: ObjectProperty [value: ENGLISH]
23:02:23.285 [FXGL Background Thread 3 ] DEBUG Engine               - menuKey: ESCAPE
23:02:23.285 [FXGL Background Thread 3 ] DEBUG Engine               - mouseSensitivity: 0.2
23:02:23.286 [FXGL Background Thread 3 ] DEBUG Engine               - notificationViewClass: class com.almasb.fxgl.notification.view.XboxNotificationView
23:02:23.286 [FXGL Background Thread 3 ] DEBUG Engine               - pixelsPerMeter: 50.0
23:02:23.286 [FXGL Background Thread 3 ] DEBUG Engine               - platform: LINUX
23:02:23.286 [FXGL Background Thread 3 ] DEBUG Engine               - prefHeightProperty: ReadOnlyDoubleProperty [value: 560.0]
23:02:23.287 [FXGL Background Thread 3 ] DEBUG Engine               - prefWidthProperty: ReadOnlyDoubleProperty [value: 980.0]
23:02:23.287 [FXGL Background Thread 3 ] DEBUG Engine               - profileDir: profiles/
23:02:23.287 [FXGL Background Thread 3 ] DEBUG Engine               - profileName: StringProperty [value: DEFAULT]
23:02:23.287 [FXGL Background Thread 3 ] DEBUG Engine               - randomSeed: -1
23:02:23.289 [FXGL Background Thread 3 ] DEBUG Engine               - runtimeInfo: RuntimeInfo(platform=LINUX, version=17.2, build=20.08.2022 16.50)
23:02:23.289 [FXGL Background Thread 3 ] DEBUG Engine               - saveFileExt: sav
23:02:23.290 [FXGL Background Thread 3 ] DEBUG Engine               - scaledHeightProp$fxgl: DoubleProperty [bound, value: 560.0]
23:02:23.290 [FXGL Background Thread 3 ] DEBUG Engine               - scaledWidthProp$fxgl: DoubleProperty [bound, value: 980.0]
23:02:23.290 [FXGL Background Thread 3 ] DEBUG Engine               - sceneFactory: com.almasb.fxgl.app.scene.SceneFactory@737f08b6
23:02:23.290 [FXGL Background Thread 3 ] DEBUG Engine               - secondsIn24h: 60
23:02:23.291 [FXGL Background Thread 3 ] DEBUG Engine               - soundMenuBack: menu/back.wav
23:02:23.291 [FXGL Background Thread 3 ] DEBUG Engine               - soundMenuPress: menu/press.wav
23:02:23.291 [FXGL Background Thread 3 ] DEBUG Engine               - soundMenuSelect: menu/select.wav
23:02:23.291 [FXGL Background Thread 3 ] DEBUG Engine               - soundNotification: core/notification.wav
23:02:23.291 [FXGL Background Thread 3 ] DEBUG Engine               - stageStyle: DECORATED
23:02:23.292 [FXGL Background Thread 3 ] DEBUG Engine               - supportedLanguages: [ENGLISH, FRENCH, GERMAN, HUNGARIAN, RUSSIAN]
23:02:23.292 [FXGL Background Thread 3 ] DEBUG Engine               - ticksPerSecond: -1
23:02:23.292 [FXGL Background Thread 3 ] DEBUG Engine               - title: Restaurant Simulation
23:02:23.293 [FXGL Background Thread 3 ] DEBUG Engine               - urlGithub: https://github.com/AlmasB/FXGL
23:02:23.293 [FXGL Background Thread 3 ] DEBUG Engine               - urlLeaderboard: http://fxgl-top.herokuapp.com/
23:02:23.293 [FXGL Background Thread 3 ] DEBUG Engine               - urlPOM: https://raw.githubusercontent.com/AlmasB/FXGL/release/README.md
23:02:23.293 [FXGL Background Thread 3 ] DEBUG Engine               - userAppClass: class com.example.restauranteup.App
23:02:23.293 [FXGL Background Thread 3 ] DEBUG Engine               - version: 0.0
23:02:23.293 [FXGL Background Thread 3 ] DEBUG Engine               - versionCheckDays: 7
23:02:23.294 [FXGL Background Thread 3 ] DEBUG Engine               - width: 980
23:02:23.294 [FXGL Background Thread 3 ] DEBUG Engine               - Logging services
23:02:23.294 [FXGL Background Thread 3 ] DEBUG Engine               - class com.almasb.fxgl.app.services.FXGLAssetLoaderService
23:02:23.294 [FXGL Background Thread 3 ] DEBUG Engine               - class com.almasb.fxgl.app.FXGLApplication$GameApplicationService
23:02:23.295 [FXGL Background Thread 3 ] DEBUG Engine               - class com.almasb.fxgl.app.services.FXGLDialogService
23:02:23.295 [FXGL Background Thread 3 ] DEBUG Engine               - class com.almasb.fxgl.app.services.IOTaskExecutorService
23:02:23.295 [FXGL Background Thread 3 ] DEBUG Engine               - class com.almasb.fxgl.io.FileSystemService
23:02:23.295 [FXGL Background Thread 3 ] DEBUG Engine               - class com.almasb.fxgl.localization.LocalizationService
23:02:23.295 [FXGL Background Thread 3 ] DEBUG Engine               - class com.almasb.fxgl.app.services.SystemBundleService
23:02:23.295 [FXGL Background Thread 3 ] DEBUG Engine               - class com.almasb.fxgl.profile.SaveLoadService
23:02:23.295 [FXGL Background Thread 3 ] DEBUG Engine               - class com.almasb.fxgl.ui.FXGLUIFactoryServiceProvider
23:02:23.296 [FXGL Background Thread 3 ] DEBUG Engine               - class com.almasb.fxgl.ui.FXGLDialogFactoryServiceProvider
23:02:23.296 [FXGL Background Thread 3 ] DEBUG Engine               - class com.almasb.fxgl.audio.AudioPlayer
23:02:23.296 [FXGL Background Thread 3 ] DEBUG Engine               - class com.almasb.fxgl.notification.impl.NotificationServiceProvider
23:02:23.296 [FXGL Background Thread 3 ] DEBUG Engine               - class com.almasb.fxgl.achievement.AchievementService
23:02:23.296 [FXGL Background Thread 3 ] DEBUG Engine               - class com.almasb.fxgl.cutscene.CutsceneService
23:02:23.296 [FXGL Background Thread 3 ] DEBUG Engine               - class com.almasb.fxgl.minigames.MiniGameService
23:02:23.297 [FXGL Background Thread 3 ] DEBUG Engine               - class com.almasb.fxgl.net.NetService
23:02:23.297 [FXGL Background Thread 3 ] DEBUG Engine               - class com.almasb.fxgl.app.services.UpdaterService
23:02:23.297 [FXGL Background Thread 3 ] DEBUG Engine               - class com.almasb.fxgl.dev.DevService
23:02:25.137 [JavaFX Application Thread] DEBUG FXGLAssetLoaderServi - Loading from file system: file:/home/diego/Documentos/concurrente/Restaurant/cynthia/restaurante/target/classes/assets/textures/cliente_7.png
23:02:30.344 [JavaFX Application Thread] DEBUG FXGLApplication      - Exiting FXGL
23:02:30.344 [JavaFX Application Thread] DEBUG LoopRunner           - Stopping loop
23:02:30.345 [JavaFX Application Thread] DEBUG SystemBundleService  - Saving FXGL system data
23:02:30.352 [JavaFX Application Thread] DEBUG FileSystemAccess     - Writing to: /home/diego/Documentos/concurrente/Restaurant/cynthia/restaurante/system/fxgl.bundle
23:02:30.363 [JavaFX Application Thread] DEBUG Async                - Shutting down background threads
23:02:30.364 [JavaFX Application Thread] DEBUG PrimaryStageWindow   - Closing main window
23:02:30.370 [JavaFX Application Thread] DEBUG Logger               - Closing Logger
