22:59:52.525 [com.example.restauranteup] DEBUG Logger               - Configured Logger
22:59:52.578 [com.example.restauranteup] DEBUG GameApplication      - Logging settings
Title: Restaurant Simulation
Version: 0.0
Width: 980
Height: 560
Fullscreen: false
Intro: false
Profiling: false
Single step:false
App Mode: DEVELOPER
Menu Key: ESCAPE
Stage Style: DECORATED
Scene Factory: class com.almasb.fxgl.app.scene.SceneFactory

22:59:53.281 [JavaFX Application Thread] DEBUG FXGLApplication      - Initializing FXGL
22:59:53.294 [JavaFX Application Thread] INFO  Engine               - FXGL-17.2 (20.08.2022 16.50) on LINUX (J:21.0.5 FX:18)
22:59:53.295 [JavaFX Application Thread] DEBUG Engine               - JRE Vendor Name: Red Hat, Inc.
22:59:53.296 [JavaFX Application Thread] DEBUG Engine               - Running on OS: Linux version 6.11.8-200.fc40.x86_64
22:59:53.297 [JavaFX Application Thread] DEBUG Engine               - Architecture: amd64
22:59:53.297 [JavaFX Application Thread] INFO  Engine               - Source code and latest versions at: https://github.com/AlmasB/FXGL
22:59:53.298 [JavaFX Application Thread] INFO  Engine               -       Ask questions and discuss at: https://github.com/AlmasB/FXGL/discussions
22:59:53.298 [JavaFX Application Thread] INFO  Engine               -              Join the FXGL chat at: https://gitter.im/AlmasB/FXGL
22:59:53.784 [JavaFX Application Thread] DEBUG PrimaryStageWindow   - Creating a JavaFX scene
22:59:54.053 [JavaFX Application Thread] DEBUG PrimaryStageWindow   - Target settings size: 980.0 x 560.0
22:59:54.054 [JavaFX Application Thread] DEBUG PrimaryStageWindow   - Scaled scene size:    980.0 x 560.0
22:59:54.055 [JavaFX Application Thread] DEBUG PrimaryStageWindow   - Scaled ratio: (1.0, 1.0)
22:59:54.059 [JavaFX Application Thread] DEBUG PrimaryStageWindow   - Set initial scene to FXGLStartupScene
22:59:54.088 [JavaFX Application Thread] DEBUG PrimaryStageWindow   - Opening main window
22:59:54.359 [JavaFX Application Thread] DEBUG PrimaryStageWindow   - Window border size: (8.0, 38.0)
22:59:54.360 [JavaFX Application Thread] DEBUG PrimaryStageWindow   - Scaled size: 980.0 x 560.0
22:59:54.361 [JavaFX Application Thread] DEBUG PrimaryStageWindow   - Scaled ratio: (1.0, 1.0)
22:59:54.362 [JavaFX Application Thread] DEBUG PrimaryStageWindow   - Scene size: 980.0 x 560.0
22:59:54.363 [JavaFX Application Thread] DEBUG PrimaryStageWindow   - Stage size: 988.0 x 598.0
22:59:54.394 [FXGL Background Thread 1 ] DEBUG Engine               - Initializing environment variables
22:59:54.514 [FXGL Background Thread 1 ] DEBUG FXGLAssetLoaderServi - User app class for loading assets: class com.example.restauranteup.App
22:59:54.515 [FXGL Background Thread 1 ] DEBUG GameApplicationServi - Applying CSS: fxgl_dark.css
22:59:54.518 [FXGL Background Thread 1 ] DEBUG FXGLAssetLoaderServi - Loading from file system: jar:file:/home/diego/.m2/repository/com/github/almasb/fxgl/17.2/fxgl-17.2.jar!/fxglassets/ui/css/fxgl_dark.css
22:59:54.754 [FXGL Background Thread 1 ] DEBUG GameApplicationServi - Initializing application scenes
22:59:54.972 [FXGL Background Thread 1 ] DEBUG GameWorld            - Game world initialized
22:59:55.178 [FXGL Background Thread 1 ] DEBUG PhysicsWorld         - Physics world initialized: appHeight=560, physics.ppm=50.0
22:59:55.178 [FXGL Background Thread 1 ] DEBUG PhysicsWorld         - Using strategy: BRUTE_FORCE
22:59:55.191 [FXGL Background Thread 1 ] DEBUG GameScene            - Game scene initialized: 980x560
22:59:55.262 [FXGL Background Thread 1 ] WARN  FXGL.DefaultMenu     - FXGLDefaultMenu is not designed for resolutions < 800x600
22:59:55.263 [FXGL Background Thread 1 ] DEBUG FXGL.DefaultMenu     - createMenuBodyGameMenu()
22:59:55.323 [FXGL Background Thread 1 ] DEBUG FXGL.DefaultMenu     - createOptionsMenu()
22:59:55.362 [FXGL Background Thread 1 ] DEBUG FXGLAssetLoaderServi - Loading from file system: jar:file:/home/diego/.m2/repository/com/github/almasb/fxgl/17.2/fxgl-17.2.jar!/fxglassets/textures/particles/smoke.png
22:59:55.693 [FXGL Background Thread 1 ] DEBUG FXGLAssetLoaderServi - Loading from file system: jar:file:/home/diego/.m2/repository/com/github/almasb/fxgl/17.2/fxgl-17.2.jar!/fxglassets/textures/particles/trace_horizontal.png
22:59:55.776 [FXGL Background Thread 1 ] DEBUG GameApplicationServi - Application scenes initialized
22:59:55.826 [FXGL Background Thread 1 ] DEBUG SystemBundleService  - Loading FXGL system data
22:59:55.842 [FXGL Background Thread 1 ] DEBUG FileSystemAccess     - Reading from: /home/diego/Documentos/concurrente/Restaurant/cynthia/restaurante/system/fxgl.bundle
22:59:55.867 [FXGL Background Thread 1 ] DEBUG SystemBundleService  - Bundle FXGL: {}
22:59:55.867 [FXGL Background Thread 1 ] DEBUG UpdaterService       - Checking for updates
22:59:55.882 [FXGL Background Thread 4 ] DEBUG FXGLApplication      - Loading fonts
22:59:55.883 [FXGL Background Thread 1 ] DEBUG FXGLApplication      - Loading default localization
22:59:55.883 [FXGL Background Thread 4 ] DEBUG FXGLAssetLoaderServi - Loading from file system: jar:file:/home/diego/.m2/repository/com/github/almasb/fxgl/17.2/fxgl-17.2.jar!/fxglassets/ui/fonts/VarelaRound-Regular.ttf
22:59:55.885 [FXGL Background Thread 1 ] DEBUG FXGLAssetLoaderServi - Loading from file system: jar:file:/home/diego/.m2/repository/com/github/almasb/fxgl/17.2/fxgl-17.2.jar!/fxglassets/languages/english.lang
22:59:55.921 [FXGL Background Thread 4 ] DEBUG FXGLAssetLoaderServi - Loading from file system: jar:file:/home/diego/.m2/repository/com/github/almasb/fxgl/17.2/fxgl-17.2.jar!/fxglassets/ui/fonts/Abel-Regular.ttf
22:59:55.927 [FXGL Background Thread 1 ] INFO  FXGLApplication      - FXGL initialization took: 1.533 sec
22:59:55.929 [FXGL Background Thread 4 ] DEBUG FXGLAssetLoaderServi - Loading from file system: jar:file:/home/diego/.m2/repository/com/github/almasb/fxgl/17.2/fxgl-17.2.jar!/fxglassets/ui/fonts/TerminalLandMono-Regular.otf
22:59:55.933 [FXGL Background Thread 4 ] DEBUG FXGLAssetLoaderServi - Loading from file system: jar:file:/home/diego/.m2/repository/com/github/almasb/fxgl/17.2/fxgl-17.2.jar!/fxglassets/ui/fonts/Courier-Prime.ttf
22:59:55.934 [JavaFX Application Thread] DEBUG FXGLAssetLoaderServi - Loading from file system: jar:file:/home/diego/.m2/repository/com/github/almasb/fxgl/17.2/fxgl-17.2.jar!/fxglassets/textures/fxgl_icon.png
22:59:56.020 [JavaFX Application Thread] DEBUG FXGLAssetLoaderServi - Loading from file system: jar:file:/home/diego/.m2/repository/com/github/almasb/fxgl/17.2/fxgl-17.2.jar!/fxglassets/textures/fxgl_default_cursor.png
22:59:56.052 [JavaFX Application Thread] DEBUG Input                - Registered new binding: Screenshot - CTRL+8
22:59:56.055 [JavaFX Application Thread] DEBUG Input                - Registered new binding: System info dump - CTRL+9
22:59:56.056 [JavaFX Application Thread] DEBUG Input                - Registered new binding: Restart - CTRL+R
22:59:56.058 [JavaFX Application Thread] DEBUG Input                - Registered new binding: Toggle Debug Camera - CTRL+7
22:59:56.064 [JavaFX Application Thread] DEBUG LoopRunner           - Starting loop
22:59:56.064 [JavaFX Application Thread] DEBUG LoopRunner           - Initializing JavaFX AnimationTimerLoop
22:59:56.070 [JavaFX Application Thread] DEBUG GameApplicationServi - Starting new game
22:59:56.072 [JavaFX Application Thread] DEBUG Input                - Clearing active input actions
22:59:56.115 [JavaFX Application Thread] DEBUG GameApplicationServi - Removing overlay from FXGLStartupScene and adding to FXGLLoadingScene
22:59:56.116 [JavaFX Application Thread] DEBUG PrimaryStageWindow   - FXGLStartupScene -> FXGLLoadingScene
22:59:56.117 [JavaFX Application Thread] DEBUG GameApplicationServi - Clearing previous game
22:59:56.117 [JavaFX Application Thread] DEBUG GameScene            - Clearing game scene
22:59:56.117 [JavaFX Application Thread] DEBUG GameWorld            - Clearing game world
22:59:56.117 [JavaFX Application Thread] DEBUG PhysicsWorld         - Clearing physics world
22:59:56.121 [JavaFX Application Thread] DEBUG FXGLApplication      - Registering font factories with UI factory
22:59:56.129 [FXGL Background Thread 4 ] DEBUG FXGLAssetLoaderServi - Loading from file system: file:/home/diego/Documentos/concurrente/Restaurant/cynthia/restaurante/target/classes/assets/textures/escenario.png
22:59:56.306 [FXGL Background Thread 4 ] DEBUG FXGLAssetLoaderServi - Loading from file system: file:/home/diego/Documentos/concurrente/Restaurant/cynthia/restaurante/target/classes/assets/textures/cocinero.png
22:59:56.704 [FXGL Background Thread 4 ] DEBUG FXGLAssetLoaderServi - Loading from file system: file:/home/diego/Documentos/concurrente/Restaurant/cynthia/restaurante/target/classes/assets/textures/mesero.png
22:59:56.723 [FXGL Background Thread 4 ] DEBUG FXGLAssetLoaderServi - Loading from file system: file:/home/diego/Documentos/concurrente/Restaurant/cynthia/restaurante/target/classes/assets/textures/aguachile.png
22:59:56.822 [FXGL Background Thread 4 ] INFO  FXGLApplication      - Game initialization took: 0.700 sec
22:59:56.833 [JavaFX Application Thread] DEBUG Input                - Clearing active input actions
22:59:56.912 [JavaFX Application Thread] DEBUG GameApplicationServi - Removing overlay from FXGLLoadingScene and adding to GameScene
22:59:56.914 [JavaFX Application Thread] DEBUG PrimaryStageWindow   - FXGLLoadingScene -> GameScene
22:59:57.606 [FXGL Background Thread 2 ] INFO  UpdaterService       - Your current version:  17.2
22:59:57.607 [FXGL Background Thread 2 ] INFO  UpdaterService       - Latest stable version: 21.1
22:59:58.257 [JavaFX Application Thread] DEBUG FXGLAssetLoaderServi - Loading from file system: file:/home/diego/Documentos/concurrente/Restaurant/cynthia/restaurante/target/classes/assets/textures/cliente_5.png
22:59:58.875 [FXGL Background Thread 3 ] DEBUG Engine               - Logging environment variables
22:59:58.878 [FXGL Background Thread 3 ] DEBUG Engine               - achievements: []
22:59:58.878 [FXGL Background Thread 3 ] DEBUG Engine               - actualHeight: 560.0
22:59:58.879 [FXGL Background Thread 3 ] DEBUG Engine               - actualHeightProperty: ReadOnlyDoubleProperty [value: 560.0]
22:59:58.880 [FXGL Background Thread 3 ] DEBUG Engine               - actualWidth: 980.0
22:59:58.880 [FXGL Background Thread 3 ] DEBUG Engine               - actualWidthProperty: ReadOnlyDoubleProperty [value: 980.0]
22:59:58.881 [FXGL Background Thread 3 ] DEBUG Engine               - appIcon: fxgl_icon.png
22:59:58.881 [FXGL Background Thread 3 ] DEBUG Engine               - applicationMode: DEVELOPER
22:59:58.882 [FXGL Background Thread 3 ] DEBUG Engine               - cSSList: [fxgl_dark.css]
22:59:58.883 [FXGL Background Thread 3 ] DEBUG Engine               - collisionDetectionStrategy: BRUTE_FORCE
22:59:58.883 [FXGL Background Thread 3 ] DEBUG Engine               - configClass: Optional.empty
22:59:58.883 [FXGL Background Thread 3 ] DEBUG Engine               - credits: []
22:59:58.885 [FXGL Background Thread 3 ] DEBUG Engine               - defaultCursor: CursorInfo(imageName=fxgl_default_cursor.png, hotspotX=7.0, hotspotY=6.0)
22:59:58.886 [FXGL Background Thread 3 ] DEBUG Engine               - devBBoxColorProperty: ObjectProperty [value: 0xff0000ff]
22:59:58.887 [FXGL Background Thread 3 ] DEBUG Engine               - devEnableDebugCameraProperty: BooleanProperty [value: false]
22:59:58.888 [FXGL Background Thread 3 ] DEBUG Engine               - devSensorColorProperty: ObjectProperty [value: 0xffff00ff]
22:59:58.888 [FXGL Background Thread 3 ] DEBUG Engine               - devShowBBoxProperty: BooleanProperty [value: false]
22:59:58.889 [FXGL Background Thread 3 ] DEBUG Engine               - devShowPositionProperty: BooleanProperty [value: false]
22:59:58.890 [FXGL Background Thread 3 ] DEBUG Engine               - enabledMenuItems: []
22:59:58.890 [FXGL Background Thread 3 ] DEBUG Engine               - engineServices: [class com.almasb.fxgl.app.services.FXGLAssetLoaderService, class com.almasb.fxgl.app.FXGLApplication$GameApplicationService, class com.almasb.fxgl.app.services.FXGLDialogService, class com.almasb.fxgl.app.services.IOTaskExecutorService, class com.almasb.fxgl.io.FileSystemService, class com.almasb.fxgl.localization.LocalizationService, class com.almasb.fxgl.app.services.SystemBundleService, class com.almasb.fxgl.profile.SaveLoadService, class com.almasb.fxgl.ui.FXGLUIFactoryServiceProvider, class com.almasb.fxgl.ui.FXGLDialogFactoryServiceProvider, class com.almasb.fxgl.audio.AudioPlayer, class com.almasb.fxgl.notification.impl.NotificationServiceProvider, class com.almasb.fxgl.achievement.AchievementService, class com.almasb.fxgl.cutscene.CutsceneService, class com.almasb.fxgl.minigames.MiniGameService, class com.almasb.fxgl.net.NetService, class com.almasb.fxgl.app.services.UpdaterService, class com.almasb.fxgl.dev.DevService]
22:59:58.891 [FXGL Background Thread 3 ] DEBUG Engine               - fontGame: Abel-Regular.ttf
22:59:58.891 [FXGL Background Thread 3 ] DEBUG Engine               - fontMono: TerminalLandMono-Regular.otf
22:59:58.891 [FXGL Background Thread 3 ] DEBUG Engine               - fontText: Courier-Prime.ttf
22:59:58.892 [FXGL Background Thread 3 ] DEBUG Engine               - fontUI: VarelaRound-Regular.ttf
22:59:58.892 [FXGL Background Thread 3 ] DEBUG Engine               - fullScreen: BooleanProperty [value: false]
22:59:58.892 [FXGL Background Thread 3 ] DEBUG Engine               - gameDifficulty: MEDIUM
22:59:58.892 [FXGL Background Thread 3 ] DEBUG Engine               - gameDifficultyProperty: ObjectProperty [value: MEDIUM]
22:59:58.892 [FXGL Background Thread 3 ] DEBUG Engine               - globalMusicVolume: 0.5
22:59:58.894 [FXGL Background Thread 3 ] DEBUG Engine               - globalMusicVolumeProperty: DoubleProperty [value: 0.5]
22:59:58.895 [FXGL Background Thread 3 ] DEBUG Engine               - globalSoundVolume: 0.5
22:59:58.896 [FXGL Background Thread 3 ] DEBUG Engine               - globalSoundVolumeProperty: DoubleProperty [value: 0.5]
22:59:58.897 [FXGL Background Thread 3 ] DEBUG Engine               - height: 560
22:59:58.897 [FXGL Background Thread 3 ] DEBUG Engine               - is3D: false
22:59:58.898 [FXGL Background Thread 3 ] DEBUG Engine               - isAndroid: false
22:59:58.898 [FXGL Background Thread 3 ] DEBUG Engine               - isBrowser: false
22:59:58.898 [FXGL Background Thread 3 ] DEBUG Engine               - isClickFeedbackEnabled: false
22:59:58.898 [FXGL Background Thread 3 ] DEBUG Engine               - isCloseConfirmation: false
22:59:58.899 [FXGL Background Thread 3 ] DEBUG Engine               - isDesktop: true
22:59:58.899 [FXGL Background Thread 3 ] DEBUG Engine               - isDeveloperMenuEnabled: false
22:59:58.899 [FXGL Background Thread 3 ] DEBUG Engine               - isEmbedded: false
22:59:58.899 [FXGL Background Thread 3 ] DEBUG Engine               - isEntityPreloadEnabled: true
22:59:58.900 [FXGL Background Thread 3 ] DEBUG Engine               - isExperimentalTiledLargeMap: false
22:59:58.900 [FXGL Background Thread 3 ] DEBUG Engine               - isFileSystemWriteAllowed: true
22:59:58.901 [FXGL Background Thread 3 ] DEBUG Engine               - isFullScreenAllowed: false
22:59:58.901 [FXGL Background Thread 3 ] DEBUG Engine               - isFullScreenFromStart: false
22:59:58.901 [FXGL Background Thread 3 ] DEBUG Engine               - isGameMenuEnabled: true
22:59:58.901 [FXGL Background Thread 3 ] DEBUG Engine               - isIOS: false
22:59:58.901 [FXGL Background Thread 3 ] DEBUG Engine               - isIntroEnabled: false
22:59:58.902 [FXGL Background Thread 3 ] DEBUG Engine               - isLinux: true
22:59:58.902 [FXGL Background Thread 3 ] DEBUG Engine               - isMac: false
22:59:58.903 [FXGL Background Thread 3 ] DEBUG Engine               - isMainMenuEnabled: false
22:59:58.905 [FXGL Background Thread 3 ] DEBUG Engine               - isManualResizeEnabled: false
22:59:58.906 [FXGL Background Thread 3 ] DEBUG Engine               - isMobile: false
22:59:58.906 [FXGL Background Thread 3 ] DEBUG Engine               - isNative: false
22:59:58.907 [FXGL Background Thread 3 ] DEBUG Engine               - isPauseMusicWhenMinimized: true
22:59:58.907 [FXGL Background Thread 3 ] DEBUG Engine               - isPreserveResizeRatio: false
22:59:58.907 [FXGL Background Thread 3 ] DEBUG Engine               - isProfilingEnabled: false
22:59:58.907 [FXGL Background Thread 3 ] DEBUG Engine               - isScaleAffectedOnResize: true
22:59:58.908 [FXGL Background Thread 3 ] DEBUG Engine               - isSingleStep: false
22:59:58.908 [FXGL Background Thread 3 ] DEBUG Engine               - isUserProfileEnabled: false
22:59:58.908 [FXGL Background Thread 3 ] DEBUG Engine               - isWindows: false
22:59:58.908 [FXGL Background Thread 3 ] DEBUG Engine               - language: ObjectProperty [value: ENGLISH]
22:59:58.908 [FXGL Background Thread 3 ] DEBUG Engine               - menuKey: ESCAPE
22:59:58.909 [FXGL Background Thread 3 ] DEBUG Engine               - mouseSensitivity: 0.2
22:59:58.909 [FXGL Background Thread 3 ] DEBUG Engine               - notificationViewClass: class com.almasb.fxgl.notification.view.XboxNotificationView
22:59:58.909 [FXGL Background Thread 3 ] DEBUG Engine               - pixelsPerMeter: 50.0
22:59:58.909 [FXGL Background Thread 3 ] DEBUG Engine               - platform: LINUX
22:59:58.910 [FXGL Background Thread 3 ] DEBUG Engine               - prefHeightProperty: ReadOnlyDoubleProperty [value: 560.0]
22:59:58.910 [FXGL Background Thread 3 ] DEBUG Engine               - prefWidthProperty: ReadOnlyDoubleProperty [value: 980.0]
22:59:58.911 [FXGL Background Thread 3 ] DEBUG Engine               - profileDir: profiles/
22:59:58.911 [FXGL Background Thread 3 ] DEBUG Engine               - profileName: StringProperty [value: DEFAULT]
22:59:58.911 [FXGL Background Thread 3 ] DEBUG Engine               - randomSeed: -1
22:59:58.913 [FXGL Background Thread 3 ] DEBUG Engine               - runtimeInfo: RuntimeInfo(platform=LINUX, version=17.2, build=20.08.2022 16.50)
22:59:58.913 [FXGL Background Thread 3 ] DEBUG Engine               - saveFileExt: sav
22:59:58.914 [FXGL Background Thread 3 ] DEBUG Engine               - scaledHeightProp$fxgl: DoubleProperty [bound, value: 560.0]
22:59:58.914 [FXGL Background Thread 3 ] DEBUG Engine               - scaledWidthProp$fxgl: DoubleProperty [bound, value: 980.0]
22:59:58.915 [FXGL Background Thread 3 ] DEBUG Engine               - sceneFactory: com.almasb.fxgl.app.scene.SceneFactory@4cc1fcf3
22:59:58.915 [FXGL Background Thread 3 ] DEBUG Engine               - secondsIn24h: 60
22:59:58.915 [FXGL Background Thread 3 ] DEBUG Engine               - soundMenuBack: menu/back.wav
22:59:58.915 [FXGL Background Thread 3 ] DEBUG Engine               - soundMenuPress: menu/press.wav
22:59:58.915 [FXGL Background Thread 3 ] DEBUG Engine               - soundMenuSelect: menu/select.wav
22:59:58.916 [FXGL Background Thread 3 ] DEBUG Engine               - soundNotification: core/notification.wav
22:59:58.916 [FXGL Background Thread 3 ] DEBUG Engine               - stageStyle: DECORATED
22:59:58.917 [FXGL Background Thread 3 ] DEBUG Engine               - supportedLanguages: [ENGLISH, FRENCH, GERMAN, HUNGARIAN, RUSSIAN]
22:59:58.917 [FXGL Background Thread 3 ] DEBUG Engine               - ticksPerSecond: -1
22:59:58.917 [FXGL Background Thread 3 ] DEBUG Engine               - title: Restaurant Simulation
22:59:58.917 [FXGL Background Thread 3 ] DEBUG Engine               - urlGithub: https://github.com/AlmasB/FXGL
22:59:58.918 [FXGL Background Thread 3 ] DEBUG Engine               - urlLeaderboard: http://fxgl-top.herokuapp.com/
22:59:58.918 [FXGL Background Thread 3 ] DEBUG Engine               - urlPOM: https://raw.githubusercontent.com/AlmasB/FXGL/release/README.md
22:59:58.919 [FXGL Background Thread 3 ] DEBUG Engine               - userAppClass: class com.example.restauranteup.App
22:59:58.919 [FXGL Background Thread 3 ] DEBUG Engine               - version: 0.0
22:59:58.920 [FXGL Background Thread 3 ] DEBUG Engine               - versionCheckDays: 7
22:59:58.920 [FXGL Background Thread 3 ] DEBUG Engine               - width: 980
22:59:58.920 [FXGL Background Thread 3 ] DEBUG Engine               - Logging services
22:59:58.920 [FXGL Background Thread 3 ] DEBUG Engine               - class com.almasb.fxgl.app.services.FXGLAssetLoaderService
22:59:58.921 [FXGL Background Thread 3 ] DEBUG Engine               - class com.almasb.fxgl.app.FXGLApplication$GameApplicationService
22:59:58.921 [FXGL Background Thread 3 ] DEBUG Engine               - class com.almasb.fxgl.app.services.FXGLDialogService
22:59:58.921 [FXGL Background Thread 3 ] DEBUG Engine               - class com.almasb.fxgl.app.services.IOTaskExecutorService
22:59:58.921 [FXGL Background Thread 3 ] DEBUG Engine               - class com.almasb.fxgl.io.FileSystemService
22:59:58.921 [FXGL Background Thread 3 ] DEBUG Engine               - class com.almasb.fxgl.localization.LocalizationService
22:59:58.922 [FXGL Background Thread 3 ] DEBUG Engine               - class com.almasb.fxgl.app.services.SystemBundleService
22:59:58.922 [FXGL Background Thread 3 ] DEBUG Engine               - class com.almasb.fxgl.profile.SaveLoadService
22:59:58.923 [FXGL Background Thread 3 ] DEBUG Engine               - class com.almasb.fxgl.ui.FXGLUIFactoryServiceProvider
22:59:58.923 [FXGL Background Thread 3 ] DEBUG Engine               - class com.almasb.fxgl.ui.FXGLDialogFactoryServiceProvider
22:59:58.923 [FXGL Background Thread 3 ] DEBUG Engine               - class com.almasb.fxgl.audio.AudioPlayer
22:59:58.923 [FXGL Background Thread 3 ] DEBUG Engine               - class com.almasb.fxgl.notification.impl.NotificationServiceProvider
22:59:58.923 [FXGL Background Thread 3 ] DEBUG Engine               - class com.almasb.fxgl.achievement.AchievementService
22:59:58.923 [FXGL Background Thread 3 ] DEBUG Engine               - class com.almasb.fxgl.cutscene.CutsceneService
22:59:58.924 [FXGL Background Thread 3 ] DEBUG Engine               - class com.almasb.fxgl.minigames.MiniGameService
22:59:58.924 [FXGL Background Thread 3 ] DEBUG Engine               - class com.almasb.fxgl.net.NetService
22:59:58.924 [FXGL Background Thread 3 ] DEBUG Engine               - class com.almasb.fxgl.app.services.UpdaterService
22:59:58.924 [FXGL Background Thread 3 ] DEBUG Engine               - class com.almasb.fxgl.dev.DevService
22:59:59.228 [JavaFX Application Thread] DEBUG FXGLAssetLoaderServi - Loading from file system: file:/home/diego/Documentos/concurrente/Restaurant/cynthia/restaurante/target/classes/assets/textures/cliente_7.png
23:00:04.244 [JavaFX Application Thread] DEBUG FXGLAssetLoaderServi - Loading from file system: file:/home/diego/Documentos/concurrente/Restaurant/cynthia/restaurante/target/classes/assets/textures/cliente_3.png
23:00:05.132 [JavaFX Application Thread] DEBUG FXGLApplication      - Exiting FXGL
23:00:05.133 [JavaFX Application Thread] DEBUG LoopRunner           - Stopping loop
23:00:05.133 [JavaFX Application Thread] DEBUG SystemBundleService  - Saving FXGL system data
23:00:05.139 [JavaFX Application Thread] DEBUG FileSystemAccess     - Writing to: /home/diego/Documentos/concurrente/Restaurant/cynthia/restaurante/system/fxgl.bundle
23:00:05.149 [JavaFX Application Thread] DEBUG Async                - Shutting down background threads
23:00:05.149 [JavaFX Application Thread] DEBUG PrimaryStageWindow   - Closing main window
23:00:05.156 [JavaFX Application Thread] DEBUG Logger               - Closing Logger
