00:46:02.245 [com.example.restauranteup] DEBUG Logger               - Configured Logger
00:46:02.306 [com.example.restauranteup] DEBUG GameApplication      - Logging settings
Title: Restaurant Simulation
Version: 0.0
Width: 980
Height: 560
Fullscreen: false
Intro: false
Profiling: false
Single step:false
App Mode: DEVELOPER
Menu Key: ESCAPE
Stage Style: DECORATED
Scene Factory: class com.almasb.fxgl.app.scene.SceneFactory

00:46:02.979 [JavaFX Application Thread] DEBUG FXGLApplication      - Initializing FXGL
00:46:02.993 [JavaFX Application Thread] INFO  Engine               - FXGL-17.2 (20.08.2022 16.50) on LINUX (J:21.0.5 FX:18)
00:46:02.994 [JavaFX Application Thread] DEBUG Engine               - JRE Vendor Name: Red Hat, Inc.
00:46:02.994 [JavaFX Application Thread] DEBUG Engine               - Running on OS: Linux version 6.11.8-200.fc40.x86_64
00:46:02.995 [JavaFX Application Thread] DEBUG Engine               - Architecture: amd64
00:46:02.995 [JavaFX Application Thread] INFO  Engine               - Source code and latest versions at: https://github.com/AlmasB/FXGL
00:46:02.995 [JavaFX Application Thread] INFO  Engine               -       Ask questions and discuss at: https://github.com/AlmasB/FXGL/discussions
00:46:02.996 [JavaFX Application Thread] INFO  Engine               -              Join the FXGL chat at: https://gitter.im/AlmasB/FXGL
00:46:03.420 [JavaFX Application Thread] DEBUG PrimaryStageWindow   - Creating a JavaFX scene
00:46:03.685 [JavaFX Application Thread] DEBUG PrimaryStageWindow   - Target settings size: 980.0 x 560.0
00:46:03.687 [JavaFX Application Thread] DEBUG PrimaryStageWindow   - Scaled scene size:    980.0 x 560.0
00:46:03.688 [JavaFX Application Thread] DEBUG PrimaryStageWindow   - Scaled ratio: (1.0, 1.0)
00:46:03.691 [JavaFX Application Thread] DEBUG PrimaryStageWindow   - Set initial scene to FXGLStartupScene
00:46:03.755 [JavaFX Application Thread] DEBUG PrimaryStageWindow   - Opening main window
00:46:04.047 [JavaFX Application Thread] DEBUG PrimaryStageWindow   - Window border size: (8.0, 38.0)
00:46:04.048 [JavaFX Application Thread] DEBUG PrimaryStageWindow   - Scaled size: 980.0 x 560.0
00:46:04.053 [JavaFX Application Thread] DEBUG PrimaryStageWindow   - Scaled ratio: (1.0, 1.0)
00:46:04.055 [JavaFX Application Thread] DEBUG PrimaryStageWindow   - Scene size: 980.0 x 560.0
00:46:04.056 [JavaFX Application Thread] DEBUG PrimaryStageWindow   - Stage size: 988.0 x 598.0
00:46:04.099 [FXGL Background Thread 1 ] DEBUG Engine               - Initializing environment variables
00:46:04.310 [FXGL Background Thread 1 ] DEBUG FXGLAssetLoaderServi - User app class for loading assets: class com.example.restauranteup.App
00:46:04.311 [FXGL Background Thread 1 ] DEBUG GameApplicationServi - Applying CSS: fxgl_dark.css
00:46:04.316 [FXGL Background Thread 1 ] DEBUG FXGLAssetLoaderServi - Loading from file system: jar:file:/home/diego/.m2/repository/com/github/almasb/fxgl/17.2/fxgl-17.2.jar!/fxglassets/ui/css/fxgl_dark.css
00:46:04.580 [FXGL Background Thread 1 ] DEBUG GameApplicationServi - Initializing application scenes
00:46:04.947 [FXGL Background Thread 1 ] DEBUG GameWorld            - Game world initialized
00:46:05.439 [FXGL Background Thread 1 ] DEBUG PhysicsWorld         - Physics world initialized: appHeight=560, physics.ppm=50.0
00:46:05.440 [FXGL Background Thread 1 ] DEBUG PhysicsWorld         - Using strategy: BRUTE_FORCE
00:46:05.499 [FXGL Background Thread 1 ] DEBUG GameScene            - Game scene initialized: 980x560
00:46:05.646 [FXGL Background Thread 1 ] WARN  FXGL.DefaultMenu     - FXGLDefaultMenu is not designed for resolutions < 800x600
00:46:05.651 [FXGL Background Thread 1 ] DEBUG FXGL.DefaultMenu     - createMenuBodyGameMenu()
00:46:05.828 [FXGL Background Thread 1 ] DEBUG FXGL.DefaultMenu     - createOptionsMenu()
00:46:05.921 [FXGL Background Thread 1 ] DEBUG FXGLAssetLoaderServi - Loading from file system: jar:file:/home/diego/.m2/repository/com/github/almasb/fxgl/17.2/fxgl-17.2.jar!/fxglassets/textures/particles/smoke.png
00:46:06.686 [FXGL Background Thread 1 ] DEBUG FXGLAssetLoaderServi - Loading from file system: jar:file:/home/diego/.m2/repository/com/github/almasb/fxgl/17.2/fxgl-17.2.jar!/fxglassets/textures/particles/trace_horizontal.png
00:46:06.791 [FXGL Background Thread 1 ] DEBUG GameApplicationServi - Application scenes initialized
00:46:06.841 [FXGL Background Thread 1 ] DEBUG SystemBundleService  - Loading FXGL system data
00:46:06.856 [FXGL Background Thread 1 ] DEBUG FileSystemAccess     - Reading from: /home/diego/Documentos/concurrente/Restaurant/personal/restaurant-simulation/system/fxgl.bundle
00:46:06.880 [FXGL Background Thread 1 ] DEBUG SystemBundleService  - Bundle FXGL: {}
00:46:06.881 [FXGL Background Thread 1 ] DEBUG UpdaterService       - Checking for updates
00:46:06.895 [FXGL Background Thread 4 ] DEBUG FXGLApplication      - Loading fonts
00:46:06.896 [FXGL Background Thread 4 ] DEBUG FXGLAssetLoaderServi - Loading from file system: jar:file:/home/diego/.m2/repository/com/github/almasb/fxgl/17.2/fxgl-17.2.jar!/fxglassets/ui/fonts/VarelaRound-Regular.ttf
00:46:06.897 [FXGL Background Thread 1 ] DEBUG FXGLApplication      - Loading default localization
00:46:06.898 [FXGL Background Thread 1 ] DEBUG FXGLAssetLoaderServi - Loading from file system: jar:file:/home/diego/.m2/repository/com/github/almasb/fxgl/17.2/fxgl-17.2.jar!/fxglassets/languages/english.lang
00:46:06.928 [FXGL Background Thread 4 ] DEBUG FXGLAssetLoaderServi - Loading from file system: jar:file:/home/diego/.m2/repository/com/github/almasb/fxgl/17.2/fxgl-17.2.jar!/fxglassets/ui/fonts/Abel-Regular.ttf
00:46:06.933 [FXGL Background Thread 4 ] DEBUG FXGLAssetLoaderServi - Loading from file system: jar:file:/home/diego/.m2/repository/com/github/almasb/fxgl/17.2/fxgl-17.2.jar!/fxglassets/ui/fonts/TerminalLandMono-Regular.otf
00:46:06.938 [FXGL Background Thread 4 ] DEBUG FXGLAssetLoaderServi - Loading from file system: jar:file:/home/diego/.m2/repository/com/github/almasb/fxgl/17.2/fxgl-17.2.jar!/fxglassets/ui/fonts/Courier-Prime.ttf
00:46:06.954 [JavaFX Application Thread] DEBUG FXGLApplication      - Registering font factories with UI factory
00:46:06.961 [FXGL Background Thread 1 ] INFO  FXGLApplication      - FXGL initialization took: 2.862 sec
00:46:06.965 [JavaFX Application Thread] DEBUG FXGLAssetLoaderServi - Loading from file system: jar:file:/home/diego/.m2/repository/com/github/almasb/fxgl/17.2/fxgl-17.2.jar!/fxglassets/textures/fxgl_icon.png
00:46:07.101 [JavaFX Application Thread] DEBUG FXGLAssetLoaderServi - Loading from file system: jar:file:/home/diego/.m2/repository/com/github/almasb/fxgl/17.2/fxgl-17.2.jar!/fxglassets/textures/fxgl_default_cursor.png
00:46:07.146 [JavaFX Application Thread] DEBUG Input                - Registered new binding: Screenshot - CTRL+8
00:46:07.156 [JavaFX Application Thread] DEBUG Input                - Registered new binding: System info dump - CTRL+9
00:46:07.158 [JavaFX Application Thread] DEBUG Input                - Registered new binding: Restart - CTRL+R
00:46:07.167 [JavaFX Application Thread] DEBUG Input                - Registered new binding: Toggle Debug Camera - CTRL+7
00:46:07.174 [JavaFX Application Thread] DEBUG LoopRunner           - Starting loop
00:46:07.175 [JavaFX Application Thread] DEBUG LoopRunner           - Initializing JavaFX AnimationTimerLoop
00:46:07.178 [JavaFX Application Thread] DEBUG GameApplicationServi - Starting new game
00:46:07.180 [JavaFX Application Thread] DEBUG Input                - Clearing active input actions
00:46:07.276 [JavaFX Application Thread] DEBUG GameApplicationServi - Removing overlay from FXGLStartupScene and adding to FXGLLoadingScene
00:46:07.281 [JavaFX Application Thread] DEBUG PrimaryStageWindow   - FXGLStartupScene -> FXGLLoadingScene
00:46:07.281 [JavaFX Application Thread] DEBUG GameApplicationServi - Clearing previous game
00:46:07.281 [JavaFX Application Thread] DEBUG GameScene            - Clearing game scene
00:46:07.285 [JavaFX Application Thread] DEBUG GameWorld            - Clearing game world
00:46:07.285 [JavaFX Application Thread] DEBUG PhysicsWorld         - Clearing physics world
00:46:07.297 [FXGL Background Thread 1 ] DEBUG FXGLApplication      - Initializing game
00:46:07.325 [FXGL Background Thread 1 ] DEBUG FXGLAssetLoaderServi - Loading from file system: file:/home/diego/Documentos/concurrente/Restaurant/personal/restaurant-simulation/target/classes/assets/textures/escenario.png
00:46:07.562 [FXGL Background Thread 1 ] DEBUG FXGLAssetLoaderServi - Loading from file system: file:/home/diego/Documentos/concurrente/Restaurant/personal/restaurant-simulation/target/classes/assets/textures/cocinero.png
00:46:08.364 [FXGL Background Thread 1 ] DEBUG FXGLAssetLoaderServi - Loading from file system: file:/home/diego/Documentos/concurrente/Restaurant/personal/restaurant-simulation/target/classes/assets/textures/aguachile.png
00:46:08.598 [FXGL Background Thread 1 ] INFO  FXGLApplication      - Game initialization took: 1.301 sec
00:46:08.619 [JavaFX Application Thread] DEBUG Input                - Clearing active input actions
00:46:08.730 [JavaFX Application Thread] DEBUG GameApplicationServi - Removing overlay from FXGLLoadingScene and adding to GameScene
00:46:08.731 [JavaFX Application Thread] DEBUG PrimaryStageWindow   - FXGLLoadingScene -> GameScene
00:46:09.559 [FXGL Background Thread 2 ] INFO  UpdaterService       - Your current version:  17.2
00:46:09.565 [FXGL Background Thread 2 ] INFO  UpdaterService       - Latest stable version: 21.1
00:46:09.892 [FXGL Background Thread 3 ] DEBUG Engine               - Logging environment variables
00:46:09.893 [FXGL Background Thread 3 ] DEBUG Engine               - achievements: []
00:46:09.894 [FXGL Background Thread 3 ] DEBUG Engine               - actualHeight: 560.0
00:46:09.894 [FXGL Background Thread 3 ] DEBUG Engine               - actualHeightProperty: ReadOnlyDoubleProperty [value: 560.0]
00:46:09.894 [FXGL Background Thread 3 ] DEBUG Engine               - actualWidth: 980.0
00:46:09.895 [FXGL Background Thread 3 ] DEBUG Engine               - actualWidthProperty: ReadOnlyDoubleProperty [value: 980.0]
00:46:09.895 [FXGL Background Thread 3 ] DEBUG Engine               - appIcon: fxgl_icon.png
00:46:09.895 [FXGL Background Thread 3 ] DEBUG Engine               - applicationMode: DEVELOPER
00:46:09.895 [FXGL Background Thread 3 ] DEBUG Engine               - cSSList: [fxgl_dark.css]
00:46:09.895 [FXGL Background Thread 3 ] DEBUG Engine               - collisionDetectionStrategy: BRUTE_FORCE
00:46:09.895 [FXGL Background Thread 3 ] DEBUG Engine               - configClass: Optional.empty
00:46:09.896 [FXGL Background Thread 3 ] DEBUG Engine               - credits: []
00:46:09.897 [FXGL Background Thread 3 ] DEBUG Engine               - defaultCursor: CursorInfo(imageName=fxgl_default_cursor.png, hotspotX=7.0, hotspotY=6.0)
00:46:09.898 [FXGL Background Thread 3 ] DEBUG Engine               - devBBoxColorProperty: ObjectProperty [value: 0xff0000ff]
00:46:09.898 [FXGL Background Thread 3 ] DEBUG Engine               - devEnableDebugCameraProperty: BooleanProperty [value: false]
00:46:09.899 [FXGL Background Thread 3 ] DEBUG Engine               - devSensorColorProperty: ObjectProperty [value: 0xffff00ff]
00:46:09.900 [FXGL Background Thread 3 ] DEBUG Engine               - devShowBBoxProperty: BooleanProperty [value: false]
00:46:09.900 [FXGL Background Thread 3 ] DEBUG Engine               - devShowPositionProperty: BooleanProperty [value: false]
00:46:09.900 [FXGL Background Thread 3 ] DEBUG Engine               - enabledMenuItems: []
00:46:09.901 [FXGL Background Thread 3 ] DEBUG Engine               - engineServices: [class com.almasb.fxgl.app.services.FXGLAssetLoaderService, class com.almasb.fxgl.app.FXGLApplication$GameApplicationService, class com.almasb.fxgl.app.services.FXGLDialogService, class com.almasb.fxgl.app.services.IOTaskExecutorService, class com.almasb.fxgl.io.FileSystemService, class com.almasb.fxgl.localization.LocalizationService, class com.almasb.fxgl.app.services.SystemBundleService, class com.almasb.fxgl.profile.SaveLoadService, class com.almasb.fxgl.ui.FXGLUIFactoryServiceProvider, class com.almasb.fxgl.ui.FXGLDialogFactoryServiceProvider, class com.almasb.fxgl.audio.AudioPlayer, class com.almasb.fxgl.notification.impl.NotificationServiceProvider, class com.almasb.fxgl.achievement.AchievementService, class com.almasb.fxgl.cutscene.CutsceneService, class com.almasb.fxgl.minigames.MiniGameService, class com.almasb.fxgl.net.NetService, class com.almasb.fxgl.app.services.UpdaterService, class com.almasb.fxgl.dev.DevService]
00:46:09.901 [FXGL Background Thread 3 ] DEBUG Engine               - fontGame: Abel-Regular.ttf
00:46:09.901 [FXGL Background Thread 3 ] DEBUG Engine               - fontMono: TerminalLandMono-Regular.otf
00:46:09.901 [FXGL Background Thread 3 ] DEBUG Engine               - fontText: Courier-Prime.ttf
00:46:09.901 [FXGL Background Thread 3 ] DEBUG Engine               - fontUI: VarelaRound-Regular.ttf
00:46:09.902 [FXGL Background Thread 3 ] DEBUG Engine               - fullScreen: BooleanProperty [value: false]
00:46:09.902 [FXGL Background Thread 3 ] DEBUG Engine               - gameDifficulty: MEDIUM
00:46:09.902 [FXGL Background Thread 3 ] DEBUG Engine               - gameDifficultyProperty: ObjectProperty [value: MEDIUM]
00:46:09.902 [FXGL Background Thread 3 ] DEBUG Engine               - globalMusicVolume: 0.5
00:46:09.903 [FXGL Background Thread 3 ] DEBUG Engine               - globalMusicVolumeProperty: DoubleProperty [value: 0.5]
00:46:09.903 [FXGL Background Thread 3 ] DEBUG Engine               - globalSoundVolume: 0.5
00:46:09.903 [FXGL Background Thread 3 ] DEBUG Engine               - globalSoundVolumeProperty: DoubleProperty [value: 0.5]
00:46:09.904 [FXGL Background Thread 3 ] DEBUG Engine               - height: 560
00:46:09.904 [FXGL Background Thread 3 ] DEBUG Engine               - is3D: false
00:46:09.904 [FXGL Background Thread 3 ] DEBUG Engine               - isAndroid: false
00:46:09.904 [FXGL Background Thread 3 ] DEBUG Engine               - isBrowser: false
00:46:09.904 [FXGL Background Thread 3 ] DEBUG Engine               - isClickFeedbackEnabled: false
00:46:09.905 [FXGL Background Thread 3 ] DEBUG Engine               - isCloseConfirmation: false
00:46:09.905 [FXGL Background Thread 3 ] DEBUG Engine               - isDesktop: true
00:46:09.906 [FXGL Background Thread 3 ] DEBUG Engine               - isDeveloperMenuEnabled: false
00:46:09.906 [FXGL Background Thread 3 ] DEBUG Engine               - isEmbedded: false
00:46:09.906 [FXGL Background Thread 3 ] DEBUG Engine               - isEntityPreloadEnabled: true
00:46:09.906 [FXGL Background Thread 3 ] DEBUG Engine               - isExperimentalTiledLargeMap: false
00:46:09.906 [FXGL Background Thread 3 ] DEBUG Engine               - isFileSystemWriteAllowed: true
00:46:09.906 [FXGL Background Thread 3 ] DEBUG Engine               - isFullScreenAllowed: false
00:46:09.907 [FXGL Background Thread 3 ] DEBUG Engine               - isFullScreenFromStart: false
00:46:09.909 [FXGL Background Thread 3 ] DEBUG Engine               - isGameMenuEnabled: true
00:46:09.909 [FXGL Background Thread 3 ] DEBUG Engine               - isIOS: false
00:46:09.909 [FXGL Background Thread 3 ] DEBUG Engine               - isIntroEnabled: false
00:46:09.910 [FXGL Background Thread 3 ] DEBUG Engine               - isLinux: true
00:46:09.910 [FXGL Background Thread 3 ] DEBUG Engine               - isMac: false
00:46:09.910 [FXGL Background Thread 3 ] DEBUG Engine               - isMainMenuEnabled: false
00:46:09.910 [FXGL Background Thread 3 ] DEBUG Engine               - isManualResizeEnabled: false
00:46:09.911 [FXGL Background Thread 3 ] DEBUG Engine               - isMobile: false
00:46:09.911 [FXGL Background Thread 3 ] DEBUG Engine               - isNative: false
00:46:09.911 [FXGL Background Thread 3 ] DEBUG Engine               - isPauseMusicWhenMinimized: true
00:46:09.911 [FXGL Background Thread 3 ] DEBUG Engine               - isPreserveResizeRatio: false
00:46:09.911 [FXGL Background Thread 3 ] DEBUG Engine               - isProfilingEnabled: false
00:46:09.912 [FXGL Background Thread 3 ] DEBUG Engine               - isScaleAffectedOnResize: true
00:46:09.912 [FXGL Background Thread 3 ] DEBUG Engine               - isSingleStep: false
00:46:09.912 [FXGL Background Thread 3 ] DEBUG Engine               - isUserProfileEnabled: false
00:46:09.912 [FXGL Background Thread 3 ] DEBUG Engine               - isWindows: false
00:46:09.914 [FXGL Background Thread 3 ] DEBUG Engine               - language: ObjectProperty [value: ENGLISH]
00:46:09.915 [FXGL Background Thread 3 ] DEBUG Engine               - menuKey: ESCAPE
00:46:09.915 [FXGL Background Thread 3 ] DEBUG Engine               - mouseSensitivity: 0.2
00:46:09.915 [FXGL Background Thread 3 ] DEBUG Engine               - notificationViewClass: class com.almasb.fxgl.notification.view.XboxNotificationView
00:46:09.915 [FXGL Background Thread 3 ] DEBUG Engine               - pixelsPerMeter: 50.0
00:46:09.915 [FXGL Background Thread 3 ] DEBUG Engine               - platform: LINUX
00:46:09.916 [FXGL Background Thread 3 ] DEBUG Engine               - prefHeightProperty: ReadOnlyDoubleProperty [value: 560.0]
00:46:09.916 [FXGL Background Thread 3 ] DEBUG Engine               - prefWidthProperty: ReadOnlyDoubleProperty [value: 980.0]
00:46:09.916 [FXGL Background Thread 3 ] DEBUG Engine               - profileDir: profiles/
00:46:09.916 [FXGL Background Thread 3 ] DEBUG Engine               - profileName: StringProperty [value: DEFAULT]
00:46:09.917 [FXGL Background Thread 3 ] DEBUG Engine               - randomSeed: -1
00:46:09.918 [FXGL Background Thread 3 ] DEBUG Engine               - runtimeInfo: RuntimeInfo(platform=LINUX, version=17.2, build=20.08.2022 16.50)
00:46:09.918 [FXGL Background Thread 3 ] DEBUG Engine               - saveFileExt: sav
00:46:09.918 [FXGL Background Thread 3 ] DEBUG Engine               - scaledHeightProp$fxgl: DoubleProperty [bound, value: 560.0]
00:46:09.919 [FXGL Background Thread 3 ] DEBUG Engine               - scaledWidthProp$fxgl: DoubleProperty [bound, value: 980.0]
00:46:09.919 [FXGL Background Thread 3 ] DEBUG Engine               - sceneFactory: com.almasb.fxgl.app.scene.SceneFactory@6e5163c7
00:46:09.919 [FXGL Background Thread 3 ] DEBUG Engine               - secondsIn24h: 60
00:46:09.919 [FXGL Background Thread 3 ] DEBUG Engine               - soundMenuBack: menu/back.wav
00:46:09.920 [FXGL Background Thread 3 ] DEBUG Engine               - soundMenuPress: menu/press.wav
00:46:09.920 [FXGL Background Thread 3 ] DEBUG Engine               - soundMenuSelect: menu/select.wav
00:46:09.920 [FXGL Background Thread 3 ] DEBUG Engine               - soundNotification: core/notification.wav
00:46:09.921 [FXGL Background Thread 3 ] DEBUG Engine               - stageStyle: DECORATED
00:46:09.921 [FXGL Background Thread 3 ] DEBUG Engine               - supportedLanguages: [ENGLISH, FRENCH, GERMAN, HUNGARIAN, RUSSIAN]
00:46:09.921 [FXGL Background Thread 3 ] DEBUG Engine               - ticksPerSecond: -1
00:46:09.921 [FXGL Background Thread 3 ] DEBUG Engine               - title: Restaurant Simulation
00:46:09.922 [FXGL Background Thread 3 ] DEBUG Engine               - urlGithub: https://github.com/AlmasB/FXGL
00:46:09.922 [FXGL Background Thread 3 ] DEBUG Engine               - urlLeaderboard: http://fxgl-top.herokuapp.com/
00:46:09.922 [FXGL Background Thread 3 ] DEBUG Engine               - urlPOM: https://raw.githubusercontent.com/AlmasB/FXGL/release/README.md
00:46:09.922 [FXGL Background Thread 3 ] DEBUG Engine               - userAppClass: class com.example.restauranteup.App
00:46:09.922 [FXGL Background Thread 3 ] DEBUG Engine               - version: 0.0
00:46:09.922 [FXGL Background Thread 3 ] DEBUG Engine               - versionCheckDays: 7
00:46:09.923 [FXGL Background Thread 3 ] DEBUG Engine               - width: 980
00:46:09.926 [FXGL Background Thread 3 ] DEBUG Engine               - Logging services
00:46:09.926 [FXGL Background Thread 3 ] DEBUG Engine               - class com.almasb.fxgl.app.services.FXGLAssetLoaderService
00:46:09.926 [FXGL Background Thread 3 ] DEBUG Engine               - class com.almasb.fxgl.app.FXGLApplication$GameApplicationService
00:46:09.934 [FXGL Background Thread 3 ] DEBUG Engine               - class com.almasb.fxgl.app.services.FXGLDialogService
00:46:09.934 [FXGL Background Thread 3 ] DEBUG Engine               - class com.almasb.fxgl.app.services.IOTaskExecutorService
00:46:09.934 [FXGL Background Thread 3 ] DEBUG Engine               - class com.almasb.fxgl.io.FileSystemService
00:46:09.935 [FXGL Background Thread 3 ] DEBUG Engine               - class com.almasb.fxgl.localization.LocalizationService
00:46:09.935 [FXGL Background Thread 3 ] DEBUG Engine               - class com.almasb.fxgl.app.services.SystemBundleService
00:46:09.935 [FXGL Background Thread 3 ] DEBUG Engine               - class com.almasb.fxgl.profile.SaveLoadService
00:46:09.935 [FXGL Background Thread 3 ] DEBUG Engine               - class com.almasb.fxgl.ui.FXGLUIFactoryServiceProvider
00:46:09.935 [FXGL Background Thread 3 ] DEBUG Engine               - class com.almasb.fxgl.ui.FXGLDialogFactoryServiceProvider
00:46:09.935 [FXGL Background Thread 3 ] DEBUG Engine               - class com.almasb.fxgl.audio.AudioPlayer
00:46:09.935 [FXGL Background Thread 3 ] DEBUG Engine               - class com.almasb.fxgl.notification.impl.NotificationServiceProvider
00:46:09.936 [FXGL Background Thread 3 ] DEBUG Engine               - class com.almasb.fxgl.achievement.AchievementService
00:46:09.936 [FXGL Background Thread 3 ] DEBUG Engine               - class com.almasb.fxgl.cutscene.CutsceneService
00:46:09.936 [FXGL Background Thread 3 ] DEBUG Engine               - class com.almasb.fxgl.minigames.MiniGameService
00:46:09.936 [FXGL Background Thread 3 ] DEBUG Engine               - class com.almasb.fxgl.net.NetService
00:46:09.936 [FXGL Background Thread 3 ] DEBUG Engine               - class com.almasb.fxgl.app.services.UpdaterService
00:46:09.936 [FXGL Background Thread 3 ] DEBUG Engine               - class com.almasb.fxgl.dev.DevService
00:46:16.900 [JavaFX Application Thread] DEBUG FXGLApplication      - Exiting FXGL
00:46:16.900 [JavaFX Application Thread] DEBUG LoopRunner           - Stopping loop
00:46:16.901 [JavaFX Application Thread] DEBUG SystemBundleService  - Saving FXGL system data
00:46:16.906 [JavaFX Application Thread] DEBUG FileSystemAccess     - Writing to: /home/diego/Documentos/concurrente/Restaurant/personal/restaurant-simulation/system/fxgl.bundle
00:46:16.915 [JavaFX Application Thread] DEBUG Async                - Shutting down background threads
00:46:16.916 [JavaFX Application Thread] DEBUG PrimaryStageWindow   - Closing main window
00:46:16.925 [JavaFX Application Thread] DEBUG Logger               - Closing Logger
