22:31:29.486 [com.example.restauranteup] DEBUG Logger               - Configured Logger
22:31:29.533 [com.example.restauranteup] DEBUG GameApplication      - Logging settings
Title: Restaurant Simulation
Version: 0.0
Width: 980
Height: 560
Fullscreen: false
Intro: false
Profiling: false
Single step:false
App Mode: DEVELOPER
Menu Key: ESCAPE
Stage Style: DECORATED
Scene Factory: class com.almasb.fxgl.app.scene.SceneFactory

22:31:30.084 [JavaFX Application Thread] DEBUG FXGLApplication      - Initializing FXGL
22:31:30.095 [JavaFX Application Thread] INFO  Engine               - FXGL-17.2 (20.08.2022 16.50) on LINUX (J:21.0.5 FX:18)
22:31:30.096 [JavaFX Application Thread] DEBUG Engine               - JRE Vendor Name: Red Hat, Inc.
22:31:30.097 [JavaFX Application Thread] DEBUG Engine               - Running on OS: Linux version 6.11.8-200.fc40.x86_64
22:31:30.098 [JavaFX Application Thread] DEBUG Engine               - Architecture: amd64
22:31:30.098 [JavaFX Application Thread] INFO  Engine               - Source code and latest versions at: https://github.com/AlmasB/FXGL
22:31:30.098 [JavaFX Application Thread] INFO  Engine               -       Ask questions and discuss at: https://github.com/AlmasB/FXGL/discussions
22:31:30.099 [JavaFX Application Thread] INFO  Engine               -              Join the FXGL chat at: https://gitter.im/AlmasB/FXGL
22:31:30.443 [JavaFX Application Thread] DEBUG PrimaryStageWindow   - Creating a JavaFX scene
22:31:30.688 [JavaFX Application Thread] DEBUG PrimaryStageWindow   - Target settings size: 980.0 x 560.0
22:31:30.689 [JavaFX Application Thread] DEBUG PrimaryStageWindow   - Scaled scene size:    980.0 x 560.0
22:31:30.690 [JavaFX Application Thread] DEBUG PrimaryStageWindow   - Scaled ratio: (1.0, 1.0)
22:31:30.693 [JavaFX Application Thread] DEBUG PrimaryStageWindow   - Set initial scene to FXGLStartupScene
22:31:30.721 [JavaFX Application Thread] DEBUG PrimaryStageWindow   - Opening main window
22:31:30.934 [JavaFX Application Thread] DEBUG PrimaryStageWindow   - Window border size: (8.0, 38.0)
22:31:30.935 [JavaFX Application Thread] DEBUG PrimaryStageWindow   - Scaled size: 980.0 x 560.0
22:31:30.936 [JavaFX Application Thread] DEBUG PrimaryStageWindow   - Scaled ratio: (1.0, 1.0)
22:31:30.937 [JavaFX Application Thread] DEBUG PrimaryStageWindow   - Scene size: 980.0 x 560.0
22:31:30.938 [JavaFX Application Thread] DEBUG PrimaryStageWindow   - Stage size: 988.0 x 598.0
22:31:30.957 [FXGL Background Thread 1 ] DEBUG Engine               - Initializing environment variables
22:31:31.068 [FXGL Background Thread 1 ] DEBUG FXGLAssetLoaderServi - User app class for loading assets: class com.example.restauranteup.App
22:31:31.068 [FXGL Background Thread 1 ] DEBUG GameApplicationServi - Applying CSS: fxgl_dark.css
22:31:31.071 [FXGL Background Thread 1 ] DEBUG FXGLAssetLoaderServi - Loading from file system: jar:file:/home/diego/.m2/repository/com/github/almasb/fxgl/17.2/fxgl-17.2.jar!/fxglassets/ui/css/fxgl_dark.css
22:31:31.246 [FXGL Background Thread 1 ] DEBUG GameApplicationServi - Initializing application scenes
22:31:31.398 [FXGL Background Thread 1 ] DEBUG GameWorld            - Game world initialized
22:31:31.582 [FXGL Background Thread 1 ] DEBUG PhysicsWorld         - Physics world initialized: appHeight=560, physics.ppm=50.0
22:31:31.583 [FXGL Background Thread 1 ] DEBUG PhysicsWorld         - Using strategy: BRUTE_FORCE
22:31:31.593 [FXGL Background Thread 1 ] DEBUG GameScene            - Game scene initialized: 980x560
22:31:31.631 [FXGL Background Thread 1 ] WARN  FXGL.DefaultMenu     - FXGLDefaultMenu is not designed for resolutions < 800x600
22:31:31.631 [FXGL Background Thread 1 ] DEBUG FXGL.DefaultMenu     - createMenuBodyGameMenu()
22:31:31.678 [FXGL Background Thread 1 ] DEBUG FXGL.DefaultMenu     - createOptionsMenu()
22:31:31.713 [FXGL Background Thread 1 ] DEBUG FXGLAssetLoaderServi - Loading from file system: jar:file:/home/diego/.m2/repository/com/github/almasb/fxgl/17.2/fxgl-17.2.jar!/fxglassets/textures/particles/smoke.png
22:31:32.005 [FXGL Background Thread 1 ] DEBUG FXGLAssetLoaderServi - Loading from file system: jar:file:/home/diego/.m2/repository/com/github/almasb/fxgl/17.2/fxgl-17.2.jar!/fxglassets/textures/particles/trace_horizontal.png
22:31:32.090 [FXGL Background Thread 1 ] DEBUG GameApplicationServi - Application scenes initialized
22:31:32.130 [FXGL Background Thread 1 ] DEBUG SystemBundleService  - Loading FXGL system data
22:31:32.141 [FXGL Background Thread 1 ] DEBUG FileSystemAccess     - Reading from: /home/diego/Documentos/concurrente/Restaurant/cynthia/restaurante/system/fxgl.bundle
22:31:32.162 [FXGL Background Thread 1 ] DEBUG SystemBundleService  - Bundle FXGL: {}
22:31:32.162 [FXGL Background Thread 1 ] DEBUG UpdaterService       - Checking for updates
22:31:32.174 [FXGL Background Thread 4 ] DEBUG FXGLApplication      - Loading fonts
22:31:32.175 [FXGL Background Thread 4 ] DEBUG FXGLAssetLoaderServi - Loading from file system: jar:file:/home/diego/.m2/repository/com/github/almasb/fxgl/17.2/fxgl-17.2.jar!/fxglassets/ui/fonts/VarelaRound-Regular.ttf
22:31:32.176 [FXGL Background Thread 1 ] DEBUG FXGLApplication      - Loading default localization
22:31:32.179 [FXGL Background Thread 1 ] DEBUG FXGLAssetLoaderServi - Loading from file system: jar:file:/home/diego/.m2/repository/com/github/almasb/fxgl/17.2/fxgl-17.2.jar!/fxglassets/languages/english.lang
22:31:32.204 [FXGL Background Thread 4 ] DEBUG FXGLAssetLoaderServi - Loading from file system: jar:file:/home/diego/.m2/repository/com/github/almasb/fxgl/17.2/fxgl-17.2.jar!/fxglassets/ui/fonts/Abel-Regular.ttf
22:31:32.208 [FXGL Background Thread 4 ] DEBUG FXGLAssetLoaderServi - Loading from file system: jar:file:/home/diego/.m2/repository/com/github/almasb/fxgl/17.2/fxgl-17.2.jar!/fxglassets/ui/fonts/TerminalLandMono-Regular.otf
22:31:32.212 [FXGL Background Thread 4 ] DEBUG FXGLAssetLoaderServi - Loading from file system: jar:file:/home/diego/.m2/repository/com/github/almasb/fxgl/17.2/fxgl-17.2.jar!/fxglassets/ui/fonts/Courier-Prime.ttf
22:31:32.224 [JavaFX Application Thread] DEBUG FXGLApplication      - Registering font factories with UI factory
22:31:32.241 [FXGL Background Thread 1 ] INFO  FXGLApplication      - FXGL initialization took: 1.283 sec
22:31:32.245 [JavaFX Application Thread] DEBUG FXGLAssetLoaderServi - Loading from file system: jar:file:/home/diego/.m2/repository/com/github/almasb/fxgl/17.2/fxgl-17.2.jar!/fxglassets/textures/fxgl_icon.png
22:31:32.304 [JavaFX Application Thread] DEBUG FXGLAssetLoaderServi - Loading from file system: jar:file:/home/diego/.m2/repository/com/github/almasb/fxgl/17.2/fxgl-17.2.jar!/fxglassets/textures/fxgl_default_cursor.png
22:31:32.329 [JavaFX Application Thread] DEBUG Input                - Registered new binding: Screenshot - CTRL+8
22:31:32.330 [JavaFX Application Thread] DEBUG Input                - Registered new binding: System info dump - CTRL+9
22:31:32.331 [JavaFX Application Thread] DEBUG Input                - Registered new binding: Restart - CTRL+R
22:31:32.333 [JavaFX Application Thread] DEBUG Input                - Registered new binding: Toggle Debug Camera - CTRL+7
22:31:32.339 [JavaFX Application Thread] DEBUG LoopRunner           - Starting loop
22:31:32.339 [JavaFX Application Thread] DEBUG LoopRunner           - Initializing JavaFX AnimationTimerLoop
22:31:32.343 [JavaFX Application Thread] DEBUG GameApplicationServi - Starting new game
22:31:32.344 [JavaFX Application Thread] DEBUG Input                - Clearing active input actions
22:31:32.386 [JavaFX Application Thread] DEBUG GameApplicationServi - Removing overlay from FXGLStartupScene and adding to FXGLLoadingScene
22:31:32.387 [JavaFX Application Thread] DEBUG PrimaryStageWindow   - FXGLStartupScene -> FXGLLoadingScene
22:31:32.388 [JavaFX Application Thread] DEBUG GameApplicationServi - Clearing previous game
22:31:32.388 [JavaFX Application Thread] DEBUG GameScene            - Clearing game scene
22:31:32.388 [JavaFX Application Thread] DEBUG GameWorld            - Clearing game world
22:31:32.388 [JavaFX Application Thread] DEBUG PhysicsWorld         - Clearing physics world
22:31:32.392 [FXGL Background Thread 1 ] DEBUG FXGLApplication      - Initializing game
22:31:32.401 [FXGL Background Thread 1 ] DEBUG FXGLAssetLoaderServi - Loading from file system: file:/home/diego/Documentos/concurrente/Restaurant/cynthia/restaurante/target/classes/assets/textures/escenario.png
22:31:32.551 [FXGL Background Thread 1 ] DEBUG FXGLAssetLoaderServi - Loading from file system: file:/home/diego/Documentos/concurrente/Restaurant/cynthia/restaurante/target/classes/assets/textures/cocinero.png
22:31:32.933 [FXGL Background Thread 1 ] DEBUG FXGLAssetLoaderServi - Loading from file system: file:/home/diego/Documentos/concurrente/Restaurant/cynthia/restaurante/target/classes/assets/textures/mesero.png
22:31:32.949 [FXGL Background Thread 1 ] DEBUG FXGLAssetLoaderServi - Loading from file system: file:/home/diego/Documentos/concurrente/Restaurant/cynthia/restaurante/target/classes/assets/textures/aguachile.png
22:31:33.028 [FXGL Background Thread 1 ] INFO  FXGLApplication      - Game initialization took: 0.635 sec
22:31:33.034 [JavaFX Application Thread] DEBUG Input                - Clearing active input actions
22:31:33.098 [JavaFX Application Thread] DEBUG GameApplicationServi - Removing overlay from FXGLLoadingScene and adding to GameScene
22:31:33.099 [JavaFX Application Thread] DEBUG PrimaryStageWindow   - FXGLLoadingScene -> GameScene
22:31:33.970 [FXGL Background Thread 2 ] INFO  UpdaterService       - Your current version:  17.2
22:31:33.975 [FXGL Background Thread 2 ] INFO  UpdaterService       - Latest stable version: 21.1
22:31:34.639 [JavaFX Application Thread] DEBUG FXGLAssetLoaderServi - Loading from file system: file:/home/diego/Documentos/concurrente/Restaurant/cynthia/restaurante/target/classes/assets/textures/cliente_7.png
22:31:35.170 [FXGL Background Thread 3 ] DEBUG Engine               - Logging environment variables
22:31:35.172 [FXGL Background Thread 3 ] DEBUG Engine               - achievements: []
22:31:35.173 [FXGL Background Thread 3 ] DEBUG Engine               - actualHeight: 560.0
22:31:35.173 [FXGL Background Thread 3 ] DEBUG Engine               - actualHeightProperty: ReadOnlyDoubleProperty [value: 555.0]
22:31:35.174 [FXGL Background Thread 3 ] DEBUG Engine               - actualWidth: 980.0
22:31:35.174 [FXGL Background Thread 3 ] DEBUG Engine               - actualWidthProperty: ReadOnlyDoubleProperty [value: 980.0]
22:31:35.175 [FXGL Background Thread 3 ] DEBUG Engine               - appIcon: fxgl_icon.png
22:31:35.175 [FXGL Background Thread 3 ] DEBUG Engine               - applicationMode: DEVELOPER
22:31:35.176 [FXGL Background Thread 3 ] DEBUG Engine               - cSSList: [fxgl_dark.css]
22:31:35.176 [FXGL Background Thread 3 ] DEBUG Engine               - collisionDetectionStrategy: BRUTE_FORCE
22:31:35.176 [FXGL Background Thread 3 ] DEBUG Engine               - configClass: Optional.empty
22:31:35.176 [FXGL Background Thread 3 ] DEBUG Engine               - credits: []
22:31:35.178 [FXGL Background Thread 3 ] DEBUG Engine               - defaultCursor: CursorInfo(imageName=fxgl_default_cursor.png, hotspotX=7.0, hotspotY=6.0)
22:31:35.179 [FXGL Background Thread 3 ] DEBUG Engine               - devBBoxColorProperty: ObjectProperty [value: 0xff0000ff]
22:31:35.180 [FXGL Background Thread 3 ] DEBUG Engine               - devEnableDebugCameraProperty: BooleanProperty [value: false]
22:31:35.181 [FXGL Background Thread 3 ] DEBUG Engine               - devSensorColorProperty: ObjectProperty [value: 0xffff00ff]
22:31:35.181 [FXGL Background Thread 3 ] DEBUG Engine               - devShowBBoxProperty: BooleanProperty [value: false]
22:31:35.182 [FXGL Background Thread 3 ] DEBUG Engine               - devShowPositionProperty: BooleanProperty [value: false]
22:31:35.182 [FXGL Background Thread 3 ] DEBUG Engine               - enabledMenuItems: []
22:31:35.183 [FXGL Background Thread 3 ] DEBUG Engine               - engineServices: [class com.almasb.fxgl.app.services.FXGLAssetLoaderService, class com.almasb.fxgl.app.FXGLApplication$GameApplicationService, class com.almasb.fxgl.app.services.FXGLDialogService, class com.almasb.fxgl.app.services.IOTaskExecutorService, class com.almasb.fxgl.io.FileSystemService, class com.almasb.fxgl.localization.LocalizationService, class com.almasb.fxgl.app.services.SystemBundleService, class com.almasb.fxgl.profile.SaveLoadService, class com.almasb.fxgl.ui.FXGLUIFactoryServiceProvider, class com.almasb.fxgl.ui.FXGLDialogFactoryServiceProvider, class com.almasb.fxgl.audio.AudioPlayer, class com.almasb.fxgl.notification.impl.NotificationServiceProvider, class com.almasb.fxgl.achievement.AchievementService, class com.almasb.fxgl.cutscene.CutsceneService, class com.almasb.fxgl.minigames.MiniGameService, class com.almasb.fxgl.net.NetService, class com.almasb.fxgl.app.services.UpdaterService, class com.almasb.fxgl.dev.DevService]
22:31:35.184 [FXGL Background Thread 3 ] DEBUG Engine               - fontGame: Abel-Regular.ttf
22:31:35.184 [FXGL Background Thread 3 ] DEBUG Engine               - fontMono: TerminalLandMono-Regular.otf
22:31:35.184 [FXGL Background Thread 3 ] DEBUG Engine               - fontText: Courier-Prime.ttf
22:31:35.184 [FXGL Background Thread 3 ] DEBUG Engine               - fontUI: VarelaRound-Regular.ttf
22:31:35.185 [FXGL Background Thread 3 ] DEBUG Engine               - fullScreen: BooleanProperty [value: false]
22:31:35.185 [FXGL Background Thread 3 ] DEBUG Engine               - gameDifficulty: MEDIUM
22:31:35.185 [FXGL Background Thread 3 ] DEBUG Engine               - gameDifficultyProperty: ObjectProperty [value: MEDIUM]
22:31:35.186 [FXGL Background Thread 3 ] DEBUG Engine               - globalMusicVolume: 0.5
22:31:35.187 [FXGL Background Thread 3 ] DEBUG Engine               - globalMusicVolumeProperty: DoubleProperty [value: 0.5]
22:31:35.187 [FXGL Background Thread 3 ] DEBUG Engine               - globalSoundVolume: 0.5
22:31:35.188 [FXGL Background Thread 3 ] DEBUG Engine               - globalSoundVolumeProperty: DoubleProperty [value: 0.5]
22:31:35.188 [FXGL Background Thread 3 ] DEBUG Engine               - height: 560
22:31:35.188 [FXGL Background Thread 3 ] DEBUG Engine               - is3D: false
22:31:35.188 [FXGL Background Thread 3 ] DEBUG Engine               - isAndroid: false
22:31:35.188 [FXGL Background Thread 3 ] DEBUG Engine               - isBrowser: false
22:31:35.189 [FXGL Background Thread 3 ] DEBUG Engine               - isClickFeedbackEnabled: false
22:31:35.189 [FXGL Background Thread 3 ] DEBUG Engine               - isCloseConfirmation: false
22:31:35.189 [FXGL Background Thread 3 ] DEBUG Engine               - isDesktop: true
22:31:35.189 [FXGL Background Thread 3 ] DEBUG Engine               - isDeveloperMenuEnabled: false
22:31:35.189 [FXGL Background Thread 3 ] DEBUG Engine               - isEmbedded: false
22:31:35.190 [FXGL Background Thread 3 ] DEBUG Engine               - isEntityPreloadEnabled: true
22:31:35.190 [FXGL Background Thread 3 ] DEBUG Engine               - isExperimentalTiledLargeMap: false
22:31:35.190 [FXGL Background Thread 3 ] DEBUG Engine               - isFileSystemWriteAllowed: true
22:31:35.191 [FXGL Background Thread 3 ] DEBUG Engine               - isFullScreenAllowed: false
22:31:35.191 [FXGL Background Thread 3 ] DEBUG Engine               - isFullScreenFromStart: false
22:31:35.192 [FXGL Background Thread 3 ] DEBUG Engine               - isGameMenuEnabled: true
22:31:35.192 [FXGL Background Thread 3 ] DEBUG Engine               - isIOS: false
22:31:35.192 [FXGL Background Thread 3 ] DEBUG Engine               - isIntroEnabled: false
22:31:35.192 [FXGL Background Thread 3 ] DEBUG Engine               - isLinux: true
22:31:35.192 [FXGL Background Thread 3 ] DEBUG Engine               - isMac: false
22:31:35.193 [FXGL Background Thread 3 ] DEBUG Engine               - isMainMenuEnabled: false
22:31:35.194 [FXGL Background Thread 3 ] DEBUG Engine               - isManualResizeEnabled: false
22:31:35.194 [FXGL Background Thread 3 ] DEBUG Engine               - isMobile: false
22:31:35.195 [FXGL Background Thread 3 ] DEBUG Engine               - isNative: false
22:31:35.195 [FXGL Background Thread 3 ] DEBUG Engine               - isPauseMusicWhenMinimized: true
22:31:35.195 [FXGL Background Thread 3 ] DEBUG Engine               - isPreserveResizeRatio: false
22:31:35.195 [FXGL Background Thread 3 ] DEBUG Engine               - isProfilingEnabled: false
22:31:35.195 [FXGL Background Thread 3 ] DEBUG Engine               - isScaleAffectedOnResize: true
22:31:35.196 [FXGL Background Thread 3 ] DEBUG Engine               - isSingleStep: false
22:31:35.196 [FXGL Background Thread 3 ] DEBUG Engine               - isUserProfileEnabled: false
22:31:35.196 [FXGL Background Thread 3 ] DEBUG Engine               - isWindows: false
22:31:35.197 [FXGL Background Thread 3 ] DEBUG Engine               - language: ObjectProperty [value: ENGLISH]
22:31:35.198 [FXGL Background Thread 3 ] DEBUG Engine               - menuKey: ESCAPE
22:31:35.199 [FXGL Background Thread 3 ] DEBUG Engine               - mouseSensitivity: 0.2
22:31:35.200 [FXGL Background Thread 3 ] DEBUG Engine               - notificationViewClass: class com.almasb.fxgl.notification.view.XboxNotificationView
22:31:35.201 [FXGL Background Thread 3 ] DEBUG Engine               - pixelsPerMeter: 50.0
22:31:35.201 [FXGL Background Thread 3 ] DEBUG Engine               - platform: LINUX
22:31:35.202 [FXGL Background Thread 3 ] DEBUG Engine               - prefHeightProperty: ReadOnlyDoubleProperty [value: 560.0]
22:31:35.202 [FXGL Background Thread 3 ] DEBUG Engine               - prefWidthProperty: ReadOnlyDoubleProperty [value: 980.0]
22:31:35.202 [FXGL Background Thread 3 ] DEBUG Engine               - profileDir: profiles/
22:31:35.203 [FXGL Background Thread 3 ] DEBUG Engine               - profileName: StringProperty [value: DEFAULT]
22:31:35.203 [FXGL Background Thread 3 ] DEBUG Engine               - randomSeed: -1
22:31:35.204 [FXGL Background Thread 3 ] DEBUG Engine               - runtimeInfo: RuntimeInfo(platform=LINUX, version=17.2, build=20.08.2022 16.50)
22:31:35.204 [FXGL Background Thread 3 ] DEBUG Engine               - saveFileExt: sav
22:31:35.205 [FXGL Background Thread 3 ] DEBUG Engine               - scaledHeightProp$fxgl: DoubleProperty [bound, value: 555.0]
22:31:35.205 [FXGL Background Thread 3 ] DEBUG Engine               - scaledWidthProp$fxgl: DoubleProperty [bound, value: 980.0]
22:31:35.205 [FXGL Background Thread 3 ] DEBUG Engine               - sceneFactory: com.almasb.fxgl.app.scene.SceneFactory@658ff45b
22:31:35.205 [FXGL Background Thread 3 ] DEBUG Engine               - secondsIn24h: 60
22:31:35.206 [FXGL Background Thread 3 ] DEBUG Engine               - soundMenuBack: menu/back.wav
22:31:35.206 [FXGL Background Thread 3 ] DEBUG Engine               - soundMenuPress: menu/press.wav
22:31:35.207 [FXGL Background Thread 3 ] DEBUG Engine               - soundMenuSelect: menu/select.wav
22:31:35.207 [FXGL Background Thread 3 ] DEBUG Engine               - soundNotification: core/notification.wav
22:31:35.207 [FXGL Background Thread 3 ] DEBUG Engine               - stageStyle: DECORATED
22:31:35.208 [FXGL Background Thread 3 ] DEBUG Engine               - supportedLanguages: [ENGLISH, FRENCH, GERMAN, HUNGARIAN, RUSSIAN]
22:31:35.208 [FXGL Background Thread 3 ] DEBUG Engine               - ticksPerSecond: -1
22:31:35.208 [FXGL Background Thread 3 ] DEBUG Engine               - title: Restaurant Simulation
22:31:35.209 [FXGL Background Thread 3 ] DEBUG Engine               - urlGithub: https://github.com/AlmasB/FXGL
22:31:35.209 [FXGL Background Thread 3 ] DEBUG Engine               - urlLeaderboard: http://fxgl-top.herokuapp.com/
22:31:35.210 [FXGL Background Thread 3 ] DEBUG Engine               - urlPOM: https://raw.githubusercontent.com/AlmasB/FXGL/release/README.md
22:31:35.210 [FXGL Background Thread 3 ] DEBUG Engine               - userAppClass: class com.example.restauranteup.App
22:31:35.210 [FXGL Background Thread 3 ] DEBUG Engine               - version: 0.0
22:31:35.211 [FXGL Background Thread 3 ] DEBUG Engine               - versionCheckDays: 7
22:31:35.211 [FXGL Background Thread 3 ] DEBUG Engine               - width: 980
22:31:35.211 [FXGL Background Thread 3 ] DEBUG Engine               - Logging services
22:31:35.212 [FXGL Background Thread 3 ] DEBUG Engine               - class com.almasb.fxgl.app.services.FXGLAssetLoaderService
22:31:35.212 [FXGL Background Thread 3 ] DEBUG Engine               - class com.almasb.fxgl.app.FXGLApplication$GameApplicationService
22:31:35.213 [FXGL Background Thread 3 ] DEBUG Engine               - class com.almasb.fxgl.app.services.FXGLDialogService
22:31:35.213 [FXGL Background Thread 3 ] DEBUG Engine               - class com.almasb.fxgl.app.services.IOTaskExecutorService
22:31:35.213 [FXGL Background Thread 3 ] DEBUG Engine               - class com.almasb.fxgl.io.FileSystemService
22:31:35.213 [FXGL Background Thread 3 ] DEBUG Engine               - class com.almasb.fxgl.localization.LocalizationService
22:31:35.213 [FXGL Background Thread 3 ] DEBUG Engine               - class com.almasb.fxgl.app.services.SystemBundleService
22:31:35.214 [FXGL Background Thread 3 ] DEBUG Engine               - class com.almasb.fxgl.profile.SaveLoadService
22:31:35.214 [FXGL Background Thread 3 ] DEBUG Engine               - class com.almasb.fxgl.ui.FXGLUIFactoryServiceProvider
22:31:35.214 [FXGL Background Thread 3 ] DEBUG Engine               - class com.almasb.fxgl.ui.FXGLDialogFactoryServiceProvider
22:31:35.215 [FXGL Background Thread 3 ] DEBUG Engine               - class com.almasb.fxgl.audio.AudioPlayer
22:31:35.215 [FXGL Background Thread 3 ] DEBUG Engine               - class com.almasb.fxgl.notification.impl.NotificationServiceProvider
22:31:35.215 [FXGL Background Thread 3 ] DEBUG Engine               - class com.almasb.fxgl.achievement.AchievementService
22:31:35.215 [FXGL Background Thread 3 ] DEBUG Engine               - class com.almasb.fxgl.cutscene.CutsceneService
22:31:35.216 [FXGL Background Thread 3 ] DEBUG Engine               - class com.almasb.fxgl.minigames.MiniGameService
22:31:35.216 [FXGL Background Thread 3 ] DEBUG Engine               - class com.almasb.fxgl.net.NetService
22:31:35.216 [FXGL Background Thread 3 ] DEBUG Engine               - class com.almasb.fxgl.app.services.UpdaterService
22:31:35.216 [FXGL Background Thread 3 ] DEBUG Engine               - class com.almasb.fxgl.dev.DevService
22:31:35.616 [JavaFX Application Thread] DEBUG FXGLAssetLoaderServi - Loading from file system: file:/home/diego/Documentos/concurrente/Restaurant/cynthia/restaurante/target/classes/assets/textures/cliente_2.png
22:31:38.611 [JavaFX Application Thread] DEBUG FXGLAssetLoaderServi - Loading from file system: file:/home/diego/Documentos/concurrente/Restaurant/cynthia/restaurante/target/classes/assets/textures/cliente_6.png
22:31:42.612 [JavaFX Application Thread] DEBUG FXGLAssetLoaderServi - Loading from file system: file:/home/diego/Documentos/concurrente/Restaurant/cynthia/restaurante/target/classes/assets/textures/cliente_8.png
22:31:51.461 [JavaFX Application Thread] DEBUG FXGLApplication      - Exiting FXGL
22:31:51.462 [JavaFX Application Thread] DEBUG LoopRunner           - Stopping loop
22:31:51.463 [JavaFX Application Thread] DEBUG SystemBundleService  - Saving FXGL system data
22:31:51.470 [JavaFX Application Thread] DEBUG FileSystemAccess     - Writing to: /home/diego/Documentos/concurrente/Restaurant/cynthia/restaurante/system/fxgl.bundle
22:31:51.479 [JavaFX Application Thread] DEBUG Async                - Shutting down background threads
22:31:51.480 [JavaFX Application Thread] DEBUG PrimaryStageWindow   - Closing main window
22:31:51.486 [JavaFX Application Thread] DEBUG Logger               - Closing Logger
