22:17:53.259 [com.example.restauranteup] DEBUG Logger               - Configured Logger
22:17:53.342 [com.example.restauranteup] DEBUG GameApplication      - Logging settings
Title: Restaurant Simulation
Version: 0.0
Width: 980
Height: 560
Fullscreen: false
Intro: false
Profiling: false
Single step:false
App Mode: DEVELOPER
Menu Key: ESCAPE
Stage Style: DECORATED
Scene Factory: class com.almasb.fxgl.app.scene.SceneFactory

22:17:54.457 [JavaFX Application Thread] DEBUG FXGLApplication      - Initializing FXGL
22:17:54.489 [JavaFX Application Thread] INFO  Engine               - FXGL-17.2 (20.08.2022 16.50) on LINUX (J:21.0.5 FX:18)
22:17:54.490 [JavaFX Application Thread] DEBUG Engine               - JRE Vendor Name: Red Hat, Inc.
22:17:54.491 [JavaFX Application Thread] DEBUG Engine               - Running on OS: Linux version 6.11.8-200.fc40.x86_64
22:17:54.491 [JavaFX Application Thread] DEBUG Engine               - Architecture: amd64
22:17:54.491 [JavaFX Application Thread] INFO  Engine               - Source code and latest versions at: https://github.com/AlmasB/FXGL
22:17:54.492 [JavaFX Application Thread] INFO  Engine               -       Ask questions and discuss at: https://github.com/AlmasB/FXGL/discussions
22:17:54.492 [JavaFX Application Thread] INFO  Engine               -              Join the FXGL chat at: https://gitter.im/AlmasB/FXGL
22:17:54.998 [JavaFX Application Thread] DEBUG PrimaryStageWindow   - Creating a JavaFX scene
22:17:55.326 [JavaFX Application Thread] DEBUG PrimaryStageWindow   - Target settings size: 980.0 x 560.0
22:17:55.327 [JavaFX Application Thread] DEBUG PrimaryStageWindow   - Scaled scene size:    980.0 x 560.0
22:17:55.328 [JavaFX Application Thread] DEBUG PrimaryStageWindow   - Scaled ratio: (1.0, 1.0)
22:17:55.332 [JavaFX Application Thread] DEBUG PrimaryStageWindow   - Set initial scene to FXGLStartupScene
22:17:55.376 [JavaFX Application Thread] DEBUG PrimaryStageWindow   - Opening main window
22:17:55.640 [JavaFX Application Thread] DEBUG PrimaryStageWindow   - Window border size: (8.0, 38.0)
22:17:55.641 [JavaFX Application Thread] DEBUG PrimaryStageWindow   - Scaled size: 980.0 x 560.0
22:17:55.642 [JavaFX Application Thread] DEBUG PrimaryStageWindow   - Scaled ratio: (1.0, 1.0)
22:17:55.642 [JavaFX Application Thread] DEBUG PrimaryStageWindow   - Scene size: 980.0 x 560.0
22:17:55.643 [JavaFX Application Thread] DEBUG PrimaryStageWindow   - Stage size: 988.0 x 598.0
22:17:55.668 [FXGL Background Thread 1 ] DEBUG Engine               - Initializing environment variables
22:17:55.808 [FXGL Background Thread 1 ] DEBUG FXGLAssetLoaderServi - User app class for loading assets: class com.example.restauranteup.App
22:17:55.809 [FXGL Background Thread 1 ] DEBUG GameApplicationServi - Applying CSS: fxgl_dark.css
22:17:55.811 [FXGL Background Thread 1 ] DEBUG FXGLAssetLoaderServi - Loading from file system: jar:file:/home/diego/.m2/repository/com/github/almasb/fxgl/17.2/fxgl-17.2.jar!/fxglassets/ui/css/fxgl_dark.css
22:17:55.991 [FXGL Background Thread 1 ] DEBUG GameApplicationServi - Initializing application scenes
22:17:56.152 [FXGL Background Thread 1 ] DEBUG GameWorld            - Game world initialized
22:17:56.470 [FXGL Background Thread 1 ] DEBUG PhysicsWorld         - Physics world initialized: appHeight=560, physics.ppm=50.0
22:17:56.471 [FXGL Background Thread 1 ] DEBUG PhysicsWorld         - Using strategy: BRUTE_FORCE
22:17:56.487 [FXGL Background Thread 1 ] DEBUG GameScene            - Game scene initialized: 980x560
22:17:56.578 [FXGL Background Thread 1 ] WARN  FXGL.DefaultMenu     - FXGLDefaultMenu is not designed for resolutions < 800x600
22:17:56.579 [FXGL Background Thread 1 ] DEBUG FXGL.DefaultMenu     - createMenuBodyGameMenu()
22:17:56.633 [FXGL Background Thread 1 ] DEBUG FXGL.DefaultMenu     - createOptionsMenu()
22:17:56.677 [FXGL Background Thread 1 ] DEBUG FXGLAssetLoaderServi - Loading from file system: jar:file:/home/diego/.m2/repository/com/github/almasb/fxgl/17.2/fxgl-17.2.jar!/fxglassets/textures/particles/smoke.png
22:17:57.063 [FXGL Background Thread 1 ] DEBUG FXGLAssetLoaderServi - Loading from file system: jar:file:/home/diego/.m2/repository/com/github/almasb/fxgl/17.2/fxgl-17.2.jar!/fxglassets/textures/particles/trace_horizontal.png
22:17:57.154 [FXGL Background Thread 1 ] DEBUG GameApplicationServi - Application scenes initialized
22:17:57.227 [FXGL Background Thread 1 ] DEBUG SystemBundleService  - Loading FXGL system data
22:17:57.241 [FXGL Background Thread 1 ] DEBUG FileSystemAccess     - Reading from: /home/diego/Documentos/concurrente/Restaurant/cynthia/restaurante/system/fxgl.bundle
22:17:57.273 [FXGL Background Thread 1 ] DEBUG SystemBundleService  - Bundle FXGL: {}
22:17:57.273 [FXGL Background Thread 1 ] DEBUG UpdaterService       - Checking for updates
22:17:57.303 [FXGL Background Thread 4 ] DEBUG FXGLApplication      - Loading fonts
22:17:57.304 [FXGL Background Thread 4 ] DEBUG FXGLAssetLoaderServi - Loading from file system: jar:file:/home/diego/.m2/repository/com/github/almasb/fxgl/17.2/fxgl-17.2.jar!/fxglassets/ui/fonts/VarelaRound-Regular.ttf
22:17:57.303 [FXGL Background Thread 1 ] DEBUG FXGLApplication      - Loading default localization
22:17:57.307 [FXGL Background Thread 1 ] DEBUG FXGLAssetLoaderServi - Loading from file system: jar:file:/home/diego/.m2/repository/com/github/almasb/fxgl/17.2/fxgl-17.2.jar!/fxglassets/languages/english.lang
22:17:57.335 [FXGL Background Thread 4 ] DEBUG FXGLAssetLoaderServi - Loading from file system: jar:file:/home/diego/.m2/repository/com/github/almasb/fxgl/17.2/fxgl-17.2.jar!/fxglassets/ui/fonts/Abel-Regular.ttf
22:17:57.340 [FXGL Background Thread 4 ] DEBUG FXGLAssetLoaderServi - Loading from file system: jar:file:/home/diego/.m2/repository/com/github/almasb/fxgl/17.2/fxgl-17.2.jar!/fxglassets/ui/fonts/TerminalLandMono-Regular.otf
22:17:57.351 [FXGL Background Thread 4 ] DEBUG FXGLAssetLoaderServi - Loading from file system: jar:file:/home/diego/.m2/repository/com/github/almasb/fxgl/17.2/fxgl-17.2.jar!/fxglassets/ui/fonts/Courier-Prime.ttf
22:17:57.365 [JavaFX Application Thread] DEBUG FXGLApplication      - Registering font factories with UI factory
22:17:57.394 [FXGL Background Thread 1 ] INFO  FXGLApplication      - FXGL initialization took: 1.725 sec
22:17:57.400 [JavaFX Application Thread] DEBUG FXGLAssetLoaderServi - Loading from file system: jar:file:/home/diego/.m2/repository/com/github/almasb/fxgl/17.2/fxgl-17.2.jar!/fxglassets/textures/fxgl_icon.png
22:17:57.505 [JavaFX Application Thread] DEBUG FXGLAssetLoaderServi - Loading from file system: jar:file:/home/diego/.m2/repository/com/github/almasb/fxgl/17.2/fxgl-17.2.jar!/fxglassets/textures/fxgl_default_cursor.png
22:17:57.542 [JavaFX Application Thread] DEBUG Input                - Registered new binding: Screenshot - CTRL+8
22:17:57.544 [JavaFX Application Thread] DEBUG Input                - Registered new binding: System info dump - CTRL+9
22:17:57.545 [JavaFX Application Thread] DEBUG Input                - Registered new binding: Restart - CTRL+R
22:17:57.547 [JavaFX Application Thread] DEBUG Input                - Registered new binding: Toggle Debug Camera - CTRL+7
22:17:57.553 [JavaFX Application Thread] DEBUG LoopRunner           - Starting loop
22:17:57.554 [JavaFX Application Thread] DEBUG LoopRunner           - Initializing JavaFX AnimationTimerLoop
22:17:57.558 [JavaFX Application Thread] DEBUG GameApplicationServi - Starting new game
22:17:57.559 [JavaFX Application Thread] DEBUG Input                - Clearing active input actions
22:17:57.601 [JavaFX Application Thread] DEBUG GameApplicationServi - Removing overlay from FXGLStartupScene and adding to FXGLLoadingScene
22:17:57.603 [JavaFX Application Thread] DEBUG PrimaryStageWindow   - FXGLStartupScene -> FXGLLoadingScene
22:17:57.603 [JavaFX Application Thread] DEBUG GameApplicationServi - Clearing previous game
22:17:57.603 [JavaFX Application Thread] DEBUG GameScene            - Clearing game scene
22:17:57.603 [JavaFX Application Thread] DEBUG GameWorld            - Clearing game world
22:17:57.604 [JavaFX Application Thread] DEBUG PhysicsWorld         - Clearing physics world
22:17:57.608 [FXGL Background Thread 1 ] DEBUG FXGLApplication      - Initializing game
22:17:57.623 [FXGL Background Thread 1 ] DEBUG FXGLAssetLoaderServi - Loading from file system: file:/home/diego/Documentos/concurrente/Restaurant/cynthia/restaurante/target/classes/assets/textures/escenario.png
22:17:57.735 [FXGL Background Thread 1 ] DEBUG FXGLAssetLoaderServi - Loading from file system: file:/home/diego/Documentos/concurrente/Restaurant/cynthia/restaurante/target/classes/assets/textures/cocinero.png
22:17:58.209 [FXGL Background Thread 1 ] DEBUG FXGLAssetLoaderServi - Loading from file system: file:/home/diego/Documentos/concurrente/Restaurant/cynthia/restaurante/target/classes/assets/textures/mesero.png
22:17:58.226 [FXGL Background Thread 1 ] DEBUG FXGLAssetLoaderServi - Loading from file system: file:/home/diego/Documentos/concurrente/Restaurant/cynthia/restaurante/target/classes/assets/textures/aguachile.png
22:17:58.346 [FXGL Background Thread 1 ] INFO  FXGLApplication      - Game initialization took: 0.738 sec
22:17:58.356 [JavaFX Application Thread] DEBUG Input                - Clearing active input actions
22:17:58.419 [JavaFX Application Thread] DEBUG GameApplicationServi - Removing overlay from FXGLLoadingScene and adding to GameScene
22:17:58.420 [JavaFX Application Thread] DEBUG PrimaryStageWindow   - FXGLLoadingScene -> GameScene
22:17:59.359 [FXGL Background Thread 2 ] INFO  UpdaterService       - Your current version:  17.2
22:17:59.360 [FXGL Background Thread 2 ] INFO  UpdaterService       - Latest stable version: 21.1
22:18:00.105 [JavaFX Application Thread] DEBUG FXGLAssetLoaderServi - Loading from file system: file:/home/diego/Documentos/concurrente/Restaurant/cynthia/restaurante/target/classes/assets/textures/cliente_2.png
22:18:00.286 [FXGL Background Thread 3 ] DEBUG Engine               - Logging environment variables
22:18:00.290 [FXGL Background Thread 3 ] DEBUG Engine               - achievements: []
22:18:00.290 [FXGL Background Thread 3 ] DEBUG Engine               - actualHeight: 560.0
22:18:00.290 [FXGL Background Thread 3 ] DEBUG Engine               - actualHeightProperty: ReadOnlyDoubleProperty [value: 555.0]
22:18:00.291 [FXGL Background Thread 3 ] DEBUG Engine               - actualWidth: 980.0
22:18:00.291 [FXGL Background Thread 3 ] DEBUG Engine               - actualWidthProperty: ReadOnlyDoubleProperty [value: 980.0]
22:18:00.291 [FXGL Background Thread 3 ] DEBUG Engine               - appIcon: fxgl_icon.png
22:18:00.291 [FXGL Background Thread 3 ] DEBUG Engine               - applicationMode: DEVELOPER
22:18:00.291 [FXGL Background Thread 3 ] DEBUG Engine               - cSSList: [fxgl_dark.css]
22:18:00.291 [FXGL Background Thread 3 ] DEBUG Engine               - collisionDetectionStrategy: BRUTE_FORCE
22:18:00.292 [FXGL Background Thread 3 ] DEBUG Engine               - configClass: Optional.empty
22:18:00.292 [FXGL Background Thread 3 ] DEBUG Engine               - credits: []
22:18:00.293 [FXGL Background Thread 3 ] DEBUG Engine               - defaultCursor: CursorInfo(imageName=fxgl_default_cursor.png, hotspotX=7.0, hotspotY=6.0)
22:18:00.294 [FXGL Background Thread 3 ] DEBUG Engine               - devBBoxColorProperty: ObjectProperty [value: 0xff0000ff]
22:18:00.294 [FXGL Background Thread 3 ] DEBUG Engine               - devEnableDebugCameraProperty: BooleanProperty [value: false]
22:18:00.295 [FXGL Background Thread 3 ] DEBUG Engine               - devSensorColorProperty: ObjectProperty [value: 0xffff00ff]
22:18:00.295 [FXGL Background Thread 3 ] DEBUG Engine               - devShowBBoxProperty: BooleanProperty [value: false]
22:18:00.295 [FXGL Background Thread 3 ] DEBUG Engine               - devShowPositionProperty: BooleanProperty [value: false]
22:18:00.295 [FXGL Background Thread 3 ] DEBUG Engine               - enabledMenuItems: []
22:18:00.295 [FXGL Background Thread 3 ] DEBUG Engine               - engineServices: [class com.almasb.fxgl.app.services.FXGLAssetLoaderService, class com.almasb.fxgl.app.FXGLApplication$GameApplicationService, class com.almasb.fxgl.app.services.FXGLDialogService, class com.almasb.fxgl.app.services.IOTaskExecutorService, class com.almasb.fxgl.io.FileSystemService, class com.almasb.fxgl.localization.LocalizationService, class com.almasb.fxgl.app.services.SystemBundleService, class com.almasb.fxgl.profile.SaveLoadService, class com.almasb.fxgl.ui.FXGLUIFactoryServiceProvider, class com.almasb.fxgl.ui.FXGLDialogFactoryServiceProvider, class com.almasb.fxgl.audio.AudioPlayer, class com.almasb.fxgl.notification.impl.NotificationServiceProvider, class com.almasb.fxgl.achievement.AchievementService, class com.almasb.fxgl.cutscene.CutsceneService, class com.almasb.fxgl.minigames.MiniGameService, class com.almasb.fxgl.net.NetService, class com.almasb.fxgl.app.services.UpdaterService, class com.almasb.fxgl.dev.DevService]
22:18:00.295 [FXGL Background Thread 3 ] DEBUG Engine               - fontGame: Abel-Regular.ttf
22:18:00.296 [FXGL Background Thread 3 ] DEBUG Engine               - fontMono: TerminalLandMono-Regular.otf
22:18:00.296 [FXGL Background Thread 3 ] DEBUG Engine               - fontText: Courier-Prime.ttf
22:18:00.296 [FXGL Background Thread 3 ] DEBUG Engine               - fontUI: VarelaRound-Regular.ttf
22:18:00.296 [FXGL Background Thread 3 ] DEBUG Engine               - fullScreen: BooleanProperty [value: false]
22:18:00.296 [FXGL Background Thread 3 ] DEBUG Engine               - gameDifficulty: MEDIUM
22:18:00.296 [FXGL Background Thread 3 ] DEBUG Engine               - gameDifficultyProperty: ObjectProperty [value: MEDIUM]
22:18:00.297 [FXGL Background Thread 3 ] DEBUG Engine               - globalMusicVolume: 0.5
22:18:00.297 [FXGL Background Thread 3 ] DEBUG Engine               - globalMusicVolumeProperty: DoubleProperty [value: 0.5]
22:18:00.297 [FXGL Background Thread 3 ] DEBUG Engine               - globalSoundVolume: 0.5
22:18:00.297 [FXGL Background Thread 3 ] DEBUG Engine               - globalSoundVolumeProperty: DoubleProperty [value: 0.5]
22:18:00.297 [FXGL Background Thread 3 ] DEBUG Engine               - height: 560
22:18:00.298 [FXGL Background Thread 3 ] DEBUG Engine               - is3D: false
22:18:00.298 [FXGL Background Thread 3 ] DEBUG Engine               - isAndroid: false
22:18:00.298 [FXGL Background Thread 3 ] DEBUG Engine               - isBrowser: false
22:18:00.298 [FXGL Background Thread 3 ] DEBUG Engine               - isClickFeedbackEnabled: false
22:18:00.298 [FXGL Background Thread 3 ] DEBUG Engine               - isCloseConfirmation: false
22:18:00.298 [FXGL Background Thread 3 ] DEBUG Engine               - isDesktop: true
22:18:00.299 [FXGL Background Thread 3 ] DEBUG Engine               - isDeveloperMenuEnabled: false
22:18:00.299 [FXGL Background Thread 3 ] DEBUG Engine               - isEmbedded: false
22:18:00.299 [FXGL Background Thread 3 ] DEBUG Engine               - isEntityPreloadEnabled: true
22:18:00.299 [FXGL Background Thread 3 ] DEBUG Engine               - isExperimentalTiledLargeMap: false
22:18:00.299 [FXGL Background Thread 3 ] DEBUG Engine               - isFileSystemWriteAllowed: true
22:18:00.299 [FXGL Background Thread 3 ] DEBUG Engine               - isFullScreenAllowed: false
22:18:00.299 [FXGL Background Thread 3 ] DEBUG Engine               - isFullScreenFromStart: false
22:18:00.299 [FXGL Background Thread 3 ] DEBUG Engine               - isGameMenuEnabled: true
22:18:00.300 [FXGL Background Thread 3 ] DEBUG Engine               - isIOS: false
22:18:00.300 [FXGL Background Thread 3 ] DEBUG Engine               - isIntroEnabled: false
22:18:00.300 [FXGL Background Thread 3 ] DEBUG Engine               - isLinux: true
22:18:00.300 [FXGL Background Thread 3 ] DEBUG Engine               - isMac: false
22:18:00.300 [FXGL Background Thread 3 ] DEBUG Engine               - isMainMenuEnabled: false
22:18:00.301 [FXGL Background Thread 3 ] DEBUG Engine               - isManualResizeEnabled: false
22:18:00.301 [FXGL Background Thread 3 ] DEBUG Engine               - isMobile: false
22:18:00.301 [FXGL Background Thread 3 ] DEBUG Engine               - isNative: false
22:18:00.301 [FXGL Background Thread 3 ] DEBUG Engine               - isPauseMusicWhenMinimized: true
22:18:00.301 [FXGL Background Thread 3 ] DEBUG Engine               - isPreserveResizeRatio: false
22:18:00.301 [FXGL Background Thread 3 ] DEBUG Engine               - isProfilingEnabled: false
22:18:00.302 [FXGL Background Thread 3 ] DEBUG Engine               - isScaleAffectedOnResize: true
22:18:00.302 [FXGL Background Thread 3 ] DEBUG Engine               - isSingleStep: false
22:18:00.302 [FXGL Background Thread 3 ] DEBUG Engine               - isUserProfileEnabled: false
22:18:00.302 [FXGL Background Thread 3 ] DEBUG Engine               - isWindows: false
22:18:00.302 [FXGL Background Thread 3 ] DEBUG Engine               - language: ObjectProperty [value: ENGLISH]
22:18:00.302 [FXGL Background Thread 3 ] DEBUG Engine               - menuKey: ESCAPE
22:18:00.302 [FXGL Background Thread 3 ] DEBUG Engine               - mouseSensitivity: 0.2
22:18:00.303 [FXGL Background Thread 3 ] DEBUG Engine               - notificationViewClass: class com.almasb.fxgl.notification.view.XboxNotificationView
22:18:00.303 [FXGL Background Thread 3 ] DEBUG Engine               - pixelsPerMeter: 50.0
22:18:00.303 [FXGL Background Thread 3 ] DEBUG Engine               - platform: LINUX
22:18:00.303 [FXGL Background Thread 3 ] DEBUG Engine               - prefHeightProperty: ReadOnlyDoubleProperty [value: 560.0]
22:18:00.304 [FXGL Background Thread 3 ] DEBUG Engine               - prefWidthProperty: ReadOnlyDoubleProperty [value: 980.0]
22:18:00.304 [FXGL Background Thread 3 ] DEBUG Engine               - profileDir: profiles/
22:18:00.305 [FXGL Background Thread 3 ] DEBUG Engine               - profileName: StringProperty [value: DEFAULT]
22:18:00.305 [FXGL Background Thread 3 ] DEBUG Engine               - randomSeed: -1
22:18:00.306 [FXGL Background Thread 3 ] DEBUG Engine               - runtimeInfo: RuntimeInfo(platform=LINUX, version=17.2, build=20.08.2022 16.50)
22:18:00.307 [FXGL Background Thread 3 ] DEBUG Engine               - saveFileExt: sav
22:18:00.308 [FXGL Background Thread 3 ] DEBUG Engine               - scaledHeightProp$fxgl: DoubleProperty [bound, value: 555.0]
22:18:00.308 [FXGL Background Thread 3 ] DEBUG Engine               - scaledWidthProp$fxgl: DoubleProperty [bound, value: 980.0]
22:18:00.308 [FXGL Background Thread 3 ] DEBUG Engine               - sceneFactory: com.almasb.fxgl.app.scene.SceneFactory@2a90ce96
22:18:00.308 [FXGL Background Thread 3 ] DEBUG Engine               - secondsIn24h: 60
22:18:00.308 [FXGL Background Thread 3 ] DEBUG Engine               - soundMenuBack: menu/back.wav
22:18:00.309 [FXGL Background Thread 3 ] DEBUG Engine               - soundMenuPress: menu/press.wav
22:18:00.309 [FXGL Background Thread 3 ] DEBUG Engine               - soundMenuSelect: menu/select.wav
22:18:00.309 [FXGL Background Thread 3 ] DEBUG Engine               - soundNotification: core/notification.wav
22:18:00.309 [FXGL Background Thread 3 ] DEBUG Engine               - stageStyle: DECORATED
22:18:00.310 [FXGL Background Thread 3 ] DEBUG Engine               - supportedLanguages: [ENGLISH, FRENCH, GERMAN, HUNGARIAN, RUSSIAN]
22:18:00.310 [FXGL Background Thread 3 ] DEBUG Engine               - ticksPerSecond: -1
22:18:00.310 [FXGL Background Thread 3 ] DEBUG Engine               - title: Restaurant Simulation
22:18:00.310 [FXGL Background Thread 3 ] DEBUG Engine               - urlGithub: https://github.com/AlmasB/FXGL
22:18:00.311 [FXGL Background Thread 3 ] DEBUG Engine               - urlLeaderboard: http://fxgl-top.herokuapp.com/
22:18:00.311 [FXGL Background Thread 3 ] DEBUG Engine               - urlPOM: https://raw.githubusercontent.com/AlmasB/FXGL/release/README.md
22:18:00.311 [FXGL Background Thread 3 ] DEBUG Engine               - userAppClass: class com.example.restauranteup.App
22:18:00.311 [FXGL Background Thread 3 ] DEBUG Engine               - version: 0.0
22:18:00.311 [FXGL Background Thread 3 ] DEBUG Engine               - versionCheckDays: 7
22:18:00.311 [FXGL Background Thread 3 ] DEBUG Engine               - width: 980
22:18:00.312 [FXGL Background Thread 3 ] DEBUG Engine               - Logging services
22:18:00.312 [FXGL Background Thread 3 ] DEBUG Engine               - class com.almasb.fxgl.app.services.FXGLAssetLoaderService
22:18:00.313 [FXGL Background Thread 3 ] DEBUG Engine               - class com.almasb.fxgl.app.FXGLApplication$GameApplicationService
22:18:00.313 [FXGL Background Thread 3 ] DEBUG Engine               - class com.almasb.fxgl.app.services.FXGLDialogService
22:18:00.313 [FXGL Background Thread 3 ] DEBUG Engine               - class com.almasb.fxgl.app.services.IOTaskExecutorService
22:18:00.313 [FXGL Background Thread 3 ] DEBUG Engine               - class com.almasb.fxgl.io.FileSystemService
22:18:00.313 [FXGL Background Thread 3 ] DEBUG Engine               - class com.almasb.fxgl.localization.LocalizationService
22:18:00.313 [FXGL Background Thread 3 ] DEBUG Engine               - class com.almasb.fxgl.app.services.SystemBundleService
22:18:00.313 [FXGL Background Thread 3 ] DEBUG Engine               - class com.almasb.fxgl.profile.SaveLoadService
22:18:00.314 [FXGL Background Thread 3 ] DEBUG Engine               - class com.almasb.fxgl.ui.FXGLUIFactoryServiceProvider
22:18:00.314 [FXGL Background Thread 3 ] DEBUG Engine               - class com.almasb.fxgl.ui.FXGLDialogFactoryServiceProvider
22:18:00.314 [FXGL Background Thread 3 ] DEBUG Engine               - class com.almasb.fxgl.audio.AudioPlayer
22:18:00.314 [FXGL Background Thread 3 ] DEBUG Engine               - class com.almasb.fxgl.notification.impl.NotificationServiceProvider
22:18:00.314 [FXGL Background Thread 3 ] DEBUG Engine               - class com.almasb.fxgl.achievement.AchievementService
22:18:00.315 [FXGL Background Thread 3 ] DEBUG Engine               - class com.almasb.fxgl.cutscene.CutsceneService
22:18:00.315 [FXGL Background Thread 3 ] DEBUG Engine               - class com.almasb.fxgl.minigames.MiniGameService
22:18:00.315 [FXGL Background Thread 3 ] DEBUG Engine               - class com.almasb.fxgl.net.NetService
22:18:00.315 [FXGL Background Thread 3 ] DEBUG Engine               - class com.almasb.fxgl.app.services.UpdaterService
22:18:00.315 [FXGL Background Thread 3 ] DEBUG Engine               - class com.almasb.fxgl.dev.DevService
22:18:02.077 [JavaFX Application Thread] DEBUG FXGLAssetLoaderServi - Loading from file system: file:/home/diego/Documentos/concurrente/Restaurant/cynthia/restaurante/target/classes/assets/textures/cliente_3.png
22:18:05.085 [JavaFX Application Thread] DEBUG FXGLAssetLoaderServi - Loading from file system: file:/home/diego/Documentos/concurrente/Restaurant/cynthia/restaurante/target/classes/assets/textures/cliente_6.png
22:18:06.079 [JavaFX Application Thread] DEBUG FXGLAssetLoaderServi - Loading from file system: file:/home/diego/Documentos/concurrente/Restaurant/cynthia/restaurante/target/classes/assets/textures/cliente_4.png
22:18:09.094 [JavaFX Application Thread] DEBUG FXGLAssetLoaderServi - Loading from file system: file:/home/diego/Documentos/concurrente/Restaurant/cynthia/restaurante/target/classes/assets/textures/cliente_5.png
22:18:25.095 [JavaFX Application Thread] DEBUG FXGLAssetLoaderServi - Loading from file system: file:/home/diego/Documentos/concurrente/Restaurant/cynthia/restaurante/target/classes/assets/textures/cliente_8.png
22:18:28.100 [JavaFX Application Thread] DEBUG FXGLAssetLoaderServi - Loading from file system: file:/home/diego/Documentos/concurrente/Restaurant/cynthia/restaurante/target/classes/assets/textures/cliente_7.png
22:18:37.113 [JavaFX Application Thread] DEBUG FXGLAssetLoaderServi - Loading from file system: file:/home/diego/Documentos/concurrente/Restaurant/cynthia/restaurante/target/classes/assets/textures/cliente_1.png
22:18:39.335 [JavaFX Application Thread] DEBUG FXGLApplication      - Exiting FXGL
22:18:39.336 [JavaFX Application Thread] DEBUG LoopRunner           - Stopping loop
22:18:39.336 [JavaFX Application Thread] DEBUG SystemBundleService  - Saving FXGL system data
22:18:39.344 [JavaFX Application Thread] DEBUG FileSystemAccess     - Writing to: /home/diego/Documentos/concurrente/Restaurant/cynthia/restaurante/system/fxgl.bundle
22:18:39.355 [JavaFX Application Thread] DEBUG Async                - Shutting down background threads
22:18:39.356 [JavaFX Application Thread] DEBUG PrimaryStageWindow   - Closing main window
22:18:39.364 [JavaFX Application Thread] DEBUG Logger               - Closing Logger
