22:51:06.686 [com.example.restauranteup] DEBUG Logger               - Configured Logger
22:51:06.784 [com.example.restauranteup] DEBUG GameApplication      - Logging settings
Title: Restaurant Simulation
Version: 0.0
Width: 980
Height: 560
Fullscreen: false
Intro: false
Profiling: false
Single step:false
App Mode: DEVELOPER
Menu Key: ESCAPE
Stage Style: DECORATED
Scene Factory: class com.almasb.fxgl.app.scene.SceneFactory

22:51:07.516 [JavaFX Application Thread] DEBUG FXGLApplication      - Initializing FXGL
22:51:07.528 [JavaFX Application Thread] INFO  Engine               - FXGL-17.2 (20.08.2022 16.50) on LINUX (J:21.0.5 FX:18)
22:51:07.529 [JavaFX Application Thread] DEBUG Engine               - JRE Vendor Name: Red Hat, Inc.
22:51:07.529 [JavaFX Application Thread] DEBUG Engine               - Running on OS: Linux version 6.11.8-200.fc40.x86_64
22:51:07.530 [JavaFX Application Thread] DEBUG Engine               - Architecture: amd64
22:51:07.530 [JavaFX Application Thread] INFO  Engine               - Source code and latest versions at: https://github.com/AlmasB/FXGL
22:51:07.531 [JavaFX Application Thread] INFO  Engine               -       Ask questions and discuss at: https://github.com/AlmasB/FXGL/discussions
22:51:07.531 [JavaFX Application Thread] INFO  Engine               -              Join the FXGL chat at: https://gitter.im/AlmasB/FXGL
22:51:07.989 [JavaFX Application Thread] DEBUG PrimaryStageWindow   - Creating a JavaFX scene
22:51:08.241 [JavaFX Application Thread] DEBUG PrimaryStageWindow   - Target settings size: 980.0 x 560.0
22:51:08.241 [JavaFX Application Thread] DEBUG PrimaryStageWindow   - Scaled scene size:    980.0 x 560.0
22:51:08.242 [JavaFX Application Thread] DEBUG PrimaryStageWindow   - Scaled ratio: (1.0, 1.0)
22:51:08.244 [JavaFX Application Thread] DEBUG PrimaryStageWindow   - Set initial scene to FXGLStartupScene
22:51:08.266 [JavaFX Application Thread] DEBUG PrimaryStageWindow   - Opening main window
22:51:08.474 [JavaFX Application Thread] DEBUG PrimaryStageWindow   - Window border size: (8.0, 38.0)
22:51:08.475 [JavaFX Application Thread] DEBUG PrimaryStageWindow   - Scaled size: 980.0 x 560.0
22:51:08.475 [JavaFX Application Thread] DEBUG PrimaryStageWindow   - Scaled ratio: (1.0, 1.0)
22:51:08.476 [JavaFX Application Thread] DEBUG PrimaryStageWindow   - Scene size: 980.0 x 560.0
22:51:08.477 [JavaFX Application Thread] DEBUG PrimaryStageWindow   - Stage size: 988.0 x 598.0
22:51:08.499 [FXGL Background Thread 1 ] DEBUG Engine               - Initializing environment variables
22:51:08.601 [FXGL Background Thread 1 ] DEBUG FXGLAssetLoaderServi - User app class for loading assets: class com.example.restauranteup.App
22:51:08.602 [FXGL Background Thread 1 ] DEBUG GameApplicationServi - Applying CSS: fxgl_dark.css
22:51:08.605 [FXGL Background Thread 1 ] DEBUG FXGLAssetLoaderServi - Loading from file system: jar:file:/home/diego/.m2/repository/com/github/almasb/fxgl/17.2/fxgl-17.2.jar!/fxglassets/ui/css/fxgl_dark.css
22:51:08.775 [FXGL Background Thread 1 ] DEBUG GameApplicationServi - Initializing application scenes
22:51:08.952 [FXGL Background Thread 1 ] DEBUG GameWorld            - Game world initialized
22:51:09.252 [FXGL Background Thread 1 ] DEBUG PhysicsWorld         - Physics world initialized: appHeight=560, physics.ppm=50.0
22:51:09.253 [FXGL Background Thread 1 ] DEBUG PhysicsWorld         - Using strategy: BRUTE_FORCE
22:51:09.266 [FXGL Background Thread 1 ] DEBUG GameScene            - Game scene initialized: 980x560
22:51:09.310 [FXGL Background Thread 1 ] WARN  FXGL.DefaultMenu     - FXGLDefaultMenu is not designed for resolutions < 800x600
22:51:09.311 [FXGL Background Thread 1 ] DEBUG FXGL.DefaultMenu     - createMenuBodyGameMenu()
22:51:09.413 [FXGL Background Thread 1 ] DEBUG FXGL.DefaultMenu     - createOptionsMenu()
22:51:09.453 [FXGL Background Thread 1 ] DEBUG FXGLAssetLoaderServi - Loading from file system: jar:file:/home/diego/.m2/repository/com/github/almasb/fxgl/17.2/fxgl-17.2.jar!/fxglassets/textures/particles/smoke.png
22:51:09.960 [FXGL Background Thread 1 ] DEBUG FXGLAssetLoaderServi - Loading from file system: jar:file:/home/diego/.m2/repository/com/github/almasb/fxgl/17.2/fxgl-17.2.jar!/fxglassets/textures/particles/trace_horizontal.png
22:51:10.069 [FXGL Background Thread 1 ] DEBUG GameApplicationServi - Application scenes initialized
22:51:10.121 [FXGL Background Thread 1 ] DEBUG SystemBundleService  - Loading FXGL system data
22:51:10.133 [FXGL Background Thread 1 ] DEBUG FileSystemAccess     - Reading from: /home/diego/Documentos/concurrente/Restaurant/cynthia/restaurante/system/fxgl.bundle
22:51:10.153 [FXGL Background Thread 1 ] DEBUG SystemBundleService  - Bundle FXGL: {}
22:51:10.154 [FXGL Background Thread 1 ] DEBUG UpdaterService       - Checking for updates
22:51:10.164 [FXGL Background Thread 4 ] DEBUG FXGLApplication      - Loading fonts
22:51:10.164 [FXGL Background Thread 4 ] DEBUG FXGLAssetLoaderServi - Loading from file system: jar:file:/home/diego/.m2/repository/com/github/almasb/fxgl/17.2/fxgl-17.2.jar!/fxglassets/ui/fonts/VarelaRound-Regular.ttf
22:51:10.166 [FXGL Background Thread 1 ] DEBUG FXGLApplication      - Loading default localization
22:51:10.167 [FXGL Background Thread 1 ] DEBUG FXGLAssetLoaderServi - Loading from file system: jar:file:/home/diego/.m2/repository/com/github/almasb/fxgl/17.2/fxgl-17.2.jar!/fxglassets/languages/english.lang
22:51:10.199 [FXGL Background Thread 4 ] DEBUG FXGLAssetLoaderServi - Loading from file system: jar:file:/home/diego/.m2/repository/com/github/almasb/fxgl/17.2/fxgl-17.2.jar!/fxglassets/ui/fonts/Abel-Regular.ttf
22:51:10.203 [FXGL Background Thread 4 ] DEBUG FXGLAssetLoaderServi - Loading from file system: jar:file:/home/diego/.m2/repository/com/github/almasb/fxgl/17.2/fxgl-17.2.jar!/fxglassets/ui/fonts/TerminalLandMono-Regular.otf
22:51:10.209 [FXGL Background Thread 4 ] DEBUG FXGLAssetLoaderServi - Loading from file system: jar:file:/home/diego/.m2/repository/com/github/almasb/fxgl/17.2/fxgl-17.2.jar!/fxglassets/ui/fonts/Courier-Prime.ttf
22:51:10.217 [FXGL Background Thread 1 ] INFO  FXGLApplication      - FXGL initialization took: 1.717 sec
22:51:10.220 [JavaFX Application Thread] DEBUG FXGLApplication      - Registering font factories with UI factory
22:51:10.232 [JavaFX Application Thread] DEBUG FXGLAssetLoaderServi - Loading from file system: jar:file:/home/diego/.m2/repository/com/github/almasb/fxgl/17.2/fxgl-17.2.jar!/fxglassets/textures/fxgl_icon.png
22:51:10.337 [JavaFX Application Thread] DEBUG FXGLAssetLoaderServi - Loading from file system: jar:file:/home/diego/.m2/repository/com/github/almasb/fxgl/17.2/fxgl-17.2.jar!/fxglassets/textures/fxgl_default_cursor.png
22:51:10.370 [JavaFX Application Thread] DEBUG Input                - Registered new binding: Screenshot - CTRL+8
22:51:10.372 [JavaFX Application Thread] DEBUG Input                - Registered new binding: System info dump - CTRL+9
22:51:10.373 [JavaFX Application Thread] DEBUG Input                - Registered new binding: Restart - CTRL+R
22:51:10.375 [JavaFX Application Thread] DEBUG Input                - Registered new binding: Toggle Debug Camera - CTRL+7
22:51:10.384 [JavaFX Application Thread] DEBUG LoopRunner           - Starting loop
22:51:10.385 [JavaFX Application Thread] DEBUG LoopRunner           - Initializing JavaFX AnimationTimerLoop
22:51:10.389 [JavaFX Application Thread] DEBUG GameApplicationServi - Starting new game
22:51:10.390 [JavaFX Application Thread] DEBUG Input                - Clearing active input actions
22:51:10.442 [JavaFX Application Thread] DEBUG GameApplicationServi - Removing overlay from FXGLStartupScene and adding to FXGLLoadingScene
22:51:10.443 [JavaFX Application Thread] DEBUG PrimaryStageWindow   - FXGLStartupScene -> FXGLLoadingScene
22:51:10.444 [JavaFX Application Thread] DEBUG GameApplicationServi - Clearing previous game
22:51:10.444 [JavaFX Application Thread] DEBUG GameScene            - Clearing game scene
22:51:10.444 [JavaFX Application Thread] DEBUG GameWorld            - Clearing game world
22:51:10.444 [JavaFX Application Thread] DEBUG PhysicsWorld         - Clearing physics world
22:51:10.449 [FXGL Background Thread 1 ] DEBUG FXGLApplication      - Initializing game
22:51:10.475 [FXGL Background Thread 1 ] DEBUG FXGLAssetLoaderServi - Loading from file system: file:/home/diego/Documentos/concurrente/Restaurant/cynthia/restaurante/target/classes/assets/textures/escenario.png
22:51:10.676 [FXGL Background Thread 1 ] DEBUG FXGLAssetLoaderServi - Loading from file system: file:/home/diego/Documentos/concurrente/Restaurant/cynthia/restaurante/target/classes/assets/textures/cocinero.png
22:51:10.976 [FXGL Background Thread 1 ] DEBUG FXGLAssetLoaderServi - Loading from file system: file:/home/diego/Documentos/concurrente/Restaurant/cynthia/restaurante/target/classes/assets/textures/mesero.png
22:51:10.991 [FXGL Background Thread 1 ] DEBUG FXGLAssetLoaderServi - Loading from file system: file:/home/diego/Documentos/concurrente/Restaurant/cynthia/restaurante/target/classes/assets/textures/aguachile.png
22:51:11.070 [FXGL Background Thread 1 ] INFO  FXGLApplication      - Game initialization took: 0.621 sec
22:51:11.077 [JavaFX Application Thread] DEBUG Input                - Clearing active input actions
22:51:11.137 [JavaFX Application Thread] DEBUG GameApplicationServi - Removing overlay from FXGLLoadingScene and adding to GameScene
22:51:11.138 [JavaFX Application Thread] DEBUG PrimaryStageWindow   - FXGLLoadingScene -> GameScene
22:51:11.891 [FXGL Background Thread 2 ] INFO  UpdaterService       - Your current version:  17.2
22:51:11.892 [FXGL Background Thread 2 ] INFO  UpdaterService       - Latest stable version: 21.1
22:51:13.159 [FXGL Background Thread 3 ] DEBUG Engine               - Logging environment variables
22:51:13.162 [FXGL Background Thread 3 ] DEBUG Engine               - achievements: []
22:51:13.162 [FXGL Background Thread 3 ] DEBUG Engine               - actualHeight: 560.0
22:51:13.163 [FXGL Background Thread 3 ] DEBUG Engine               - actualHeightProperty: ReadOnlyDoubleProperty [value: 560.0]
22:51:13.163 [FXGL Background Thread 3 ] DEBUG Engine               - actualWidth: 980.0
22:51:13.163 [FXGL Background Thread 3 ] DEBUG Engine               - actualWidthProperty: ReadOnlyDoubleProperty [value: 980.0]
22:51:13.164 [FXGL Background Thread 3 ] DEBUG Engine               - appIcon: fxgl_icon.png
22:51:13.164 [FXGL Background Thread 3 ] DEBUG Engine               - applicationMode: DEVELOPER
22:51:13.165 [FXGL Background Thread 3 ] DEBUG Engine               - cSSList: [fxgl_dark.css]
22:51:13.165 [FXGL Background Thread 3 ] DEBUG Engine               - collisionDetectionStrategy: BRUTE_FORCE
22:51:13.165 [FXGL Background Thread 3 ] DEBUG Engine               - configClass: Optional.empty
22:51:13.166 [FXGL Background Thread 3 ] DEBUG Engine               - credits: []
22:51:13.168 [FXGL Background Thread 3 ] DEBUG Engine               - defaultCursor: CursorInfo(imageName=fxgl_default_cursor.png, hotspotX=7.0, hotspotY=6.0)
22:51:13.169 [FXGL Background Thread 3 ] DEBUG Engine               - devBBoxColorProperty: ObjectProperty [value: 0xff0000ff]
22:51:13.169 [FXGL Background Thread 3 ] DEBUG Engine               - devEnableDebugCameraProperty: BooleanProperty [value: false]
22:51:13.170 [FXGL Background Thread 3 ] DEBUG Engine               - devSensorColorProperty: ObjectProperty [value: 0xffff00ff]
22:51:13.170 [FXGL Background Thread 3 ] DEBUG Engine               - devShowBBoxProperty: BooleanProperty [value: false]
22:51:13.171 [FXGL Background Thread 3 ] DEBUG Engine               - devShowPositionProperty: BooleanProperty [value: false]
22:51:13.171 [FXGL Background Thread 3 ] DEBUG Engine               - enabledMenuItems: []
22:51:13.172 [FXGL Background Thread 3 ] DEBUG Engine               - engineServices: [class com.almasb.fxgl.app.services.FXGLAssetLoaderService, class com.almasb.fxgl.app.FXGLApplication$GameApplicationService, class com.almasb.fxgl.app.services.FXGLDialogService, class com.almasb.fxgl.app.services.IOTaskExecutorService, class com.almasb.fxgl.io.FileSystemService, class com.almasb.fxgl.localization.LocalizationService, class com.almasb.fxgl.app.services.SystemBundleService, class com.almasb.fxgl.profile.SaveLoadService, class com.almasb.fxgl.ui.FXGLUIFactoryServiceProvider, class com.almasb.fxgl.ui.FXGLDialogFactoryServiceProvider, class com.almasb.fxgl.audio.AudioPlayer, class com.almasb.fxgl.notification.impl.NotificationServiceProvider, class com.almasb.fxgl.achievement.AchievementService, class com.almasb.fxgl.cutscene.CutsceneService, class com.almasb.fxgl.minigames.MiniGameService, class com.almasb.fxgl.net.NetService, class com.almasb.fxgl.app.services.UpdaterService, class com.almasb.fxgl.dev.DevService]
22:51:13.172 [FXGL Background Thread 3 ] DEBUG Engine               - fontGame: Abel-Regular.ttf
22:51:13.172 [FXGL Background Thread 3 ] DEBUG Engine               - fontMono: TerminalLandMono-Regular.otf
22:51:13.173 [FXGL Background Thread 3 ] DEBUG Engine               - fontText: Courier-Prime.ttf
22:51:13.173 [FXGL Background Thread 3 ] DEBUG Engine               - fontUI: VarelaRound-Regular.ttf
22:51:13.174 [FXGL Background Thread 3 ] DEBUG Engine               - fullScreen: BooleanProperty [value: false]
22:51:13.174 [FXGL Background Thread 3 ] DEBUG Engine               - gameDifficulty: MEDIUM
22:51:13.174 [FXGL Background Thread 3 ] DEBUG Engine               - gameDifficultyProperty: ObjectProperty [value: MEDIUM]
22:51:13.175 [FXGL Background Thread 3 ] DEBUG Engine               - globalMusicVolume: 0.5
22:51:13.175 [FXGL Background Thread 3 ] DEBUG Engine               - globalMusicVolumeProperty: DoubleProperty [value: 0.5]
22:51:13.176 [FXGL Background Thread 3 ] DEBUG Engine               - globalSoundVolume: 0.5
22:51:13.177 [FXGL Background Thread 3 ] DEBUG Engine               - globalSoundVolumeProperty: DoubleProperty [value: 0.5]
22:51:13.177 [FXGL Background Thread 3 ] DEBUG Engine               - height: 560
22:51:13.177 [FXGL Background Thread 3 ] DEBUG Engine               - is3D: false
22:51:13.178 [FXGL Background Thread 3 ] DEBUG Engine               - isAndroid: false
22:51:13.178 [FXGL Background Thread 3 ] DEBUG Engine               - isBrowser: false
22:51:13.178 [FXGL Background Thread 3 ] DEBUG Engine               - isClickFeedbackEnabled: false
22:51:13.179 [FXGL Background Thread 3 ] DEBUG Engine               - isCloseConfirmation: false
22:51:13.180 [FXGL Background Thread 3 ] DEBUG Engine               - isDesktop: true
22:51:13.180 [FXGL Background Thread 3 ] DEBUG Engine               - isDeveloperMenuEnabled: false
22:51:13.180 [FXGL Background Thread 3 ] DEBUG Engine               - isEmbedded: false
22:51:13.181 [FXGL Background Thread 3 ] DEBUG Engine               - isEntityPreloadEnabled: true
22:51:13.181 [FXGL Background Thread 3 ] DEBUG Engine               - isExperimentalTiledLargeMap: false
22:51:13.182 [FXGL Background Thread 3 ] DEBUG Engine               - isFileSystemWriteAllowed: true
22:51:13.182 [FXGL Background Thread 3 ] DEBUG Engine               - isFullScreenAllowed: false
22:51:13.182 [FXGL Background Thread 3 ] DEBUG Engine               - isFullScreenFromStart: false
22:51:13.183 [FXGL Background Thread 3 ] DEBUG Engine               - isGameMenuEnabled: true
22:51:13.183 [FXGL Background Thread 3 ] DEBUG Engine               - isIOS: false
22:51:13.183 [FXGL Background Thread 3 ] DEBUG Engine               - isIntroEnabled: false
22:51:13.184 [FXGL Background Thread 3 ] DEBUG Engine               - isLinux: true
22:51:13.184 [FXGL Background Thread 3 ] DEBUG Engine               - isMac: false
22:51:13.185 [FXGL Background Thread 3 ] DEBUG Engine               - isMainMenuEnabled: false
22:51:13.185 [FXGL Background Thread 3 ] DEBUG Engine               - isManualResizeEnabled: false
22:51:13.186 [FXGL Background Thread 3 ] DEBUG Engine               - isMobile: false
22:51:13.186 [FXGL Background Thread 3 ] DEBUG Engine               - isNative: false
22:51:13.186 [FXGL Background Thread 3 ] DEBUG Engine               - isPauseMusicWhenMinimized: true
22:51:13.186 [FXGL Background Thread 3 ] DEBUG Engine               - isPreserveResizeRatio: false
22:51:13.187 [FXGL Background Thread 3 ] DEBUG Engine               - isProfilingEnabled: false
22:51:13.187 [FXGL Background Thread 3 ] DEBUG Engine               - isScaleAffectedOnResize: true
22:51:13.187 [FXGL Background Thread 3 ] DEBUG Engine               - isSingleStep: false
22:51:13.188 [FXGL Background Thread 3 ] DEBUG Engine               - isUserProfileEnabled: false
22:51:13.188 [FXGL Background Thread 3 ] DEBUG Engine               - isWindows: false
22:51:13.188 [FXGL Background Thread 3 ] DEBUG Engine               - language: ObjectProperty [value: ENGLISH]
22:51:13.189 [FXGL Background Thread 3 ] DEBUG Engine               - menuKey: ESCAPE
22:51:13.189 [FXGL Background Thread 3 ] DEBUG Engine               - mouseSensitivity: 0.2
22:51:13.189 [FXGL Background Thread 3 ] DEBUG Engine               - notificationViewClass: class com.almasb.fxgl.notification.view.XboxNotificationView
22:51:13.190 [FXGL Background Thread 3 ] DEBUG Engine               - pixelsPerMeter: 50.0
22:51:13.190 [FXGL Background Thread 3 ] DEBUG Engine               - platform: LINUX
22:51:13.191 [FXGL Background Thread 3 ] DEBUG Engine               - prefHeightProperty: ReadOnlyDoubleProperty [value: 560.0]
22:51:13.191 [FXGL Background Thread 3 ] DEBUG Engine               - prefWidthProperty: ReadOnlyDoubleProperty [value: 980.0]
22:51:13.191 [FXGL Background Thread 3 ] DEBUG Engine               - profileDir: profiles/
22:51:13.192 [FXGL Background Thread 3 ] DEBUG Engine               - profileName: StringProperty [value: DEFAULT]
22:51:13.192 [FXGL Background Thread 3 ] DEBUG Engine               - randomSeed: -1
22:51:13.194 [FXGL Background Thread 3 ] DEBUG Engine               - runtimeInfo: RuntimeInfo(platform=LINUX, version=17.2, build=20.08.2022 16.50)
22:51:13.195 [FXGL Background Thread 3 ] DEBUG Engine               - saveFileExt: sav
22:51:13.195 [FXGL Background Thread 3 ] DEBUG Engine               - scaledHeightProp$fxgl: DoubleProperty [bound, value: 560.0]
22:51:13.196 [FXGL Background Thread 3 ] DEBUG Engine               - scaledWidthProp$fxgl: DoubleProperty [bound, value: 980.0]
22:51:13.196 [FXGL Background Thread 3 ] DEBUG Engine               - sceneFactory: com.almasb.fxgl.app.scene.SceneFactory@8a778f4
22:51:13.196 [FXGL Background Thread 3 ] DEBUG Engine               - secondsIn24h: 60
22:51:13.197 [FXGL Background Thread 3 ] DEBUG Engine               - soundMenuBack: menu/back.wav
22:51:13.197 [FXGL Background Thread 3 ] DEBUG Engine               - soundMenuPress: menu/press.wav
22:51:13.197 [FXGL Background Thread 3 ] DEBUG Engine               - soundMenuSelect: menu/select.wav
22:51:13.198 [FXGL Background Thread 3 ] DEBUG Engine               - soundNotification: core/notification.wav
22:51:13.198 [FXGL Background Thread 3 ] DEBUG Engine               - stageStyle: DECORATED
22:51:13.198 [FXGL Background Thread 3 ] DEBUG Engine               - supportedLanguages: [ENGLISH, FRENCH, GERMAN, HUNGARIAN, RUSSIAN]
22:51:13.199 [FXGL Background Thread 3 ] DEBUG Engine               - ticksPerSecond: -1
22:51:13.199 [FXGL Background Thread 3 ] DEBUG Engine               - title: Restaurant Simulation
22:51:13.199 [FXGL Background Thread 3 ] DEBUG Engine               - urlGithub: https://github.com/AlmasB/FXGL
22:51:13.200 [FXGL Background Thread 3 ] DEBUG Engine               - urlLeaderboard: http://fxgl-top.herokuapp.com/
22:51:13.200 [FXGL Background Thread 3 ] DEBUG Engine               - urlPOM: https://raw.githubusercontent.com/AlmasB/FXGL/release/README.md
22:51:13.200 [FXGL Background Thread 3 ] DEBUG Engine               - userAppClass: class com.example.restauranteup.App
22:51:13.200 [FXGL Background Thread 3 ] DEBUG Engine               - version: 0.0
22:51:13.201 [FXGL Background Thread 3 ] DEBUG Engine               - versionCheckDays: 7
22:51:13.201 [FXGL Background Thread 3 ] DEBUG Engine               - width: 980
22:51:13.201 [FXGL Background Thread 3 ] DEBUG Engine               - Logging services
22:51:13.202 [FXGL Background Thread 3 ] DEBUG Engine               - class com.almasb.fxgl.app.services.FXGLAssetLoaderService
22:51:13.202 [FXGL Background Thread 3 ] DEBUG Engine               - class com.almasb.fxgl.app.FXGLApplication$GameApplicationService
22:51:13.202 [FXGL Background Thread 3 ] DEBUG Engine               - class com.almasb.fxgl.app.services.FXGLDialogService
22:51:13.202 [FXGL Background Thread 3 ] DEBUG Engine               - class com.almasb.fxgl.app.services.IOTaskExecutorService
22:51:13.203 [FXGL Background Thread 3 ] DEBUG Engine               - class com.almasb.fxgl.io.FileSystemService
22:51:13.203 [FXGL Background Thread 3 ] DEBUG Engine               - class com.almasb.fxgl.localization.LocalizationService
22:51:13.203 [FXGL Background Thread 3 ] DEBUG Engine               - class com.almasb.fxgl.app.services.SystemBundleService
22:51:13.203 [FXGL Background Thread 3 ] DEBUG Engine               - class com.almasb.fxgl.profile.SaveLoadService
22:51:13.203 [FXGL Background Thread 3 ] DEBUG Engine               - class com.almasb.fxgl.ui.FXGLUIFactoryServiceProvider
22:51:13.204 [FXGL Background Thread 3 ] DEBUG Engine               - class com.almasb.fxgl.ui.FXGLDialogFactoryServiceProvider
22:51:13.204 [FXGL Background Thread 3 ] DEBUG Engine               - class com.almasb.fxgl.audio.AudioPlayer
22:51:13.204 [FXGL Background Thread 3 ] DEBUG Engine               - class com.almasb.fxgl.notification.impl.NotificationServiceProvider
22:51:13.204 [FXGL Background Thread 3 ] DEBUG Engine               - class com.almasb.fxgl.achievement.AchievementService
22:51:13.204 [FXGL Background Thread 3 ] DEBUG Engine               - class com.almasb.fxgl.cutscene.CutsceneService
22:51:13.205 [FXGL Background Thread 3 ] DEBUG Engine               - class com.almasb.fxgl.minigames.MiniGameService
22:51:13.205 [FXGL Background Thread 3 ] DEBUG Engine               - class com.almasb.fxgl.net.NetService
22:51:13.205 [FXGL Background Thread 3 ] DEBUG Engine               - class com.almasb.fxgl.app.services.UpdaterService
22:51:13.205 [FXGL Background Thread 3 ] DEBUG Engine               - class com.almasb.fxgl.dev.DevService
22:51:13.270 [JavaFX Application Thread] DEBUG FXGLAssetLoaderServi - Loading from file system: file:/home/diego/Documentos/concurrente/Restaurant/cynthia/restaurante/target/classes/assets/textures/cliente_7.png
22:51:18.257 [JavaFX Application Thread] DEBUG FXGLAssetLoaderServi - Loading from file system: file:/home/diego/Documentos/concurrente/Restaurant/cynthia/restaurante/target/classes/assets/textures/cliente_2.png
22:51:19.277 [JavaFX Application Thread] DEBUG FXGLAssetLoaderServi - Loading from file system: file:/home/diego/Documentos/concurrente/Restaurant/cynthia/restaurante/target/classes/assets/textures/cliente_5.png
22:51:22.266 [JavaFX Application Thread] DEBUG FXGLAssetLoaderServi - Loading from file system: file:/home/diego/Documentos/concurrente/Restaurant/cynthia/restaurante/target/classes/assets/textures/cliente_1.png
22:51:22.711 [JavaFX Application Thread] DEBUG FXGLApplication      - Exiting FXGL
22:51:22.711 [JavaFX Application Thread] DEBUG LoopRunner           - Stopping loop
22:51:22.712 [JavaFX Application Thread] DEBUG SystemBundleService  - Saving FXGL system data
22:51:22.719 [JavaFX Application Thread] DEBUG FileSystemAccess     - Writing to: /home/diego/Documentos/concurrente/Restaurant/cynthia/restaurante/system/fxgl.bundle
22:51:22.730 [JavaFX Application Thread] DEBUG Async                - Shutting down background threads
22:51:22.731 [JavaFX Application Thread] DEBUG PrimaryStageWindow   - Closing main window
22:51:22.738 [JavaFX Application Thread] DEBUG Logger               - Closing Logger
