21:58:55.578 [com.example.restauranteup] DEBUG Logger               - Configured Logger
21:58:55.629 [com.example.restauranteup] DEBUG GameApplication      - Logging settings
Title: Restaurant Simulation
Version: 0.0
Width: 980
Height: 560
Fullscreen: false
Intro: false
Profiling: false
Single step:false
App Mode: DEVELOPER
Menu Key: ESCAPE
Stage Style: DECORATED
Scene Factory: class com.almasb.fxgl.app.scene.SceneFactory

21:58:56.176 [JavaFX Application Thread] DEBUG FXGLApplication      - Initializing FXGL
21:58:56.186 [JavaFX Application Thread] INFO  Engine               - FXGL-17.2 (20.08.2022 16.50) on LINUX (J:21.0.5 FX:18)
21:58:56.187 [JavaFX Application Thread] DEBUG Engine               - JRE Vendor Name: Red Hat, Inc.
21:58:56.188 [JavaFX Application Thread] DEBUG Engine               - Running on OS: Linux version 6.11.8-200.fc40.x86_64
21:58:56.188 [JavaFX Application Thread] DEBUG Engine               - Architecture: amd64
21:58:56.189 [JavaFX Application Thread] INFO  Engine               - Source code and latest versions at: https://github.com/AlmasB/FXGL
21:58:56.189 [JavaFX Application Thread] INFO  Engine               -       Ask questions and discuss at: https://github.com/AlmasB/FXGL/discussions
21:58:56.190 [JavaFX Application Thread] INFO  Engine               -              Join the FXGL chat at: https://gitter.im/AlmasB/FXGL
21:58:56.535 [JavaFX Application Thread] DEBUG PrimaryStageWindow   - Creating a JavaFX scene
21:58:56.776 [JavaFX Application Thread] DEBUG PrimaryStageWindow   - Target settings size: 980.0 x 560.0
21:58:56.776 [JavaFX Application Thread] DEBUG PrimaryStageWindow   - Scaled scene size:    980.0 x 560.0
21:58:56.777 [JavaFX Application Thread] DEBUG PrimaryStageWindow   - Scaled ratio: (1.0, 1.0)
21:58:56.781 [JavaFX Application Thread] DEBUG PrimaryStageWindow   - Set initial scene to FXGLStartupScene
21:58:56.806 [JavaFX Application Thread] DEBUG PrimaryStageWindow   - Opening main window
21:58:57.016 [JavaFX Application Thread] DEBUG PrimaryStageWindow   - Window border size: (8.0, 38.0)
21:58:57.016 [JavaFX Application Thread] DEBUG PrimaryStageWindow   - Scaled size: 980.0 x 560.0
21:58:57.017 [JavaFX Application Thread] DEBUG PrimaryStageWindow   - Scaled ratio: (1.0, 1.0)
21:58:57.018 [JavaFX Application Thread] DEBUG PrimaryStageWindow   - Scene size: 980.0 x 560.0
21:58:57.018 [JavaFX Application Thread] DEBUG PrimaryStageWindow   - Stage size: 988.0 x 598.0
21:58:57.037 [FXGL Background Thread 1 ] DEBUG Engine               - Initializing environment variables
21:58:57.146 [FXGL Background Thread 1 ] DEBUG FXGLAssetLoaderServi - User app class for loading assets: class com.example.restauranteup.App
21:58:57.147 [FXGL Background Thread 1 ] DEBUG GameApplicationServi - Applying CSS: fxgl_dark.css
21:58:57.149 [FXGL Background Thread 1 ] DEBUG FXGLAssetLoaderServi - Loading from file system: jar:file:/home/diego/.m2/repository/com/github/almasb/fxgl/17.2/fxgl-17.2.jar!/fxglassets/ui/css/fxgl_dark.css
21:58:57.283 [FXGL Background Thread 1 ] DEBUG GameApplicationServi - Initializing application scenes
21:58:57.421 [FXGL Background Thread 1 ] DEBUG GameWorld            - Game world initialized
21:58:57.647 [FXGL Background Thread 1 ] DEBUG PhysicsWorld         - Physics world initialized: appHeight=560, physics.ppm=50.0
21:58:57.649 [FXGL Background Thread 1 ] DEBUG PhysicsWorld         - Using strategy: BRUTE_FORCE
21:58:57.665 [FXGL Background Thread 1 ] DEBUG GameScene            - Game scene initialized: 980x560
21:58:57.705 [FXGL Background Thread 1 ] WARN  FXGL.DefaultMenu     - FXGLDefaultMenu is not designed for resolutions < 800x600
21:58:57.705 [FXGL Background Thread 1 ] DEBUG FXGL.DefaultMenu     - createMenuBodyGameMenu()
21:58:57.759 [FXGL Background Thread 1 ] DEBUG FXGL.DefaultMenu     - createOptionsMenu()
21:58:57.795 [FXGL Background Thread 1 ] DEBUG FXGLAssetLoaderServi - Loading from file system: jar:file:/home/diego/.m2/repository/com/github/almasb/fxgl/17.2/fxgl-17.2.jar!/fxglassets/textures/particles/smoke.png
21:58:58.062 [FXGL Background Thread 1 ] DEBUG FXGLAssetLoaderServi - Loading from file system: jar:file:/home/diego/.m2/repository/com/github/almasb/fxgl/17.2/fxgl-17.2.jar!/fxglassets/textures/particles/trace_horizontal.png
21:58:58.138 [FXGL Background Thread 1 ] DEBUG GameApplicationServi - Application scenes initialized
21:58:58.177 [FXGL Background Thread 1 ] DEBUG SystemBundleService  - Loading FXGL system data
21:58:58.187 [FXGL Background Thread 1 ] DEBUG FileSystemAccess     - Reading from: /home/diego/Documentos/concurrente/Restaurant/cynthia/restaurante/system/fxgl.bundle
21:58:58.209 [FXGL Background Thread 1 ] DEBUG SystemBundleService  - Bundle FXGL: {}
21:58:58.209 [FXGL Background Thread 1 ] DEBUG UpdaterService       - Checking for updates
21:58:58.220 [FXGL Background Thread 4 ] DEBUG FXGLApplication      - Loading fonts
21:58:58.221 [FXGL Background Thread 4 ] DEBUG FXGLAssetLoaderServi - Loading from file system: jar:file:/home/diego/.m2/repository/com/github/almasb/fxgl/17.2/fxgl-17.2.jar!/fxglassets/ui/fonts/VarelaRound-Regular.ttf
21:58:58.221 [FXGL Background Thread 1 ] DEBUG FXGLApplication      - Loading default localization
21:58:58.223 [FXGL Background Thread 1 ] DEBUG FXGLAssetLoaderServi - Loading from file system: jar:file:/home/diego/.m2/repository/com/github/almasb/fxgl/17.2/fxgl-17.2.jar!/fxglassets/languages/english.lang
21:58:58.245 [FXGL Background Thread 4 ] DEBUG FXGLAssetLoaderServi - Loading from file system: jar:file:/home/diego/.m2/repository/com/github/almasb/fxgl/17.2/fxgl-17.2.jar!/fxglassets/ui/fonts/Abel-Regular.ttf
21:58:58.251 [FXGL Background Thread 4 ] DEBUG FXGLAssetLoaderServi - Loading from file system: jar:file:/home/diego/.m2/repository/com/github/almasb/fxgl/17.2/fxgl-17.2.jar!/fxglassets/ui/fonts/TerminalLandMono-Regular.otf
21:58:58.255 [FXGL Background Thread 4 ] DEBUG FXGLAssetLoaderServi - Loading from file system: jar:file:/home/diego/.m2/repository/com/github/almasb/fxgl/17.2/fxgl-17.2.jar!/fxglassets/ui/fonts/Courier-Prime.ttf
21:58:58.267 [FXGL Background Thread 1 ] INFO  FXGLApplication      - FXGL initialization took: 1.230 sec
21:58:58.269 [JavaFX Application Thread] DEBUG FXGLApplication      - Registering font factories with UI factory
21:58:58.275 [JavaFX Application Thread] DEBUG FXGLAssetLoaderServi - Loading from file system: jar:file:/home/diego/.m2/repository/com/github/almasb/fxgl/17.2/fxgl-17.2.jar!/fxglassets/textures/fxgl_icon.png
21:58:58.375 [JavaFX Application Thread] DEBUG FXGLAssetLoaderServi - Loading from file system: jar:file:/home/diego/.m2/repository/com/github/almasb/fxgl/17.2/fxgl-17.2.jar!/fxglassets/textures/fxgl_default_cursor.png
21:58:58.413 [JavaFX Application Thread] DEBUG Input                - Registered new binding: Screenshot - CTRL+8
21:58:58.415 [JavaFX Application Thread] DEBUG Input                - Registered new binding: System info dump - CTRL+9
21:58:58.417 [JavaFX Application Thread] DEBUG Input                - Registered new binding: Restart - CTRL+R
21:58:58.421 [JavaFX Application Thread] DEBUG Input                - Registered new binding: Toggle Debug Camera - CTRL+7
21:58:58.430 [JavaFX Application Thread] DEBUG LoopRunner           - Starting loop
21:58:58.430 [JavaFX Application Thread] DEBUG LoopRunner           - Initializing JavaFX AnimationTimerLoop
21:58:58.436 [JavaFX Application Thread] DEBUG GameApplicationServi - Starting new game
21:58:58.437 [JavaFX Application Thread] DEBUG Input                - Clearing active input actions
21:58:58.494 [JavaFX Application Thread] DEBUG GameApplicationServi - Removing overlay from FXGLStartupScene and adding to FXGLLoadingScene
21:58:58.495 [JavaFX Application Thread] DEBUG PrimaryStageWindow   - FXGLStartupScene -> FXGLLoadingScene
21:58:58.496 [JavaFX Application Thread] DEBUG GameApplicationServi - Clearing previous game
21:58:58.496 [JavaFX Application Thread] DEBUG GameScene            - Clearing game scene
21:58:58.496 [JavaFX Application Thread] DEBUG GameWorld            - Clearing game world
21:58:58.500 [JavaFX Application Thread] DEBUG PhysicsWorld         - Clearing physics world
21:58:58.508 [FXGL Background Thread 1 ] DEBUG FXGLApplication      - Initializing game
21:58:58.524 [FXGL Background Thread 1 ] DEBUG FXGLAssetLoaderServi - Loading from file system: file:/home/diego/Documentos/concurrente/Restaurant/cynthia/restaurante/target/classes/assets/textures/escenario.png
21:58:59.076 [FXGL Background Thread 1 ] DEBUG FXGLAssetLoaderServi - Loading from file system: file:/home/diego/Documentos/concurrente/Restaurant/cynthia/restaurante/target/classes/assets/textures/cocinero.png
21:58:59.624 [FXGL Background Thread 1 ] DEBUG FXGLAssetLoaderServi - Loading from file system: file:/home/diego/Documentos/concurrente/Restaurant/cynthia/restaurante/target/classes/assets/textures/mesero.png
21:58:59.640 [FXGL Background Thread 1 ] DEBUG FXGLAssetLoaderServi - Loading from file system: file:/home/diego/Documentos/concurrente/Restaurant/cynthia/restaurante/target/classes/assets/textures/aguachile.png
21:58:59.730 [FXGL Background Thread 1 ] INFO  FXGLApplication      - Game initialization took: 1.221 sec
21:58:59.736 [JavaFX Application Thread] DEBUG Input                - Clearing active input actions
21:58:59.779 [JavaFX Application Thread] DEBUG GameApplicationServi - Removing overlay from FXGLLoadingScene and adding to GameScene
21:58:59.780 [JavaFX Application Thread] DEBUG PrimaryStageWindow   - FXGLLoadingScene -> GameScene
21:59:00.356 [FXGL Background Thread 2 ] INFO  UpdaterService       - Your current version:  17.2
21:59:00.358 [FXGL Background Thread 2 ] INFO  UpdaterService       - Latest stable version: 21.1
21:59:00.823 [JavaFX Application Thread] DEBUG FXGLAssetLoaderServi - Loading from file system: file:/home/diego/Documentos/concurrente/Restaurant/cynthia/restaurante/target/classes/assets/textures/cliente_5.png
21:59:01.216 [FXGL Background Thread 3 ] DEBUG Engine               - Logging environment variables
21:59:01.218 [FXGL Background Thread 3 ] DEBUG Engine               - achievements: []
21:59:01.219 [FXGL Background Thread 3 ] DEBUG Engine               - actualHeight: 560.0
21:59:01.220 [FXGL Background Thread 3 ] DEBUG Engine               - actualHeightProperty: ReadOnlyDoubleProperty [value: 560.0]
21:59:01.220 [FXGL Background Thread 3 ] DEBUG Engine               - actualWidth: 980.0
21:59:01.221 [FXGL Background Thread 3 ] DEBUG Engine               - actualWidthProperty: ReadOnlyDoubleProperty [value: 980.0]
21:59:01.221 [FXGL Background Thread 3 ] DEBUG Engine               - appIcon: fxgl_icon.png
21:59:01.221 [FXGL Background Thread 3 ] DEBUG Engine               - applicationMode: DEVELOPER
21:59:01.222 [FXGL Background Thread 3 ] DEBUG Engine               - cSSList: [fxgl_dark.css]
21:59:01.223 [FXGL Background Thread 3 ] DEBUG Engine               - collisionDetectionStrategy: BRUTE_FORCE
21:59:01.223 [FXGL Background Thread 3 ] DEBUG Engine               - configClass: Optional.empty
21:59:01.223 [FXGL Background Thread 3 ] DEBUG Engine               - credits: []
21:59:01.225 [FXGL Background Thread 3 ] DEBUG Engine               - defaultCursor: CursorInfo(imageName=fxgl_default_cursor.png, hotspotX=7.0, hotspotY=6.0)
21:59:01.227 [FXGL Background Thread 3 ] DEBUG Engine               - devBBoxColorProperty: ObjectProperty [value: 0xff0000ff]
21:59:01.227 [FXGL Background Thread 3 ] DEBUG Engine               - devEnableDebugCameraProperty: BooleanProperty [value: false]
21:59:01.228 [FXGL Background Thread 3 ] DEBUG Engine               - devSensorColorProperty: ObjectProperty [value: 0xffff00ff]
21:59:01.228 [FXGL Background Thread 3 ] DEBUG Engine               - devShowBBoxProperty: BooleanProperty [value: false]
21:59:01.228 [FXGL Background Thread 3 ] DEBUG Engine               - devShowPositionProperty: BooleanProperty [value: false]
21:59:01.229 [FXGL Background Thread 3 ] DEBUG Engine               - enabledMenuItems: []
21:59:01.229 [FXGL Background Thread 3 ] DEBUG Engine               - engineServices: [class com.almasb.fxgl.app.services.FXGLAssetLoaderService, class com.almasb.fxgl.app.FXGLApplication$GameApplicationService, class com.almasb.fxgl.app.services.FXGLDialogService, class com.almasb.fxgl.app.services.IOTaskExecutorService, class com.almasb.fxgl.io.FileSystemService, class com.almasb.fxgl.localization.LocalizationService, class com.almasb.fxgl.app.services.SystemBundleService, class com.almasb.fxgl.profile.SaveLoadService, class com.almasb.fxgl.ui.FXGLUIFactoryServiceProvider, class com.almasb.fxgl.ui.FXGLDialogFactoryServiceProvider, class com.almasb.fxgl.audio.AudioPlayer, class com.almasb.fxgl.notification.impl.NotificationServiceProvider, class com.almasb.fxgl.achievement.AchievementService, class com.almasb.fxgl.cutscene.CutsceneService, class com.almasb.fxgl.minigames.MiniGameService, class com.almasb.fxgl.net.NetService, class com.almasb.fxgl.app.services.UpdaterService, class com.almasb.fxgl.dev.DevService]
21:59:01.229 [FXGL Background Thread 3 ] DEBUG Engine               - fontGame: Abel-Regular.ttf
21:59:01.229 [FXGL Background Thread 3 ] DEBUG Engine               - fontMono: TerminalLandMono-Regular.otf
21:59:01.230 [FXGL Background Thread 3 ] DEBUG Engine               - fontText: Courier-Prime.ttf
21:59:01.230 [FXGL Background Thread 3 ] DEBUG Engine               - fontUI: VarelaRound-Regular.ttf
21:59:01.230 [FXGL Background Thread 3 ] DEBUG Engine               - fullScreen: BooleanProperty [value: false]
21:59:01.231 [FXGL Background Thread 3 ] DEBUG Engine               - gameDifficulty: MEDIUM
21:59:01.231 [FXGL Background Thread 3 ] DEBUG Engine               - gameDifficultyProperty: ObjectProperty [value: MEDIUM]
21:59:01.231 [FXGL Background Thread 3 ] DEBUG Engine               - globalMusicVolume: 0.5
21:59:01.232 [FXGL Background Thread 3 ] DEBUG Engine               - globalMusicVolumeProperty: DoubleProperty [value: 0.5]
21:59:01.232 [FXGL Background Thread 3 ] DEBUG Engine               - globalSoundVolume: 0.5
21:59:01.232 [FXGL Background Thread 3 ] DEBUG Engine               - globalSoundVolumeProperty: DoubleProperty [value: 0.5]
21:59:01.233 [FXGL Background Thread 3 ] DEBUG Engine               - height: 560
21:59:01.233 [FXGL Background Thread 3 ] DEBUG Engine               - is3D: false
21:59:01.233 [FXGL Background Thread 3 ] DEBUG Engine               - isAndroid: false
21:59:01.233 [FXGL Background Thread 3 ] DEBUG Engine               - isBrowser: false
21:59:01.234 [FXGL Background Thread 3 ] DEBUG Engine               - isClickFeedbackEnabled: false
21:59:01.234 [FXGL Background Thread 3 ] DEBUG Engine               - isCloseConfirmation: false
21:59:01.235 [FXGL Background Thread 3 ] DEBUG Engine               - isDesktop: true
21:59:01.235 [FXGL Background Thread 3 ] DEBUG Engine               - isDeveloperMenuEnabled: false
21:59:01.235 [FXGL Background Thread 3 ] DEBUG Engine               - isEmbedded: false
21:59:01.235 [FXGL Background Thread 3 ] DEBUG Engine               - isEntityPreloadEnabled: true
21:59:01.236 [FXGL Background Thread 3 ] DEBUG Engine               - isExperimentalTiledLargeMap: false
21:59:01.236 [FXGL Background Thread 3 ] DEBUG Engine               - isFileSystemWriteAllowed: true
21:59:01.236 [FXGL Background Thread 3 ] DEBUG Engine               - isFullScreenAllowed: false
21:59:01.237 [FXGL Background Thread 3 ] DEBUG Engine               - isFullScreenFromStart: false
21:59:01.237 [FXGL Background Thread 3 ] DEBUG Engine               - isGameMenuEnabled: true
21:59:01.237 [FXGL Background Thread 3 ] DEBUG Engine               - isIOS: false
21:59:01.238 [FXGL Background Thread 3 ] DEBUG Engine               - isIntroEnabled: false
21:59:01.238 [FXGL Background Thread 3 ] DEBUG Engine               - isLinux: true
21:59:01.238 [FXGL Background Thread 3 ] DEBUG Engine               - isMac: false
21:59:01.239 [FXGL Background Thread 3 ] DEBUG Engine               - isMainMenuEnabled: false
21:59:01.240 [FXGL Background Thread 3 ] DEBUG Engine               - isManualResizeEnabled: false
21:59:01.240 [FXGL Background Thread 3 ] DEBUG Engine               - isMobile: false
21:59:01.241 [FXGL Background Thread 3 ] DEBUG Engine               - isNative: false
21:59:01.241 [FXGL Background Thread 3 ] DEBUG Engine               - isPauseMusicWhenMinimized: true
21:59:01.242 [FXGL Background Thread 3 ] DEBUG Engine               - isPreserveResizeRatio: false
21:59:01.242 [FXGL Background Thread 3 ] DEBUG Engine               - isProfilingEnabled: false
21:59:01.242 [FXGL Background Thread 3 ] DEBUG Engine               - isScaleAffectedOnResize: true
21:59:01.243 [FXGL Background Thread 3 ] DEBUG Engine               - isSingleStep: false
21:59:01.243 [FXGL Background Thread 3 ] DEBUG Engine               - isUserProfileEnabled: false
21:59:01.243 [FXGL Background Thread 3 ] DEBUG Engine               - isWindows: false
21:59:01.243 [FXGL Background Thread 3 ] DEBUG Engine               - language: ObjectProperty [value: ENGLISH]
21:59:01.243 [FXGL Background Thread 3 ] DEBUG Engine               - menuKey: ESCAPE
21:59:01.244 [FXGL Background Thread 3 ] DEBUG Engine               - mouseSensitivity: 0.2
21:59:01.244 [FXGL Background Thread 3 ] DEBUG Engine               - notificationViewClass: class com.almasb.fxgl.notification.view.XboxNotificationView
21:59:01.244 [FXGL Background Thread 3 ] DEBUG Engine               - pixelsPerMeter: 50.0
21:59:01.245 [FXGL Background Thread 3 ] DEBUG Engine               - platform: LINUX
21:59:01.245 [FXGL Background Thread 3 ] DEBUG Engine               - prefHeightProperty: ReadOnlyDoubleProperty [value: 560.0]
21:59:01.245 [FXGL Background Thread 3 ] DEBUG Engine               - prefWidthProperty: ReadOnlyDoubleProperty [value: 980.0]
21:59:01.245 [FXGL Background Thread 3 ] DEBUG Engine               - profileDir: profiles/
21:59:01.245 [FXGL Background Thread 3 ] DEBUG Engine               - profileName: StringProperty [value: DEFAULT]
21:59:01.246 [FXGL Background Thread 3 ] DEBUG Engine               - randomSeed: -1
21:59:01.247 [FXGL Background Thread 3 ] DEBUG Engine               - runtimeInfo: RuntimeInfo(platform=LINUX, version=17.2, build=20.08.2022 16.50)
21:59:01.247 [FXGL Background Thread 3 ] DEBUG Engine               - saveFileExt: sav
21:59:01.247 [FXGL Background Thread 3 ] DEBUG Engine               - scaledHeightProp$fxgl: DoubleProperty [bound, value: 560.0]
21:59:01.248 [FXGL Background Thread 3 ] DEBUG Engine               - scaledWidthProp$fxgl: DoubleProperty [bound, value: 980.0]
21:59:01.248 [FXGL Background Thread 3 ] DEBUG Engine               - sceneFactory: com.almasb.fxgl.app.scene.SceneFactory@2f981063
21:59:01.248 [FXGL Background Thread 3 ] DEBUG Engine               - secondsIn24h: 60
21:59:01.248 [FXGL Background Thread 3 ] DEBUG Engine               - soundMenuBack: menu/back.wav
21:59:01.248 [FXGL Background Thread 3 ] DEBUG Engine               - soundMenuPress: menu/press.wav
21:59:01.248 [FXGL Background Thread 3 ] DEBUG Engine               - soundMenuSelect: menu/select.wav
21:59:01.249 [FXGL Background Thread 3 ] DEBUG Engine               - soundNotification: core/notification.wav
21:59:01.249 [FXGL Background Thread 3 ] DEBUG Engine               - stageStyle: DECORATED
21:59:01.249 [FXGL Background Thread 3 ] DEBUG Engine               - supportedLanguages: [ENGLISH, FRENCH, GERMAN, HUNGARIAN, RUSSIAN]
21:59:01.249 [FXGL Background Thread 3 ] DEBUG Engine               - ticksPerSecond: -1
21:59:01.249 [FXGL Background Thread 3 ] DEBUG Engine               - title: Restaurant Simulation
21:59:01.249 [FXGL Background Thread 3 ] DEBUG Engine               - urlGithub: https://github.com/AlmasB/FXGL
21:59:01.250 [FXGL Background Thread 3 ] DEBUG Engine               - urlLeaderboard: http://fxgl-top.herokuapp.com/
21:59:01.251 [FXGL Background Thread 3 ] DEBUG Engine               - urlPOM: https://raw.githubusercontent.com/AlmasB/FXGL/release/README.md
21:59:01.251 [FXGL Background Thread 3 ] DEBUG Engine               - userAppClass: class com.example.restauranteup.App
21:59:01.251 [FXGL Background Thread 3 ] DEBUG Engine               - version: 0.0
21:59:01.252 [FXGL Background Thread 3 ] DEBUG Engine               - versionCheckDays: 7
21:59:01.252 [FXGL Background Thread 3 ] DEBUG Engine               - width: 980
21:59:01.252 [FXGL Background Thread 3 ] DEBUG Engine               - Logging services
21:59:01.252 [FXGL Background Thread 3 ] DEBUG Engine               - class com.almasb.fxgl.app.services.FXGLAssetLoaderService
21:59:01.253 [FXGL Background Thread 3 ] DEBUG Engine               - class com.almasb.fxgl.app.FXGLApplication$GameApplicationService
21:59:01.253 [FXGL Background Thread 3 ] DEBUG Engine               - class com.almasb.fxgl.app.services.FXGLDialogService
21:59:01.253 [FXGL Background Thread 3 ] DEBUG Engine               - class com.almasb.fxgl.app.services.IOTaskExecutorService
21:59:01.254 [FXGL Background Thread 3 ] DEBUG Engine               - class com.almasb.fxgl.io.FileSystemService
21:59:01.254 [FXGL Background Thread 3 ] DEBUG Engine               - class com.almasb.fxgl.localization.LocalizationService
21:59:01.254 [FXGL Background Thread 3 ] DEBUG Engine               - class com.almasb.fxgl.app.services.SystemBundleService
21:59:01.254 [FXGL Background Thread 3 ] DEBUG Engine               - class com.almasb.fxgl.profile.SaveLoadService
21:59:01.254 [FXGL Background Thread 3 ] DEBUG Engine               - class com.almasb.fxgl.ui.FXGLUIFactoryServiceProvider
21:59:01.255 [FXGL Background Thread 3 ] DEBUG Engine               - class com.almasb.fxgl.ui.FXGLDialogFactoryServiceProvider
21:59:01.255 [FXGL Background Thread 3 ] DEBUG Engine               - class com.almasb.fxgl.audio.AudioPlayer
21:59:01.255 [FXGL Background Thread 3 ] DEBUG Engine               - class com.almasb.fxgl.notification.impl.NotificationServiceProvider
21:59:01.256 [FXGL Background Thread 3 ] DEBUG Engine               - class com.almasb.fxgl.achievement.AchievementService
21:59:01.256 [FXGL Background Thread 3 ] DEBUG Engine               - class com.almasb.fxgl.cutscene.CutsceneService
21:59:01.256 [FXGL Background Thread 3 ] DEBUG Engine               - class com.almasb.fxgl.minigames.MiniGameService
21:59:01.257 [FXGL Background Thread 3 ] DEBUG Engine               - class com.almasb.fxgl.net.NetService
21:59:01.257 [FXGL Background Thread 3 ] DEBUG Engine               - class com.almasb.fxgl.app.services.UpdaterService
21:59:01.257 [FXGL Background Thread 3 ] DEBUG Engine               - class com.almasb.fxgl.dev.DevService
21:59:09.814 [JavaFX Application Thread] DEBUG FXGLAssetLoaderServi - Loading from file system: file:/home/diego/Documentos/concurrente/Restaurant/cynthia/restaurante/target/classes/assets/textures/cliente_2.png
21:59:09.857 [JavaFX Application Thread] DEBUG FXGLAssetLoaderServi - Loading from file system: file:/home/diego/Documentos/concurrente/Restaurant/cynthia/restaurante/target/classes/assets/textures/cliente_7.png
21:59:09.928 [JavaFX Application Thread] DEBUG FXGLAssetLoaderServi - Loading from file system: file:/home/diego/Documentos/concurrente/Restaurant/cynthia/restaurante/target/classes/assets/textures/cliente_6.png
21:59:13.816 [JavaFX Application Thread] DEBUG FXGLAssetLoaderServi - Loading from file system: file:/home/diego/Documentos/concurrente/Restaurant/cynthia/restaurante/target/classes/assets/textures/cliente_8.png
21:59:27.835 [JavaFX Application Thread] DEBUG FXGLAssetLoaderServi - Loading from file system: file:/home/diego/Documentos/concurrente/Restaurant/cynthia/restaurante/target/classes/assets/textures/cliente_3.png
21:59:29.840 [JavaFX Application Thread] DEBUG FXGLAssetLoaderServi - Loading from file system: file:/home/diego/Documentos/concurrente/Restaurant/cynthia/restaurante/target/classes/assets/textures/cliente_4.png
21:59:37.846 [JavaFX Application Thread] DEBUG FXGLAssetLoaderServi - Loading from file system: file:/home/diego/Documentos/concurrente/Restaurant/cynthia/restaurante/target/classes/assets/textures/cliente_1.png
22:00:42.167 [JavaFX Application Thread] DEBUG FXGLApplication      - Exiting FXGL
22:00:42.167 [JavaFX Application Thread] DEBUG LoopRunner           - Stopping loop
22:00:42.167 [JavaFX Application Thread] DEBUG SystemBundleService  - Saving FXGL system data
22:00:42.176 [JavaFX Application Thread] DEBUG FileSystemAccess     - Writing to: /home/diego/Documentos/concurrente/Restaurant/cynthia/restaurante/system/fxgl.bundle
22:00:42.183 [JavaFX Application Thread] DEBUG Async                - Shutting down background threads
22:00:42.184 [JavaFX Application Thread] DEBUG PrimaryStageWindow   - Closing main window
22:00:42.189 [JavaFX Application Thread] DEBUG Logger               - Closing Logger
