00:47:16.906 [com.example.restauranteup] DEBUG Logger               - Configured Logger
00:47:16.974 [com.example.restauranteup] DEBUG GameApplication      - Logging settings
Title: Restaurant Simulation
Version: 0.0
Width: 980
Height: 560
Fullscreen: false
Intro: false
Profiling: false
Single step:false
App Mode: DEVELOPER
Menu Key: ESCAPE
Stage Style: DECORATED
Scene Factory: class com.almasb.fxgl.app.scene.SceneFactory

00:47:17.734 [JavaFX Application Thread] DEBUG FXGLApplication      - Initializing FXGL
00:47:17.748 [JavaFX Application Thread] INFO  Engine               - FXGL-17.2 (20.08.2022 16.50) on LINUX (J:21.0.5 FX:18)
00:47:17.749 [JavaFX Application Thread] DEBUG Engine               - JRE Vendor Name: Red Hat, Inc.
00:47:17.750 [JavaFX Application Thread] DEBUG Engine               - Running on OS: Linux version 6.11.8-200.fc40.x86_64
00:47:17.751 [JavaFX Application Thread] DEBUG Engine               - Architecture: amd64
00:47:17.751 [JavaFX Application Thread] INFO  Engine               - Source code and latest versions at: https://github.com/AlmasB/FXGL
00:47:17.751 [JavaFX Application Thread] INFO  Engine               -       Ask questions and discuss at: https://github.com/AlmasB/FXGL/discussions
00:47:17.752 [JavaFX Application Thread] INFO  Engine               -              Join the FXGL chat at: https://gitter.im/AlmasB/FXGL
00:47:18.231 [JavaFX Application Thread] DEBUG PrimaryStageWindow   - Creating a JavaFX scene
00:47:18.496 [JavaFX Application Thread] DEBUG PrimaryStageWindow   - Target settings size: 980.0 x 560.0
00:47:18.497 [JavaFX Application Thread] DEBUG PrimaryStageWindow   - Scaled scene size:    980.0 x 560.0
00:47:18.497 [JavaFX Application Thread] DEBUG PrimaryStageWindow   - Scaled ratio: (1.0, 1.0)
00:47:18.501 [JavaFX Application Thread] DEBUG PrimaryStageWindow   - Set initial scene to FXGLStartupScene
00:47:18.528 [JavaFX Application Thread] DEBUG PrimaryStageWindow   - Opening main window
00:47:18.725 [JavaFX Application Thread] DEBUG PrimaryStageWindow   - Window border size: (8.0, 38.0)
00:47:18.725 [JavaFX Application Thread] DEBUG PrimaryStageWindow   - Scaled size: 980.0 x 560.0
00:47:18.726 [JavaFX Application Thread] DEBUG PrimaryStageWindow   - Scaled ratio: (1.0, 1.0)
00:47:18.727 [JavaFX Application Thread] DEBUG PrimaryStageWindow   - Scene size: 980.0 x 560.0
00:47:18.727 [JavaFX Application Thread] DEBUG PrimaryStageWindow   - Stage size: 988.0 x 598.0
00:47:18.748 [FXGL Background Thread 1 ] DEBUG Engine               - Initializing environment variables
00:47:18.860 [FXGL Background Thread 1 ] DEBUG FXGLAssetLoaderServi - User app class for loading assets: class com.example.restauranteup.App
00:47:18.861 [FXGL Background Thread 1 ] DEBUG GameApplicationServi - Applying CSS: fxgl_dark.css
00:47:18.863 [FXGL Background Thread 1 ] DEBUG FXGLAssetLoaderServi - Loading from file system: jar:file:/home/diego/.m2/repository/com/github/almasb/fxgl/17.2/fxgl-17.2.jar!/fxglassets/ui/css/fxgl_dark.css
00:47:19.049 [FXGL Background Thread 1 ] DEBUG GameApplicationServi - Initializing application scenes
00:47:19.301 [FXGL Background Thread 1 ] DEBUG GameWorld            - Game world initialized
00:47:19.558 [FXGL Background Thread 1 ] DEBUG PhysicsWorld         - Physics world initialized: appHeight=560, physics.ppm=50.0
00:47:19.559 [FXGL Background Thread 1 ] DEBUG PhysicsWorld         - Using strategy: BRUTE_FORCE
00:47:19.581 [FXGL Background Thread 1 ] DEBUG GameScene            - Game scene initialized: 980x560
00:47:19.631 [FXGL Background Thread 1 ] WARN  FXGL.DefaultMenu     - FXGLDefaultMenu is not designed for resolutions < 800x600
00:47:19.631 [FXGL Background Thread 1 ] DEBUG FXGL.DefaultMenu     - createMenuBodyGameMenu()
00:47:19.696 [FXGL Background Thread 1 ] DEBUG FXGL.DefaultMenu     - createOptionsMenu()
00:47:19.742 [FXGL Background Thread 1 ] DEBUG FXGLAssetLoaderServi - Loading from file system: jar:file:/home/diego/.m2/repository/com/github/almasb/fxgl/17.2/fxgl-17.2.jar!/fxglassets/textures/particles/smoke.png
00:47:20.281 [FXGL Background Thread 1 ] DEBUG FXGLAssetLoaderServi - Loading from file system: jar:file:/home/diego/.m2/repository/com/github/almasb/fxgl/17.2/fxgl-17.2.jar!/fxglassets/textures/particles/trace_horizontal.png
00:47:20.411 [FXGL Background Thread 1 ] DEBUG GameApplicationServi - Application scenes initialized
00:47:20.497 [FXGL Background Thread 1 ] DEBUG SystemBundleService  - Loading FXGL system data
00:47:20.511 [FXGL Background Thread 1 ] DEBUG FileSystemAccess     - Reading from: /home/diego/Documentos/concurrente/Restaurant/personal/restaurant-simulation/system/fxgl.bundle
00:47:20.536 [FXGL Background Thread 1 ] DEBUG SystemBundleService  - Bundle FXGL: {}
00:47:20.536 [FXGL Background Thread 1 ] DEBUG UpdaterService       - Checking for updates
00:47:20.548 [FXGL Background Thread 4 ] DEBUG FXGLApplication      - Loading fonts
00:47:20.549 [FXGL Background Thread 4 ] DEBUG FXGLAssetLoaderServi - Loading from file system: jar:file:/home/diego/.m2/repository/com/github/almasb/fxgl/17.2/fxgl-17.2.jar!/fxglassets/ui/fonts/VarelaRound-Regular.ttf
00:47:20.550 [FXGL Background Thread 1 ] DEBUG FXGLApplication      - Loading default localization
00:47:20.552 [FXGL Background Thread 1 ] DEBUG FXGLAssetLoaderServi - Loading from file system: jar:file:/home/diego/.m2/repository/com/github/almasb/fxgl/17.2/fxgl-17.2.jar!/fxglassets/languages/english.lang
00:47:20.567 [FXGL Background Thread 4 ] DEBUG FXGLAssetLoaderServi - Loading from file system: jar:file:/home/diego/.m2/repository/com/github/almasb/fxgl/17.2/fxgl-17.2.jar!/fxglassets/ui/fonts/Abel-Regular.ttf
00:47:20.572 [FXGL Background Thread 4 ] DEBUG FXGLAssetLoaderServi - Loading from file system: jar:file:/home/diego/.m2/repository/com/github/almasb/fxgl/17.2/fxgl-17.2.jar!/fxglassets/ui/fonts/TerminalLandMono-Regular.otf
00:47:20.578 [FXGL Background Thread 4 ] DEBUG FXGLAssetLoaderServi - Loading from file system: jar:file:/home/diego/.m2/repository/com/github/almasb/fxgl/17.2/fxgl-17.2.jar!/fxglassets/ui/fonts/Courier-Prime.ttf
00:47:20.589 [JavaFX Application Thread] DEBUG FXGLApplication      - Registering font factories with UI factory
00:47:20.597 [FXGL Background Thread 1 ] INFO  FXGLApplication      - FXGL initialization took: 1.849 sec
00:47:20.601 [JavaFX Application Thread] DEBUG FXGLAssetLoaderServi - Loading from file system: jar:file:/home/diego/.m2/repository/com/github/almasb/fxgl/17.2/fxgl-17.2.jar!/fxglassets/textures/fxgl_icon.png
00:47:20.710 [JavaFX Application Thread] DEBUG FXGLAssetLoaderServi - Loading from file system: jar:file:/home/diego/.m2/repository/com/github/almasb/fxgl/17.2/fxgl-17.2.jar!/fxglassets/textures/fxgl_default_cursor.png
00:47:20.747 [JavaFX Application Thread] DEBUG Input                - Registered new binding: Screenshot - CTRL+8
00:47:20.753 [JavaFX Application Thread] DEBUG Input                - Registered new binding: System info dump - CTRL+9
00:47:20.755 [JavaFX Application Thread] DEBUG Input                - Registered new binding: Restart - CTRL+R
00:47:20.760 [JavaFX Application Thread] DEBUG Input                - Registered new binding: Toggle Debug Camera - CTRL+7
00:47:20.781 [JavaFX Application Thread] DEBUG LoopRunner           - Starting loop
00:47:20.782 [JavaFX Application Thread] DEBUG LoopRunner           - Initializing JavaFX AnimationTimerLoop
00:47:20.796 [JavaFX Application Thread] DEBUG GameApplicationServi - Starting new game
00:47:20.798 [JavaFX Application Thread] DEBUG Input                - Clearing active input actions
00:47:20.846 [JavaFX Application Thread] DEBUG GameApplicationServi - Removing overlay from FXGLStartupScene and adding to FXGLLoadingScene
00:47:20.848 [JavaFX Application Thread] DEBUG PrimaryStageWindow   - FXGLStartupScene -> FXGLLoadingScene
00:47:20.848 [JavaFX Application Thread] DEBUG GameApplicationServi - Clearing previous game
00:47:20.848 [JavaFX Application Thread] DEBUG GameScene            - Clearing game scene
00:47:20.849 [JavaFX Application Thread] DEBUG GameWorld            - Clearing game world
00:47:20.850 [JavaFX Application Thread] DEBUG PhysicsWorld         - Clearing physics world
00:47:20.855 [FXGL Background Thread 1 ] DEBUG FXGLApplication      - Initializing game
00:47:20.890 [FXGL Background Thread 1 ] DEBUG FXGLAssetLoaderServi - Loading from file system: file:/home/diego/Documentos/concurrente/Restaurant/personal/restaurant-simulation/target/classes/assets/textures/escenario.png
00:47:21.030 [FXGL Background Thread 1 ] DEBUG FXGLAssetLoaderServi - Loading from file system: file:/home/diego/Documentos/concurrente/Restaurant/personal/restaurant-simulation/target/classes/assets/textures/cocinero.png
00:47:21.468 [FXGL Background Thread 1 ] DEBUG FXGLAssetLoaderServi - Loading from file system: file:/home/diego/Documentos/concurrente/Restaurant/personal/restaurant-simulation/target/classes/assets/textures/aguachile.png
00:47:21.606 [FXGL Background Thread 1 ] INFO  FXGLApplication      - Game initialization took: 0.751 sec
00:47:21.619 [JavaFX Application Thread] DEBUG Input                - Clearing active input actions
00:47:21.646 [JavaFX Application Thread] DEBUG GameApplicationServi - Removing overlay from FXGLLoadingScene and adding to GameScene
00:47:21.647 [JavaFX Application Thread] DEBUG PrimaryStageWindow   - FXGLLoadingScene -> GameScene
00:47:22.465 [FXGL Background Thread 2 ] INFO  UpdaterService       - Your current version:  17.2
00:47:22.466 [FXGL Background Thread 2 ] INFO  UpdaterService       - Latest stable version: 21.1
00:47:23.519 [JavaFX Application Thread] DEBUG FXGLApplication      - Exiting FXGL
00:47:23.520 [JavaFX Application Thread] DEBUG LoopRunner           - Stopping loop
00:47:23.520 [JavaFX Application Thread] DEBUG SystemBundleService  - Saving FXGL system data
00:47:23.527 [JavaFX Application Thread] DEBUG FileSystemAccess     - Writing to: /home/diego/Documentos/concurrente/Restaurant/personal/restaurant-simulation/system/fxgl.bundle
00:47:23.538 [JavaFX Application Thread] DEBUG Async                - Shutting down background threads
00:47:23.539 [JavaFX Application Thread] DEBUG PrimaryStageWindow   - Closing main window
00:47:23.546 [JavaFX Application Thread] DEBUG Logger               - Closing Logger
