23:05:06.878 [com.example.restauranteup] DEBUG Logger               - Configured Logger
23:05:06.950 [com.example.restauranteup] DEBUG GameApplication      - Logging settings
Title: Restaurant Simulation
Version: 0.0
Width: 980
Height: 560
Fullscreen: false
Intro: false
Profiling: false
Single step:false
App Mode: DEVELOPER
Menu Key: ESCAPE
Stage Style: DECORATED
Scene Factory: class com.almasb.fxgl.app.scene.SceneFactory

23:05:07.683 [JavaFX Application Thread] DEBUG FXGLApplication      - Initializing FXGL
23:05:07.700 [JavaFX Application Thread] INFO  Engine               - FXGL-17.2 (20.08.2022 16.50) on LINUX (J:21.0.5 FX:18)
23:05:07.701 [JavaFX Application Thread] DEBUG Engine               - JRE Vendor Name: Red Hat, Inc.
23:05:07.702 [JavaFX Application Thread] DEBUG Engine               - Running on OS: Linux version 6.11.8-200.fc40.x86_64
23:05:07.703 [JavaFX Application Thread] DEBUG Engine               - Architecture: amd64
23:05:07.703 [JavaFX Application Thread] INFO  Engine               - Source code and latest versions at: https://github.com/AlmasB/FXGL
23:05:07.707 [JavaFX Application Thread] INFO  Engine               -       Ask questions and discuss at: https://github.com/AlmasB/FXGL/discussions
23:05:07.707 [JavaFX Application Thread] INFO  Engine               -              Join the FXGL chat at: https://gitter.im/AlmasB/FXGL
23:05:08.281 [JavaFX Application Thread] DEBUG PrimaryStageWindow   - Creating a JavaFX scene
23:05:08.553 [JavaFX Application Thread] DEBUG PrimaryStageWindow   - Target settings size: 980.0 x 560.0
23:05:08.554 [JavaFX Application Thread] DEBUG PrimaryStageWindow   - Scaled scene size:    980.0 x 560.0
23:05:08.555 [JavaFX Application Thread] DEBUG PrimaryStageWindow   - Scaled ratio: (1.0, 1.0)
23:05:08.558 [JavaFX Application Thread] DEBUG PrimaryStageWindow   - Set initial scene to FXGLStartupScene
23:05:08.585 [JavaFX Application Thread] DEBUG PrimaryStageWindow   - Opening main window
23:05:08.789 [JavaFX Application Thread] DEBUG PrimaryStageWindow   - Window border size: (8.0, 38.0)
23:05:08.789 [JavaFX Application Thread] DEBUG PrimaryStageWindow   - Scaled size: 980.0 x 560.0
23:05:08.790 [JavaFX Application Thread] DEBUG PrimaryStageWindow   - Scaled ratio: (1.0, 1.0)
23:05:08.790 [JavaFX Application Thread] DEBUG PrimaryStageWindow   - Scene size: 980.0 x 560.0
23:05:08.790 [JavaFX Application Thread] DEBUG PrimaryStageWindow   - Stage size: 988.0 x 598.0
23:05:08.809 [FXGL Background Thread 1 ] DEBUG Engine               - Initializing environment variables
23:05:08.911 [FXGL Background Thread 1 ] DEBUG FXGLAssetLoaderServi - User app class for loading assets: class com.example.restauranteup.App
23:05:08.912 [FXGL Background Thread 1 ] DEBUG GameApplicationServi - Applying CSS: fxgl_dark.css
23:05:08.915 [FXGL Background Thread 1 ] DEBUG FXGLAssetLoaderServi - Loading from file system: jar:file:/home/diego/.m2/repository/com/github/almasb/fxgl/17.2/fxgl-17.2.jar!/fxglassets/ui/css/fxgl_dark.css
23:05:09.069 [FXGL Background Thread 1 ] DEBUG GameApplicationServi - Initializing application scenes
23:05:09.299 [FXGL Background Thread 1 ] DEBUG GameWorld            - Game world initialized
23:05:09.823 [FXGL Background Thread 1 ] DEBUG PhysicsWorld         - Physics world initialized: appHeight=560, physics.ppm=50.0
23:05:09.824 [FXGL Background Thread 1 ] DEBUG PhysicsWorld         - Using strategy: BRUTE_FORCE
23:05:09.848 [FXGL Background Thread 1 ] DEBUG GameScene            - Game scene initialized: 980x560
23:05:09.890 [FXGL Background Thread 1 ] WARN  FXGL.DefaultMenu     - FXGLDefaultMenu is not designed for resolutions < 800x600
23:05:09.890 [FXGL Background Thread 1 ] DEBUG FXGL.DefaultMenu     - createMenuBodyGameMenu()
23:05:09.951 [FXGL Background Thread 1 ] DEBUG FXGL.DefaultMenu     - createOptionsMenu()
23:05:09.998 [FXGL Background Thread 1 ] DEBUG FXGLAssetLoaderServi - Loading from file system: jar:file:/home/diego/.m2/repository/com/github/almasb/fxgl/17.2/fxgl-17.2.jar!/fxglassets/textures/particles/smoke.png
23:05:10.535 [FXGL Background Thread 1 ] DEBUG FXGLAssetLoaderServi - Loading from file system: jar:file:/home/diego/.m2/repository/com/github/almasb/fxgl/17.2/fxgl-17.2.jar!/fxglassets/textures/particles/trace_horizontal.png
23:05:10.629 [FXGL Background Thread 1 ] DEBUG GameApplicationServi - Application scenes initialized
23:05:10.685 [FXGL Background Thread 1 ] DEBUG SystemBundleService  - Loading FXGL system data
23:05:10.694 [FXGL Background Thread 1 ] DEBUG FileSystemAccess     - Reading from: /home/diego/Documentos/concurrente/Restaurant/cynthia/restaurante/system/fxgl.bundle
23:05:10.717 [FXGL Background Thread 1 ] DEBUG SystemBundleService  - Bundle FXGL: {}
23:05:10.718 [FXGL Background Thread 1 ] DEBUG UpdaterService       - Checking for updates
23:05:10.736 [FXGL Background Thread 1 ] DEBUG FXGLApplication      - Loading default localization
23:05:10.737 [FXGL Background Thread 4 ] DEBUG FXGLApplication      - Loading fonts
23:05:10.738 [FXGL Background Thread 4 ] DEBUG FXGLAssetLoaderServi - Loading from file system: jar:file:/home/diego/.m2/repository/com/github/almasb/fxgl/17.2/fxgl-17.2.jar!/fxglassets/ui/fonts/VarelaRound-Regular.ttf
23:05:10.738 [FXGL Background Thread 1 ] DEBUG FXGLAssetLoaderServi - Loading from file system: jar:file:/home/diego/.m2/repository/com/github/almasb/fxgl/17.2/fxgl-17.2.jar!/fxglassets/languages/english.lang
23:05:10.761 [FXGL Background Thread 4 ] DEBUG FXGLAssetLoaderServi - Loading from file system: jar:file:/home/diego/.m2/repository/com/github/almasb/fxgl/17.2/fxgl-17.2.jar!/fxglassets/ui/fonts/Abel-Regular.ttf
23:05:10.776 [FXGL Background Thread 4 ] DEBUG FXGLAssetLoaderServi - Loading from file system: jar:file:/home/diego/.m2/repository/com/github/almasb/fxgl/17.2/fxgl-17.2.jar!/fxglassets/ui/fonts/TerminalLandMono-Regular.otf
23:05:10.793 [FXGL Background Thread 4 ] DEBUG FXGLAssetLoaderServi - Loading from file system: jar:file:/home/diego/.m2/repository/com/github/almasb/fxgl/17.2/fxgl-17.2.jar!/fxglassets/ui/fonts/Courier-Prime.ttf
23:05:10.813 [JavaFX Application Thread] DEBUG FXGLApplication      - Registering font factories with UI factory
23:05:10.828 [FXGL Background Thread 1 ] INFO  FXGLApplication      - FXGL initialization took: 2.020 sec
23:05:10.834 [JavaFX Application Thread] DEBUG FXGLAssetLoaderServi - Loading from file system: jar:file:/home/diego/.m2/repository/com/github/almasb/fxgl/17.2/fxgl-17.2.jar!/fxglassets/textures/fxgl_icon.png
23:05:10.956 [JavaFX Application Thread] DEBUG FXGLAssetLoaderServi - Loading from file system: jar:file:/home/diego/.m2/repository/com/github/almasb/fxgl/17.2/fxgl-17.2.jar!/fxglassets/textures/fxgl_default_cursor.png
23:05:10.989 [JavaFX Application Thread] DEBUG Input                - Registered new binding: Screenshot - CTRL+8
23:05:10.990 [JavaFX Application Thread] DEBUG Input                - Registered new binding: System info dump - CTRL+9
23:05:10.994 [JavaFX Application Thread] DEBUG Input                - Registered new binding: Restart - CTRL+R
23:05:10.995 [JavaFX Application Thread] DEBUG Input                - Registered new binding: Toggle Debug Camera - CTRL+7
23:05:11.002 [JavaFX Application Thread] DEBUG LoopRunner           - Starting loop
23:05:11.004 [JavaFX Application Thread] DEBUG LoopRunner           - Initializing JavaFX AnimationTimerLoop
23:05:11.008 [JavaFX Application Thread] DEBUG GameApplicationServi - Starting new game
23:05:11.009 [JavaFX Application Thread] DEBUG Input                - Clearing active input actions
23:05:11.076 [JavaFX Application Thread] DEBUG GameApplicationServi - Removing overlay from FXGLStartupScene and adding to FXGLLoadingScene
23:05:11.077 [JavaFX Application Thread] DEBUG PrimaryStageWindow   - FXGLStartupScene -> FXGLLoadingScene
23:05:11.078 [JavaFX Application Thread] DEBUG GameApplicationServi - Clearing previous game
23:05:11.078 [JavaFX Application Thread] DEBUG GameScene            - Clearing game scene
23:05:11.078 [JavaFX Application Thread] DEBUG GameWorld            - Clearing game world
23:05:11.079 [JavaFX Application Thread] DEBUG PhysicsWorld         - Clearing physics world
23:05:11.082 [FXGL Background Thread 1 ] DEBUG FXGLApplication      - Initializing game
23:05:11.097 [FXGL Background Thread 1 ] DEBUG FXGLAssetLoaderServi - Loading from file system: file:/home/diego/Documentos/concurrente/Restaurant/cynthia/restaurante/target/classes/assets/textures/escenario.png
23:05:11.246 [FXGL Background Thread 1 ] DEBUG FXGLAssetLoaderServi - Loading from file system: file:/home/diego/Documentos/concurrente/Restaurant/cynthia/restaurante/target/classes/assets/textures/cocinero.png
23:05:12.016 [FXGL Background Thread 1 ] DEBUG FXGLAssetLoaderServi - Loading from file system: file:/home/diego/Documentos/concurrente/Restaurant/cynthia/restaurante/target/classes/assets/textures/mesero.png
23:05:12.041 [FXGL Background Thread 1 ] DEBUG FXGLAssetLoaderServi - Loading from file system: file:/home/diego/Documentos/concurrente/Restaurant/cynthia/restaurante/target/classes/assets/textures/aguachile.png
23:05:12.154 [FXGL Background Thread 1 ] INFO  FXGLApplication      - Game initialization took: 1.072 sec
23:05:12.166 [JavaFX Application Thread] DEBUG Input                - Clearing active input actions
23:05:12.233 [JavaFX Application Thread] DEBUG GameApplicationServi - Removing overlay from FXGLLoadingScene and adding to GameScene
23:05:12.234 [JavaFX Application Thread] DEBUG PrimaryStageWindow   - FXGLLoadingScene -> GameScene
23:05:12.977 [FXGL Background Thread 2 ] INFO  UpdaterService       - Your current version:  17.2
23:05:12.978 [FXGL Background Thread 2 ] INFO  UpdaterService       - Latest stable version: 21.1
23:05:13.727 [FXGL Background Thread 3 ] DEBUG Engine               - Logging environment variables
23:05:13.728 [FXGL Background Thread 3 ] DEBUG Engine               - achievements: []
23:05:13.728 [FXGL Background Thread 3 ] DEBUG Engine               - actualHeight: 560.0
23:05:13.728 [FXGL Background Thread 3 ] DEBUG Engine               - actualHeightProperty: ReadOnlyDoubleProperty [value: 555.0]
23:05:13.728 [FXGL Background Thread 3 ] DEBUG Engine               - actualWidth: 980.0
23:05:13.729 [FXGL Background Thread 3 ] DEBUG Engine               - actualWidthProperty: ReadOnlyDoubleProperty [value: 980.0]
23:05:13.729 [FXGL Background Thread 3 ] DEBUG Engine               - appIcon: fxgl_icon.png
23:05:13.729 [FXGL Background Thread 3 ] DEBUG Engine               - applicationMode: DEVELOPER
23:05:13.729 [FXGL Background Thread 3 ] DEBUG Engine               - cSSList: [fxgl_dark.css]
23:05:13.729 [FXGL Background Thread 3 ] DEBUG Engine               - collisionDetectionStrategy: BRUTE_FORCE
23:05:13.729 [FXGL Background Thread 3 ] DEBUG Engine               - configClass: Optional.empty
23:05:13.729 [FXGL Background Thread 3 ] DEBUG Engine               - credits: []
23:05:13.730 [FXGL Background Thread 3 ] DEBUG Engine               - defaultCursor: CursorInfo(imageName=fxgl_default_cursor.png, hotspotX=7.0, hotspotY=6.0)
23:05:13.731 [FXGL Background Thread 3 ] DEBUG Engine               - devBBoxColorProperty: ObjectProperty [value: 0xff0000ff]
23:05:13.731 [FXGL Background Thread 3 ] DEBUG Engine               - devEnableDebugCameraProperty: BooleanProperty [value: false]
23:05:13.732 [FXGL Background Thread 3 ] DEBUG Engine               - devSensorColorProperty: ObjectProperty [value: 0xffff00ff]
23:05:13.732 [FXGL Background Thread 3 ] DEBUG Engine               - devShowBBoxProperty: BooleanProperty [value: false]
23:05:13.732 [FXGL Background Thread 3 ] DEBUG Engine               - devShowPositionProperty: BooleanProperty [value: false]
23:05:13.732 [FXGL Background Thread 3 ] DEBUG Engine               - enabledMenuItems: []
23:05:13.732 [FXGL Background Thread 3 ] DEBUG Engine               - engineServices: [class com.almasb.fxgl.app.services.FXGLAssetLoaderService, class com.almasb.fxgl.app.FXGLApplication$GameApplicationService, class com.almasb.fxgl.app.services.FXGLDialogService, class com.almasb.fxgl.app.services.IOTaskExecutorService, class com.almasb.fxgl.io.FileSystemService, class com.almasb.fxgl.localization.LocalizationService, class com.almasb.fxgl.app.services.SystemBundleService, class com.almasb.fxgl.profile.SaveLoadService, class com.almasb.fxgl.ui.FXGLUIFactoryServiceProvider, class com.almasb.fxgl.ui.FXGLDialogFactoryServiceProvider, class com.almasb.fxgl.audio.AudioPlayer, class com.almasb.fxgl.notification.impl.NotificationServiceProvider, class com.almasb.fxgl.achievement.AchievementService, class com.almasb.fxgl.cutscene.CutsceneService, class com.almasb.fxgl.minigames.MiniGameService, class com.almasb.fxgl.net.NetService, class com.almasb.fxgl.app.services.UpdaterService, class com.almasb.fxgl.dev.DevService]
23:05:13.732 [FXGL Background Thread 3 ] DEBUG Engine               - fontGame: Abel-Regular.ttf
23:05:13.733 [FXGL Background Thread 3 ] DEBUG Engine               - fontMono: TerminalLandMono-Regular.otf
23:05:13.733 [FXGL Background Thread 3 ] DEBUG Engine               - fontText: Courier-Prime.ttf
23:05:13.733 [FXGL Background Thread 3 ] DEBUG Engine               - fontUI: VarelaRound-Regular.ttf
23:05:13.733 [FXGL Background Thread 3 ] DEBUG Engine               - fullScreen: BooleanProperty [value: false]
23:05:13.733 [FXGL Background Thread 3 ] DEBUG Engine               - gameDifficulty: MEDIUM
23:05:13.733 [FXGL Background Thread 3 ] DEBUG Engine               - gameDifficultyProperty: ObjectProperty [value: MEDIUM]
23:05:13.734 [FXGL Background Thread 3 ] DEBUG Engine               - globalMusicVolume: 0.5
23:05:13.734 [FXGL Background Thread 3 ] DEBUG Engine               - globalMusicVolumeProperty: DoubleProperty [value: 0.5]
23:05:13.734 [FXGL Background Thread 3 ] DEBUG Engine               - globalSoundVolume: 0.5
23:05:13.734 [FXGL Background Thread 3 ] DEBUG Engine               - globalSoundVolumeProperty: DoubleProperty [value: 0.5]
23:05:13.734 [FXGL Background Thread 3 ] DEBUG Engine               - height: 560
23:05:13.735 [FXGL Background Thread 3 ] DEBUG Engine               - is3D: false
23:05:13.735 [FXGL Background Thread 3 ] DEBUG Engine               - isAndroid: false
23:05:13.735 [FXGL Background Thread 3 ] DEBUG Engine               - isBrowser: false
23:05:13.735 [FXGL Background Thread 3 ] DEBUG Engine               - isClickFeedbackEnabled: false
23:05:13.735 [FXGL Background Thread 3 ] DEBUG Engine               - isCloseConfirmation: false
23:05:13.735 [FXGL Background Thread 3 ] DEBUG Engine               - isDesktop: true
23:05:13.736 [FXGL Background Thread 3 ] DEBUG Engine               - isDeveloperMenuEnabled: false
23:05:13.736 [FXGL Background Thread 3 ] DEBUG Engine               - isEmbedded: false
23:05:13.736 [FXGL Background Thread 3 ] DEBUG Engine               - isEntityPreloadEnabled: true
23:05:13.736 [FXGL Background Thread 3 ] DEBUG Engine               - isExperimentalTiledLargeMap: false
23:05:13.736 [FXGL Background Thread 3 ] DEBUG Engine               - isFileSystemWriteAllowed: true
23:05:13.737 [FXGL Background Thread 3 ] DEBUG Engine               - isFullScreenAllowed: false
23:05:13.737 [FXGL Background Thread 3 ] DEBUG Engine               - isFullScreenFromStart: false
23:05:13.737 [FXGL Background Thread 3 ] DEBUG Engine               - isGameMenuEnabled: true
23:05:13.737 [FXGL Background Thread 3 ] DEBUG Engine               - isIOS: false
23:05:13.737 [FXGL Background Thread 3 ] DEBUG Engine               - isIntroEnabled: false
23:05:13.737 [FXGL Background Thread 3 ] DEBUG Engine               - isLinux: true
23:05:13.738 [FXGL Background Thread 3 ] DEBUG Engine               - isMac: false
23:05:13.738 [FXGL Background Thread 3 ] DEBUG Engine               - isMainMenuEnabled: false
23:05:13.738 [FXGL Background Thread 3 ] DEBUG Engine               - isManualResizeEnabled: false
23:05:13.738 [FXGL Background Thread 3 ] DEBUG Engine               - isMobile: false
23:05:13.738 [FXGL Background Thread 3 ] DEBUG Engine               - isNative: false
23:05:13.739 [FXGL Background Thread 3 ] DEBUG Engine               - isPauseMusicWhenMinimized: true
23:05:13.739 [FXGL Background Thread 3 ] DEBUG Engine               - isPreserveResizeRatio: false
23:05:13.739 [FXGL Background Thread 3 ] DEBUG Engine               - isProfilingEnabled: false
23:05:13.739 [FXGL Background Thread 3 ] DEBUG Engine               - isScaleAffectedOnResize: true
23:05:13.739 [FXGL Background Thread 3 ] DEBUG Engine               - isSingleStep: false
23:05:13.739 [FXGL Background Thread 3 ] DEBUG Engine               - isUserProfileEnabled: false
23:05:13.739 [FXGL Background Thread 3 ] DEBUG Engine               - isWindows: false
23:05:13.740 [FXGL Background Thread 3 ] DEBUG Engine               - language: ObjectProperty [value: ENGLISH]
23:05:13.740 [FXGL Background Thread 3 ] DEBUG Engine               - menuKey: ESCAPE
23:05:13.740 [FXGL Background Thread 3 ] DEBUG Engine               - mouseSensitivity: 0.2
23:05:13.740 [FXGL Background Thread 3 ] DEBUG Engine               - notificationViewClass: class com.almasb.fxgl.notification.view.XboxNotificationView
23:05:13.740 [FXGL Background Thread 3 ] DEBUG Engine               - pixelsPerMeter: 50.0
23:05:13.740 [FXGL Background Thread 3 ] DEBUG Engine               - platform: LINUX
23:05:13.741 [FXGL Background Thread 3 ] DEBUG Engine               - prefHeightProperty: ReadOnlyDoubleProperty [value: 560.0]
23:05:13.741 [FXGL Background Thread 3 ] DEBUG Engine               - prefWidthProperty: ReadOnlyDoubleProperty [value: 980.0]
23:05:13.741 [FXGL Background Thread 3 ] DEBUG Engine               - profileDir: profiles/
23:05:13.741 [FXGL Background Thread 3 ] DEBUG Engine               - profileName: StringProperty [value: DEFAULT]
23:05:13.741 [FXGL Background Thread 3 ] DEBUG Engine               - randomSeed: -1
23:05:13.743 [FXGL Background Thread 3 ] DEBUG Engine               - runtimeInfo: RuntimeInfo(platform=LINUX, version=17.2, build=20.08.2022 16.50)
23:05:13.743 [FXGL Background Thread 3 ] DEBUG Engine               - saveFileExt: sav
23:05:13.743 [FXGL Background Thread 3 ] DEBUG Engine               - scaledHeightProp$fxgl: DoubleProperty [bound, value: 555.0]
23:05:13.743 [FXGL Background Thread 3 ] DEBUG Engine               - scaledWidthProp$fxgl: DoubleProperty [bound, value: 980.0]
23:05:13.744 [FXGL Background Thread 3 ] DEBUG Engine               - sceneFactory: com.almasb.fxgl.app.scene.SceneFactory@4b06ca60
23:05:13.744 [FXGL Background Thread 3 ] DEBUG Engine               - secondsIn24h: 60
23:05:13.744 [FXGL Background Thread 3 ] DEBUG Engine               - soundMenuBack: menu/back.wav
23:05:13.744 [FXGL Background Thread 3 ] DEBUG Engine               - soundMenuPress: menu/press.wav
23:05:13.744 [FXGL Background Thread 3 ] DEBUG Engine               - soundMenuSelect: menu/select.wav
23:05:13.744 [FXGL Background Thread 3 ] DEBUG Engine               - soundNotification: core/notification.wav
23:05:13.744 [FXGL Background Thread 3 ] DEBUG Engine               - stageStyle: DECORATED
23:05:13.745 [FXGL Background Thread 3 ] DEBUG Engine               - supportedLanguages: [ENGLISH, FRENCH, GERMAN, HUNGARIAN, RUSSIAN]
23:05:13.745 [FXGL Background Thread 3 ] DEBUG Engine               - ticksPerSecond: -1
23:05:13.745 [FXGL Background Thread 3 ] DEBUG Engine               - title: Restaurant Simulation
23:05:13.745 [FXGL Background Thread 3 ] DEBUG Engine               - urlGithub: https://github.com/AlmasB/FXGL
23:05:13.746 [FXGL Background Thread 3 ] DEBUG Engine               - urlLeaderboard: http://fxgl-top.herokuapp.com/
23:05:13.746 [FXGL Background Thread 3 ] DEBUG Engine               - urlPOM: https://raw.githubusercontent.com/AlmasB/FXGL/release/README.md
23:05:13.746 [FXGL Background Thread 3 ] DEBUG Engine               - userAppClass: class com.example.restauranteup.App
23:05:13.746 [FXGL Background Thread 3 ] DEBUG Engine               - version: 0.0
23:05:13.746 [FXGL Background Thread 3 ] DEBUG Engine               - versionCheckDays: 7
23:05:13.746 [FXGL Background Thread 3 ] DEBUG Engine               - width: 980
23:05:13.747 [FXGL Background Thread 3 ] DEBUG Engine               - Logging services
23:05:13.747 [FXGL Background Thread 3 ] DEBUG Engine               - class com.almasb.fxgl.app.services.FXGLAssetLoaderService
23:05:13.747 [FXGL Background Thread 3 ] DEBUG Engine               - class com.almasb.fxgl.app.FXGLApplication$GameApplicationService
23:05:13.748 [FXGL Background Thread 3 ] DEBUG Engine               - class com.almasb.fxgl.app.services.FXGLDialogService
23:05:13.748 [FXGL Background Thread 3 ] DEBUG Engine               - class com.almasb.fxgl.app.services.IOTaskExecutorService
23:05:13.748 [FXGL Background Thread 3 ] DEBUG Engine               - class com.almasb.fxgl.io.FileSystemService
23:05:13.748 [FXGL Background Thread 3 ] DEBUG Engine               - class com.almasb.fxgl.localization.LocalizationService
23:05:13.748 [FXGL Background Thread 3 ] DEBUG Engine               - class com.almasb.fxgl.app.services.SystemBundleService
23:05:13.748 [FXGL Background Thread 3 ] DEBUG Engine               - class com.almasb.fxgl.profile.SaveLoadService
23:05:13.748 [FXGL Background Thread 3 ] DEBUG Engine               - class com.almasb.fxgl.ui.FXGLUIFactoryServiceProvider
23:05:13.748 [FXGL Background Thread 3 ] DEBUG Engine               - class com.almasb.fxgl.ui.FXGLDialogFactoryServiceProvider
23:05:13.749 [FXGL Background Thread 3 ] DEBUG Engine               - class com.almasb.fxgl.audio.AudioPlayer
23:05:13.749 [FXGL Background Thread 3 ] DEBUG Engine               - class com.almasb.fxgl.notification.impl.NotificationServiceProvider
23:05:13.749 [FXGL Background Thread 3 ] DEBUG Engine               - class com.almasb.fxgl.achievement.AchievementService
23:05:13.749 [FXGL Background Thread 3 ] DEBUG Engine               - class com.almasb.fxgl.cutscene.CutsceneService
23:05:13.749 [FXGL Background Thread 3 ] DEBUG Engine               - class com.almasb.fxgl.minigames.MiniGameService
23:05:13.749 [FXGL Background Thread 3 ] DEBUG Engine               - class com.almasb.fxgl.net.NetService
23:05:13.749 [FXGL Background Thread 3 ] DEBUG Engine               - class com.almasb.fxgl.app.services.UpdaterService
23:05:13.750 [FXGL Background Thread 3 ] DEBUG Engine               - class com.almasb.fxgl.dev.DevService
23:05:14.067 [JavaFX Application Thread] DEBUG FXGLAssetLoaderServi - Loading from file system: file:/home/diego/Documentos/concurrente/Restaurant/cynthia/restaurante/target/classes/assets/textures/cliente_5.png
23:05:14.140 [JavaFX Application Thread] DEBUG FXGLAssetLoaderServi - Loading from file system: file:/home/diego/Documentos/concurrente/Restaurant/cynthia/restaurante/target/classes/assets/textures/cliente_8.png
23:05:16.035 [JavaFX Application Thread] DEBUG FXGLAssetLoaderServi - Loading from file system: file:/home/diego/Documentos/concurrente/Restaurant/cynthia/restaurante/target/classes/assets/textures/cliente_3.png
23:05:20.036 [JavaFX Application Thread] DEBUG FXGLAssetLoaderServi - Loading from file system: file:/home/diego/Documentos/concurrente/Restaurant/cynthia/restaurante/target/classes/assets/textures/cliente_7.png
23:05:20.147 [JavaFX Application Thread] DEBUG FXGLAssetLoaderServi - Loading from file system: file:/home/diego/Documentos/concurrente/Restaurant/cynthia/restaurante/target/classes/assets/textures/cliente_2.png
23:05:24.042 [JavaFX Application Thread] DEBUG FXGLAssetLoaderServi - Loading from file system: file:/home/diego/Documentos/concurrente/Restaurant/cynthia/restaurante/target/classes/assets/textures/cliente_4.png
23:05:35.051 [JavaFX Application Thread] DEBUG FXGLAssetLoaderServi - Loading from file system: file:/home/diego/Documentos/concurrente/Restaurant/cynthia/restaurante/target/classes/assets/textures/cliente_6.png
23:05:46.447 [JavaFX Application Thread] DEBUG FXGLApplication      - Exiting FXGL
23:05:46.447 [JavaFX Application Thread] DEBUG LoopRunner           - Stopping loop
23:05:46.448 [JavaFX Application Thread] DEBUG SystemBundleService  - Saving FXGL system data
23:05:46.456 [JavaFX Application Thread] DEBUG FileSystemAccess     - Writing to: /home/diego/Documentos/concurrente/Restaurant/cynthia/restaurante/system/fxgl.bundle
23:05:46.467 [JavaFX Application Thread] DEBUG Async                - Shutting down background threads
23:05:46.467 [JavaFX Application Thread] DEBUG PrimaryStageWindow   - Closing main window
23:05:46.473 [JavaFX Application Thread] DEBUG Logger               - Closing Logger
