00:47:36.596 [com.example.restauranteup] DEBUG Logger               - Configured Logger
00:47:36.648 [com.example.restauranteup] DEBUG GameApplication      - Logging settings
Title: Restaurant Simulation
Version: 0.0
Width: 980
Height: 560
Fullscreen: false
Intro: false
Profiling: false
Single step:false
App Mode: DEVELOPER
Menu Key: ESCAPE
Stage Style: DECORATED
Scene Factory: class com.almasb.fxgl.app.scene.SceneFactory

00:47:37.215 [JavaFX Application Thread] DEBUG FXGLApplication      - Initializing FXGL
00:47:37.231 [JavaFX Application Thread] INFO  Engine               - FXGL-17.2 (20.08.2022 16.50) on LINUX (J:21.0.5 FX:18)
00:47:37.232 [JavaFX Application Thread] DEBUG Engine               - JRE Vendor Name: Red Hat, Inc.
00:47:37.233 [JavaFX Application Thread] DEBUG Engine               - Running on OS: Linux version 6.11.8-200.fc40.x86_64
00:47:37.233 [JavaFX Application Thread] DEBUG Engine               - Architecture: amd64
00:47:37.234 [JavaFX Application Thread] INFO  Engine               - Source code and latest versions at: https://github.com/AlmasB/FXGL
00:47:37.234 [JavaFX Application Thread] INFO  Engine               -       Ask questions and discuss at: https://github.com/AlmasB/FXGL/discussions
00:47:37.235 [JavaFX Application Thread] INFO  Engine               -              Join the FXGL chat at: https://gitter.im/AlmasB/FXGL
00:47:37.627 [JavaFX Application Thread] DEBUG PrimaryStageWindow   - Creating a JavaFX scene
00:47:37.894 [JavaFX Application Thread] DEBUG PrimaryStageWindow   - Target settings size: 980.0 x 560.0
00:47:37.895 [JavaFX Application Thread] DEBUG PrimaryStageWindow   - Scaled scene size:    980.0 x 560.0
00:47:37.896 [JavaFX Application Thread] DEBUG PrimaryStageWindow   - Scaled ratio: (1.0, 1.0)
00:47:37.900 [JavaFX Application Thread] DEBUG PrimaryStageWindow   - Set initial scene to FXGLStartupScene
00:47:37.933 [JavaFX Application Thread] DEBUG PrimaryStageWindow   - Opening main window
00:47:38.197 [JavaFX Application Thread] DEBUG PrimaryStageWindow   - Window border size: (8.0, 38.0)
00:47:38.198 [JavaFX Application Thread] DEBUG PrimaryStageWindow   - Scaled size: 980.0 x 560.0
00:47:38.199 [JavaFX Application Thread] DEBUG PrimaryStageWindow   - Scaled ratio: (1.0, 1.0)
00:47:38.200 [JavaFX Application Thread] DEBUG PrimaryStageWindow   - Scene size: 980.0 x 560.0
00:47:38.203 [JavaFX Application Thread] DEBUG PrimaryStageWindow   - Stage size: 988.0 x 598.0
00:47:38.234 [FXGL Background Thread 1 ] DEBUG Engine               - Initializing environment variables
00:47:38.384 [FXGL Background Thread 1 ] DEBUG FXGLAssetLoaderServi - User app class for loading assets: class com.example.restauranteup.App
00:47:38.385 [FXGL Background Thread 1 ] DEBUG GameApplicationServi - Applying CSS: fxgl_dark.css
00:47:38.388 [FXGL Background Thread 1 ] DEBUG FXGLAssetLoaderServi - Loading from file system: jar:file:/home/diego/.m2/repository/com/github/almasb/fxgl/17.2/fxgl-17.2.jar!/fxglassets/ui/css/fxgl_dark.css
00:47:38.574 [FXGL Background Thread 1 ] DEBUG GameApplicationServi - Initializing application scenes
00:47:38.779 [FXGL Background Thread 1 ] DEBUG GameWorld            - Game world initialized
00:47:39.104 [FXGL Background Thread 1 ] DEBUG PhysicsWorld         - Physics world initialized: appHeight=560, physics.ppm=50.0
00:47:39.105 [FXGL Background Thread 1 ] DEBUG PhysicsWorld         - Using strategy: BRUTE_FORCE
00:47:39.124 [FXGL Background Thread 1 ] DEBUG GameScene            - Game scene initialized: 980x560
00:47:39.206 [FXGL Background Thread 1 ] WARN  FXGL.DefaultMenu     - FXGLDefaultMenu is not designed for resolutions < 800x600
00:47:39.206 [FXGL Background Thread 1 ] DEBUG FXGL.DefaultMenu     - createMenuBodyGameMenu()
00:47:39.290 [FXGL Background Thread 1 ] DEBUG FXGL.DefaultMenu     - createOptionsMenu()
00:47:39.330 [FXGL Background Thread 1 ] DEBUG FXGLAssetLoaderServi - Loading from file system: jar:file:/home/diego/.m2/repository/com/github/almasb/fxgl/17.2/fxgl-17.2.jar!/fxglassets/textures/particles/smoke.png
00:47:39.815 [FXGL Background Thread 1 ] DEBUG FXGLAssetLoaderServi - Loading from file system: jar:file:/home/diego/.m2/repository/com/github/almasb/fxgl/17.2/fxgl-17.2.jar!/fxglassets/textures/particles/trace_horizontal.png
00:47:39.932 [FXGL Background Thread 1 ] DEBUG GameApplicationServi - Application scenes initialized
00:47:40.004 [FXGL Background Thread 1 ] DEBUG SystemBundleService  - Loading FXGL system data
00:47:40.025 [FXGL Background Thread 1 ] DEBUG FileSystemAccess     - Reading from: /home/diego/Documentos/concurrente/Restaurant/personal/restaurant-simulation/system/fxgl.bundle
00:47:40.053 [FXGL Background Thread 1 ] DEBUG SystemBundleService  - Bundle FXGL: {}
00:47:40.056 [FXGL Background Thread 1 ] DEBUG UpdaterService       - Checking for updates
00:47:40.077 [FXGL Background Thread 4 ] DEBUG FXGLApplication      - Loading fonts
00:47:40.082 [FXGL Background Thread 1 ] DEBUG FXGLApplication      - Loading default localization
00:47:40.088 [FXGL Background Thread 1 ] DEBUG FXGLAssetLoaderServi - Loading from file system: jar:file:/home/diego/.m2/repository/com/github/almasb/fxgl/17.2/fxgl-17.2.jar!/fxglassets/languages/english.lang
00:47:40.090 [FXGL Background Thread 4 ] DEBUG FXGLAssetLoaderServi - Loading from file system: jar:file:/home/diego/.m2/repository/com/github/almasb/fxgl/17.2/fxgl-17.2.jar!/fxglassets/ui/fonts/VarelaRound-Regular.ttf
00:47:40.131 [FXGL Background Thread 4 ] DEBUG FXGLAssetLoaderServi - Loading from file system: jar:file:/home/diego/.m2/repository/com/github/almasb/fxgl/17.2/fxgl-17.2.jar!/fxglassets/ui/fonts/Abel-Regular.ttf
00:47:40.137 [FXGL Background Thread 4 ] DEBUG FXGLAssetLoaderServi - Loading from file system: jar:file:/home/diego/.m2/repository/com/github/almasb/fxgl/17.2/fxgl-17.2.jar!/fxglassets/ui/fonts/TerminalLandMono-Regular.otf
00:47:40.142 [FXGL Background Thread 4 ] DEBUG FXGLAssetLoaderServi - Loading from file system: jar:file:/home/diego/.m2/repository/com/github/almasb/fxgl/17.2/fxgl-17.2.jar!/fxglassets/ui/fonts/Courier-Prime.ttf
00:47:40.158 [JavaFX Application Thread] DEBUG FXGLApplication      - Registering font factories with UI factory
00:47:40.173 [FXGL Background Thread 1 ] INFO  FXGLApplication      - FXGL initialization took: 1.939 sec
00:47:40.176 [JavaFX Application Thread] DEBUG FXGLAssetLoaderServi - Loading from file system: jar:file:/home/diego/.m2/repository/com/github/almasb/fxgl/17.2/fxgl-17.2.jar!/fxglassets/textures/fxgl_icon.png
00:47:40.343 [JavaFX Application Thread] DEBUG FXGLAssetLoaderServi - Loading from file system: jar:file:/home/diego/.m2/repository/com/github/almasb/fxgl/17.2/fxgl-17.2.jar!/fxglassets/textures/fxgl_default_cursor.png
00:47:40.422 [JavaFX Application Thread] DEBUG Input                - Registered new binding: Screenshot - CTRL+8
00:47:40.425 [JavaFX Application Thread] DEBUG Input                - Registered new binding: System info dump - CTRL+9
00:47:40.429 [JavaFX Application Thread] DEBUG Input                - Registered new binding: Restart - CTRL+R
00:47:40.436 [JavaFX Application Thread] DEBUG Input                - Registered new binding: Toggle Debug Camera - CTRL+7
00:47:40.447 [JavaFX Application Thread] DEBUG LoopRunner           - Starting loop
00:47:40.448 [JavaFX Application Thread] DEBUG LoopRunner           - Initializing JavaFX AnimationTimerLoop
00:47:40.454 [JavaFX Application Thread] DEBUG GameApplicationServi - Starting new game
00:47:40.455 [JavaFX Application Thread] DEBUG Input                - Clearing active input actions
00:47:40.507 [JavaFX Application Thread] DEBUG GameApplicationServi - Removing overlay from FXGLStartupScene and adding to FXGLLoadingScene
00:47:40.509 [JavaFX Application Thread] DEBUG PrimaryStageWindow   - FXGLStartupScene -> FXGLLoadingScene
00:47:40.509 [JavaFX Application Thread] DEBUG GameApplicationServi - Clearing previous game
00:47:40.509 [JavaFX Application Thread] DEBUG GameScene            - Clearing game scene
00:47:40.509 [JavaFX Application Thread] DEBUG GameWorld            - Clearing game world
00:47:40.510 [JavaFX Application Thread] DEBUG PhysicsWorld         - Clearing physics world
00:47:40.517 [FXGL Background Thread 1 ] DEBUG FXGLApplication      - Initializing game
00:47:40.534 [FXGL Background Thread 1 ] DEBUG FXGLAssetLoaderServi - Loading from file system: file:/home/diego/Documentos/concurrente/Restaurant/personal/restaurant-simulation/target/classes/assets/textures/escenario.png
00:47:40.832 [FXGL Background Thread 1 ] DEBUG FXGLAssetLoaderServi - Loading from file system: file:/home/diego/Documentos/concurrente/Restaurant/personal/restaurant-simulation/target/classes/assets/textures/cocinero.png
00:47:41.465 [FXGL Background Thread 1 ] DEBUG FXGLAssetLoaderServi - Loading from file system: file:/home/diego/Documentos/concurrente/Restaurant/personal/restaurant-simulation/target/classes/assets/textures/aguachile.png
00:47:41.642 [FXGL Background Thread 1 ] INFO  FXGLApplication      - Game initialization took: 1.124 sec
00:47:41.653 [JavaFX Application Thread] DEBUG Input                - Clearing active input actions
00:47:41.710 [JavaFX Application Thread] DEBUG GameApplicationServi - Removing overlay from FXGLLoadingScene and adding to GameScene
00:47:41.712 [JavaFX Application Thread] DEBUG PrimaryStageWindow   - FXGLLoadingScene -> GameScene
00:47:42.433 [FXGL Background Thread 2 ] INFO  UpdaterService       - Your current version:  17.2
00:47:42.434 [FXGL Background Thread 2 ] INFO  UpdaterService       - Latest stable version: 21.1
00:47:43.070 [FXGL Background Thread 3 ] DEBUG Engine               - Logging environment variables
00:47:43.071 [FXGL Background Thread 3 ] DEBUG Engine               - achievements: []
00:47:43.071 [FXGL Background Thread 3 ] DEBUG Engine               - actualHeight: 560.0
00:47:43.072 [FXGL Background Thread 3 ] DEBUG Engine               - actualHeightProperty: ReadOnlyDoubleProperty [value: 560.0]
00:47:43.072 [FXGL Background Thread 3 ] DEBUG Engine               - actualWidth: 980.0
00:47:43.072 [FXGL Background Thread 3 ] DEBUG Engine               - actualWidthProperty: ReadOnlyDoubleProperty [value: 980.0]
00:47:43.072 [FXGL Background Thread 3 ] DEBUG Engine               - appIcon: fxgl_icon.png
00:47:43.072 [FXGL Background Thread 3 ] DEBUG Engine               - applicationMode: DEVELOPER
00:47:43.072 [FXGL Background Thread 3 ] DEBUG Engine               - cSSList: [fxgl_dark.css]
00:47:43.073 [FXGL Background Thread 3 ] DEBUG Engine               - collisionDetectionStrategy: BRUTE_FORCE
00:47:43.073 [FXGL Background Thread 3 ] DEBUG Engine               - configClass: Optional.empty
00:47:43.073 [FXGL Background Thread 3 ] DEBUG Engine               - credits: []
00:47:43.074 [FXGL Background Thread 3 ] DEBUG Engine               - defaultCursor: CursorInfo(imageName=fxgl_default_cursor.png, hotspotX=7.0, hotspotY=6.0)
00:47:43.075 [FXGL Background Thread 3 ] DEBUG Engine               - devBBoxColorProperty: ObjectProperty [value: 0xff0000ff]
00:47:43.075 [FXGL Background Thread 3 ] DEBUG Engine               - devEnableDebugCameraProperty: BooleanProperty [value: false]
00:47:43.075 [FXGL Background Thread 3 ] DEBUG Engine               - devSensorColorProperty: ObjectProperty [value: 0xffff00ff]
00:47:43.075 [FXGL Background Thread 3 ] DEBUG Engine               - devShowBBoxProperty: BooleanProperty [value: false]
00:47:43.075 [FXGL Background Thread 3 ] DEBUG Engine               - devShowPositionProperty: BooleanProperty [value: false]
00:47:43.076 [FXGL Background Thread 3 ] DEBUG Engine               - enabledMenuItems: []
00:47:43.076 [FXGL Background Thread 3 ] DEBUG Engine               - engineServices: [class com.almasb.fxgl.app.services.FXGLAssetLoaderService, class com.almasb.fxgl.app.FXGLApplication$GameApplicationService, class com.almasb.fxgl.app.services.FXGLDialogService, class com.almasb.fxgl.app.services.IOTaskExecutorService, class com.almasb.fxgl.io.FileSystemService, class com.almasb.fxgl.localization.LocalizationService, class com.almasb.fxgl.app.services.SystemBundleService, class com.almasb.fxgl.profile.SaveLoadService, class com.almasb.fxgl.ui.FXGLUIFactoryServiceProvider, class com.almasb.fxgl.ui.FXGLDialogFactoryServiceProvider, class com.almasb.fxgl.audio.AudioPlayer, class com.almasb.fxgl.notification.impl.NotificationServiceProvider, class com.almasb.fxgl.achievement.AchievementService, class com.almasb.fxgl.cutscene.CutsceneService, class com.almasb.fxgl.minigames.MiniGameService, class com.almasb.fxgl.net.NetService, class com.almasb.fxgl.app.services.UpdaterService, class com.almasb.fxgl.dev.DevService]
00:47:43.076 [FXGL Background Thread 3 ] DEBUG Engine               - fontGame: Abel-Regular.ttf
00:47:43.076 [FXGL Background Thread 3 ] DEBUG Engine               - fontMono: TerminalLandMono-Regular.otf
00:47:43.076 [FXGL Background Thread 3 ] DEBUG Engine               - fontText: Courier-Prime.ttf
00:47:43.076 [FXGL Background Thread 3 ] DEBUG Engine               - fontUI: VarelaRound-Regular.ttf
00:47:43.077 [FXGL Background Thread 3 ] DEBUG Engine               - fullScreen: BooleanProperty [value: false]
00:47:43.077 [FXGL Background Thread 3 ] DEBUG Engine               - gameDifficulty: MEDIUM
00:47:43.077 [FXGL Background Thread 3 ] DEBUG Engine               - gameDifficultyProperty: ObjectProperty [value: MEDIUM]
00:47:43.077 [FXGL Background Thread 3 ] DEBUG Engine               - globalMusicVolume: 0.5
00:47:43.077 [FXGL Background Thread 3 ] DEBUG Engine               - globalMusicVolumeProperty: DoubleProperty [value: 0.5]
00:47:43.078 [FXGL Background Thread 3 ] DEBUG Engine               - globalSoundVolume: 0.5
00:47:43.078 [FXGL Background Thread 3 ] DEBUG Engine               - globalSoundVolumeProperty: DoubleProperty [value: 0.5]
00:47:43.078 [FXGL Background Thread 3 ] DEBUG Engine               - height: 560
00:47:43.078 [FXGL Background Thread 3 ] DEBUG Engine               - is3D: false
00:47:43.078 [FXGL Background Thread 3 ] DEBUG Engine               - isAndroid: false
00:47:43.078 [FXGL Background Thread 3 ] DEBUG Engine               - isBrowser: false
00:47:43.079 [FXGL Background Thread 3 ] DEBUG Engine               - isClickFeedbackEnabled: false
00:47:43.079 [FXGL Background Thread 3 ] DEBUG Engine               - isCloseConfirmation: false
00:47:43.079 [FXGL Background Thread 3 ] DEBUG Engine               - isDesktop: true
00:47:43.079 [FXGL Background Thread 3 ] DEBUG Engine               - isDeveloperMenuEnabled: false
00:47:43.079 [FXGL Background Thread 3 ] DEBUG Engine               - isEmbedded: false
00:47:43.079 [FXGL Background Thread 3 ] DEBUG Engine               - isEntityPreloadEnabled: true
00:47:43.080 [FXGL Background Thread 3 ] DEBUG Engine               - isExperimentalTiledLargeMap: false
00:47:43.080 [FXGL Background Thread 3 ] DEBUG Engine               - isFileSystemWriteAllowed: true
00:47:43.080 [FXGL Background Thread 3 ] DEBUG Engine               - isFullScreenAllowed: false
00:47:43.080 [FXGL Background Thread 3 ] DEBUG Engine               - isFullScreenFromStart: false
00:47:43.080 [FXGL Background Thread 3 ] DEBUG Engine               - isGameMenuEnabled: true
00:47:43.081 [FXGL Background Thread 3 ] DEBUG Engine               - isIOS: false
00:47:43.081 [FXGL Background Thread 3 ] DEBUG Engine               - isIntroEnabled: false
00:47:43.081 [FXGL Background Thread 3 ] DEBUG Engine               - isLinux: true
00:47:43.081 [FXGL Background Thread 3 ] DEBUG Engine               - isMac: false
00:47:43.081 [FXGL Background Thread 3 ] DEBUG Engine               - isMainMenuEnabled: false
00:47:43.081 [FXGL Background Thread 3 ] DEBUG Engine               - isManualResizeEnabled: false
00:47:43.082 [FXGL Background Thread 3 ] DEBUG Engine               - isMobile: false
00:47:43.082 [FXGL Background Thread 3 ] DEBUG Engine               - isNative: false
00:47:43.082 [FXGL Background Thread 3 ] DEBUG Engine               - isPauseMusicWhenMinimized: true
00:47:43.082 [FXGL Background Thread 3 ] DEBUG Engine               - isPreserveResizeRatio: false
00:47:43.083 [FXGL Background Thread 3 ] DEBUG Engine               - isProfilingEnabled: false
00:47:43.083 [FXGL Background Thread 3 ] DEBUG Engine               - isScaleAffectedOnResize: true
00:47:43.083 [FXGL Background Thread 3 ] DEBUG Engine               - isSingleStep: false
00:47:43.083 [FXGL Background Thread 3 ] DEBUG Engine               - isUserProfileEnabled: false
00:47:43.083 [FXGL Background Thread 3 ] DEBUG Engine               - isWindows: false
00:47:43.083 [FXGL Background Thread 3 ] DEBUG Engine               - language: ObjectProperty [value: ENGLISH]
00:47:43.083 [FXGL Background Thread 3 ] DEBUG Engine               - menuKey: ESCAPE
00:47:43.084 [FXGL Background Thread 3 ] DEBUG Engine               - mouseSensitivity: 0.2
00:47:43.084 [FXGL Background Thread 3 ] DEBUG Engine               - notificationViewClass: class com.almasb.fxgl.notification.view.XboxNotificationView
00:47:43.084 [FXGL Background Thread 3 ] DEBUG Engine               - pixelsPerMeter: 50.0
00:47:43.084 [FXGL Background Thread 3 ] DEBUG Engine               - platform: LINUX
00:47:43.084 [FXGL Background Thread 3 ] DEBUG Engine               - prefHeightProperty: ReadOnlyDoubleProperty [value: 560.0]
00:47:43.084 [FXGL Background Thread 3 ] DEBUG Engine               - prefWidthProperty: ReadOnlyDoubleProperty [value: 980.0]
00:47:43.085 [FXGL Background Thread 3 ] DEBUG Engine               - profileDir: profiles/
00:47:43.085 [FXGL Background Thread 3 ] DEBUG Engine               - profileName: StringProperty [value: DEFAULT]
00:47:43.085 [FXGL Background Thread 3 ] DEBUG Engine               - randomSeed: -1
00:47:43.086 [FXGL Background Thread 3 ] DEBUG Engine               - runtimeInfo: RuntimeInfo(platform=LINUX, version=17.2, build=20.08.2022 16.50)
00:47:43.086 [FXGL Background Thread 3 ] DEBUG Engine               - saveFileExt: sav
00:47:43.087 [FXGL Background Thread 3 ] DEBUG Engine               - scaledHeightProp$fxgl: DoubleProperty [bound, value: 560.0]
00:47:43.087 [FXGL Background Thread 3 ] DEBUG Engine               - scaledWidthProp$fxgl: DoubleProperty [bound, value: 980.0]
00:47:43.087 [FXGL Background Thread 3 ] DEBUG Engine               - sceneFactory: com.almasb.fxgl.app.scene.SceneFactory@6a2f0ddc
00:47:43.087 [FXGL Background Thread 3 ] DEBUG Engine               - secondsIn24h: 60
00:47:43.088 [FXGL Background Thread 3 ] DEBUG Engine               - soundMenuBack: menu/back.wav
00:47:43.088 [FXGL Background Thread 3 ] DEBUG Engine               - soundMenuPress: menu/press.wav
00:47:43.088 [FXGL Background Thread 3 ] DEBUG Engine               - soundMenuSelect: menu/select.wav
00:47:43.088 [FXGL Background Thread 3 ] DEBUG Engine               - soundNotification: core/notification.wav
00:47:43.088 [FXGL Background Thread 3 ] DEBUG Engine               - stageStyle: DECORATED
00:47:43.088 [FXGL Background Thread 3 ] DEBUG Engine               - supportedLanguages: [ENGLISH, FRENCH, GERMAN, HUNGARIAN, RUSSIAN]
00:47:43.089 [FXGL Background Thread 3 ] DEBUG Engine               - ticksPerSecond: -1
00:47:43.089 [FXGL Background Thread 3 ] DEBUG Engine               - title: Restaurant Simulation
00:47:43.089 [FXGL Background Thread 3 ] DEBUG Engine               - urlGithub: https://github.com/AlmasB/FXGL
00:47:43.089 [FXGL Background Thread 3 ] DEBUG Engine               - urlLeaderboard: http://fxgl-top.herokuapp.com/
00:47:43.089 [FXGL Background Thread 3 ] DEBUG Engine               - urlPOM: https://raw.githubusercontent.com/AlmasB/FXGL/release/README.md
00:47:43.089 [FXGL Background Thread 3 ] DEBUG Engine               - userAppClass: class com.example.restauranteup.App
00:47:43.090 [FXGL Background Thread 3 ] DEBUG Engine               - version: 0.0
00:47:43.090 [FXGL Background Thread 3 ] DEBUG Engine               - versionCheckDays: 7
00:47:43.090 [FXGL Background Thread 3 ] DEBUG Engine               - width: 980
00:47:43.090 [FXGL Background Thread 3 ] DEBUG Engine               - Logging services
00:47:43.090 [FXGL Background Thread 3 ] DEBUG Engine               - class com.almasb.fxgl.app.services.FXGLAssetLoaderService
00:47:43.091 [FXGL Background Thread 3 ] DEBUG Engine               - class com.almasb.fxgl.app.FXGLApplication$GameApplicationService
00:47:43.091 [FXGL Background Thread 3 ] DEBUG Engine               - class com.almasb.fxgl.app.services.FXGLDialogService
00:47:43.091 [FXGL Background Thread 3 ] DEBUG Engine               - class com.almasb.fxgl.app.services.IOTaskExecutorService
00:47:43.091 [FXGL Background Thread 3 ] DEBUG Engine               - class com.almasb.fxgl.io.FileSystemService
00:47:43.091 [FXGL Background Thread 3 ] DEBUG Engine               - class com.almasb.fxgl.localization.LocalizationService
00:47:43.091 [FXGL Background Thread 3 ] DEBUG Engine               - class com.almasb.fxgl.app.services.SystemBundleService
00:47:43.092 [FXGL Background Thread 3 ] DEBUG Engine               - class com.almasb.fxgl.profile.SaveLoadService
00:47:43.092 [FXGL Background Thread 3 ] DEBUG Engine               - class com.almasb.fxgl.ui.FXGLUIFactoryServiceProvider
00:47:43.092 [FXGL Background Thread 3 ] DEBUG Engine               - class com.almasb.fxgl.ui.FXGLDialogFactoryServiceProvider
00:47:43.092 [FXGL Background Thread 3 ] DEBUG Engine               - class com.almasb.fxgl.audio.AudioPlayer
00:47:43.092 [FXGL Background Thread 3 ] DEBUG Engine               - class com.almasb.fxgl.notification.impl.NotificationServiceProvider
00:47:43.092 [FXGL Background Thread 3 ] DEBUG Engine               - class com.almasb.fxgl.achievement.AchievementService
00:47:43.092 [FXGL Background Thread 3 ] DEBUG Engine               - class com.almasb.fxgl.cutscene.CutsceneService
00:47:43.093 [FXGL Background Thread 3 ] DEBUG Engine               - class com.almasb.fxgl.minigames.MiniGameService
00:47:43.093 [FXGL Background Thread 3 ] DEBUG Engine               - class com.almasb.fxgl.net.NetService
00:47:43.093 [FXGL Background Thread 3 ] DEBUG Engine               - class com.almasb.fxgl.app.services.UpdaterService
00:47:43.093 [FXGL Background Thread 3 ] DEBUG Engine               - class com.almasb.fxgl.dev.DevService
00:47:43.406 [JavaFX Application Thread] DEBUG FXGLApplication      - Exiting FXGL
00:47:43.407 [JavaFX Application Thread] DEBUG LoopRunner           - Stopping loop
00:47:43.407 [JavaFX Application Thread] DEBUG SystemBundleService  - Saving FXGL system data
00:47:43.415 [JavaFX Application Thread] DEBUG FileSystemAccess     - Writing to: /home/diego/Documentos/concurrente/Restaurant/personal/restaurant-simulation/system/fxgl.bundle
00:47:43.427 [JavaFX Application Thread] DEBUG Async                - Shutting down background threads
00:47:43.428 [JavaFX Application Thread] DEBUG PrimaryStageWindow   - Closing main window
00:47:43.435 [JavaFX Application Thread] DEBUG Logger               - Closing Logger
