22:08:44.970 [com.example.restauranteup] DEBUG Logger               - Configured Logger
22:08:45.024 [com.example.restauranteup] DEBUG GameApplication      - Logging settings
Title: Restaurant Simulation
Version: 0.0
Width: 980
Height: 560
Fullscreen: false
Intro: false
Profiling: false
Single step:false
App Mode: DEVELOPER
Menu Key: ESCAPE
Stage Style: DECORATED
Scene Factory: class com.almasb.fxgl.app.scene.SceneFactory

22:08:45.647 [JavaFX Application Thread] DEBUG FXGLApplication      - Initializing FXGL
22:08:45.657 [JavaFX Application Thread] INFO  Engine               - FXGL-17.2 (20.08.2022 16.50) on LINUX (J:21.0.5 FX:18)
22:08:45.658 [JavaFX Application Thread] DEBUG Engine               - JRE Vendor Name: Red Hat, Inc.
22:08:45.659 [JavaFX Application Thread] DEBUG Engine               - Running on OS: Linux version 6.11.8-200.fc40.x86_64
22:08:45.659 [JavaFX Application Thread] DEBUG Engine               - Architecture: amd64
22:08:45.660 [JavaFX Application Thread] INFO  Engine               - Source code and latest versions at: https://github.com/AlmasB/FXGL
22:08:45.660 [JavaFX Application Thread] INFO  Engine               -       Ask questions and discuss at: https://github.com/AlmasB/FXGL/discussions
22:08:45.660 [JavaFX Application Thread] INFO  Engine               -              Join the FXGL chat at: https://gitter.im/AlmasB/FXGL
22:08:46.080 [JavaFX Application Thread] DEBUG PrimaryStageWindow   - Creating a JavaFX scene
22:08:46.349 [JavaFX Application Thread] DEBUG PrimaryStageWindow   - Target settings size: 980.0 x 560.0
22:08:46.350 [JavaFX Application Thread] DEBUG PrimaryStageWindow   - Scaled scene size:    980.0 x 560.0
22:08:46.350 [JavaFX Application Thread] DEBUG PrimaryStageWindow   - Scaled ratio: (1.0, 1.0)
22:08:46.353 [JavaFX Application Thread] DEBUG PrimaryStageWindow   - Set initial scene to FXGLStartupScene
22:08:46.383 [JavaFX Application Thread] DEBUG PrimaryStageWindow   - Opening main window
22:08:46.614 [JavaFX Application Thread] DEBUG PrimaryStageWindow   - Window border size: (8.0, 38.0)
22:08:46.615 [JavaFX Application Thread] DEBUG PrimaryStageWindow   - Scaled size: 980.0 x 560.0
22:08:46.615 [JavaFX Application Thread] DEBUG PrimaryStageWindow   - Scaled ratio: (1.0, 1.0)
22:08:46.616 [JavaFX Application Thread] DEBUG PrimaryStageWindow   - Scene size: 980.0 x 560.0
22:08:46.616 [JavaFX Application Thread] DEBUG PrimaryStageWindow   - Stage size: 988.0 x 598.0
22:08:46.647 [FXGL Background Thread 1 ] DEBUG Engine               - Initializing environment variables
22:08:46.753 [FXGL Background Thread 1 ] DEBUG FXGLAssetLoaderServi - User app class for loading assets: class com.example.restauranteup.App
22:08:46.754 [FXGL Background Thread 1 ] DEBUG GameApplicationServi - Applying CSS: fxgl_dark.css
22:08:46.757 [FXGL Background Thread 1 ] DEBUG FXGLAssetLoaderServi - Loading from file system: jar:file:/home/diego/.m2/repository/com/github/almasb/fxgl/17.2/fxgl-17.2.jar!/fxglassets/ui/css/fxgl_dark.css
22:08:46.906 [FXGL Background Thread 1 ] DEBUG GameApplicationServi - Initializing application scenes
22:08:47.099 [FXGL Background Thread 1 ] DEBUG GameWorld            - Game world initialized
22:08:47.389 [FXGL Background Thread 1 ] DEBUG PhysicsWorld         - Physics world initialized: appHeight=560, physics.ppm=50.0
22:08:47.391 [FXGL Background Thread 1 ] DEBUG PhysicsWorld         - Using strategy: BRUTE_FORCE
22:08:47.406 [FXGL Background Thread 1 ] DEBUG GameScene            - Game scene initialized: 980x560
22:08:47.447 [FXGL Background Thread 1 ] WARN  FXGL.DefaultMenu     - FXGLDefaultMenu is not designed for resolutions < 800x600
22:08:47.448 [FXGL Background Thread 1 ] DEBUG FXGL.DefaultMenu     - createMenuBodyGameMenu()
22:08:47.500 [FXGL Background Thread 1 ] DEBUG FXGL.DefaultMenu     - createOptionsMenu()
22:08:47.540 [FXGL Background Thread 1 ] DEBUG FXGLAssetLoaderServi - Loading from file system: jar:file:/home/diego/.m2/repository/com/github/almasb/fxgl/17.2/fxgl-17.2.jar!/fxglassets/textures/particles/smoke.png
22:08:47.879 [FXGL Background Thread 1 ] DEBUG FXGLAssetLoaderServi - Loading from file system: jar:file:/home/diego/.m2/repository/com/github/almasb/fxgl/17.2/fxgl-17.2.jar!/fxglassets/textures/particles/trace_horizontal.png
22:08:47.963 [FXGL Background Thread 1 ] DEBUG GameApplicationServi - Application scenes initialized
22:08:48.009 [FXGL Background Thread 1 ] DEBUG SystemBundleService  - Loading FXGL system data
22:08:48.020 [FXGL Background Thread 1 ] DEBUG FileSystemAccess     - Reading from: /home/diego/Documentos/concurrente/Restaurant/cynthia/restaurante/system/fxgl.bundle
22:08:48.043 [FXGL Background Thread 1 ] DEBUG SystemBundleService  - Bundle FXGL: {}
22:08:48.043 [FXGL Background Thread 1 ] DEBUG UpdaterService       - Checking for updates
22:08:48.069 [FXGL Background Thread 4 ] DEBUG FXGLApplication      - Loading fonts
22:08:48.070 [FXGL Background Thread 4 ] DEBUG FXGLAssetLoaderServi - Loading from file system: jar:file:/home/diego/.m2/repository/com/github/almasb/fxgl/17.2/fxgl-17.2.jar!/fxglassets/ui/fonts/VarelaRound-Regular.ttf
22:08:48.070 [FXGL Background Thread 1 ] DEBUG FXGLApplication      - Loading default localization
22:08:48.072 [FXGL Background Thread 1 ] DEBUG FXGLAssetLoaderServi - Loading from file system: jar:file:/home/diego/.m2/repository/com/github/almasb/fxgl/17.2/fxgl-17.2.jar!/fxglassets/languages/english.lang
22:08:48.102 [FXGL Background Thread 4 ] DEBUG FXGLAssetLoaderServi - Loading from file system: jar:file:/home/diego/.m2/repository/com/github/almasb/fxgl/17.2/fxgl-17.2.jar!/fxglassets/ui/fonts/Abel-Regular.ttf
22:08:48.108 [FXGL Background Thread 4 ] DEBUG FXGLAssetLoaderServi - Loading from file system: jar:file:/home/diego/.m2/repository/com/github/almasb/fxgl/17.2/fxgl-17.2.jar!/fxglassets/ui/fonts/TerminalLandMono-Regular.otf
22:08:48.120 [FXGL Background Thread 4 ] DEBUG FXGLAssetLoaderServi - Loading from file system: jar:file:/home/diego/.m2/repository/com/github/almasb/fxgl/17.2/fxgl-17.2.jar!/fxglassets/ui/fonts/Courier-Prime.ttf
22:08:48.121 [FXGL Background Thread 1 ] INFO  FXGLApplication      - FXGL initialization took: 1.473 sec
22:08:48.124 [JavaFX Application Thread] DEBUG FXGLAssetLoaderServi - Loading from file system: jar:file:/home/diego/.m2/repository/com/github/almasb/fxgl/17.2/fxgl-17.2.jar!/fxglassets/textures/fxgl_icon.png
22:08:48.218 [JavaFX Application Thread] DEBUG FXGLAssetLoaderServi - Loading from file system: jar:file:/home/diego/.m2/repository/com/github/almasb/fxgl/17.2/fxgl-17.2.jar!/fxglassets/textures/fxgl_default_cursor.png
22:08:48.247 [JavaFX Application Thread] DEBUG Input                - Registered new binding: Screenshot - CTRL+8
22:08:48.248 [JavaFX Application Thread] DEBUG Input                - Registered new binding: System info dump - CTRL+9
22:08:48.249 [JavaFX Application Thread] DEBUG Input                - Registered new binding: Restart - CTRL+R
22:08:48.251 [JavaFX Application Thread] DEBUG Input                - Registered new binding: Toggle Debug Camera - CTRL+7
22:08:48.257 [JavaFX Application Thread] DEBUG LoopRunner           - Starting loop
22:08:48.257 [JavaFX Application Thread] DEBUG LoopRunner           - Initializing JavaFX AnimationTimerLoop
22:08:48.261 [JavaFX Application Thread] DEBUG GameApplicationServi - Starting new game
22:08:48.262 [JavaFX Application Thread] DEBUG Input                - Clearing active input actions
22:08:48.299 [JavaFX Application Thread] DEBUG GameApplicationServi - Removing overlay from FXGLStartupScene and adding to FXGLLoadingScene
22:08:48.300 [JavaFX Application Thread] DEBUG PrimaryStageWindow   - FXGLStartupScene -> FXGLLoadingScene
22:08:48.300 [JavaFX Application Thread] DEBUG GameApplicationServi - Clearing previous game
22:08:48.300 [JavaFX Application Thread] DEBUG GameScene            - Clearing game scene
22:08:48.301 [JavaFX Application Thread] DEBUG GameWorld            - Clearing game world
22:08:48.304 [JavaFX Application Thread] DEBUG PhysicsWorld         - Clearing physics world
22:08:48.311 [JavaFX Application Thread] DEBUG FXGLApplication      - Registering font factories with UI factory
22:08:48.312 [FXGL Background Thread 4 ] DEBUG FXGLApplication      - Initializing game
22:08:48.327 [FXGL Background Thread 4 ] DEBUG FXGLAssetLoaderServi - Loading from file system: file:/home/diego/Documentos/concurrente/Restaurant/cynthia/restaurante/target/classes/assets/textures/escenario.png
22:08:48.549 [FXGL Background Thread 4 ] DEBUG FXGLAssetLoaderServi - Loading from file system: file:/home/diego/Documentos/concurrente/Restaurant/cynthia/restaurante/target/classes/assets/textures/cocinero.png
22:08:49.090 [FXGL Background Thread 4 ] DEBUG FXGLAssetLoaderServi - Loading from file system: file:/home/diego/Documentos/concurrente/Restaurant/cynthia/restaurante/target/classes/assets/textures/mesero.png
22:08:49.125 [FXGL Background Thread 4 ] DEBUG FXGLAssetLoaderServi - Loading from file system: file:/home/diego/Documentos/concurrente/Restaurant/cynthia/restaurante/target/classes/assets/textures/aguachile.png
22:08:49.215 [FXGL Background Thread 4 ] INFO  FXGLApplication      - Game initialization took: 0.902 sec
22:08:49.224 [JavaFX Application Thread] DEBUG Input                - Clearing active input actions
22:08:49.282 [JavaFX Application Thread] DEBUG GameApplicationServi - Removing overlay from FXGLLoadingScene and adding to GameScene
22:08:49.282 [JavaFX Application Thread] DEBUG PrimaryStageWindow   - FXGLLoadingScene -> GameScene
22:08:50.425 [FXGL Background Thread 2 ] INFO  UpdaterService       - Your current version:  17.2
22:08:50.426 [FXGL Background Thread 2 ] INFO  UpdaterService       - Latest stable version: 21.1
22:08:50.749 [JavaFX Application Thread] DEBUG FXGLAssetLoaderServi - Loading from file system: file:/home/diego/Documentos/concurrente/Restaurant/cynthia/restaurante/target/classes/assets/textures/cliente_7.png
22:08:51.058 [FXGL Background Thread 3 ] DEBUG Engine               - Logging environment variables
22:08:51.060 [FXGL Background Thread 3 ] DEBUG Engine               - achievements: []
22:08:51.060 [FXGL Background Thread 3 ] DEBUG Engine               - actualHeight: 560.0
22:08:51.061 [FXGL Background Thread 3 ] DEBUG Engine               - actualHeightProperty: ReadOnlyDoubleProperty [value: 555.0]
22:08:51.061 [FXGL Background Thread 3 ] DEBUG Engine               - actualWidth: 980.0
22:08:51.061 [FXGL Background Thread 3 ] DEBUG Engine               - actualWidthProperty: ReadOnlyDoubleProperty [value: 980.0]
22:08:51.061 [FXGL Background Thread 3 ] DEBUG Engine               - appIcon: fxgl_icon.png
22:08:51.062 [FXGL Background Thread 3 ] DEBUG Engine               - applicationMode: DEVELOPER
22:08:51.062 [FXGL Background Thread 3 ] DEBUG Engine               - cSSList: [fxgl_dark.css]
22:08:51.062 [FXGL Background Thread 3 ] DEBUG Engine               - collisionDetectionStrategy: BRUTE_FORCE
22:08:51.062 [FXGL Background Thread 3 ] DEBUG Engine               - configClass: Optional.empty
22:08:51.063 [FXGL Background Thread 3 ] DEBUG Engine               - credits: []
22:08:51.067 [FXGL Background Thread 3 ] DEBUG Engine               - defaultCursor: CursorInfo(imageName=fxgl_default_cursor.png, hotspotX=7.0, hotspotY=6.0)
22:08:51.069 [FXGL Background Thread 3 ] DEBUG Engine               - devBBoxColorProperty: ObjectProperty [value: 0xff0000ff]
22:08:51.070 [FXGL Background Thread 3 ] DEBUG Engine               - devEnableDebugCameraProperty: BooleanProperty [value: false]
22:08:51.070 [FXGL Background Thread 3 ] DEBUG Engine               - devSensorColorProperty: ObjectProperty [value: 0xffff00ff]
22:08:51.071 [FXGL Background Thread 3 ] DEBUG Engine               - devShowBBoxProperty: BooleanProperty [value: false]
22:08:51.072 [FXGL Background Thread 3 ] DEBUG Engine               - devShowPositionProperty: BooleanProperty [value: false]
22:08:51.073 [FXGL Background Thread 3 ] DEBUG Engine               - enabledMenuItems: []
22:08:51.074 [FXGL Background Thread 3 ] DEBUG Engine               - engineServices: [class com.almasb.fxgl.app.services.FXGLAssetLoaderService, class com.almasb.fxgl.app.FXGLApplication$GameApplicationService, class com.almasb.fxgl.app.services.FXGLDialogService, class com.almasb.fxgl.app.services.IOTaskExecutorService, class com.almasb.fxgl.io.FileSystemService, class com.almasb.fxgl.localization.LocalizationService, class com.almasb.fxgl.app.services.SystemBundleService, class com.almasb.fxgl.profile.SaveLoadService, class com.almasb.fxgl.ui.FXGLUIFactoryServiceProvider, class com.almasb.fxgl.ui.FXGLDialogFactoryServiceProvider, class com.almasb.fxgl.audio.AudioPlayer, class com.almasb.fxgl.notification.impl.NotificationServiceProvider, class com.almasb.fxgl.achievement.AchievementService, class com.almasb.fxgl.cutscene.CutsceneService, class com.almasb.fxgl.minigames.MiniGameService, class com.almasb.fxgl.net.NetService, class com.almasb.fxgl.app.services.UpdaterService, class com.almasb.fxgl.dev.DevService]
22:08:51.074 [FXGL Background Thread 3 ] DEBUG Engine               - fontGame: Abel-Regular.ttf
22:08:51.075 [FXGL Background Thread 3 ] DEBUG Engine               - fontMono: TerminalLandMono-Regular.otf
22:08:51.076 [FXGL Background Thread 3 ] DEBUG Engine               - fontText: Courier-Prime.ttf
22:08:51.076 [FXGL Background Thread 3 ] DEBUG Engine               - fontUI: VarelaRound-Regular.ttf
22:08:51.076 [FXGL Background Thread 3 ] DEBUG Engine               - fullScreen: BooleanProperty [value: false]
22:08:51.077 [FXGL Background Thread 3 ] DEBUG Engine               - gameDifficulty: MEDIUM
22:08:51.077 [FXGL Background Thread 3 ] DEBUG Engine               - gameDifficultyProperty: ObjectProperty [value: MEDIUM]
22:08:51.077 [FXGL Background Thread 3 ] DEBUG Engine               - globalMusicVolume: 0.5
22:08:51.078 [FXGL Background Thread 3 ] DEBUG Engine               - globalMusicVolumeProperty: DoubleProperty [value: 0.5]
22:08:51.078 [FXGL Background Thread 3 ] DEBUG Engine               - globalSoundVolume: 0.5
22:08:51.078 [FXGL Background Thread 3 ] DEBUG Engine               - globalSoundVolumeProperty: DoubleProperty [value: 0.5]
22:08:51.079 [FXGL Background Thread 3 ] DEBUG Engine               - height: 560
22:08:51.079 [FXGL Background Thread 3 ] DEBUG Engine               - is3D: false
22:08:51.079 [FXGL Background Thread 3 ] DEBUG Engine               - isAndroid: false
22:08:51.079 [FXGL Background Thread 3 ] DEBUG Engine               - isBrowser: false
22:08:51.079 [FXGL Background Thread 3 ] DEBUG Engine               - isClickFeedbackEnabled: false
22:08:51.079 [FXGL Background Thread 3 ] DEBUG Engine               - isCloseConfirmation: false
22:08:51.080 [FXGL Background Thread 3 ] DEBUG Engine               - isDesktop: true
22:08:51.080 [FXGL Background Thread 3 ] DEBUG Engine               - isDeveloperMenuEnabled: false
22:08:51.080 [FXGL Background Thread 3 ] DEBUG Engine               - isEmbedded: false
22:08:51.080 [FXGL Background Thread 3 ] DEBUG Engine               - isEntityPreloadEnabled: true
22:08:51.080 [FXGL Background Thread 3 ] DEBUG Engine               - isExperimentalTiledLargeMap: false
22:08:51.080 [FXGL Background Thread 3 ] DEBUG Engine               - isFileSystemWriteAllowed: true
22:08:51.080 [FXGL Background Thread 3 ] DEBUG Engine               - isFullScreenAllowed: false
22:08:51.081 [FXGL Background Thread 3 ] DEBUG Engine               - isFullScreenFromStart: false
22:08:51.081 [FXGL Background Thread 3 ] DEBUG Engine               - isGameMenuEnabled: true
22:08:51.081 [FXGL Background Thread 3 ] DEBUG Engine               - isIOS: false
22:08:51.081 [FXGL Background Thread 3 ] DEBUG Engine               - isIntroEnabled: false
22:08:51.085 [FXGL Background Thread 3 ] DEBUG Engine               - isLinux: true
22:08:51.085 [FXGL Background Thread 3 ] DEBUG Engine               - isMac: false
22:08:51.086 [FXGL Background Thread 3 ] DEBUG Engine               - isMainMenuEnabled: false
22:08:51.087 [FXGL Background Thread 3 ] DEBUG Engine               - isManualResizeEnabled: false
22:08:51.087 [FXGL Background Thread 3 ] DEBUG Engine               - isMobile: false
22:08:51.087 [FXGL Background Thread 3 ] DEBUG Engine               - isNative: false
22:08:51.088 [FXGL Background Thread 3 ] DEBUG Engine               - isPauseMusicWhenMinimized: true
22:08:51.088 [FXGL Background Thread 3 ] DEBUG Engine               - isPreserveResizeRatio: false
22:08:51.088 [FXGL Background Thread 3 ] DEBUG Engine               - isProfilingEnabled: false
22:08:51.088 [FXGL Background Thread 3 ] DEBUG Engine               - isScaleAffectedOnResize: true
22:08:51.088 [FXGL Background Thread 3 ] DEBUG Engine               - isSingleStep: false
22:08:51.089 [FXGL Background Thread 3 ] DEBUG Engine               - isUserProfileEnabled: false
22:08:51.089 [FXGL Background Thread 3 ] DEBUG Engine               - isWindows: false
22:08:51.090 [FXGL Background Thread 3 ] DEBUG Engine               - language: ObjectProperty [value: ENGLISH]
22:08:51.092 [FXGL Background Thread 3 ] DEBUG Engine               - menuKey: ESCAPE
22:08:51.092 [FXGL Background Thread 3 ] DEBUG Engine               - mouseSensitivity: 0.2
22:08:51.093 [FXGL Background Thread 3 ] DEBUG Engine               - notificationViewClass: class com.almasb.fxgl.notification.view.XboxNotificationView
22:08:51.093 [FXGL Background Thread 3 ] DEBUG Engine               - pixelsPerMeter: 50.0
22:08:51.094 [FXGL Background Thread 3 ] DEBUG Engine               - platform: LINUX
22:08:51.095 [FXGL Background Thread 3 ] DEBUG Engine               - prefHeightProperty: ReadOnlyDoubleProperty [value: 560.0]
22:08:51.095 [FXGL Background Thread 3 ] DEBUG Engine               - prefWidthProperty: ReadOnlyDoubleProperty [value: 980.0]
22:08:51.095 [FXGL Background Thread 3 ] DEBUG Engine               - profileDir: profiles/
22:08:51.096 [FXGL Background Thread 3 ] DEBUG Engine               - profileName: StringProperty [value: DEFAULT]
22:08:51.096 [FXGL Background Thread 3 ] DEBUG Engine               - randomSeed: -1
22:08:51.097 [FXGL Background Thread 3 ] DEBUG Engine               - runtimeInfo: RuntimeInfo(platform=LINUX, version=17.2, build=20.08.2022 16.50)
22:08:51.098 [FXGL Background Thread 3 ] DEBUG Engine               - saveFileExt: sav
22:08:51.098 [FXGL Background Thread 3 ] DEBUG Engine               - scaledHeightProp$fxgl: DoubleProperty [bound, value: 555.0]
22:08:51.100 [FXGL Background Thread 3 ] DEBUG Engine               - scaledWidthProp$fxgl: DoubleProperty [bound, value: 980.0]
22:08:51.100 [FXGL Background Thread 3 ] DEBUG Engine               - sceneFactory: com.almasb.fxgl.app.scene.SceneFactory@dd0d615
22:08:51.100 [FXGL Background Thread 3 ] DEBUG Engine               - secondsIn24h: 60
22:08:51.100 [FXGL Background Thread 3 ] DEBUG Engine               - soundMenuBack: menu/back.wav
22:08:51.101 [FXGL Background Thread 3 ] DEBUG Engine               - soundMenuPress: menu/press.wav
22:08:51.101 [FXGL Background Thread 3 ] DEBUG Engine               - soundMenuSelect: menu/select.wav
22:08:51.101 [FXGL Background Thread 3 ] DEBUG Engine               - soundNotification: core/notification.wav
22:08:51.101 [FXGL Background Thread 3 ] DEBUG Engine               - stageStyle: DECORATED
22:08:51.103 [FXGL Background Thread 3 ] DEBUG Engine               - supportedLanguages: [ENGLISH, FRENCH, GERMAN, HUNGARIAN, RUSSIAN]
22:08:51.104 [FXGL Background Thread 3 ] DEBUG Engine               - ticksPerSecond: -1
22:08:51.104 [FXGL Background Thread 3 ] DEBUG Engine               - title: Restaurant Simulation
22:08:51.105 [FXGL Background Thread 3 ] DEBUG Engine               - urlGithub: https://github.com/AlmasB/FXGL
22:08:51.106 [FXGL Background Thread 3 ] DEBUG Engine               - urlLeaderboard: http://fxgl-top.herokuapp.com/
22:08:51.107 [FXGL Background Thread 3 ] DEBUG Engine               - urlPOM: https://raw.githubusercontent.com/AlmasB/FXGL/release/README.md
22:08:51.107 [FXGL Background Thread 3 ] DEBUG Engine               - userAppClass: class com.example.restauranteup.App
22:08:51.108 [FXGL Background Thread 3 ] DEBUG Engine               - version: 0.0
22:08:51.109 [FXGL Background Thread 3 ] DEBUG Engine               - versionCheckDays: 7
22:08:51.109 [FXGL Background Thread 3 ] DEBUG Engine               - width: 980
22:08:51.109 [FXGL Background Thread 3 ] DEBUG Engine               - Logging services
22:08:51.110 [FXGL Background Thread 3 ] DEBUG Engine               - class com.almasb.fxgl.app.services.FXGLAssetLoaderService
22:08:51.110 [FXGL Background Thread 3 ] DEBUG Engine               - class com.almasb.fxgl.app.FXGLApplication$GameApplicationService
22:08:51.110 [FXGL Background Thread 3 ] DEBUG Engine               - class com.almasb.fxgl.app.services.FXGLDialogService
22:08:51.110 [FXGL Background Thread 3 ] DEBUG Engine               - class com.almasb.fxgl.app.services.IOTaskExecutorService
22:08:51.111 [FXGL Background Thread 3 ] DEBUG Engine               - class com.almasb.fxgl.io.FileSystemService
22:08:51.111 [FXGL Background Thread 3 ] DEBUG Engine               - class com.almasb.fxgl.localization.LocalizationService
22:08:51.111 [FXGL Background Thread 3 ] DEBUG Engine               - class com.almasb.fxgl.app.services.SystemBundleService
22:08:51.112 [FXGL Background Thread 3 ] DEBUG Engine               - class com.almasb.fxgl.profile.SaveLoadService
22:08:51.113 [FXGL Background Thread 3 ] DEBUG Engine               - class com.almasb.fxgl.ui.FXGLUIFactoryServiceProvider
22:08:51.113 [FXGL Background Thread 3 ] DEBUG Engine               - class com.almasb.fxgl.ui.FXGLDialogFactoryServiceProvider
22:08:51.113 [FXGL Background Thread 3 ] DEBUG Engine               - class com.almasb.fxgl.audio.AudioPlayer
22:08:51.113 [FXGL Background Thread 3 ] DEBUG Engine               - class com.almasb.fxgl.notification.impl.NotificationServiceProvider
22:08:51.113 [FXGL Background Thread 3 ] DEBUG Engine               - class com.almasb.fxgl.achievement.AchievementService
22:08:51.114 [FXGL Background Thread 3 ] DEBUG Engine               - class com.almasb.fxgl.cutscene.CutsceneService
22:08:51.114 [FXGL Background Thread 3 ] DEBUG Engine               - class com.almasb.fxgl.minigames.MiniGameService
22:08:51.115 [FXGL Background Thread 3 ] DEBUG Engine               - class com.almasb.fxgl.net.NetService
22:08:51.115 [FXGL Background Thread 3 ] DEBUG Engine               - class com.almasb.fxgl.app.services.UpdaterService
22:08:51.116 [FXGL Background Thread 3 ] DEBUG Engine               - class com.almasb.fxgl.dev.DevService
22:08:51.721 [JavaFX Application Thread] DEBUG FXGLAssetLoaderServi - Loading from file system: file:/home/diego/Documentos/concurrente/Restaurant/cynthia/restaurante/target/classes/assets/textures/cliente_6.png
22:08:54.736 [JavaFX Application Thread] DEBUG FXGLAssetLoaderServi - Loading from file system: file:/home/diego/Documentos/concurrente/Restaurant/cynthia/restaurante/target/classes/assets/textures/cliente_5.png
22:08:57.731 [JavaFX Application Thread] DEBUG FXGLAssetLoaderServi - Loading from file system: file:/home/diego/Documentos/concurrente/Restaurant/cynthia/restaurante/target/classes/assets/textures/cliente_1.png
22:09:08.738 [JavaFX Application Thread] DEBUG FXGLAssetLoaderServi - Loading from file system: file:/home/diego/Documentos/concurrente/Restaurant/cynthia/restaurante/target/classes/assets/textures/cliente_8.png
22:09:08.812 [JavaFX Application Thread] DEBUG FXGLAssetLoaderServi - Loading from file system: file:/home/diego/Documentos/concurrente/Restaurant/cynthia/restaurante/target/classes/assets/textures/cliente_4.png
22:09:14.737 [JavaFX Application Thread] DEBUG FXGLAssetLoaderServi - Loading from file system: file:/home/diego/Documentos/concurrente/Restaurant/cynthia/restaurante/target/classes/assets/textures/cliente_3.png
22:09:18.747 [JavaFX Application Thread] DEBUG FXGLAssetLoaderServi - Loading from file system: file:/home/diego/Documentos/concurrente/Restaurant/cynthia/restaurante/target/classes/assets/textures/cliente_2.png
22:09:39.396 [JavaFX Application Thread] DEBUG FXGLApplication      - Exiting FXGL
22:09:39.396 [JavaFX Application Thread] DEBUG LoopRunner           - Stopping loop
22:09:39.397 [JavaFX Application Thread] DEBUG SystemBundleService  - Saving FXGL system data
22:09:39.405 [JavaFX Application Thread] DEBUG FileSystemAccess     - Writing to: /home/diego/Documentos/concurrente/Restaurant/cynthia/restaurante/system/fxgl.bundle
22:09:39.416 [JavaFX Application Thread] DEBUG Async                - Shutting down background threads
22:09:39.417 [JavaFX Application Thread] DEBUG PrimaryStageWindow   - Closing main window
22:09:39.425 [JavaFX Application Thread] DEBUG Logger               - Closing Logger
