00:43:17.563 [com.example.restauranteup] DEBUG Logger               - Configured Logger
00:43:17.690 [com.example.restauranteup] DEBUG GameApplication      - Logging settings
Title: Restaurant Simulation
Version: 0.0
Width: 980
Height: 560
Fullscreen: false
Intro: false
Profiling: false
Single step:false
App Mode: DEVELOPER
Menu Key: ESCAPE
Stage Style: DECORATED
Scene Factory: class com.almasb.fxgl.app.scene.SceneFactory

00:43:18.464 [JavaFX Application Thread] DEBUG FXGLApplication      - Initializing FXGL
00:43:18.478 [JavaFX Application Thread] INFO  Engine               - FXGL-17.2 (20.08.2022 16.50) on LINUX (J:21.0.5 FX:18)
00:43:18.479 [JavaFX Application Thread] DEBUG Engine               - JRE Vendor Name: Red Hat, Inc.
00:43:18.480 [JavaFX Application Thread] DEBUG Engine               - Running on OS: Linux version 6.11.8-200.fc40.x86_64
00:43:18.481 [JavaFX Application Thread] DEBUG Engine               - Architecture: amd64
00:43:18.481 [JavaFX Application Thread] INFO  Engine               - Source code and latest versions at: https://github.com/AlmasB/FXGL
00:43:18.482 [JavaFX Application Thread] INFO  Engine               -       Ask questions and discuss at: https://github.com/AlmasB/FXGL/discussions
00:43:18.482 [JavaFX Application Thread] INFO  Engine               -              Join the FXGL chat at: https://gitter.im/AlmasB/FXGL
00:43:18.911 [JavaFX Application Thread] DEBUG PrimaryStageWindow   - Creating a JavaFX scene
00:43:19.164 [JavaFX Application Thread] DEBUG PrimaryStageWindow   - Target settings size: 980.0 x 560.0
00:43:19.165 [JavaFX Application Thread] DEBUG PrimaryStageWindow   - Scaled scene size:    980.0 x 560.0
00:43:19.165 [JavaFX Application Thread] DEBUG PrimaryStageWindow   - Scaled ratio: (1.0, 1.0)
00:43:19.168 [JavaFX Application Thread] DEBUG PrimaryStageWindow   - Set initial scene to FXGLStartupScene
00:43:19.197 [JavaFX Application Thread] DEBUG PrimaryStageWindow   - Opening main window
00:43:19.463 [JavaFX Application Thread] DEBUG PrimaryStageWindow   - Window border size: (8.0, 38.0)
00:43:19.464 [JavaFX Application Thread] DEBUG PrimaryStageWindow   - Scaled size: 980.0 x 560.0
00:43:19.466 [JavaFX Application Thread] DEBUG PrimaryStageWindow   - Scaled ratio: (1.0, 1.0)
00:43:19.467 [JavaFX Application Thread] DEBUG PrimaryStageWindow   - Scene size: 980.0 x 560.0
00:43:19.470 [JavaFX Application Thread] DEBUG PrimaryStageWindow   - Stage size: 988.0 x 598.0
00:43:19.519 [FXGL Background Thread 1 ] DEBUG Engine               - Initializing environment variables
00:43:19.697 [FXGL Background Thread 1 ] DEBUG FXGLAssetLoaderServi - User app class for loading assets: class com.example.restauranteup.App
00:43:19.698 [FXGL Background Thread 1 ] DEBUG GameApplicationServi - Applying CSS: fxgl_dark.css
00:43:19.704 [FXGL Background Thread 1 ] DEBUG FXGLAssetLoaderServi - Loading from file system: jar:file:/home/diego/.m2/repository/com/github/almasb/fxgl/17.2/fxgl-17.2.jar!/fxglassets/ui/css/fxgl_dark.css
00:43:19.963 [FXGL Background Thread 1 ] DEBUG GameApplicationServi - Initializing application scenes
00:43:20.264 [FXGL Background Thread 1 ] DEBUG GameWorld            - Game world initialized
00:43:20.549 [FXGL Background Thread 1 ] DEBUG PhysicsWorld         - Physics world initialized: appHeight=560, physics.ppm=50.0
00:43:20.549 [FXGL Background Thread 1 ] DEBUG PhysicsWorld         - Using strategy: BRUTE_FORCE
00:43:20.569 [FXGL Background Thread 1 ] DEBUG GameScene            - Game scene initialized: 980x560
00:43:20.657 [FXGL Background Thread 1 ] WARN  FXGL.DefaultMenu     - FXGLDefaultMenu is not designed for resolutions < 800x600
00:43:20.658 [FXGL Background Thread 1 ] DEBUG FXGL.DefaultMenu     - createMenuBodyGameMenu()
00:43:20.718 [FXGL Background Thread 1 ] DEBUG FXGL.DefaultMenu     - createOptionsMenu()
00:43:20.775 [FXGL Background Thread 1 ] DEBUG FXGLAssetLoaderServi - Loading from file system: jar:file:/home/diego/.m2/repository/com/github/almasb/fxgl/17.2/fxgl-17.2.jar!/fxglassets/textures/particles/smoke.png
00:43:21.069 [FXGL Background Thread 1 ] DEBUG FXGLAssetLoaderServi - Loading from file system: jar:file:/home/diego/.m2/repository/com/github/almasb/fxgl/17.2/fxgl-17.2.jar!/fxglassets/textures/particles/trace_horizontal.png
00:43:21.164 [FXGL Background Thread 1 ] DEBUG GameApplicationServi - Application scenes initialized
00:43:21.205 [FXGL Background Thread 1 ] DEBUG SystemBundleService  - Loading FXGL system data
00:43:21.216 [FXGL Background Thread 1 ] DEBUG FileSystemAccess     - Reading from: /home/diego/Documentos/concurrente/Restaurant/personal/restaurant-simulation/system/fxgl.bundle
00:43:21.236 [FXGL Background Thread 1 ] DEBUG SystemBundleService  - Bundle FXGL: {}
00:43:21.236 [FXGL Background Thread 1 ] DEBUG UpdaterService       - Checking for updates
00:43:21.249 [FXGL Background Thread 4 ] DEBUG FXGLApplication      - Loading fonts
00:43:21.250 [FXGL Background Thread 4 ] DEBUG FXGLAssetLoaderServi - Loading from file system: jar:file:/home/diego/.m2/repository/com/github/almasb/fxgl/17.2/fxgl-17.2.jar!/fxglassets/ui/fonts/VarelaRound-Regular.ttf
00:43:21.252 [FXGL Background Thread 1 ] DEBUG FXGLApplication      - Loading default localization
00:43:21.254 [FXGL Background Thread 1 ] DEBUG FXGLAssetLoaderServi - Loading from file system: jar:file:/home/diego/.m2/repository/com/github/almasb/fxgl/17.2/fxgl-17.2.jar!/fxglassets/languages/english.lang
00:43:21.273 [FXGL Background Thread 4 ] DEBUG FXGLAssetLoaderServi - Loading from file system: jar:file:/home/diego/.m2/repository/com/github/almasb/fxgl/17.2/fxgl-17.2.jar!/fxglassets/ui/fonts/Abel-Regular.ttf
00:43:21.283 [FXGL Background Thread 4 ] DEBUG FXGLAssetLoaderServi - Loading from file system: jar:file:/home/diego/.m2/repository/com/github/almasb/fxgl/17.2/fxgl-17.2.jar!/fxglassets/ui/fonts/TerminalLandMono-Regular.otf
00:43:21.291 [FXGL Background Thread 4 ] DEBUG FXGLAssetLoaderServi - Loading from file system: jar:file:/home/diego/.m2/repository/com/github/almasb/fxgl/17.2/fxgl-17.2.jar!/fxglassets/ui/fonts/Courier-Prime.ttf
00:43:21.304 [JavaFX Application Thread] DEBUG FXGLApplication      - Registering font factories with UI factory
00:43:21.322 [FXGL Background Thread 1 ] INFO  FXGLApplication      - FXGL initialization took: 1.803 sec
00:43:21.326 [JavaFX Application Thread] DEBUG FXGLAssetLoaderServi - Loading from file system: jar:file:/home/diego/.m2/repository/com/github/almasb/fxgl/17.2/fxgl-17.2.jar!/fxglassets/textures/fxgl_icon.png
00:43:21.430 [JavaFX Application Thread] DEBUG FXGLAssetLoaderServi - Loading from file system: jar:file:/home/diego/.m2/repository/com/github/almasb/fxgl/17.2/fxgl-17.2.jar!/fxglassets/textures/fxgl_default_cursor.png
00:43:21.462 [JavaFX Application Thread] DEBUG Input                - Registered new binding: Screenshot - CTRL+8
00:43:21.464 [JavaFX Application Thread] DEBUG Input                - Registered new binding: System info dump - CTRL+9
00:43:21.465 [JavaFX Application Thread] DEBUG Input                - Registered new binding: Restart - CTRL+R
00:43:21.467 [JavaFX Application Thread] DEBUG Input                - Registered new binding: Toggle Debug Camera - CTRL+7
00:43:21.474 [JavaFX Application Thread] DEBUG LoopRunner           - Starting loop
00:43:21.474 [JavaFX Application Thread] DEBUG LoopRunner           - Initializing JavaFX AnimationTimerLoop
00:43:21.478 [JavaFX Application Thread] DEBUG GameApplicationServi - Starting new game
00:43:21.480 [JavaFX Application Thread] DEBUG Input                - Clearing active input actions
00:43:21.539 [JavaFX Application Thread] DEBUG GameApplicationServi - Removing overlay from FXGLStartupScene and adding to FXGLLoadingScene
00:43:21.541 [JavaFX Application Thread] DEBUG PrimaryStageWindow   - FXGLStartupScene -> FXGLLoadingScene
00:43:21.541 [JavaFX Application Thread] DEBUG GameApplicationServi - Clearing previous game
00:43:21.542 [JavaFX Application Thread] DEBUG GameScene            - Clearing game scene
00:43:21.542 [JavaFX Application Thread] DEBUG GameWorld            - Clearing game world
00:43:21.542 [JavaFX Application Thread] DEBUG PhysicsWorld         - Clearing physics world
00:43:21.550 [FXGL Background Thread 1 ] DEBUG FXGLApplication      - Initializing game
00:43:21.565 [FXGL Background Thread 1 ] DEBUG FXGLAssetLoaderServi - Loading from file system: file:/home/diego/Documentos/concurrente/Restaurant/personal/restaurant-simulation/target/classes/assets/textures/escenarioa.png
00:43:21.733 [FXGL Background Thread 1 ] DEBUG FXGLAssetLoaderServi - Loading from file system: file:/home/diego/Documentos/concurrente/Restaurant/personal/restaurant-simulation/target/classes/assets/textures/cocinero.png
00:43:22.240 [FXGL Background Thread 1 ] DEBUG FXGLAssetLoaderServi - Loading from file system: file:/home/diego/Documentos/concurrente/Restaurant/personal/restaurant-simulation/target/classes/assets/textures/aguachile.png
00:43:22.350 [FXGL Background Thread 1 ] INFO  FXGLApplication      - Game initialization took: 0.800 sec
00:43:22.359 [JavaFX Application Thread] DEBUG Input                - Clearing active input actions
00:43:22.405 [JavaFX Application Thread] DEBUG GameApplicationServi - Removing overlay from FXGLLoadingScene and adding to GameScene
00:43:22.406 [JavaFX Application Thread] DEBUG PrimaryStageWindow   - FXGLLoadingScene -> GameScene
00:43:22.988 [FXGL Background Thread 2 ] INFO  UpdaterService       - Your current version:  17.2
00:43:22.988 [FXGL Background Thread 2 ] INFO  UpdaterService       - Latest stable version: 21.1
00:43:24.245 [FXGL Background Thread 3 ] DEBUG Engine               - Logging environment variables
00:43:24.247 [FXGL Background Thread 3 ] DEBUG Engine               - achievements: []
00:43:24.247 [FXGL Background Thread 3 ] DEBUG Engine               - actualHeight: 560.0
00:43:24.248 [FXGL Background Thread 3 ] DEBUG Engine               - actualHeightProperty: ReadOnlyDoubleProperty [value: 560.0]
00:43:24.248 [FXGL Background Thread 3 ] DEBUG Engine               - actualWidth: 980.0
00:43:24.248 [FXGL Background Thread 3 ] DEBUG Engine               - actualWidthProperty: ReadOnlyDoubleProperty [value: 980.0]
00:43:24.249 [FXGL Background Thread 3 ] DEBUG Engine               - appIcon: fxgl_icon.png
00:43:24.249 [FXGL Background Thread 3 ] DEBUG Engine               - applicationMode: DEVELOPER
00:43:24.249 [FXGL Background Thread 3 ] DEBUG Engine               - cSSList: [fxgl_dark.css]
00:43:24.250 [FXGL Background Thread 3 ] DEBUG Engine               - collisionDetectionStrategy: BRUTE_FORCE
00:43:24.250 [FXGL Background Thread 3 ] DEBUG Engine               - configClass: Optional.empty
00:43:24.250 [FXGL Background Thread 3 ] DEBUG Engine               - credits: []
00:43:24.252 [FXGL Background Thread 3 ] DEBUG Engine               - defaultCursor: CursorInfo(imageName=fxgl_default_cursor.png, hotspotX=7.0, hotspotY=6.0)
00:43:24.253 [FXGL Background Thread 3 ] DEBUG Engine               - devBBoxColorProperty: ObjectProperty [value: 0xff0000ff]
00:43:24.254 [FXGL Background Thread 3 ] DEBUG Engine               - devEnableDebugCameraProperty: BooleanProperty [value: false]
00:43:24.254 [FXGL Background Thread 3 ] DEBUG Engine               - devSensorColorProperty: ObjectProperty [value: 0xffff00ff]
00:43:24.255 [FXGL Background Thread 3 ] DEBUG Engine               - devShowBBoxProperty: BooleanProperty [value: false]
00:43:24.255 [FXGL Background Thread 3 ] DEBUG Engine               - devShowPositionProperty: BooleanProperty [value: false]
00:43:24.255 [FXGL Background Thread 3 ] DEBUG Engine               - enabledMenuItems: []
00:43:24.256 [FXGL Background Thread 3 ] DEBUG Engine               - engineServices: [class com.almasb.fxgl.app.services.FXGLAssetLoaderService, class com.almasb.fxgl.app.FXGLApplication$GameApplicationService, class com.almasb.fxgl.app.services.FXGLDialogService, class com.almasb.fxgl.app.services.IOTaskExecutorService, class com.almasb.fxgl.io.FileSystemService, class com.almasb.fxgl.localization.LocalizationService, class com.almasb.fxgl.app.services.SystemBundleService, class com.almasb.fxgl.profile.SaveLoadService, class com.almasb.fxgl.ui.FXGLUIFactoryServiceProvider, class com.almasb.fxgl.ui.FXGLDialogFactoryServiceProvider, class com.almasb.fxgl.audio.AudioPlayer, class com.almasb.fxgl.notification.impl.NotificationServiceProvider, class com.almasb.fxgl.achievement.AchievementService, class com.almasb.fxgl.cutscene.CutsceneService, class com.almasb.fxgl.minigames.MiniGameService, class com.almasb.fxgl.net.NetService, class com.almasb.fxgl.app.services.UpdaterService, class com.almasb.fxgl.dev.DevService]
00:43:24.256 [FXGL Background Thread 3 ] DEBUG Engine               - fontGame: Abel-Regular.ttf
00:43:24.256 [FXGL Background Thread 3 ] DEBUG Engine               - fontMono: TerminalLandMono-Regular.otf
00:43:24.257 [FXGL Background Thread 3 ] DEBUG Engine               - fontText: Courier-Prime.ttf
00:43:24.257 [FXGL Background Thread 3 ] DEBUG Engine               - fontUI: VarelaRound-Regular.ttf
00:43:24.257 [FXGL Background Thread 3 ] DEBUG Engine               - fullScreen: BooleanProperty [value: false]
00:43:24.257 [FXGL Background Thread 3 ] DEBUG Engine               - gameDifficulty: MEDIUM
00:43:24.258 [FXGL Background Thread 3 ] DEBUG Engine               - gameDifficultyProperty: ObjectProperty [value: MEDIUM]
00:43:24.258 [FXGL Background Thread 3 ] DEBUG Engine               - globalMusicVolume: 0.5
00:43:24.259 [FXGL Background Thread 3 ] DEBUG Engine               - globalMusicVolumeProperty: DoubleProperty [value: 0.5]
00:43:24.260 [FXGL Background Thread 3 ] DEBUG Engine               - globalSoundVolume: 0.5
00:43:24.260 [FXGL Background Thread 3 ] DEBUG Engine               - globalSoundVolumeProperty: DoubleProperty [value: 0.5]
00:43:24.261 [FXGL Background Thread 3 ] DEBUG Engine               - height: 560
00:43:24.261 [FXGL Background Thread 3 ] DEBUG Engine               - is3D: false
00:43:24.261 [FXGL Background Thread 3 ] DEBUG Engine               - isAndroid: false
00:43:24.262 [FXGL Background Thread 3 ] DEBUG Engine               - isBrowser: false
00:43:24.262 [FXGL Background Thread 3 ] DEBUG Engine               - isClickFeedbackEnabled: false
00:43:24.262 [FXGL Background Thread 3 ] DEBUG Engine               - isCloseConfirmation: false
00:43:24.263 [FXGL Background Thread 3 ] DEBUG Engine               - isDesktop: true
00:43:24.263 [FXGL Background Thread 3 ] DEBUG Engine               - isDeveloperMenuEnabled: false
00:43:24.263 [FXGL Background Thread 3 ] DEBUG Engine               - isEmbedded: false
00:43:24.264 [FXGL Background Thread 3 ] DEBUG Engine               - isEntityPreloadEnabled: true
00:43:24.264 [FXGL Background Thread 3 ] DEBUG Engine               - isExperimentalTiledLargeMap: false
00:43:24.264 [FXGL Background Thread 3 ] DEBUG Engine               - isFileSystemWriteAllowed: true
00:43:24.264 [FXGL Background Thread 3 ] DEBUG Engine               - isFullScreenAllowed: false
00:43:24.265 [FXGL Background Thread 3 ] DEBUG Engine               - isFullScreenFromStart: false
00:43:24.265 [FXGL Background Thread 3 ] DEBUG Engine               - isGameMenuEnabled: true
00:43:24.266 [FXGL Background Thread 3 ] DEBUG Engine               - isIOS: false
00:43:24.266 [FXGL Background Thread 3 ] DEBUG Engine               - isIntroEnabled: false
00:43:24.266 [FXGL Background Thread 3 ] DEBUG Engine               - isLinux: true
00:43:24.267 [FXGL Background Thread 3 ] DEBUG Engine               - isMac: false
00:43:24.267 [FXGL Background Thread 3 ] DEBUG Engine               - isMainMenuEnabled: false
00:43:24.267 [FXGL Background Thread 3 ] DEBUG Engine               - isManualResizeEnabled: false
00:43:24.268 [FXGL Background Thread 3 ] DEBUG Engine               - isMobile: false
00:43:24.268 [FXGL Background Thread 3 ] DEBUG Engine               - isNative: false
00:43:24.269 [FXGL Background Thread 3 ] DEBUG Engine               - isPauseMusicWhenMinimized: true
00:43:24.269 [FXGL Background Thread 3 ] DEBUG Engine               - isPreserveResizeRatio: false
00:43:24.269 [FXGL Background Thread 3 ] DEBUG Engine               - isProfilingEnabled: false
00:43:24.270 [FXGL Background Thread 3 ] DEBUG Engine               - isScaleAffectedOnResize: true
00:43:24.270 [FXGL Background Thread 3 ] DEBUG Engine               - isSingleStep: false
00:43:24.270 [FXGL Background Thread 3 ] DEBUG Engine               - isUserProfileEnabled: false
00:43:24.270 [FXGL Background Thread 3 ] DEBUG Engine               - isWindows: false
00:43:24.271 [FXGL Background Thread 3 ] DEBUG Engine               - language: ObjectProperty [value: ENGLISH]
00:43:24.271 [FXGL Background Thread 3 ] DEBUG Engine               - menuKey: ESCAPE
00:43:24.271 [FXGL Background Thread 3 ] DEBUG Engine               - mouseSensitivity: 0.2
00:43:24.272 [FXGL Background Thread 3 ] DEBUG Engine               - notificationViewClass: class com.almasb.fxgl.notification.view.XboxNotificationView
00:43:24.272 [FXGL Background Thread 3 ] DEBUG Engine               - pixelsPerMeter: 50.0
00:43:24.272 [FXGL Background Thread 3 ] DEBUG Engine               - platform: LINUX
00:43:24.273 [FXGL Background Thread 3 ] DEBUG Engine               - prefHeightProperty: ReadOnlyDoubleProperty [value: 560.0]
00:43:24.273 [FXGL Background Thread 3 ] DEBUG Engine               - prefWidthProperty: ReadOnlyDoubleProperty [value: 980.0]
00:43:24.273 [FXGL Background Thread 3 ] DEBUG Engine               - profileDir: profiles/
00:43:24.274 [FXGL Background Thread 3 ] DEBUG Engine               - profileName: StringProperty [value: DEFAULT]
00:43:24.274 [FXGL Background Thread 3 ] DEBUG Engine               - randomSeed: -1
00:43:24.276 [FXGL Background Thread 3 ] DEBUG Engine               - runtimeInfo: RuntimeInfo(platform=LINUX, version=17.2, build=20.08.2022 16.50)
00:43:24.276 [FXGL Background Thread 3 ] DEBUG Engine               - saveFileExt: sav
00:43:24.277 [FXGL Background Thread 3 ] DEBUG Engine               - scaledHeightProp$fxgl: DoubleProperty [bound, value: 560.0]
00:43:24.277 [FXGL Background Thread 3 ] DEBUG Engine               - scaledWidthProp$fxgl: DoubleProperty [bound, value: 980.0]
00:43:24.277 [FXGL Background Thread 3 ] DEBUG Engine               - sceneFactory: com.almasb.fxgl.app.scene.SceneFactory@4db5da86
00:43:24.278 [FXGL Background Thread 3 ] DEBUG Engine               - secondsIn24h: 60
00:43:24.278 [FXGL Background Thread 3 ] DEBUG Engine               - soundMenuBack: menu/back.wav
00:43:24.278 [FXGL Background Thread 3 ] DEBUG Engine               - soundMenuPress: menu/press.wav
00:43:24.278 [FXGL Background Thread 3 ] DEBUG Engine               - soundMenuSelect: menu/select.wav
00:43:24.279 [FXGL Background Thread 3 ] DEBUG Engine               - soundNotification: core/notification.wav
00:43:24.279 [FXGL Background Thread 3 ] DEBUG Engine               - stageStyle: DECORATED
00:43:24.279 [FXGL Background Thread 3 ] DEBUG Engine               - supportedLanguages: [ENGLISH, FRENCH, GERMAN, HUNGARIAN, RUSSIAN]
00:43:24.280 [FXGL Background Thread 3 ] DEBUG Engine               - ticksPerSecond: -1
00:43:24.281 [FXGL Background Thread 3 ] DEBUG Engine               - title: Restaurant Simulation
00:43:24.281 [FXGL Background Thread 3 ] DEBUG Engine               - urlGithub: https://github.com/AlmasB/FXGL
00:43:24.281 [FXGL Background Thread 3 ] DEBUG Engine               - urlLeaderboard: http://fxgl-top.herokuapp.com/
00:43:24.282 [FXGL Background Thread 3 ] DEBUG Engine               - urlPOM: https://raw.githubusercontent.com/AlmasB/FXGL/release/README.md
00:43:24.282 [FXGL Background Thread 3 ] DEBUG Engine               - userAppClass: class com.example.restauranteup.App
00:43:24.282 [FXGL Background Thread 3 ] DEBUG Engine               - version: 0.0
00:43:24.283 [FXGL Background Thread 3 ] DEBUG Engine               - versionCheckDays: 7
00:43:24.283 [FXGL Background Thread 3 ] DEBUG Engine               - width: 980
00:43:24.284 [FXGL Background Thread 3 ] DEBUG Engine               - Logging services
00:43:24.284 [FXGL Background Thread 3 ] DEBUG Engine               - class com.almasb.fxgl.app.services.FXGLAssetLoaderService
00:43:24.284 [FXGL Background Thread 3 ] DEBUG Engine               - class com.almasb.fxgl.app.FXGLApplication$GameApplicationService
00:43:24.285 [FXGL Background Thread 3 ] DEBUG Engine               - class com.almasb.fxgl.app.services.FXGLDialogService
00:43:24.285 [FXGL Background Thread 3 ] DEBUG Engine               - class com.almasb.fxgl.app.services.IOTaskExecutorService
00:43:24.285 [FXGL Background Thread 3 ] DEBUG Engine               - class com.almasb.fxgl.io.FileSystemService
00:43:24.285 [FXGL Background Thread 3 ] DEBUG Engine               - class com.almasb.fxgl.localization.LocalizationService
00:43:24.286 [FXGL Background Thread 3 ] DEBUG Engine               - class com.almasb.fxgl.app.services.SystemBundleService
00:43:24.286 [FXGL Background Thread 3 ] DEBUG Engine               - class com.almasb.fxgl.profile.SaveLoadService
00:43:24.286 [FXGL Background Thread 3 ] DEBUG Engine               - class com.almasb.fxgl.ui.FXGLUIFactoryServiceProvider
00:43:24.286 [FXGL Background Thread 3 ] DEBUG Engine               - class com.almasb.fxgl.ui.FXGLDialogFactoryServiceProvider
00:43:24.287 [FXGL Background Thread 3 ] DEBUG Engine               - class com.almasb.fxgl.audio.AudioPlayer
00:43:24.287 [FXGL Background Thread 3 ] DEBUG Engine               - class com.almasb.fxgl.notification.impl.NotificationServiceProvider
00:43:24.287 [FXGL Background Thread 3 ] DEBUG Engine               - class com.almasb.fxgl.achievement.AchievementService
00:43:24.287 [FXGL Background Thread 3 ] DEBUG Engine               - class com.almasb.fxgl.cutscene.CutsceneService
00:43:24.288 [FXGL Background Thread 3 ] DEBUG Engine               - class com.almasb.fxgl.minigames.MiniGameService
00:43:24.288 [FXGL Background Thread 3 ] DEBUG Engine               - class com.almasb.fxgl.net.NetService
00:43:24.288 [FXGL Background Thread 3 ] DEBUG Engine               - class com.almasb.fxgl.app.services.UpdaterService
00:43:24.289 [FXGL Background Thread 3 ] DEBUG Engine               - class com.almasb.fxgl.dev.DevService
00:44:55.475 [JavaFX Application Thread] DEBUG FXGLApplication      - Exiting FXGL
00:44:55.476 [JavaFX Application Thread] DEBUG LoopRunner           - Stopping loop
00:44:55.476 [JavaFX Application Thread] DEBUG SystemBundleService  - Saving FXGL system data
00:44:55.480 [JavaFX Application Thread] DEBUG FileSystemAccess     - Writing to: /home/diego/Documentos/concurrente/Restaurant/personal/restaurant-simulation/system/fxgl.bundle
00:44:55.486 [JavaFX Application Thread] DEBUG Async                - Shutting down background threads
00:44:55.487 [JavaFX Application Thread] DEBUG PrimaryStageWindow   - Closing main window
00:44:55.492 [JavaFX Application Thread] DEBUG Logger               - Closing Logger
