03:34:22.496 [com.example.restauranteup] DEBUG Logger               - Configured Logger
03:34:22.546 [com.example.restauranteup] DEBUG GameApplication      - Logging settings
Title: Restaurant Simulation
Version: 0.0
Width: 800
Height: 600
Fullscreen: false
Intro: false
Profiling: false
Single step:false
App Mode: DEVELOPER
Menu Key: ESCAPE
Stage Style: DECORATED
Scene Factory: class com.almasb.fxgl.app.scene.SceneFactory

03:34:23.146 [JavaFX Application Thread] DEBUG FXGLApplication      - Initializing FXGL
03:34:23.156 [JavaFX Application Thread] INFO  Engine               - FXGL-17.2 (20.08.2022 16.50) on LINUX (J:21.0.5 FX:18)
03:34:23.157 [JavaFX Application Thread] DEBUG Engine               - JRE Vendor Name: Red Hat, Inc.
03:34:23.158 [JavaFX Application Thread] DEBUG Engine               - Running on OS: Linux version 6.11.8-200.fc40.x86_64
03:34:23.158 [JavaFX Application Thread] DEBUG Engine               - Architecture: amd64
03:34:23.159 [JavaFX Application Thread] INFO  Engine               - Source code and latest versions at: https://github.com/AlmasB/FXGL
03:34:23.159 [JavaFX Application Thread] INFO  Engine               -       Ask questions and discuss at: https://github.com/AlmasB/FXGL/discussions
03:34:23.160 [JavaFX Application Thread] INFO  Engine               -              Join the FXGL chat at: https://gitter.im/AlmasB/FXGL
03:34:23.505 [JavaFX Application Thread] DEBUG PrimaryStageWindow   - Creating a JavaFX scene
03:34:23.784 [JavaFX Application Thread] DEBUG PrimaryStageWindow   - Target settings size: 800.0 x 600.0
03:34:23.785 [JavaFX Application Thread] DEBUG PrimaryStageWindow   - Scaled scene size:    800.0 x 600.0
03:34:23.786 [JavaFX Application Thread] DEBUG PrimaryStageWindow   - Scaled ratio: (1.0, 1.0)
03:34:23.789 [JavaFX Application Thread] DEBUG PrimaryStageWindow   - Set initial scene to FXGLStartupScene
03:34:23.815 [JavaFX Application Thread] DEBUG PrimaryStageWindow   - Opening main window
03:34:24.074 [JavaFX Application Thread] DEBUG PrimaryStageWindow   - Window border size: (8.0, 38.0)
03:34:24.075 [JavaFX Application Thread] DEBUG PrimaryStageWindow   - Scaled size: 800.0 x 600.0
03:34:24.076 [JavaFX Application Thread] DEBUG PrimaryStageWindow   - Scaled ratio: (1.0, 1.0)
03:34:24.077 [JavaFX Application Thread] DEBUG PrimaryStageWindow   - Scene size: 800.0 x 600.0
03:34:24.078 [JavaFX Application Thread] DEBUG PrimaryStageWindow   - Stage size: 808.0 x 638.0
03:34:24.104 [FXGL Background Thread 1 ] DEBUG Engine               - Initializing environment variables
03:34:24.247 [FXGL Background Thread 1 ] DEBUG FXGLAssetLoaderServi - User app class for loading assets: class com.example.restauranteup.App
03:34:24.249 [FXGL Background Thread 1 ] DEBUG GameApplicationServi - Applying CSS: fxgl_dark.css
03:34:24.252 [FXGL Background Thread 1 ] DEBUG FXGLAssetLoaderServi - Loading from file system: jar:file:/home/diego/.m2/repository/com/github/almasb/fxgl/17.2/fxgl-17.2.jar!/fxglassets/ui/css/fxgl_dark.css
03:34:24.407 [FXGL Background Thread 1 ] DEBUG GameApplicationServi - Initializing application scenes
03:34:24.536 [FXGL Background Thread 1 ] DEBUG GameWorld            - Game world initialized
03:34:24.756 [FXGL Background Thread 1 ] DEBUG PhysicsWorld         - Physics world initialized: appHeight=600, physics.ppm=50.0
03:34:24.757 [FXGL Background Thread 1 ] DEBUG PhysicsWorld         - Using strategy: BRUTE_FORCE
03:34:24.776 [FXGL Background Thread 1 ] DEBUG GameScene            - Game scene initialized: 800x600
03:34:24.817 [FXGL Background Thread 1 ] DEBUG FXGL.DefaultMenu     - createMenuBodyGameMenu()
03:34:24.867 [FXGL Background Thread 1 ] DEBUG FXGL.DefaultMenu     - createOptionsMenu()
03:34:24.904 [FXGL Background Thread 1 ] DEBUG FXGLAssetLoaderServi - Loading from file system: jar:file:/home/diego/.m2/repository/com/github/almasb/fxgl/17.2/fxgl-17.2.jar!/fxglassets/textures/particles/smoke.png
03:34:25.215 [FXGL Background Thread 1 ] DEBUG FXGLAssetLoaderServi - Loading from file system: jar:file:/home/diego/.m2/repository/com/github/almasb/fxgl/17.2/fxgl-17.2.jar!/fxglassets/textures/particles/trace_horizontal.png
03:34:25.292 [FXGL Background Thread 1 ] DEBUG GameApplicationServi - Application scenes initialized
03:34:25.332 [FXGL Background Thread 1 ] DEBUG SystemBundleService  - Loading FXGL system data
03:34:25.385 [FXGL Background Thread 1 ] DEBUG FileSystemAccess     - Reading from: /home/diego/Documentos/concurrente/Restaurant/personal/restaurant-simulation/system/fxgl.bundle
03:34:25.413 [FXGL Background Thread 1 ] DEBUG SystemBundleService  - Bundle FXGL: {}
03:34:25.413 [FXGL Background Thread 1 ] DEBUG UpdaterService       - Checking for updates
03:34:25.424 [FXGL Background Thread 4 ] DEBUG FXGLApplication      - Loading fonts
03:34:25.425 [FXGL Background Thread 4 ] DEBUG FXGLAssetLoaderServi - Loading from file system: jar:file:/home/diego/.m2/repository/com/github/almasb/fxgl/17.2/fxgl-17.2.jar!/fxglassets/ui/fonts/VarelaRound-Regular.ttf
03:34:25.426 [FXGL Background Thread 1 ] DEBUG FXGLApplication      - Loading default localization
03:34:25.428 [FXGL Background Thread 1 ] DEBUG FXGLAssetLoaderServi - Loading from file system: jar:file:/home/diego/.m2/repository/com/github/almasb/fxgl/17.2/fxgl-17.2.jar!/fxglassets/languages/english.lang
03:34:25.471 [FXGL Background Thread 4 ] DEBUG FXGLAssetLoaderServi - Loading from file system: jar:file:/home/diego/.m2/repository/com/github/almasb/fxgl/17.2/fxgl-17.2.jar!/fxglassets/ui/fonts/Abel-Regular.ttf
03:34:25.475 [FXGL Background Thread 4 ] DEBUG FXGLAssetLoaderServi - Loading from file system: jar:file:/home/diego/.m2/repository/com/github/almasb/fxgl/17.2/fxgl-17.2.jar!/fxglassets/ui/fonts/TerminalLandMono-Regular.otf
03:34:25.476 [FXGL Background Thread 1 ] INFO  FXGLApplication      - FXGL initialization took: 1.372 sec
03:34:25.484 [JavaFX Application Thread] DEBUG FXGLAssetLoaderServi - Loading from file system: jar:file:/home/diego/.m2/repository/com/github/almasb/fxgl/17.2/fxgl-17.2.jar!/fxglassets/textures/fxgl_icon.png
03:34:25.485 [FXGL Background Thread 4 ] DEBUG FXGLAssetLoaderServi - Loading from file system: jar:file:/home/diego/.m2/repository/com/github/almasb/fxgl/17.2/fxgl-17.2.jar!/fxglassets/ui/fonts/Courier-Prime.ttf
03:34:25.572 [JavaFX Application Thread] DEBUG FXGLAssetLoaderServi - Loading from file system: jar:file:/home/diego/.m2/repository/com/github/almasb/fxgl/17.2/fxgl-17.2.jar!/fxglassets/textures/fxgl_default_cursor.png
03:34:25.601 [JavaFX Application Thread] DEBUG Input                - Registered new binding: Screenshot - CTRL+8
03:34:25.602 [JavaFX Application Thread] DEBUG Input                - Registered new binding: System info dump - CTRL+9
03:34:25.603 [JavaFX Application Thread] DEBUG Input                - Registered new binding: Restart - CTRL+R
03:34:25.605 [JavaFX Application Thread] DEBUG Input                - Registered new binding: Toggle Debug Camera - CTRL+7
03:34:25.610 [JavaFX Application Thread] DEBUG LoopRunner           - Starting loop
03:34:25.610 [JavaFX Application Thread] DEBUG LoopRunner           - Initializing JavaFX AnimationTimerLoop
03:34:25.614 [JavaFX Application Thread] DEBUG GameApplicationServi - Starting new game
03:34:25.615 [JavaFX Application Thread] DEBUG Input                - Clearing active input actions
03:34:25.657 [JavaFX Application Thread] DEBUG GameApplicationServi - Removing overlay from FXGLStartupScene and adding to FXGLLoadingScene
03:34:25.659 [JavaFX Application Thread] DEBUG PrimaryStageWindow   - FXGLStartupScene -> FXGLLoadingScene
03:34:25.660 [JavaFX Application Thread] DEBUG GameApplicationServi - Clearing previous game
03:34:25.660 [JavaFX Application Thread] DEBUG GameScene            - Clearing game scene
03:34:25.660 [JavaFX Application Thread] DEBUG GameWorld            - Clearing game world
03:34:25.660 [JavaFX Application Thread] DEBUG PhysicsWorld         - Clearing physics world
03:34:25.672 [FXGL Background Thread 4 ] DEBUG FXGLApplication      - Initializing game
03:34:25.675 [FXGL Background Thread 4 ] DEBUG FXGLAssetLoaderServi - Loading from file system: file:/home/diego/Documentos/concurrente/Restaurant/personal/restaurant-simulation/target/classes/assets/textures/floor.png
03:34:25.683 [JavaFX Application Thread] DEBUG FXGLApplication      - Registering font factories with UI factory
03:34:25.756 [FXGL Background Thread 4 ] DEBUG FXGLAssetLoaderServi - Loading from file system: file:/home/diego/Documentos/concurrente/Restaurant/personal/restaurant-simulation/target/classes/assets/textures/kitchen.png
03:34:25.810 [FXGL Background Thread 4 ] DEBUG FXGLAssetLoaderServi - Loading from file system: file:/home/diego/Documentos/concurrente/Restaurant/personal/restaurant-simulation/target/classes/assets/textures/chef.png
03:34:25.827 [FXGL Background Thread 4 ] DEBUG FXGLAssetLoaderServi - Loading from file system: file:/home/diego/Documentos/concurrente/Restaurant/personal/restaurant-simulation/target/classes/assets/textures/table.png
03:34:25.832 [FXGL Background Thread 4 ] DEBUG FXGLAssetLoaderServi - Loading from file system: file:/home/diego/Documentos/concurrente/Restaurant/personal/restaurant-simulation/target/classes/assets/textures/receptionist.png
03:34:25.869 [FXGL Background Thread 4 ] DEBUG FXGLAssetLoaderServi - Loading from file system: file:/home/diego/Documentos/concurrente/Restaurant/personal/restaurant-simulation/target/classes/assets/textures/girl2.png
03:34:25.918 [FXGL Background Thread 4 ] DEBUG FXGLAssetLoaderServi - Loading from file system: file:/home/diego/Documentos/concurrente/Restaurant/personal/restaurant-simulation/target/classes/assets/textures/tables.png
03:34:26.028 [FXGL Background Thread 4 ] DEBUG FXGLAssetLoaderServi - Loading from file system: file:/home/diego/Documentos/concurrente/Restaurant/personal/restaurant-simulation/target/classes/assets/textures/mesera.png
03:34:26.081 [FXGL Background Thread 4 ] DEBUG FXGLAssetLoaderServi - Loading from file system: file:/home/diego/Documentos/concurrente/Restaurant/personal/restaurant-simulation/target/classes/assets/textures/food.png
03:34:26.114 [FXGL Background Thread 4 ] INFO  FXGLApplication      - Game initialization took: 0.442 sec
03:34:26.195 [JavaFX Application Thread] DEBUG Input                - Clearing active input actions
03:34:26.247 [JavaFX Application Thread] DEBUG GameApplicationServi - Removing overlay from FXGLLoadingScene and adding to GameScene
03:34:26.249 [JavaFX Application Thread] DEBUG PrimaryStageWindow   - FXGLLoadingScene -> GameScene
03:34:27.278 [FXGL Background Thread 2 ] INFO  UpdaterService       - Your current version:  17.2
03:34:27.279 [FXGL Background Thread 2 ] INFO  UpdaterService       - Latest stable version: 21.1
03:34:28.420 [FXGL Background Thread 3 ] DEBUG Engine               - Logging environment variables
03:34:28.422 [FXGL Background Thread 3 ] DEBUG Engine               - achievements: []
03:34:28.423 [FXGL Background Thread 3 ] DEBUG Engine               - actualHeight: 600.0
03:34:28.424 [FXGL Background Thread 3 ] DEBUG Engine               - actualHeightProperty: ReadOnlyDoubleProperty [value: 600.0]
03:34:28.424 [FXGL Background Thread 3 ] DEBUG Engine               - actualWidth: 800.0
03:34:28.425 [FXGL Background Thread 3 ] DEBUG Engine               - actualWidthProperty: ReadOnlyDoubleProperty [value: 800.0]
03:34:28.425 [FXGL Background Thread 3 ] DEBUG Engine               - appIcon: fxgl_icon.png
03:34:28.425 [FXGL Background Thread 3 ] DEBUG Engine               - applicationMode: DEVELOPER
03:34:28.426 [FXGL Background Thread 3 ] DEBUG Engine               - cSSList: [fxgl_dark.css]
03:34:28.426 [FXGL Background Thread 3 ] DEBUG Engine               - collisionDetectionStrategy: BRUTE_FORCE
03:34:28.426 [FXGL Background Thread 3 ] DEBUG Engine               - configClass: Optional.empty
03:34:28.427 [FXGL Background Thread 3 ] DEBUG Engine               - credits: []
03:34:28.429 [FXGL Background Thread 3 ] DEBUG Engine               - defaultCursor: CursorInfo(imageName=fxgl_default_cursor.png, hotspotX=7.0, hotspotY=6.0)
03:34:28.430 [FXGL Background Thread 3 ] DEBUG Engine               - devBBoxColorProperty: ObjectProperty [value: 0xff0000ff]
03:34:28.431 [FXGL Background Thread 3 ] DEBUG Engine               - devEnableDebugCameraProperty: BooleanProperty [value: false]
03:34:28.432 [FXGL Background Thread 3 ] DEBUG Engine               - devSensorColorProperty: ObjectProperty [value: 0xffff00ff]
03:34:28.432 [FXGL Background Thread 3 ] DEBUG Engine               - devShowBBoxProperty: BooleanProperty [value: false]
03:34:28.432 [FXGL Background Thread 3 ] DEBUG Engine               - devShowPositionProperty: BooleanProperty [value: false]
03:34:28.433 [FXGL Background Thread 3 ] DEBUG Engine               - enabledMenuItems: []
03:34:28.433 [FXGL Background Thread 3 ] DEBUG Engine               - engineServices: [class com.almasb.fxgl.app.services.FXGLAssetLoaderService, class com.almasb.fxgl.app.FXGLApplication$GameApplicationService, class com.almasb.fxgl.app.services.FXGLDialogService, class com.almasb.fxgl.app.services.IOTaskExecutorService, class com.almasb.fxgl.io.FileSystemService, class com.almasb.fxgl.localization.LocalizationService, class com.almasb.fxgl.app.services.SystemBundleService, class com.almasb.fxgl.profile.SaveLoadService, class com.almasb.fxgl.ui.FXGLUIFactoryServiceProvider, class com.almasb.fxgl.ui.FXGLDialogFactoryServiceProvider, class com.almasb.fxgl.audio.AudioPlayer, class com.almasb.fxgl.notification.impl.NotificationServiceProvider, class com.almasb.fxgl.achievement.AchievementService, class com.almasb.fxgl.cutscene.CutsceneService, class com.almasb.fxgl.minigames.MiniGameService, class com.almasb.fxgl.net.NetService, class com.almasb.fxgl.app.services.UpdaterService, class com.almasb.fxgl.dev.DevService]
03:34:28.434 [FXGL Background Thread 3 ] DEBUG Engine               - fontGame: Abel-Regular.ttf
03:34:28.434 [FXGL Background Thread 3 ] DEBUG Engine               - fontMono: TerminalLandMono-Regular.otf
03:34:28.435 [FXGL Background Thread 3 ] DEBUG Engine               - fontText: Courier-Prime.ttf
03:34:28.435 [FXGL Background Thread 3 ] DEBUG Engine               - fontUI: VarelaRound-Regular.ttf
03:34:28.435 [FXGL Background Thread 3 ] DEBUG Engine               - fullScreen: BooleanProperty [value: false]
03:34:28.436 [FXGL Background Thread 3 ] DEBUG Engine               - gameDifficulty: MEDIUM
03:34:28.436 [FXGL Background Thread 3 ] DEBUG Engine               - gameDifficultyProperty: ObjectProperty [value: MEDIUM]
03:34:28.437 [FXGL Background Thread 3 ] DEBUG Engine               - globalMusicVolume: 0.5
03:34:28.437 [FXGL Background Thread 3 ] DEBUG Engine               - globalMusicVolumeProperty: DoubleProperty [value: 0.5]
03:34:28.437 [FXGL Background Thread 3 ] DEBUG Engine               - globalSoundVolume: 0.5
03:34:28.438 [FXGL Background Thread 3 ] DEBUG Engine               - globalSoundVolumeProperty: DoubleProperty [value: 0.5]
03:34:28.438 [FXGL Background Thread 3 ] DEBUG Engine               - height: 600
03:34:28.439 [FXGL Background Thread 3 ] DEBUG Engine               - is3D: false
03:34:28.439 [FXGL Background Thread 3 ] DEBUG Engine               - isAndroid: false
03:34:28.439 [FXGL Background Thread 3 ] DEBUG Engine               - isBrowser: false
03:34:28.440 [FXGL Background Thread 3 ] DEBUG Engine               - isClickFeedbackEnabled: false
03:34:28.440 [FXGL Background Thread 3 ] DEBUG Engine               - isCloseConfirmation: false
03:34:28.440 [FXGL Background Thread 3 ] DEBUG Engine               - isDesktop: true
03:34:28.441 [FXGL Background Thread 3 ] DEBUG Engine               - isDeveloperMenuEnabled: false
03:34:28.441 [FXGL Background Thread 3 ] DEBUG Engine               - isEmbedded: false
03:34:28.441 [FXGL Background Thread 3 ] DEBUG Engine               - isEntityPreloadEnabled: true
03:34:28.442 [FXGL Background Thread 3 ] DEBUG Engine               - isExperimentalTiledLargeMap: false
03:34:28.442 [FXGL Background Thread 3 ] DEBUG Engine               - isFileSystemWriteAllowed: true
03:34:28.442 [FXGL Background Thread 3 ] DEBUG Engine               - isFullScreenAllowed: false
03:34:28.443 [FXGL Background Thread 3 ] DEBUG Engine               - isFullScreenFromStart: false
03:34:28.443 [FXGL Background Thread 3 ] DEBUG Engine               - isGameMenuEnabled: true
03:34:28.444 [FXGL Background Thread 3 ] DEBUG Engine               - isIOS: false
03:34:28.444 [FXGL Background Thread 3 ] DEBUG Engine               - isIntroEnabled: false
03:34:28.445 [FXGL Background Thread 3 ] DEBUG Engine               - isLinux: true
03:34:28.445 [FXGL Background Thread 3 ] DEBUG Engine               - isMac: false
03:34:28.446 [FXGL Background Thread 3 ] DEBUG Engine               - isMainMenuEnabled: false
03:34:28.446 [FXGL Background Thread 3 ] DEBUG Engine               - isManualResizeEnabled: false
03:34:28.446 [FXGL Background Thread 3 ] DEBUG Engine               - isMobile: false
03:34:28.446 [FXGL Background Thread 3 ] DEBUG Engine               - isNative: false
03:34:28.447 [FXGL Background Thread 3 ] DEBUG Engine               - isPauseMusicWhenMinimized: true
03:34:28.447 [FXGL Background Thread 3 ] DEBUG Engine               - isPreserveResizeRatio: false
03:34:28.447 [FXGL Background Thread 3 ] DEBUG Engine               - isProfilingEnabled: false
03:34:28.448 [FXGL Background Thread 3 ] DEBUG Engine               - isScaleAffectedOnResize: true
03:34:28.448 [FXGL Background Thread 3 ] DEBUG Engine               - isSingleStep: false
03:34:28.448 [FXGL Background Thread 3 ] DEBUG Engine               - isUserProfileEnabled: false
03:34:28.449 [FXGL Background Thread 3 ] DEBUG Engine               - isWindows: false
03:34:28.449 [FXGL Background Thread 3 ] DEBUG Engine               - language: ObjectProperty [value: ENGLISH]
03:34:28.449 [FXGL Background Thread 3 ] DEBUG Engine               - menuKey: ESCAPE
03:34:28.450 [FXGL Background Thread 3 ] DEBUG Engine               - mouseSensitivity: 0.2
03:34:28.450 [FXGL Background Thread 3 ] DEBUG Engine               - notificationViewClass: class com.almasb.fxgl.notification.view.XboxNotificationView
03:34:28.450 [FXGL Background Thread 3 ] DEBUG Engine               - pixelsPerMeter: 50.0
03:34:28.451 [FXGL Background Thread 3 ] DEBUG Engine               - platform: LINUX
03:34:28.451 [FXGL Background Thread 3 ] DEBUG Engine               - prefHeightProperty: ReadOnlyDoubleProperty [value: 600.0]
03:34:28.452 [FXGL Background Thread 3 ] DEBUG Engine               - prefWidthProperty: ReadOnlyDoubleProperty [value: 800.0]
03:34:28.452 [FXGL Background Thread 3 ] DEBUG Engine               - profileDir: profiles/
03:34:28.453 [FXGL Background Thread 3 ] DEBUG Engine               - profileName: StringProperty [value: DEFAULT]
03:34:28.453 [FXGL Background Thread 3 ] DEBUG Engine               - randomSeed: -1
03:34:28.455 [FXGL Background Thread 3 ] DEBUG Engine               - runtimeInfo: RuntimeInfo(platform=LINUX, version=17.2, build=20.08.2022 16.50)
03:34:28.455 [FXGL Background Thread 3 ] DEBUG Engine               - saveFileExt: sav
03:34:28.455 [FXGL Background Thread 3 ] DEBUG Engine               - scaledHeightProp$fxgl: DoubleProperty [bound, value: 600.0]
03:34:28.456 [FXGL Background Thread 3 ] DEBUG Engine               - scaledWidthProp$fxgl: DoubleProperty [bound, value: 800.0]
03:34:28.456 [FXGL Background Thread 3 ] DEBUG Engine               - sceneFactory: com.almasb.fxgl.app.scene.SceneFactory@4b2b0a81
03:34:28.457 [FXGL Background Thread 3 ] DEBUG Engine               - secondsIn24h: 60
03:34:28.457 [FXGL Background Thread 3 ] DEBUG Engine               - soundMenuBack: menu/back.wav
03:34:28.457 [FXGL Background Thread 3 ] DEBUG Engine               - soundMenuPress: menu/press.wav
03:34:28.457 [FXGL Background Thread 3 ] DEBUG Engine               - soundMenuSelect: menu/select.wav
03:34:28.458 [FXGL Background Thread 3 ] DEBUG Engine               - soundNotification: core/notification.wav
03:34:28.458 [FXGL Background Thread 3 ] DEBUG Engine               - stageStyle: DECORATED
03:34:28.458 [FXGL Background Thread 3 ] DEBUG Engine               - supportedLanguages: [ENGLISH, FRENCH, GERMAN, HUNGARIAN, RUSSIAN]
03:34:28.459 [FXGL Background Thread 3 ] DEBUG Engine               - ticksPerSecond: -1
03:34:28.460 [FXGL Background Thread 3 ] DEBUG Engine               - title: Restaurant Simulation
03:34:28.460 [FXGL Background Thread 3 ] DEBUG Engine               - urlGithub: https://github.com/AlmasB/FXGL
03:34:28.461 [FXGL Background Thread 3 ] DEBUG Engine               - urlLeaderboard: http://fxgl-top.herokuapp.com/
03:34:28.461 [FXGL Background Thread 3 ] DEBUG Engine               - urlPOM: https://raw.githubusercontent.com/AlmasB/FXGL/release/README.md
03:34:28.461 [FXGL Background Thread 3 ] DEBUG Engine               - userAppClass: class com.example.restauranteup.App
03:34:28.462 [FXGL Background Thread 3 ] DEBUG Engine               - version: 0.0
03:34:28.462 [FXGL Background Thread 3 ] DEBUG Engine               - versionCheckDays: 7
03:34:28.462 [FXGL Background Thread 3 ] DEBUG Engine               - width: 800
03:34:28.463 [FXGL Background Thread 3 ] DEBUG Engine               - Logging services
03:34:28.463 [FXGL Background Thread 3 ] DEBUG Engine               - class com.almasb.fxgl.app.services.FXGLAssetLoaderService
03:34:28.463 [FXGL Background Thread 3 ] DEBUG Engine               - class com.almasb.fxgl.app.FXGLApplication$GameApplicationService
03:34:28.464 [FXGL Background Thread 3 ] DEBUG Engine               - class com.almasb.fxgl.app.services.FXGLDialogService
03:34:28.464 [FXGL Background Thread 3 ] DEBUG Engine               - class com.almasb.fxgl.app.services.IOTaskExecutorService
03:34:28.464 [FXGL Background Thread 3 ] DEBUG Engine               - class com.almasb.fxgl.io.FileSystemService
03:34:28.465 [FXGL Background Thread 3 ] DEBUG Engine               - class com.almasb.fxgl.localization.LocalizationService
03:34:28.465 [FXGL Background Thread 3 ] DEBUG Engine               - class com.almasb.fxgl.app.services.SystemBundleService
03:34:28.465 [FXGL Background Thread 3 ] DEBUG Engine               - class com.almasb.fxgl.profile.SaveLoadService
03:34:28.465 [FXGL Background Thread 3 ] DEBUG Engine               - class com.almasb.fxgl.ui.FXGLUIFactoryServiceProvider
03:34:28.466 [FXGL Background Thread 3 ] DEBUG Engine               - class com.almasb.fxgl.ui.FXGLDialogFactoryServiceProvider
03:34:28.466 [FXGL Background Thread 3 ] DEBUG Engine               - class com.almasb.fxgl.audio.AudioPlayer
03:34:28.466 [FXGL Background Thread 3 ] DEBUG Engine               - class com.almasb.fxgl.notification.impl.NotificationServiceProvider
03:34:28.467 [FXGL Background Thread 3 ] DEBUG Engine               - class com.almasb.fxgl.achievement.AchievementService
03:34:28.467 [FXGL Background Thread 3 ] DEBUG Engine               - class com.almasb.fxgl.cutscene.CutsceneService
03:34:28.467 [FXGL Background Thread 3 ] DEBUG Engine               - class com.almasb.fxgl.minigames.MiniGameService
03:34:28.467 [FXGL Background Thread 3 ] DEBUG Engine               - class com.almasb.fxgl.net.NetService
03:34:28.468 [FXGL Background Thread 3 ] DEBUG Engine               - class com.almasb.fxgl.app.services.UpdaterService
03:34:28.468 [FXGL Background Thread 3 ] DEBUG Engine               - class com.almasb.fxgl.dev.DevService
03:34:49.514 [JavaFX Application Thread] DEBUG FXGLApplication      - Exiting FXGL
03:34:49.515 [JavaFX Application Thread] DEBUG LoopRunner           - Stopping loop
03:34:49.516 [JavaFX Application Thread] DEBUG SystemBundleService  - Saving FXGL system data
03:34:49.524 [JavaFX Application Thread] DEBUG FileSystemAccess     - Writing to: /home/diego/Documentos/concurrente/Restaurant/personal/restaurant-simulation/system/fxgl.bundle
03:34:49.535 [JavaFX Application Thread] DEBUG Async                - Shutting down background threads
03:34:49.536 [JavaFX Application Thread] DEBUG PrimaryStageWindow   - Closing main window
03:34:49.544 [JavaFX Application Thread] DEBUG Logger               - Closing Logger
